{
  "numFailedTestSuites": 0,
  "numFailedTests": 0,
  "numPassedTestSuites": 1,
  "numPassedTests": 7,
  "numPendingTestSuites": 0,
  "numPendingTests": 0,
  "numRuntimeErrorTestSuites": 0,
  "numTodoTests": 0,
  "numTotalTestSuites": 1,
  "numTotalTests": 7,
  "openHandles": [],
  "snapshot": {
    "added": 0,
    "didUpdate": false,
    "failure": false,
    "filesAdded": 0,
    "filesRemoved": 0,
    "filesRemovedList": [],
    "filesUnmatched": 0,
    "filesUpdated": 0,
    "matched": 0,
    "total": 0,
    "unchecked": 0,
    "uncheckedKeysByFile": [],
    "unmatched": 0,
    "updated": 0
  },
  "startTime": 1747654843754,
  "success": false,
  "testResults": [
    {
      "leaks": false,
      "numFailingTests": 0,
      "numPassingTests": 7,
      "numPendingTests": 0,
      "numTodoTests": 0,
      "openHandles": [],
      "perfStats": {
        "end": 1747654855521,
        "runtime": 6210,
        "slow": true,
        "start": 1747654849311
      },
      "skipped": false,
      "snapshot": {
        "added": 0,
        "fileDeleted": false,
        "matched": 0,
        "unchecked": 0,
        "uncheckedKeys": [],
        "unmatched": 0,
        "updated": 0
      },
      "testFilePath": "C:\\Work\\Projects\\ai-learning\\__tests__\\e2e\\openended-quiz-flow.test.tsx",
      "testResults": [
        {
          "ancestorTitles": [
            "OpenEnded Quiz Flow End-to-End Test",
            "Authenticated User Flow"
          ],
          "duration": 923,
          "failureDetails": [],
          "failureMessages": [],
          "fullName": "OpenEnded Quiz Flow End-to-End Test Authenticated User Flow should allow user to complete quiz and see immediate results",
          "invocations": 1,
          "location": null,
          "numPassingAsserts": 6,
          "retryReasons": [],
          "status": "passed",
          "title": "should allow user to complete quiz and see immediate results"
        },
        {
          "ancestorTitles": [
            "OpenEnded Quiz Flow End-to-End Test",
            "Authenticated User Flow"
          ],
          "duration": 551,
          "failureDetails": [],
          "failureMessages": [],
          "fullName": "OpenEnded Quiz Flow End-to-End Test Authenticated User Flow should handle quiz with empty answers",
          "invocations": 1,
          "location": null,
          "numPassingAsserts": 2,
          "retryReasons": [],
          "status": "passed",
          "title": "should handle quiz with empty answers"
        },
        {
          "ancestorTitles": [
            "OpenEnded Quiz Flow End-to-End Test",
            "Authenticated User Flow"
          ],
          "duration": 575,
          "failureDetails": [],
          "failureMessages": [],
          "fullName": "OpenEnded Quiz Flow End-to-End Test Authenticated User Flow should properly reset quiz state",
          "invocations": 1,
          "location": null,
          "numPassingAsserts": 2,
          "retryReasons": [],
          "status": "passed",
          "title": "should properly reset quiz state"
        },
        {
          "ancestorTitles": [
            "OpenEnded Quiz Flow End-to-End Test",
            "Unauthenticated User Flow"
          ],
          "duration": 861,
          "failureDetails": [],
          "failureMessages": [],
          "fullName": "OpenEnded Quiz Flow End-to-End Test Unauthenticated User Flow should allow unauthenticated users to take the quiz",
          "invocations": 1,
          "location": null,
          "numPassingAsserts": 2,
          "retryReasons": [],
          "status": "passed",
          "title": "should allow unauthenticated users to take the quiz"
        },
        {
          "ancestorTitles": [
            "OpenEnded Quiz Flow End-to-End Test",
            "Unauthenticated User Flow"
          ],
          "duration": 3,
          "failureDetails": [],
          "failureMessages": [],
          "fullName": "OpenEnded Quiz Flow End-to-End Test Unauthenticated User Flow should show sign-in prompt on results page for unauthenticated users",
          "invocations": 1,
          "location": null,
          "numPassingAsserts": 1,
          "retryReasons": [],
          "status": "passed",
          "title": "should show sign-in prompt on results page for unauthenticated users"
        },
        {
          "ancestorTitles": [
            "OpenEnded Quiz Flow End-to-End Test",
            "Error Handling"
          ],
          "duration": 2,
          "failureDetails": [],
          "failureMessages": [],
          "fullName": "OpenEnded Quiz Flow End-to-End Test Error Handling should handle quiz data loading errors",
          "invocations": 1,
          "location": null,
          "numPassingAsserts": 1,
          "retryReasons": [],
          "status": "passed",
          "title": "should handle quiz data loading errors"
        },
        {
          "ancestorTitles": [
            "OpenEnded Quiz Flow End-to-End Test",
            "Error Handling"
          ],
          "duration": 578,
          "failureDetails": [],
          "failureMessages": [],
          "fullName": "OpenEnded Quiz Flow End-to-End Test Error Handling should handle network errors during quiz submission",
          "invocations": 1,
          "location": null,
          "numPassingAsserts": 2,
          "retryReasons": [],
          "status": "passed",
          "title": "should handle network errors during quiz submission"
        }
      ],
      "failureMessage": null
    }
  ],
  "wasInterrupted": false
}