{
  "numFailedTestSuites": 5,
  "numFailedTests": 8,
  "numPassedTestSuites": 11,
  "numPassedTests": 95,
  "numPendingTestSuites": 0,
  "numPendingTests": 1,
  "numRuntimeErrorTestSuites": 1,
  "numTodoTests": 0,
  "numTotalTestSuites": 16,
  "numTotalTests": 104,
  "openHandles": [],
  "snapshot": {
    "added": 0,
    "didUpdate": false,
    "failure": false,
    "filesAdded": 0,
    "filesRemoved": 0,
    "filesRemovedList": [],
    "filesUnmatched": 0,
    "filesUpdated": 0,
    "matched": 0,
    "total": 0,
    "unchecked": 0,
    "uncheckedKeysByFile": [],
    "unmatched": 0,
    "updated": 0
  },
  "startTime": 1747833470598,
  "success": false,
  "testResults": [
    {
      "leaks": false,
      "numFailingTests": 0,
      "numPassingTests": 9,
      "numPendingTests": 1,
      "numTodoTests": 0,
      "openHandles": [],
      "perfStats": {
        "end": 1747833509733,
        "runtime": 13672,
        "slow": true,
        "start": 1747833496061
      },
      "skipped": false,
      "snapshot": {
        "added": 0,
        "fileDeleted": false,
        "matched": 0,
        "unchecked": 0,
        "uncheckedKeys": [],
        "unmatched": 0,
        "updated": 0
      },
      "testFilePath": "C:\\Work\\Projects\\ai-learning\\__tests__\\e2e\\blanks-quiz-flow.test.tsx",
      "testResults": [
        {
          "ancestorTitles": [
            "Blanks Quiz Flow End-to-End Test",
            "Authenticated User Flow"
          ],
          "duration": 2526,
          "failureDetails": [],
          "failureMessages": [],
          "fullName": "Blanks Quiz Flow End-to-End Test Authenticated User Flow should allow user to complete blanks quiz and see immediate results",
          "invocations": 1,
          "location": null,
          "numPassingAsserts": 7,
          "retryReasons": [],
          "status": "passed",
          "title": "should allow user to complete blanks quiz and see immediate results"
        },
        {
          "ancestorTitles": [
            "Blanks Quiz Flow End-to-End Test",
            "Authenticated User Flow"
          ],
          "duration": 207,
          "failureDetails": [],
          "failureMessages": [],
          "fullName": "Blanks Quiz Flow End-to-End Test Authenticated User Flow should handle hint usage and track it in results",
          "invocations": 1,
          "location": null,
          "numPassingAsserts": 3,
          "retryReasons": [],
          "status": "passed",
          "title": "should handle hint usage and track it in results"
        },
        {
          "ancestorTitles": [
            "Blanks Quiz Flow End-to-End Test",
            "Authenticated User Flow"
          ],
          "duration": 113,
          "failureDetails": [],
          "failureMessages": [],
          "fullName": "Blanks Quiz Flow End-to-End Test Authenticated User Flow should properly reset quiz state",
          "invocations": 1,
          "location": null,
          "numPassingAsserts": 2,
          "retryReasons": [],
          "status": "passed",
          "title": "should properly reset quiz state"
        },
        {
          "ancestorTitles": [
            "Blanks Quiz Flow End-to-End Test",
            "Unauthenticated User Flow"
          ],
          "duration": 248,
          "failureDetails": [],
          "failureMessages": [],
          "fullName": "Blanks Quiz Flow End-to-End Test Unauthenticated User Flow should allow unauthenticated users to take the quiz",
          "invocations": 1,
          "location": null,
          "numPassingAsserts": 3,
          "retryReasons": [],
          "status": "passed",
          "title": "should allow unauthenticated users to take the quiz"
        },
        {
          "ancestorTitles": [
            "Blanks Quiz Flow End-to-End Test",
            "Unauthenticated User Flow"
          ],
          "duration": 11,
          "failureDetails": [],
          "failureMessages": [],
          "fullName": "Blanks Quiz Flow End-to-End Test Unauthenticated User Flow should show sign-in prompt on results page for unauthenticated users",
          "invocations": 1,
          "location": null,
          "numPassingAsserts": 1,
          "retryReasons": [],
          "status": "passed",
          "title": "should show sign-in prompt on results page for unauthenticated users"
        },
        {
          "ancestorTitles": [
            "Blanks Quiz Flow End-to-End Test",
            "Unauthenticated User Flow"
          ],
          "duration": 128,
          "failureDetails": [],
          "failureMessages": [],
          "fullName": "Blanks Quiz Flow End-to-End Test Unauthenticated User Flow should save answer with correct/incorrect status",
          "invocations": 1,
          "location": null,
          "numPassingAsserts": 6,
          "retryReasons": [],
          "status": "passed",
          "title": "should save answer with correct/incorrect status"
        },
        {
          "ancestorTitles": [
            "Blanks Quiz Flow End-to-End Test",
            "Error Handling"
          ],
          "duration": 24,
          "failureDetails": [],
          "failureMessages": [],
          "fullName": "Blanks Quiz Flow End-to-End Test Error Handling should handle quiz data loading errors",
          "invocations": 1,
          "location": null,
          "numPassingAsserts": 1,
          "retryReasons": [],
          "status": "passed",
          "title": "should handle quiz data loading errors"
        },
        {
          "ancestorTitles": [
            "Blanks Quiz Flow End-to-End Test",
            "Error Handling"
          ],
          "duration": 112,
          "failureDetails": [],
          "failureMessages": [],
          "fullName": "Blanks Quiz Flow End-to-End Test Error Handling should handle edge cases like empty questions array",
          "invocations": 1,
          "location": null,
          "numPassingAsserts": 1,
          "retryReasons": [],
          "status": "passed",
          "title": "should handle edge cases like empty questions array"
        },
        {
          "ancestorTitles": [
            "Blanks Quiz Flow End-to-End Test",
            "UI Features"
          ],
          "duration": 146,
          "failureDetails": [],
          "failureMessages": [],
          "fullName": "Blanks Quiz Flow End-to-End Test UI Features should show correct question number indicator",
          "invocations": 1,
          "location": null,
          "numPassingAsserts": 3,
          "retryReasons": [],
          "status": "passed",
          "title": "should show correct question number indicator"
        },
        {
          "ancestorTitles": [
            "Blanks Quiz Flow End-to-End Test",
            "UI Features"
          ],
          "duration": null,
          "failureDetails": [],
          "failureMessages": [],
          "fullName": "Blanks Quiz Flow End-to-End Test UI Features should change submit button text on last question",
          "invocations": 1,
          "location": null,
          "numPassingAsserts": 0,
          "retryReasons": [],
          "status": "pending",
          "title": "should change submit button text on last question"
        }
      ],
      "failureMessage": null
    },
    {
      "leaks": false,
      "numFailingTests": 0,
      "numPassingTests": 9,
      "numPendingTests": 0,
      "numTodoTests": 0,
      "openHandles": [],
      "perfStats": {
        "end": 1747833509736,
        "runtime": 13134,
        "slow": true,
        "start": 1747833496602
      },
      "skipped": false,
      "snapshot": {
        "added": 0,
        "fileDeleted": false,
        "matched": 0,
        "unchecked": 0,
        "uncheckedKeys": [],
        "unmatched": 0,
        "updated": 0
      },
      "testFilePath": "C:\\Work\\Projects\\ai-learning\\__tests__\\e2e\\code-quiz-flow.test.tsx",
      "testResults": [
        {
          "ancestorTitles": [
            "Code Quiz Flow End-to-End Test",
            "Authenticated User Flow"
          ],
          "duration": 193,
          "failureDetails": [],
          "failureMessages": [],
          "fullName": "Code Quiz Flow End-to-End Test Authenticated User Flow should allow user to complete code quiz and see results",
          "invocations": 1,
          "location": null,
          "numPassingAsserts": 6,
          "retryReasons": [],
          "status": "passed",
          "title": "should allow user to complete code quiz and see results"
        },
        {
          "ancestorTitles": [
            "Code Quiz Flow End-to-End Test",
            "Authenticated User Flow"
          ],
          "duration": 30,
          "failureDetails": [],
          "failureMessages": [],
          "fullName": "Code Quiz Flow End-to-End Test Authenticated User Flow should track code submissions for each question",
          "invocations": 1,
          "location": null,
          "numPassingAsserts": 1,
          "retryReasons": [],
          "status": "passed",
          "title": "should track code submissions for each question"
        },
        {
          "ancestorTitles": [
            "Code Quiz Flow End-to-End Test",
            "Authenticated User Flow"
          ],
          "duration": 27,
          "failureDetails": [],
          "failureMessages": [],
          "fullName": "Code Quiz Flow End-to-End Test Authenticated User Flow should handle quiz reset when requested",
          "invocations": 1,
          "location": null,
          "numPassingAsserts": 1,
          "retryReasons": [],
          "status": "passed",
          "title": "should handle quiz reset when requested"
        },
        {
          "ancestorTitles": [
            "Code Quiz Flow End-to-End Test",
            "Unauthenticated User Flow"
          ],
          "duration": 13,
          "failureDetails": [],
          "failureMessages": [],
          "fullName": "Code Quiz Flow End-to-End Test Unauthenticated User Flow should allow unauthenticated users to take the quiz",
          "invocations": 1,
          "location": null,
          "numPassingAsserts": 2,
          "retryReasons": [],
          "status": "passed",
          "title": "should allow unauthenticated users to take the quiz"
        },
        {
          "ancestorTitles": [
            "Code Quiz Flow End-to-End Test",
            "Unauthenticated User Flow"
          ],
          "duration": 11,
          "failureDetails": [],
          "failureMessages": [],
          "fullName": "Code Quiz Flow End-to-End Test Unauthenticated User Flow should prompt for authentication when saving results",
          "invocations": 1,
          "location": null,
          "numPassingAsserts": 2,
          "retryReasons": [],
          "status": "passed",
          "title": "should prompt for authentication when saving results"
        },
        {
          "ancestorTitles": [
            "Code Quiz Flow End-to-End Test",
            "Error Handling"
          ],
          "duration": 23,
          "failureDetails": [],
          "failureMessages": [],
          "fullName": "Code Quiz Flow End-to-End Test Error Handling should handle quiz data loading errors",
          "invocations": 1,
          "location": null,
          "numPassingAsserts": 4,
          "retryReasons": [],
          "status": "passed",
          "title": "should handle quiz data loading errors"
        },
        {
          "ancestorTitles": [
            "Code Quiz Flow End-to-End Test",
            "Error Handling"
          ],
          "duration": 9,
          "failureDetails": [],
          "failureMessages": [],
          "fullName": "Code Quiz Flow End-to-End Test Error Handling should handle invalid quiz data with missing questions",
          "invocations": 1,
          "location": null,
          "numPassingAsserts": 2,
          "retryReasons": [],
          "status": "passed",
          "title": "should handle invalid quiz data with missing questions"
        },
        {
          "ancestorTitles": [
            "Code Quiz Flow End-to-End Test",
            "UI and Interaction"
          ],
          "duration": 14,
          "failureDetails": [],
          "failureMessages": [],
          "fullName": "Code Quiz Flow End-to-End Test UI and Interaction should display code editor with initial code",
          "invocations": 1,
          "location": null,
          "numPassingAsserts": 4,
          "retryReasons": [],
          "status": "passed",
          "title": "should display code editor with initial code"
        },
        {
          "ancestorTitles": [
            "Code Quiz Flow End-to-End Test",
            "UI and Interaction"
          ],
          "duration": 20,
          "failureDetails": [],
          "failureMessages": [],
          "fullName": "Code Quiz Flow End-to-End Test UI and Interaction should allow code typing and submission",
          "invocations": 1,
          "location": null,
          "numPassingAsserts": 1,
          "retryReasons": [],
          "status": "passed",
          "title": "should allow code typing and submission"
        }
      ],
      "failureMessage": null
    },
    {
      "failureMessage": "  \u001b[1m● \u001b[22mTest suite failed to run\n\n      \u001b[31mx\u001b[0m Unexpected token `McqQuizWrapper`. Expected jsx identifier\n         ,-[\u001b[36;1;4mC:\\Work\\Projects\\ai-learning\\app\\dashboard\\(quiz)\\mcq\\[slug]\\mcq-quiz-wrapper.test.tsx\u001b[0m:119:1]\n     \u001b[2m116\u001b[0m |   \n     \u001b[2m117\u001b[0m |   it(\"completes the quiz on last question and navigates to results\", () => {\n     \u001b[2m118\u001b[0m |     render(\n     \u001b[2m119\u001b[0m |       <McqQuizWrapper\n         : \u001b[35;1m       ^^^^^^^^^^^^^^\u001b[0m\n     \u001b[2m120\u001b[0m |         quizData={testQuizData}\n     \u001b[2m121\u001b[0m |         slug=\"test-quiz\"r actions first (twice, once for each question)\n     \u001b[2m121\u001b[0m |         quizId=\"quiz-123\"xpect.objectContaining({\r\n         `----\n\n\n    Caused by:\n        Syntax Error\n\n      \u001b[2mat Object.transformSync (\u001b[22mnode_modules/next/src/build/swc/index.ts\u001b[2m:1232:25)\u001b[22m\n      \u001b[2mat transformSync (\u001b[22mnode_modules/next/src/build/swc/index.ts\u001b[2m:1322:19)\u001b[22m\n      \u001b[2mat Object.process (\u001b[22mnode_modules/next/src/build/swc/jest-transformer.ts\u001b[2m:105:25)\u001b[22m\n      \u001b[2mat ScriptTransformer.transformSource (\u001b[22mnode_modules/@jest/transform/build/ScriptTransformer.js\u001b[2m:545:31)\u001b[22m\n      \u001b[2mat ScriptTransformer._transformAndBuildScript (\u001b[22mnode_modules/@jest/transform/build/ScriptTransformer.js\u001b[2m:674:40)\u001b[22m\n      \u001b[2mat ScriptTransformer.transform (\u001b[22mnode_modules/@jest/transform/build/ScriptTransformer.js\u001b[2m:726:19)\u001b[22m\n",
      "leaks": false,
      "numFailingTests": 0,
      "numPassingTests": 0,
      "numPendingTests": 0,
      "numTodoTests": 0,
      "openHandles": [],
      "perfStats": {
        "end": 0,
        "runtime": 0,
        "slow": false,
        "start": 0
      },
      "skipped": false,
      "snapshot": {
        "added": 0,
        "fileDeleted": false,
        "matched": 0,
        "unchecked": 0,
        "uncheckedKeys": [],
        "unmatched": 0,
        "updated": 0
      },
      "testExecError": "  \u001b[31mx\u001b[0m Unexpected token `McqQuizWrapper`. Expected jsx identifier\n     ,-[\u001b[36;1;4mC:\\Work\\Projects\\ai-learning\\app\\dashboard\\(quiz)\\mcq\\[slug]\\mcq-quiz-wrapper.test.tsx\u001b[0m:119:1]\n \u001b[2m116\u001b[0m |   \n \u001b[2m117\u001b[0m |   it(\"completes the quiz on last question and navigates to results\", () => {\n \u001b[2m118\u001b[0m |     render(\n \u001b[2m119\u001b[0m |       <McqQuizWrapper\n     : \u001b[35;1m       ^^^^^^^^^^^^^^\u001b[0m\n \u001b[2m120\u001b[0m |         quizData={testQuizData}\n \u001b[2m121\u001b[0m |         slug=\"test-quiz\"r actions first (twice, once for each question)\n \u001b[2m121\u001b[0m |         quizId=\"quiz-123\"xpect.objectContaining({\r\n     `----\n\n\nCaused by:\n    Syntax Error",
      "testFilePath": "C:\\Work\\Projects\\ai-learning\\app\\dashboard\\(quiz)\\mcq\\[slug]\\mcq-quiz-wrapper.test.tsx",
      "testResults": []
    },
    {
      "leaks": false,
      "numFailingTests": 2,
      "numPassingTests": 6,
      "numPendingTests": 0,
      "numTodoTests": 0,
      "openHandles": [],
      "perfStats": {
        "end": 1747833510811,
        "runtime": 14335,
        "slow": true,
        "start": 1747833496476
      },
      "skipped": false,
      "snapshot": {
        "added": 0,
        "fileDeleted": false,
        "matched": 0,
        "unchecked": 0,
        "uncheckedKeys": [],
        "unmatched": 0,
        "updated": 0
      },
      "testFilePath": "C:\\Work\\Projects\\ai-learning\\store\\slices\\__tests__\\quizSlice.test.ts",
      "testResults": [
        {
          "ancestorTitles": [
            "quizSlice"
          ],
          "duration": 124,
          "failureDetails": [
            {
              "matcherResult": {
                "actual": {
                  "quizData": null,
                  "currentQuestion": 0,
                  "userAnswers": [],
                  "isLoading": false,
                  "isSubmitting": false,
                  "isCompleted": false,
                  "timerActive": false,
                  "submissionStateInProgress": false,
                  "results": null,
                  "tempResults": null,
                  "quizHistory": [],
                  "currentQuizId": null,
                  "timeRemaining": null,
                  "error": null,
                  "quizError": null,
                  "submissionError": null,
                  "resultsError": null,
                  "historyError": null,
                  "errors": {
                    "quiz": null,
                    "submission": null,
                    "results": null,
                    "history": null
                  }
                },
                "expected": {
                  "quizData": null,
                  "currentQuestion": 0,
                  "userAnswers": [],
                  "isLoading": false,
                  "isSubmitting": false,
                  "error": null,
                  "quizError": null,
                  "submissionError": null,
                  "resultsError": null,
                  "historyError": null,
                  "results": null,
                  "isCompleted": false,
                  "quizHistory": [],
                  "currentQuizId": null,
                  "timeRemaining": null,
                  "timerActive": false,
                  "submissionStateInProgress": false,
                  "errors": {
                    "quiz": null,
                    "submission": null,
                    "results": null,
                    "history": null
                  }
                },
                "message": "\u001b[2mexpect(\u001b[22m\u001b[31mreceived\u001b[39m\u001b[2m).\u001b[22mtoEqual\u001b[2m(\u001b[22m\u001b[32mexpected\u001b[39m\u001b[2m) // deep equality\u001b[22m\n\n\u001b[32m- Expected  - 0\u001b[39m\n\u001b[31m+ Received  + 1\u001b[39m\n\n\u001b[33m@@ -17,9 +17,10 @@\u001b[39m\n\u001b[2m    \"quizHistory\": Array [],\u001b[22m\n\u001b[2m    \"results\": null,\u001b[22m\n\u001b[2m    \"resultsError\": null,\u001b[22m\n\u001b[2m    \"submissionError\": null,\u001b[22m\n\u001b[2m    \"submissionStateInProgress\": false,\u001b[22m\n\u001b[31m+   \"tempResults\": null,\u001b[39m\n\u001b[2m    \"timeRemaining\": null,\u001b[22m\n\u001b[2m    \"timerActive\": false,\u001b[22m\n\u001b[2m    \"userAnswers\": Array [],\u001b[22m\n\u001b[2m  }\u001b[22m",
                "name": "toEqual",
                "pass": false
              }
            }
          ],
          "failureMessages": [
            "Error: \u001b[2mexpect(\u001b[22m\u001b[31mreceived\u001b[39m\u001b[2m).\u001b[22mtoEqual\u001b[2m(\u001b[22m\u001b[32mexpected\u001b[39m\u001b[2m) // deep equality\u001b[22m\n\n\u001b[32m- Expected  - 0\u001b[39m\n\u001b[31m+ Received  + 1\u001b[39m\n\n\u001b[33m@@ -17,9 +17,10 @@\u001b[39m\n\u001b[2m    \"quizHistory\": Array [],\u001b[22m\n\u001b[2m    \"results\": null,\u001b[22m\n\u001b[2m    \"resultsError\": null,\u001b[22m\n\u001b[2m    \"submissionError\": null,\u001b[22m\n\u001b[2m    \"submissionStateInProgress\": false,\u001b[22m\n\u001b[31m+   \"tempResults\": null,\u001b[39m\n\u001b[2m    \"timeRemaining\": null,\u001b[22m\n\u001b[2m    \"timerActive\": false,\u001b[22m\n\u001b[2m    \"userAnswers\": Array [],\u001b[22m\n\u001b[2m  }\u001b[22m\n    at Object.toEqual (C:\\Work\\Projects\\ai-learning\\store\\slices\\__tests__\\quizSlice.test.ts:64:19)\n    at Promise.then.completed (C:\\Work\\Projects\\ai-learning\\node_modules\\jest-circus\\build\\utils.js:298:28)\n    at new Promise (<anonymous>)\n    at callAsyncCircusFn (C:\\Work\\Projects\\ai-learning\\node_modules\\jest-circus\\build\\utils.js:231:10)\n    at _callCircusTest (C:\\Work\\Projects\\ai-learning\\node_modules\\jest-circus\\build\\run.js:316:40)\n    at processTicksAndRejections (node:internal/process/task_queues:105:5)\n    at _runTest (C:\\Work\\Projects\\ai-learning\\node_modules\\jest-circus\\build\\run.js:252:3)\n    at _runTestsForDescribeBlock (C:\\Work\\Projects\\ai-learning\\node_modules\\jest-circus\\build\\run.js:126:9)\n    at _runTestsForDescribeBlock (C:\\Work\\Projects\\ai-learning\\node_modules\\jest-circus\\build\\run.js:121:9)\n    at run (C:\\Work\\Projects\\ai-learning\\node_modules\\jest-circus\\build\\run.js:71:3)\n    at runAndTransformResultsToJestFormat (C:\\Work\\Projects\\ai-learning\\node_modules\\jest-circus\\build\\legacy-code-todo-rewrite\\jestAdapterInit.js:122:21)\n    at jestAdapter (C:\\Work\\Projects\\ai-learning\\node_modules\\jest-circus\\build\\legacy-code-todo-rewrite\\jestAdapter.js:79:19)\n    at runTestInternal (C:\\Work\\Projects\\ai-learning\\node_modules\\jest-runner\\build\\runTest.js:367:16)\n    at runTest (C:\\Work\\Projects\\ai-learning\\node_modules\\jest-runner\\build\\runTest.js:444:34)\n    at Object.worker (C:\\Work\\Projects\\ai-learning\\node_modules\\jest-runner\\build\\testWorker.js:106:12)"
          ],
          "fullName": "quizSlice should return the initial state",
          "invocations": 1,
          "location": null,
          "numPassingAsserts": 0,
          "retryReasons": [],
          "status": "failed",
          "title": "should return the initial state"
        },
        {
          "ancestorTitles": [
            "quizSlice"
          ],
          "duration": 9,
          "failureDetails": [
            {
              "matcherResult": {
                "actual": {
                  "quizData": null,
                  "currentQuestion": 0,
                  "userAnswers": [],
                  "isLoading": false,
                  "isSubmitting": false,
                  "error": null,
                  "quizError": null,
                  "submissionError": null,
                  "resultsError": null,
                  "historyError": null,
                  "results": null,
                  "isCompleted": false,
                  "quizHistory": [
                    {
                      "id": "history-1",
                      "quizTitle": "Past Quiz",
                      "score": 10,
                      "maxScore": 10
                    }
                  ],
                  "currentQuizId": null,
                  "timeRemaining": null,
                  "timerActive": false,
                  "submissionStateInProgress": false,
                  "errors": {
                    "quiz": null,
                    "submission": null,
                    "results": null,
                    "history": null
                  },
                  "tempResults": null
                },
                "expected": {
                  "quizData": null,
                  "currentQuestion": 0,
                  "userAnswers": [],
                  "isLoading": false,
                  "isSubmitting": false,
                  "error": null,
                  "quizError": null,
                  "submissionError": null,
                  "resultsError": null,
                  "historyError": null,
                  "results": null,
                  "isCompleted": false,
                  "quizHistory": [
                    {
                      "id": "history-1",
                      "quizTitle": "Past Quiz",
                      "score": 10,
                      "maxScore": 10
                    }
                  ],
                  "currentQuizId": null,
                  "timeRemaining": null,
                  "timerActive": false,
                  "submissionStateInProgress": false,
                  "errors": {
                    "quiz": null,
                    "submission": null,
                    "results": null,
                    "history": null
                  }
                },
                "message": "\u001b[2mexpect(\u001b[22m\u001b[31mreceived\u001b[39m\u001b[2m).\u001b[22mtoEqual\u001b[2m(\u001b[22m\u001b[32mexpected\u001b[39m\u001b[2m) // deep equality\u001b[22m\n\n\u001b[32m- Expected  - 0\u001b[39m\n\u001b[31m+ Received  + 1\u001b[39m\n\n\u001b[33m@@ -24,9 +24,10 @@\u001b[39m\n\u001b[2m    ],\u001b[22m\n\u001b[2m    \"results\": null,\u001b[22m\n\u001b[2m    \"resultsError\": null,\u001b[22m\n\u001b[2m    \"submissionError\": null,\u001b[22m\n\u001b[2m    \"submissionStateInProgress\": false,\u001b[22m\n\u001b[31m+   \"tempResults\": null,\u001b[39m\n\u001b[2m    \"timeRemaining\": null,\u001b[22m\n\u001b[2m    \"timerActive\": false,\u001b[22m\n\u001b[2m    \"userAnswers\": Array [],\u001b[22m\n\u001b[2m  }\u001b[22m",
                "name": "toEqual",
                "pass": false
              }
            }
          ],
          "failureMessages": [
            "Error: \u001b[2mexpect(\u001b[22m\u001b[31mreceived\u001b[39m\u001b[2m).\u001b[22mtoEqual\u001b[2m(\u001b[22m\u001b[32mexpected\u001b[39m\u001b[2m) // deep equality\u001b[22m\n\n\u001b[32m- Expected  - 0\u001b[39m\n\u001b[31m+ Received  + 1\u001b[39m\n\n\u001b[33m@@ -24,9 +24,10 @@\u001b[39m\n\u001b[2m    ],\u001b[22m\n\u001b[2m    \"results\": null,\u001b[22m\n\u001b[2m    \"resultsError\": null,\u001b[22m\n\u001b[2m    \"submissionError\": null,\u001b[22m\n\u001b[2m    \"submissionStateInProgress\": false,\u001b[22m\n\u001b[31m+   \"tempResults\": null,\u001b[39m\n\u001b[2m    \"timeRemaining\": null,\u001b[22m\n\u001b[2m    \"timerActive\": false,\u001b[22m\n\u001b[2m    \"userAnswers\": Array [],\u001b[22m\n\u001b[2m  }\u001b[22m\n    at Object.toEqual (C:\\Work\\Projects\\ai-learning\\store\\slices\\__tests__\\quizSlice.test.ts:81:22)\n    at Promise.then.completed (C:\\Work\\Projects\\ai-learning\\node_modules\\jest-circus\\build\\utils.js:298:28)\n    at new Promise (<anonymous>)\n    at callAsyncCircusFn (C:\\Work\\Projects\\ai-learning\\node_modules\\jest-circus\\build\\utils.js:231:10)\n    at _callCircusTest (C:\\Work\\Projects\\ai-learning\\node_modules\\jest-circus\\build\\run.js:316:40)\n    at processTicksAndRejections (node:internal/process/task_queues:105:5)\n    at _runTest (C:\\Work\\Projects\\ai-learning\\node_modules\\jest-circus\\build\\run.js:252:3)\n    at _runTestsForDescribeBlock (C:\\Work\\Projects\\ai-learning\\node_modules\\jest-circus\\build\\run.js:126:9)\n    at _runTestsForDescribeBlock (C:\\Work\\Projects\\ai-learning\\node_modules\\jest-circus\\build\\run.js:121:9)\n    at run (C:\\Work\\Projects\\ai-learning\\node_modules\\jest-circus\\build\\run.js:71:3)\n    at runAndTransformResultsToJestFormat (C:\\Work\\Projects\\ai-learning\\node_modules\\jest-circus\\build\\legacy-code-todo-rewrite\\jestAdapterInit.js:122:21)\n    at jestAdapter (C:\\Work\\Projects\\ai-learning\\node_modules\\jest-circus\\build\\legacy-code-todo-rewrite\\jestAdapter.js:79:19)\n    at runTestInternal (C:\\Work\\Projects\\ai-learning\\node_modules\\jest-runner\\build\\runTest.js:367:16)\n    at runTest (C:\\Work\\Projects\\ai-learning\\node_modules\\jest-runner\\build\\runTest.js:444:34)\n    at Object.worker (C:\\Work\\Projects\\ai-learning\\node_modules\\jest-runner\\build\\testWorker.js:106:12)"
          ],
          "fullName": "quizSlice should handle resetQuizState",
          "invocations": 1,
          "location": null,
          "numPassingAsserts": 0,
          "retryReasons": [],
          "status": "failed",
          "title": "should handle resetQuizState"
        },
        {
          "ancestorTitles": [
            "quizSlice"
          ],
          "duration": 2,
          "failureDetails": [],
          "failureMessages": [],
          "fullName": "quizSlice should handle setCurrentQuestion",
          "invocations": 1,
          "location": null,
          "numPassingAsserts": 1,
          "retryReasons": [],
          "status": "passed",
          "title": "should handle setCurrentQuestion"
        },
        {
          "ancestorTitles": [
            "quizSlice"
          ],
          "duration": 4,
          "failureDetails": [],
          "failureMessages": [],
          "fullName": "quizSlice should handle setUserAnswer for new answer",
          "invocations": 1,
          "location": null,
          "numPassingAsserts": 1,
          "retryReasons": [],
          "status": "passed",
          "title": "should handle setUserAnswer for new answer"
        },
        {
          "ancestorTitles": [
            "quizSlice"
          ],
          "duration": 4,
          "failureDetails": [],
          "failureMessages": [],
          "fullName": "quizSlice should handle setUserAnswer for existing answer",
          "invocations": 1,
          "location": null,
          "numPassingAsserts": 3,
          "retryReasons": [],
          "status": "passed",
          "title": "should handle setUserAnswer for existing answer"
        },
        {
          "ancestorTitles": [
            "quizSlice"
          ],
          "duration": 12,
          "failureDetails": [],
          "failureMessages": [],
          "fullName": "quizSlice should handle timer actions",
          "invocations": 1,
          "location": null,
          "numPassingAsserts": 5,
          "retryReasons": [],
          "status": "passed",
          "title": "should handle timer actions"
        },
        {
          "ancestorTitles": [
            "quizSlice"
          ],
          "duration": 4,
          "failureDetails": [],
          "failureMessages": [],
          "fullName": "quizSlice should handle markQuizCompleted",
          "invocations": 1,
          "location": null,
          "numPassingAsserts": 3,
          "retryReasons": [],
          "status": "passed",
          "title": "should handle markQuizCompleted"
        },
        {
          "ancestorTitles": [
            "quizSlice"
          ],
          "duration": 293,
          "failureDetails": [],
          "failureMessages": [],
          "fullName": "quizSlice should handle submitQuiz action",
          "invocations": 1,
          "location": null,
          "numPassingAsserts": 4,
          "retryReasons": [],
          "status": "passed",
          "title": "should handle submitQuiz action"
        }
      ],
      "failureMessage": "\u001b[1m\u001b[31m  \u001b[1m● \u001b[22m\u001b[1mquizSlice › should return the initial state\u001b[39m\u001b[22m\n\n    \u001b[2mexpect(\u001b[22m\u001b[31mreceived\u001b[39m\u001b[2m).\u001b[22mtoEqual\u001b[2m(\u001b[22m\u001b[32mexpected\u001b[39m\u001b[2m) // deep equality\u001b[22m\n\n    \u001b[32m- Expected  - 0\u001b[39m\n    \u001b[31m+ Received  + 1\u001b[39m\n\n    \u001b[33m@@ -17,9 +17,10 @@\u001b[39m\n    \u001b[2m    \"quizHistory\": Array [],\u001b[22m\n    \u001b[2m    \"results\": null,\u001b[22m\n    \u001b[2m    \"resultsError\": null,\u001b[22m\n    \u001b[2m    \"submissionError\": null,\u001b[22m\n    \u001b[2m    \"submissionStateInProgress\": false,\u001b[22m\n    \u001b[31m+   \"tempResults\": null,\u001b[39m\n    \u001b[2m    \"timeRemaining\": null,\u001b[22m\n    \u001b[2m    \"timerActive\": false,\u001b[22m\n    \u001b[2m    \"userAnswers\": Array [],\u001b[22m\n    \u001b[2m  }\u001b[22m\n\u001b[2m\u001b[22m\n\u001b[2m    \u001b[0m \u001b[90m 62 |\u001b[39m   test(\u001b[32m'should return the initial state'\u001b[39m\u001b[33m,\u001b[39m () \u001b[33m=>\u001b[39m {\u001b[22m\n\u001b[2m     \u001b[90m 63 |\u001b[39m     \u001b[36mconst\u001b[39m state \u001b[33m=\u001b[39m quizReducer(undefined\u001b[33m,\u001b[39m { type\u001b[33m:\u001b[39m \u001b[32m'unknown'\u001b[39m })\u001b[33m;\u001b[39m\u001b[22m\n\u001b[2m    \u001b[31m\u001b[1m>\u001b[22m\u001b[2m\u001b[39m\u001b[90m 64 |\u001b[39m     expect(state)\u001b[33m.\u001b[39mtoEqual(initialState)\u001b[33m;\u001b[39m\u001b[22m\n\u001b[2m     \u001b[90m    |\u001b[39m                   \u001b[31m\u001b[1m^\u001b[22m\u001b[2m\u001b[39m\u001b[22m\n\u001b[2m     \u001b[90m 65 |\u001b[39m   })\u001b[33m;\u001b[39m\u001b[22m\n\u001b[2m     \u001b[90m 66 |\u001b[39m\u001b[22m\n\u001b[2m     \u001b[90m 67 |\u001b[39m   test(\u001b[32m'should handle resetQuizState'\u001b[39m\u001b[33m,\u001b[39m () \u001b[33m=>\u001b[39m {\u001b[0m\u001b[22m\n\u001b[2m\u001b[22m\n\u001b[2m      \u001b[2mat Object.toEqual (\u001b[22m\u001b[2m\u001b[0m\u001b[36mstore/slices/__tests__/quizSlice.test.ts\u001b[39m\u001b[0m\u001b[2m:64:19)\u001b[22m\u001b[2m\u001b[22m\n\n\u001b[1m\u001b[31m  \u001b[1m● \u001b[22m\u001b[1mquizSlice › should handle resetQuizState\u001b[39m\u001b[22m\n\n    \u001b[2mexpect(\u001b[22m\u001b[31mreceived\u001b[39m\u001b[2m).\u001b[22mtoEqual\u001b[2m(\u001b[22m\u001b[32mexpected\u001b[39m\u001b[2m) // deep equality\u001b[22m\n\n    \u001b[32m- Expected  - 0\u001b[39m\n    \u001b[31m+ Received  + 1\u001b[39m\n\n    \u001b[33m@@ -24,9 +24,10 @@\u001b[39m\n    \u001b[2m    ],\u001b[22m\n    \u001b[2m    \"results\": null,\u001b[22m\n    \u001b[2m    \"resultsError\": null,\u001b[22m\n    \u001b[2m    \"submissionError\": null,\u001b[22m\n    \u001b[2m    \"submissionStateInProgress\": false,\u001b[22m\n    \u001b[31m+   \"tempResults\": null,\u001b[39m\n    \u001b[2m    \"timeRemaining\": null,\u001b[22m\n    \u001b[2m    \"timerActive\": false,\u001b[22m\n    \u001b[2m    \"userAnswers\": Array [],\u001b[22m\n    \u001b[2m  }\u001b[22m\n\u001b[2m\u001b[22m\n\u001b[2m    \u001b[0m \u001b[90m 79 |\u001b[39m\u001b[22m\n\u001b[2m     \u001b[90m 80 |\u001b[39m     \u001b[90m// History should be preserved, everything else reset\u001b[39m\u001b[22m\n\u001b[2m    \u001b[31m\u001b[1m>\u001b[22m\u001b[2m\u001b[39m\u001b[90m 81 |\u001b[39m     expect(newState)\u001b[33m.\u001b[39mtoEqual({\u001b[22m\n\u001b[2m     \u001b[90m    |\u001b[39m                      \u001b[31m\u001b[1m^\u001b[22m\u001b[2m\u001b[39m\u001b[22m\n\u001b[2m     \u001b[90m 82 |\u001b[39m       \u001b[33m...\u001b[39minitialState\u001b[33m,\u001b[39m\u001b[22m\n\u001b[2m     \u001b[90m 83 |\u001b[39m       quizHistory\u001b[33m:\u001b[39m stateWithData\u001b[33m.\u001b[39mquizHistory\u001b[33m,\u001b[39m\u001b[22m\n\u001b[2m     \u001b[90m 84 |\u001b[39m     })\u001b[33m;\u001b[39m\u001b[0m\u001b[22m\n\u001b[2m\u001b[22m\n\u001b[2m      \u001b[2mat Object.toEqual (\u001b[22m\u001b[2m\u001b[0m\u001b[36mstore/slices/__tests__/quizSlice.test.ts\u001b[39m\u001b[0m\u001b[2m:81:22)\u001b[22m\u001b[2m\u001b[22m\n"
    },
    {
      "leaks": false,
      "numFailingTests": 0,
      "numPassingTests": 7,
      "numPendingTests": 0,
      "numTodoTests": 0,
      "openHandles": [],
      "perfStats": {
        "end": 1747833511249,
        "runtime": 14692,
        "slow": true,
        "start": 1747833496557
      },
      "skipped": false,
      "snapshot": {
        "added": 0,
        "fileDeleted": false,
        "matched": 0,
        "unchecked": 0,
        "uncheckedKeys": [],
        "unmatched": 0,
        "updated": 0
      },
      "testFilePath": "C:\\Work\\Projects\\ai-learning\\__tests__\\e2e\\openended-quiz-flow.test.tsx",
      "testResults": [
        {
          "ancestorTitles": [
            "OpenEnded Quiz Flow End-to-End Test",
            "Authenticated User Flow"
          ],
          "duration": 2361,
          "failureDetails": [],
          "failureMessages": [],
          "fullName": "OpenEnded Quiz Flow End-to-End Test Authenticated User Flow should allow user to complete quiz and see immediate results",
          "invocations": 1,
          "location": null,
          "numPassingAsserts": 8,
          "retryReasons": [],
          "status": "passed",
          "title": "should allow user to complete quiz and see immediate results"
        },
        {
          "ancestorTitles": [
            "OpenEnded Quiz Flow End-to-End Test",
            "Authenticated User Flow"
          ],
          "duration": 557,
          "failureDetails": [],
          "failureMessages": [],
          "fullName": "OpenEnded Quiz Flow End-to-End Test Authenticated User Flow should handle quiz with empty answers",
          "invocations": 1,
          "location": null,
          "numPassingAsserts": 2,
          "retryReasons": [],
          "status": "passed",
          "title": "should handle quiz with empty answers"
        },
        {
          "ancestorTitles": [
            "OpenEnded Quiz Flow End-to-End Test",
            "Authenticated User Flow"
          ],
          "duration": 548,
          "failureDetails": [],
          "failureMessages": [],
          "fullName": "OpenEnded Quiz Flow End-to-End Test Authenticated User Flow should properly reset quiz state",
          "invocations": 1,
          "location": null,
          "numPassingAsserts": 2,
          "retryReasons": [],
          "status": "passed",
          "title": "should properly reset quiz state"
        },
        {
          "ancestorTitles": [
            "OpenEnded Quiz Flow End-to-End Test",
            "Unauthenticated User Flow"
          ],
          "duration": 961,
          "failureDetails": [],
          "failureMessages": [],
          "fullName": "OpenEnded Quiz Flow End-to-End Test Unauthenticated User Flow should allow unauthenticated users to take the quiz",
          "invocations": 1,
          "location": null,
          "numPassingAsserts": 2,
          "retryReasons": [],
          "status": "passed",
          "title": "should allow unauthenticated users to take the quiz"
        },
        {
          "ancestorTitles": [
            "OpenEnded Quiz Flow End-to-End Test",
            "Unauthenticated User Flow"
          ],
          "duration": 12,
          "failureDetails": [],
          "failureMessages": [],
          "fullName": "OpenEnded Quiz Flow End-to-End Test Unauthenticated User Flow should show sign-in prompt on results page for unauthenticated users",
          "invocations": 1,
          "location": null,
          "numPassingAsserts": 1,
          "retryReasons": [],
          "status": "passed",
          "title": "should show sign-in prompt on results page for unauthenticated users"
        },
        {
          "ancestorTitles": [
            "OpenEnded Quiz Flow End-to-End Test",
            "Error Handling"
          ],
          "duration": 6,
          "failureDetails": [],
          "failureMessages": [],
          "fullName": "OpenEnded Quiz Flow End-to-End Test Error Handling should handle quiz data loading errors",
          "invocations": 1,
          "location": null,
          "numPassingAsserts": 1,
          "retryReasons": [],
          "status": "passed",
          "title": "should handle quiz data loading errors"
        },
        {
          "ancestorTitles": [
            "OpenEnded Quiz Flow End-to-End Test",
            "Error Handling"
          ],
          "duration": 627,
          "failureDetails": [],
          "failureMessages": [],
          "fullName": "OpenEnded Quiz Flow End-to-End Test Error Handling should handle network errors during quiz submission",
          "invocations": 1,
          "location": null,
          "numPassingAsserts": 2,
          "retryReasons": [],
          "status": "passed",
          "title": "should handle network errors during quiz submission"
        }
      ],
      "failureMessage": null
    },
    {
      "leaks": false,
      "numFailingTests": 0,
      "numPassingTests": 6,
      "numPendingTests": 0,
      "numTodoTests": 0,
      "openHandles": [],
      "perfStats": {
        "end": 1747833511497,
        "runtime": 1381,
        "slow": false,
        "start": 1747833510116
      },
      "skipped": false,
      "snapshot": {
        "added": 0,
        "fileDeleted": false,
        "matched": 0,
        "unchecked": 0,
        "uncheckedKeys": [],
        "unmatched": 0,
        "updated": 0
      },
      "testFilePath": "C:\\Work\\Projects\\ai-learning\\__tests__\\api\\quizzes\\common\\slug\\complete\\route.test.ts",
      "testResults": [
        {
          "ancestorTitles": [
            "Quiz Complete API Route"
          ],
          "duration": 308,
          "failureDetails": [],
          "failureMessages": [],
          "fullName": "Quiz Complete API Route should handle MCQ quiz completion correctly",
          "invocations": 1,
          "location": null,
          "numPassingAsserts": 9,
          "retryReasons": [],
          "status": "passed",
          "title": "should handle MCQ quiz completion correctly"
        },
        {
          "ancestorTitles": [
            "Quiz Complete API Route"
          ],
          "duration": 19,
          "failureDetails": [],
          "failureMessages": [],
          "fullName": "Quiz Complete API Route should handle CODE quiz completion correctly",
          "invocations": 1,
          "location": null,
          "numPassingAsserts": 7,
          "retryReasons": [],
          "status": "passed",
          "title": "should handle CODE quiz completion correctly"
        },
        {
          "ancestorTitles": [
            "Quiz Complete API Route"
          ],
          "duration": 8,
          "failureDetails": [],
          "failureMessages": [],
          "fullName": "Quiz Complete API Route should validate required fields",
          "invocations": 1,
          "location": null,
          "numPassingAsserts": 4,
          "retryReasons": [],
          "status": "passed",
          "title": "should validate required fields"
        },
        {
          "ancestorTitles": [
            "Quiz Complete API Route"
          ],
          "duration": 12,
          "failureDetails": [],
          "failureMessages": [],
          "fullName": "Quiz Complete API Route should validate answer format",
          "invocations": 1,
          "location": null,
          "numPassingAsserts": 3,
          "retryReasons": [],
          "status": "passed",
          "title": "should validate answer format"
        },
        {
          "ancestorTitles": [
            "Quiz Complete API Route"
          ],
          "duration": 7,
          "failureDetails": [],
          "failureMessages": [],
          "fullName": "Quiz Complete API Route should handle case where quiz is not found",
          "invocations": 1,
          "location": null,
          "numPassingAsserts": 3,
          "retryReasons": [],
          "status": "passed",
          "title": "should handle case where quiz is not found"
        },
        {
          "ancestorTitles": [
            "Quiz Complete API Route"
          ],
          "duration": 2,
          "failureDetails": [],
          "failureMessages": [],
          "fullName": "Quiz Complete API Route should require authentication",
          "invocations": 1,
          "location": null,
          "numPassingAsserts": 3,
          "retryReasons": [],
          "status": "passed",
          "title": "should require authentication"
        }
      ],
      "failureMessage": null
    },
    {
      "leaks": false,
      "numFailingTests": 0,
      "numPassingTests": 1,
      "numPendingTests": 0,
      "numTodoTests": 0,
      "openHandles": [],
      "perfStats": {
        "end": 1747833511942,
        "runtime": 1072,
        "slow": false,
        "start": 1747833510870
      },
      "skipped": false,
      "snapshot": {
        "added": 0,
        "fileDeleted": false,
        "matched": 0,
        "unchecked": 0,
        "uncheckedKeys": [],
        "unmatched": 0,
        "updated": 0
      },
      "testFilePath": "C:\\Work\\Projects\\ai-learning\\__tests__\\api\\quiz\\quizRoutes.test.ts",
      "testResults": [
        {
          "ancestorTitles": [
            "Quiz API Routes"
          ],
          "duration": 39,
          "failureDetails": [],
          "failureMessages": [],
          "fullName": "Quiz API Routes should be set up for testing",
          "invocations": 1,
          "location": null,
          "numPassingAsserts": 1,
          "retryReasons": [],
          "status": "passed",
          "title": "should be set up for testing"
        }
      ],
      "failureMessage": null
    },
    {
      "leaks": false,
      "numFailingTests": 1,
      "numPassingTests": 6,
      "numPendingTests": 0,
      "numTodoTests": 0,
      "openHandles": [],
      "perfStats": {
        "end": 1747833511921,
        "runtime": 8923,
        "slow": true,
        "start": 1747833502998
      },
      "skipped": false,
      "snapshot": {
        "added": 0,
        "fileDeleted": false,
        "matched": 0,
        "unchecked": 0,
        "uncheckedKeys": [],
        "unmatched": 0,
        "updated": 0
      },
      "testFilePath": "C:\\Work\\Projects\\ai-learning\\__tests__\\slices\\textQuizSlice.test.ts",
      "testResults": [
        {
          "ancestorTitles": [
            "textQuizSlice"
          ],
          "duration": 52,
          "failureDetails": [],
          "failureMessages": [],
          "fullName": "textQuizSlice should initialize quiz correctly",
          "invocations": 1,
          "location": null,
          "numPassingAsserts": 5,
          "retryReasons": [],
          "status": "passed",
          "title": "should initialize quiz correctly"
        },
        {
          "ancestorTitles": [
            "textQuizSlice"
          ],
          "duration": 24,
          "failureDetails": [
            {
              "matcherResult": {
                "actual": {
                  "questionId": "q1",
                  "question": "What is React?",
                  "answer": "A JavaScript library",
                  "timeSpent": 30,
                  "hintsUsed": false,
                  "index": 0,
                  "isCorrect": true,
                  "correctAnswer": "A JavaScript library"
                },
                "expected": {
                  "questionId": "q1",
                  "question": "What is React?",
                  "answer": "A JavaScript library",
                  "timeSpent": 30,
                  "hintsUsed": false,
                  "index": 0
                },
                "message": "\u001b[2mexpect(\u001b[22m\u001b[31mreceived\u001b[39m\u001b[2m).\u001b[22mtoEqual\u001b[2m(\u001b[22m\u001b[32mexpected\u001b[39m\u001b[2m) // deep equality\u001b[22m\n\n\u001b[32m- Expected  - 0\u001b[39m\n\u001b[31m+ Received  + 2\u001b[39m\n\n\u001b[2m  Object {\u001b[22m\n\u001b[2m    \"answer\": \"A JavaScript library\",\u001b[22m\n\u001b[31m+   \"correctAnswer\": \"A JavaScript library\",\u001b[39m\n\u001b[2m    \"hintsUsed\": false,\u001b[22m\n\u001b[2m    \"index\": 0,\u001b[22m\n\u001b[31m+   \"isCorrect\": true,\u001b[39m\n\u001b[2m    \"question\": \"What is React?\",\u001b[22m\n\u001b[2m    \"questionId\": \"q1\",\u001b[22m\n\u001b[2m    \"timeSpent\": 30,\u001b[22m\n\u001b[2m  }\u001b[22m",
                "name": "toEqual",
                "pass": false
              }
            }
          ],
          "failureMessages": [
            "Error: \u001b[2mexpect(\u001b[22m\u001b[31mreceived\u001b[39m\u001b[2m).\u001b[22mtoEqual\u001b[2m(\u001b[22m\u001b[32mexpected\u001b[39m\u001b[2m) // deep equality\u001b[22m\n\n\u001b[32m- Expected  - 0\u001b[39m\n\u001b[31m+ Received  + 2\u001b[39m\n\n\u001b[2m  Object {\u001b[22m\n\u001b[2m    \"answer\": \"A JavaScript library\",\u001b[22m\n\u001b[31m+   \"correctAnswer\": \"A JavaScript library\",\u001b[39m\n\u001b[2m    \"hintsUsed\": false,\u001b[22m\n\u001b[2m    \"index\": 0,\u001b[22m\n\u001b[31m+   \"isCorrect\": true,\u001b[39m\n\u001b[2m    \"question\": \"What is React?\",\u001b[22m\n\u001b[2m    \"questionId\": \"q1\",\u001b[22m\n\u001b[2m    \"timeSpent\": 30,\u001b[22m\n\u001b[2m  }\u001b[22m\n    at Object.toEqual (C:\\Work\\Projects\\ai-learning\\__tests__\\slices\\textQuizSlice.test.ts:71:30)\n    at Promise.then.completed (C:\\Work\\Projects\\ai-learning\\node_modules\\jest-circus\\build\\utils.js:298:28)\n    at new Promise (<anonymous>)\n    at callAsyncCircusFn (C:\\Work\\Projects\\ai-learning\\node_modules\\jest-circus\\build\\utils.js:231:10)\n    at _callCircusTest (C:\\Work\\Projects\\ai-learning\\node_modules\\jest-circus\\build\\run.js:316:40)\n    at processTicksAndRejections (node:internal/process/task_queues:105:5)\n    at _runTest (C:\\Work\\Projects\\ai-learning\\node_modules\\jest-circus\\build\\run.js:252:3)\n    at _runTestsForDescribeBlock (C:\\Work\\Projects\\ai-learning\\node_modules\\jest-circus\\build\\run.js:126:9)\n    at _runTestsForDescribeBlock (C:\\Work\\Projects\\ai-learning\\node_modules\\jest-circus\\build\\run.js:121:9)\n    at run (C:\\Work\\Projects\\ai-learning\\node_modules\\jest-circus\\build\\run.js:71:3)\n    at runAndTransformResultsToJestFormat (C:\\Work\\Projects\\ai-learning\\node_modules\\jest-circus\\build\\legacy-code-todo-rewrite\\jestAdapterInit.js:122:21)\n    at jestAdapter (C:\\Work\\Projects\\ai-learning\\node_modules\\jest-circus\\build\\legacy-code-todo-rewrite\\jestAdapter.js:79:19)\n    at runTestInternal (C:\\Work\\Projects\\ai-learning\\node_modules\\jest-runner\\build\\runTest.js:367:16)\n    at runTest (C:\\Work\\Projects\\ai-learning\\node_modules\\jest-runner\\build\\runTest.js:444:34)\n    at Object.worker (C:\\Work\\Projects\\ai-learning\\node_modules\\jest-runner\\build\\testWorker.js:106:12)"
          ],
          "fullName": "textQuizSlice should submit an answer locally",
          "invocations": 1,
          "location": null,
          "numPassingAsserts": 1,
          "retryReasons": [],
          "status": "failed",
          "title": "should submit an answer locally"
        },
        {
          "ancestorTitles": [
            "textQuizSlice"
          ],
          "duration": 6,
          "failureDetails": [],
          "failureMessages": [],
          "fullName": "textQuizSlice should replace existing answer when submitting for same question",
          "invocations": 1,
          "location": null,
          "numPassingAsserts": 3,
          "retryReasons": [],
          "status": "passed",
          "title": "should replace existing answer when submitting for same question"
        },
        {
          "ancestorTitles": [
            "textQuizSlice"
          ],
          "duration": 7,
          "failureDetails": [],
          "failureMessages": [],
          "fullName": "textQuizSlice should complete quiz properly",
          "invocations": 1,
          "location": null,
          "numPassingAsserts": 5,
          "retryReasons": [],
          "status": "passed",
          "title": "should complete quiz properly"
        },
        {
          "ancestorTitles": [
            "textQuizSlice"
          ],
          "duration": 4,
          "failureDetails": [],
          "failureMessages": [],
          "fullName": "textQuizSlice should update current question index",
          "invocations": 1,
          "location": null,
          "numPassingAsserts": 1,
          "retryReasons": [],
          "status": "passed",
          "title": "should update current question index"
        },
        {
          "ancestorTitles": [
            "textQuizSlice"
          ],
          "duration": 12,
          "failureDetails": [],
          "failureMessages": [],
          "fullName": "textQuizSlice should save and restore quiz state",
          "invocations": 1,
          "location": null,
          "numPassingAsserts": 2,
          "retryReasons": [],
          "status": "passed",
          "title": "should save and restore quiz state"
        },
        {
          "ancestorTitles": [
            "textQuizSlice"
          ],
          "duration": 3,
          "failureDetails": [],
          "failureMessages": [],
          "fullName": "textQuizSlice should clear saved state",
          "invocations": 1,
          "location": null,
          "numPassingAsserts": 1,
          "retryReasons": [],
          "status": "passed",
          "title": "should clear saved state"
        }
      ],
      "failureMessage": "\u001b[1m\u001b[31m  \u001b[1m● \u001b[22m\u001b[1mtextQuizSlice › should submit an answer locally\u001b[39m\u001b[22m\n\n    \u001b[2mexpect(\u001b[22m\u001b[31mreceived\u001b[39m\u001b[2m).\u001b[22mtoEqual\u001b[2m(\u001b[22m\u001b[32mexpected\u001b[39m\u001b[2m) // deep equality\u001b[22m\n\n    \u001b[32m- Expected  - 0\u001b[39m\n    \u001b[31m+ Received  + 2\u001b[39m\n\n    \u001b[2m  Object {\u001b[22m\n    \u001b[2m    \"answer\": \"A JavaScript library\",\u001b[22m\n    \u001b[31m+   \"correctAnswer\": \"A JavaScript library\",\u001b[39m\n    \u001b[2m    \"hintsUsed\": false,\u001b[22m\n    \u001b[2m    \"index\": 0,\u001b[22m\n    \u001b[31m+   \"isCorrect\": true,\u001b[39m\n    \u001b[2m    \"question\": \"What is React?\",\u001b[22m\n    \u001b[2m    \"questionId\": \"q1\",\u001b[22m\n    \u001b[2m    \"timeSpent\": 30,\u001b[22m\n    \u001b[2m  }\u001b[22m\n\u001b[2m\u001b[22m\n\u001b[2m    \u001b[0m \u001b[90m 69 |\u001b[39m\u001b[22m\n\u001b[2m     \u001b[90m 70 |\u001b[39m     expect(state\u001b[33m.\u001b[39manswers\u001b[33m.\u001b[39mlength)\u001b[33m.\u001b[39mtoBe(\u001b[35m1\u001b[39m)\u001b[22m\n\u001b[2m    \u001b[31m\u001b[1m>\u001b[22m\u001b[2m\u001b[39m\u001b[90m 71 |\u001b[39m     expect(state\u001b[33m.\u001b[39manswers[\u001b[35m0\u001b[39m])\u001b[33m.\u001b[39mtoEqual(answer)\u001b[22m\n\u001b[2m     \u001b[90m    |\u001b[39m                              \u001b[31m\u001b[1m^\u001b[22m\u001b[2m\u001b[39m\u001b[22m\n\u001b[2m     \u001b[90m 72 |\u001b[39m     \u001b[90m// Current question index is not automatically updated by submitAnswerLocally\u001b[39m\u001b[22m\n\u001b[2m     \u001b[90m 73 |\u001b[39m     expect(state\u001b[33m.\u001b[39mcurrentQuestionIndex)\u001b[33m.\u001b[39mtoBe(\u001b[35m0\u001b[39m)\u001b[22m\n\u001b[2m     \u001b[90m 74 |\u001b[39m   })\u001b[0m\u001b[22m\n\u001b[2m\u001b[22m\n\u001b[2m      \u001b[2mat Object.toEqual (\u001b[22m\u001b[2m\u001b[0m\u001b[36m__tests__/slices/textQuizSlice.test.ts\u001b[39m\u001b[0m\u001b[2m:71:30)\u001b[22m\u001b[2m\u001b[22m\n"
    },
    {
      "leaks": false,
      "numFailingTests": 0,
      "numPassingTests": 9,
      "numPendingTests": 0,
      "numTodoTests": 0,
      "openHandles": [],
      "perfStats": {
        "end": 1747833512037,
        "runtime": 2093,
        "slow": false,
        "start": 1747833509944
      },
      "skipped": false,
      "snapshot": {
        "added": 0,
        "fileDeleted": false,
        "matched": 0,
        "unchecked": 0,
        "uncheckedKeys": [],
        "unmatched": 0,
        "updated": 0
      },
      "testFilePath": "C:\\Work\\Projects\\ai-learning\\__tests__\\e2e\\mcq-quiz-flow.test.tsx",
      "testResults": [
        {
          "ancestorTitles": [
            "MCQ Quiz Flow End-to-End Test",
            "Authenticated User Flow"
          ],
          "duration": 62,
          "failureDetails": [],
          "failureMessages": [],
          "fullName": "MCQ Quiz Flow End-to-End Test Authenticated User Flow should allow user to complete MCQ quiz and see results",
          "invocations": 1,
          "location": null,
          "numPassingAsserts": 6,
          "retryReasons": [],
          "status": "passed",
          "title": "should allow user to complete MCQ quiz and see results"
        },
        {
          "ancestorTitles": [
            "MCQ Quiz Flow End-to-End Test",
            "Authenticated User Flow"
          ],
          "duration": 24,
          "failureDetails": [],
          "failureMessages": [],
          "fullName": "MCQ Quiz Flow End-to-End Test Authenticated User Flow should track correct/incorrect answers",
          "invocations": 1,
          "location": null,
          "numPassingAsserts": 2,
          "retryReasons": [],
          "status": "passed",
          "title": "should track correct/incorrect answers"
        },
        {
          "ancestorTitles": [
            "MCQ Quiz Flow End-to-End Test",
            "Authenticated User Flow"
          ],
          "duration": 14,
          "failureDetails": [],
          "failureMessages": [],
          "fullName": "MCQ Quiz Flow End-to-End Test Authenticated User Flow should handle quiz reset when requested",
          "invocations": 1,
          "location": null,
          "numPassingAsserts": 1,
          "retryReasons": [],
          "status": "passed",
          "title": "should handle quiz reset when requested"
        },
        {
          "ancestorTitles": [
            "MCQ Quiz Flow End-to-End Test",
            "Authenticated User Flow"
          ],
          "duration": 39,
          "failureDetails": [],
          "failureMessages": [],
          "fullName": "MCQ Quiz Flow End-to-End Test Authenticated User Flow should verify quiz submission action is dispatched with correct payload",
          "invocations": 1,
          "location": null,
          "numPassingAsserts": 2,
          "retryReasons": [],
          "status": "passed",
          "title": "should verify quiz submission action is dispatched with correct payload"
        },
        {
          "ancestorTitles": [
            "MCQ Quiz Flow End-to-End Test",
            "Unauthenticated User Flow"
          ],
          "duration": 13,
          "failureDetails": [],
          "failureMessages": [],
          "fullName": "MCQ Quiz Flow End-to-End Test Unauthenticated User Flow should allow unauthenticated users to take the quiz",
          "invocations": 1,
          "location": null,
          "numPassingAsserts": 2,
          "retryReasons": [],
          "status": "passed",
          "title": "should allow unauthenticated users to take the quiz"
        },
        {
          "ancestorTitles": [
            "MCQ Quiz Flow End-to-End Test",
            "Unauthenticated User Flow"
          ],
          "duration": 9,
          "failureDetails": [],
          "failureMessages": [],
          "fullName": "MCQ Quiz Flow End-to-End Test Unauthenticated User Flow should show authentication prompt on certain actions",
          "invocations": 1,
          "location": null,
          "numPassingAsserts": 2,
          "retryReasons": [],
          "status": "passed",
          "title": "should show authentication prompt on certain actions"
        },
        {
          "ancestorTitles": [
            "MCQ Quiz Flow End-to-End Test",
            "Error Handling"
          ],
          "duration": 11,
          "failureDetails": [],
          "failureMessages": [],
          "fullName": "MCQ Quiz Flow End-to-End Test Error Handling should handle quiz data loading errors",
          "invocations": 1,
          "location": null,
          "numPassingAsserts": 2,
          "retryReasons": [],
          "status": "passed",
          "title": "should handle quiz data loading errors"
        },
        {
          "ancestorTitles": [
            "MCQ Quiz Flow End-to-End Test",
            "Error Handling"
          ],
          "duration": 6,
          "failureDetails": [],
          "failureMessages": [],
          "fullName": "MCQ Quiz Flow End-to-End Test Error Handling should handle invalid quiz data with missing questions",
          "invocations": 1,
          "location": null,
          "numPassingAsserts": 1,
          "retryReasons": [],
          "status": "passed",
          "title": "should handle invalid quiz data with missing questions"
        },
        {
          "ancestorTitles": [
            "MCQ Quiz Flow End-to-End Test",
            "UI Features"
          ],
          "duration": 15,
          "failureDetails": [],
          "failureMessages": [],
          "fullName": "MCQ Quiz Flow End-to-End Test UI Features should display correct question number and options",
          "invocations": 1,
          "location": null,
          "numPassingAsserts": 7,
          "retryReasons": [],
          "status": "passed",
          "title": "should display correct question number and options"
        }
      ],
      "failureMessage": null
    },
    {
      "leaks": false,
      "numFailingTests": 0,
      "numPassingTests": 2,
      "numPendingTests": 0,
      "numTodoTests": 0,
      "openHandles": [],
      "perfStats": {
        "end": 1747833512315,
        "runtime": 1158,
        "slow": false,
        "start": 1747833511157
      },
      "skipped": false,
      "snapshot": {
        "added": 0,
        "fileDeleted": false,
        "matched": 0,
        "unchecked": 0,
        "uncheckedKeys": [],
        "unmatched": 0,
        "updated": 0
      },
      "testFilePath": "C:\\Work\\Projects\\ai-learning\\__tests__\\utils\\QuizHelpers.test.tsx",
      "testResults": [
        {
          "ancestorTitles": [
            "QuizHelpers",
            "createResultsPreview"
          ],
          "duration": 8,
          "failureDetails": [],
          "failureMessages": [],
          "fullName": "QuizHelpers createResultsPreview calculates scores correctly",
          "invocations": 1,
          "location": null,
          "numPassingAsserts": 6,
          "retryReasons": [],
          "status": "passed",
          "title": "calculates scores correctly"
        },
        {
          "ancestorTitles": [
            "QuizHelpers",
            "prepareSubmissionPayload"
          ],
          "duration": 2,
          "failureDetails": [],
          "failureMessages": [],
          "fullName": "QuizHelpers prepareSubmissionPayload formats answers correctly",
          "invocations": 1,
          "location": null,
          "numPassingAsserts": 6,
          "retryReasons": [],
          "status": "passed",
          "title": "formats answers correctly"
        }
      ],
      "failureMessage": null
    },
    {
      "leaks": false,
      "numFailingTests": 0,
      "numPassingTests": 6,
      "numPendingTests": 0,
      "numTodoTests": 0,
      "openHandles": [],
      "perfStats": {
        "end": 1747833512675,
        "runtime": 1015,
        "slow": false,
        "start": 1747833511660
      },
      "skipped": false,
      "snapshot": {
        "added": 0,
        "fileDeleted": false,
        "matched": 0,
        "unchecked": 0,
        "uncheckedKeys": [],
        "unmatched": 0,
        "updated": 0
      },
      "testFilePath": "C:\\Work\\Projects\\ai-learning\\__tests__\\utils\\quiz-submission-utils.test.ts",
      "testResults": [
        {
          "ancestorTitles": [
            "Quiz Submission Utilities",
            "prepareSubmissionPayload"
          ],
          "duration": 4,
          "failureDetails": [],
          "failureMessages": [],
          "fullName": "Quiz Submission Utilities prepareSubmissionPayload should prepare a valid MCQ payload with all required fields",
          "invocations": 1,
          "location": null,
          "numPassingAsserts": 1,
          "retryReasons": [],
          "status": "passed",
          "title": "should prepare a valid MCQ payload with all required fields"
        },
        {
          "ancestorTitles": [
            "Quiz Submission Utilities",
            "prepareSubmissionPayload"
          ],
          "duration": 1,
          "failureDetails": [],
          "failureMessages": [],
          "fullName": "Quiz Submission Utilities prepareSubmissionPayload should prepare a valid CODE payload with all required fields",
          "invocations": 1,
          "location": null,
          "numPassingAsserts": 1,
          "retryReasons": [],
          "status": "passed",
          "title": "should prepare a valid CODE payload with all required fields"
        },
        {
          "ancestorTitles": [
            "Quiz Submission Utilities",
            "prepareSubmissionPayload"
          ],
          "duration": 2,
          "failureDetails": [],
          "failureMessages": [],
          "fullName": "Quiz Submission Utilities prepareSubmissionPayload should handle missing isCorrect property gracefully",
          "invocations": 1,
          "location": null,
          "numPassingAsserts": 1,
          "retryReasons": [],
          "status": "passed",
          "title": "should handle missing isCorrect property gracefully"
        },
        {
          "ancestorTitles": [
            "Quiz Submission Utilities",
            "prepareSubmissionPayload"
          ],
          "duration": 1,
          "failureDetails": [],
          "failureMessages": [],
          "fullName": "Quiz Submission Utilities prepareSubmissionPayload should calculate score based on correct answers",
          "invocations": 1,
          "location": null,
          "numPassingAsserts": 3,
          "retryReasons": [],
          "status": "passed",
          "title": "should calculate score based on correct answers"
        },
        {
          "ancestorTitles": [
            "Quiz Submission Utilities",
            "validateQuizSubmission"
          ],
          "duration": 1,
          "failureDetails": [],
          "failureMessages": [],
          "fullName": "Quiz Submission Utilities validateQuizSubmission should validate a proper submission payload",
          "invocations": 1,
          "location": null,
          "numPassingAsserts": 1,
          "retryReasons": [],
          "status": "passed",
          "title": "should validate a proper submission payload"
        },
        {
          "ancestorTitles": [
            "Quiz Submission Utilities",
            "validateQuizSubmission"
          ],
          "duration": 2,
          "failureDetails": [],
          "failureMessages": [],
          "fullName": "Quiz Submission Utilities validateQuizSubmission should reject invalid submission payloads",
          "invocations": 1,
          "location": null,
          "numPassingAsserts": 3,
          "retryReasons": [],
          "status": "passed",
          "title": "should reject invalid submission payloads"
        }
      ],
      "failureMessage": null
    },
    {
      "leaks": false,
      "numFailingTests": 0,
      "numPassingTests": 13,
      "numPendingTests": 0,
      "numTodoTests": 0,
      "openHandles": [],
      "perfStats": {
        "end": 1747833513109,
        "runtime": 14953,
        "slow": true,
        "start": 1747833498156
      },
      "skipped": false,
      "snapshot": {
        "added": 0,
        "fileDeleted": false,
        "matched": 0,
        "unchecked": 0,
        "uncheckedKeys": [],
        "unmatched": 0,
        "updated": 0
      },
      "testFilePath": "C:\\Work\\Projects\\ai-learning\\app\\dashboard\\(quiz)\\components\\__tests__\\NonAuthenticatedUserSignInPrompt.test.tsx",
      "testResults": [
        {
          "ancestorTitles": [
            "NonAuthenticatedUserSignInPrompt"
          ],
          "duration": 178,
          "failureDetails": [],
          "failureMessages": [],
          "fullName": "NonAuthenticatedUserSignInPrompt renders with default props",
          "invocations": 1,
          "location": null,
          "numPassingAsserts": 4,
          "retryReasons": [],
          "status": "passed",
          "title": "renders with default props"
        },
        {
          "ancestorTitles": [
            "NonAuthenticatedUserSignInPrompt"
          ],
          "duration": 42,
          "failureDetails": [],
          "failureMessages": [],
          "fullName": "NonAuthenticatedUserSignInPrompt calls onSignIn when sign-in button is clicked",
          "invocations": 1,
          "location": null,
          "numPassingAsserts": 1,
          "retryReasons": [],
          "status": "passed",
          "title": "calls onSignIn when sign-in button is clicked"
        },
        {
          "ancestorTitles": [
            "NonAuthenticatedUserSignInPrompt"
          ],
          "duration": 9,
          "failureDetails": [],
          "failureMessages": [],
          "fullName": "NonAuthenticatedUserSignInPrompt displays save message when showSaveMessage is true",
          "invocations": 1,
          "location": null,
          "numPassingAsserts": 1,
          "retryReasons": [],
          "status": "passed",
          "title": "displays save message when showSaveMessage is true"
        },
        {
          "ancestorTitles": [
            "NonAuthenticatedUserSignInPrompt"
          ],
          "duration": 10,
          "failureDetails": [],
          "failureMessages": [],
          "fullName": "NonAuthenticatedUserSignInPrompt does not display save message when showSaveMessage is false",
          "invocations": 1,
          "location": null,
          "numPassingAsserts": 1,
          "retryReasons": [],
          "status": "passed",
          "title": "does not display save message when showSaveMessage is false"
        },
        {
          "ancestorTitles": [
            "NonAuthenticatedUserSignInPrompt"
          ],
          "duration": 14,
          "failureDetails": [],
          "failureMessages": [],
          "fullName": "NonAuthenticatedUserSignInPrompt displays custom message when provided",
          "invocations": 1,
          "location": null,
          "numPassingAsserts": 1,
          "retryReasons": [],
          "status": "passed",
          "title": "displays custom message when provided"
        },
        {
          "ancestorTitles": [
            "NonAuthenticatedUserSignInPrompt"
          ],
          "duration": 22,
          "failureDetails": [],
          "failureMessages": [],
          "fullName": "NonAuthenticatedUserSignInPrompt redirects to default route when onSignIn not provided",
          "invocations": 1,
          "location": null,
          "numPassingAsserts": 1,
          "retryReasons": [],
          "status": "passed",
          "title": "redirects to default route when onSignIn not provided"
        },
        {
          "ancestorTitles": [
            "NonAuthenticatedUserSignInPrompt"
          ],
          "duration": 19,
          "failureDetails": [],
          "failureMessages": [],
          "fullName": "NonAuthenticatedUserSignInPrompt shows quiz type specific title",
          "invocations": 1,
          "location": null,
          "numPassingAsserts": 2,
          "retryReasons": [],
          "status": "passed",
          "title": "shows quiz type specific title"
        },
        {
          "ancestorTitles": [
            "NonAuthenticatedUserSignInPrompt"
          ],
          "duration": 23,
          "failureDetails": [],
          "failureMessages": [],
          "fullName": "NonAuthenticatedUserSignInPrompt displays score preview when provided",
          "invocations": 1,
          "location": null,
          "numPassingAsserts": 3,
          "retryReasons": [],
          "status": "passed",
          "title": "displays score preview when provided"
        },
        {
          "ancestorTitles": [
            "NonAuthenticatedUserSignInPrompt"
          ],
          "duration": 20,
          "failureDetails": [],
          "failureMessages": [],
          "fullName": "NonAuthenticatedUserSignInPrompt uses returnPath for custom callback when provided",
          "invocations": 1,
          "location": null,
          "numPassingAsserts": 1,
          "retryReasons": [],
          "status": "passed",
          "title": "uses returnPath for custom callback when provided"
        },
        {
          "ancestorTitles": [
            "NonAuthenticatedUserSignInPrompt"
          ],
          "duration": 18,
          "failureDetails": [],
          "failureMessages": [],
          "fullName": "NonAuthenticatedUserSignInPrompt displays score preview correctly when provided",
          "invocations": 1,
          "location": null,
          "numPassingAsserts": 3,
          "retryReasons": [],
          "status": "passed",
          "title": "displays score preview correctly when provided"
        },
        {
          "ancestorTitles": [
            "NonAuthenticatedUserSignInPrompt"
          ],
          "duration": 20,
          "failureDetails": [],
          "failureMessages": [],
          "fullName": "NonAuthenticatedUserSignInPrompt displays appropriate feedback for low scores",
          "invocations": 1,
          "location": null,
          "numPassingAsserts": 3,
          "retryReasons": [],
          "status": "passed",
          "title": "displays appropriate feedback for low scores"
        },
        {
          "ancestorTitles": [
            "NonAuthenticatedUserSignInPrompt"
          ],
          "duration": 22,
          "failureDetails": [],
          "failureMessages": [],
          "fullName": "NonAuthenticatedUserSignInPrompt handles sign in button click with loading state",
          "invocations": 1,
          "location": null,
          "numPassingAsserts": 1,
          "retryReasons": [],
          "status": "passed",
          "title": "handles sign in button click with loading state"
        },
        {
          "ancestorTitles": [
            "NonAuthenticatedUserSignInPrompt"
          ],
          "duration": 17,
          "failureDetails": [],
          "failureMessages": [],
          "fullName": "NonAuthenticatedUserSignInPrompt renders with custom return path",
          "invocations": 1,
          "location": null,
          "numPassingAsserts": 1,
          "retryReasons": [],
          "status": "passed",
          "title": "renders with custom return path"
        }
      ],
      "failureMessage": null
    },
    {
      "leaks": false,
      "numFailingTests": 0,
      "numPassingTests": 1,
      "numPendingTests": 0,
      "numTodoTests": 0,
      "openHandles": [],
      "perfStats": {
        "end": 1747833513182,
        "runtime": 9517,
        "slow": true,
        "start": 1747833503665
      },
      "skipped": false,
      "snapshot": {
        "added": 0,
        "fileDeleted": false,
        "matched": 0,
        "unchecked": 0,
        "uncheckedKeys": [],
        "unmatched": 0,
        "updated": 0
      },
      "testFilePath": "C:\\Work\\Projects\\ai-learning\\__tests__\\mocks\\mockAnimationProvider.test.tsx",
      "testResults": [
        {
          "ancestorTitles": [
            "Animation Provider Mock"
          ],
          "duration": 91,
          "failureDetails": [],
          "failureMessages": [],
          "fullName": "Animation Provider Mock should provide animation context with animations disabled by default",
          "invocations": 1,
          "location": null,
          "numPassingAsserts": 1,
          "retryReasons": [],
          "status": "passed",
          "title": "should provide animation context with animations disabled by default"
        }
      ],
      "failureMessage": null
    },
    {
      "leaks": false,
      "numFailingTests": 3,
      "numPassingTests": 7,
      "numPendingTests": 0,
      "numTodoTests": 0,
      "openHandles": [],
      "perfStats": {
        "end": 1747833513341,
        "runtime": 16980,
        "slow": true,
        "start": 1747833496361
      },
      "skipped": false,
      "snapshot": {
        "added": 0,
        "fileDeleted": false,
        "matched": 0,
        "unchecked": 0,
        "uncheckedKeys": [],
        "unmatched": 0,
        "updated": 0
      },
      "testFilePath": "C:\\Work\\Projects\\ai-learning\\app\\dashboard\\(quiz)\\mcq\\components\\mcq-quiz.test.tsx",
      "testResults": [
        {
          "ancestorTitles": [
            "McqQuiz Component"
          ],
          "duration": 399,
          "failureDetails": [],
          "failureMessages": [],
          "fullName": "McqQuiz Component renders the question and options correctly",
          "invocations": 1,
          "location": null,
          "numPassingAsserts": 4,
          "retryReasons": [],
          "status": "passed",
          "title": "renders the question and options correctly"
        },
        {
          "ancestorTitles": [
            "McqQuiz Component"
          ],
          "duration": 75,
          "failureDetails": [
            {
              "matcherResult": {
                "message": "\u001b[2mexpect(\u001b[22m\u001b[31mreceived\u001b[39m\u001b[2m).\u001b[22mtoBeTruthy\u001b[2m()\u001b[22m\n\nReceived: \u001b[31mfalse\u001b[39m",
                "pass": false
              }
            }
          ],
          "failureMessages": [
            "Error: \u001b[2mexpect(\u001b[22m\u001b[31mreceived\u001b[39m\u001b[2m).\u001b[22mtoBeTruthy\u001b[2m()\u001b[22m\n\nReceived: \u001b[31mfalse\u001b[39m\n    at Object.toBeTruthy (C:\\Work\\Projects\\ai-learning\\app\\dashboard\\(quiz)\\mcq\\components\\mcq-quiz.test.tsx:56:96)\n    at Promise.then.completed (C:\\Work\\Projects\\ai-learning\\node_modules\\jest-circus\\build\\utils.js:298:28)\n    at new Promise (<anonymous>)\n    at callAsyncCircusFn (C:\\Work\\Projects\\ai-learning\\node_modules\\jest-circus\\build\\utils.js:231:10)\n    at _callCircusTest (C:\\Work\\Projects\\ai-learning\\node_modules\\jest-circus\\build\\run.js:316:40)\n    at processTicksAndRejections (node:internal/process/task_queues:105:5)\n    at _runTest (C:\\Work\\Projects\\ai-learning\\node_modules\\jest-circus\\build\\run.js:252:3)\n    at _runTestsForDescribeBlock (C:\\Work\\Projects\\ai-learning\\node_modules\\jest-circus\\build\\run.js:126:9)\n    at _runTestsForDescribeBlock (C:\\Work\\Projects\\ai-learning\\node_modules\\jest-circus\\build\\run.js:121:9)\n    at run (C:\\Work\\Projects\\ai-learning\\node_modules\\jest-circus\\build\\run.js:71:3)\n    at runAndTransformResultsToJestFormat (C:\\Work\\Projects\\ai-learning\\node_modules\\jest-circus\\build\\legacy-code-todo-rewrite\\jestAdapterInit.js:122:21)\n    at jestAdapter (C:\\Work\\Projects\\ai-learning\\node_modules\\jest-circus\\build\\legacy-code-todo-rewrite\\jestAdapter.js:79:19)\n    at runTestInternal (C:\\Work\\Projects\\ai-learning\\node_modules\\jest-runner\\build\\runTest.js:367:16)\n    at runTest (C:\\Work\\Projects\\ai-learning\\node_modules\\jest-runner\\build\\runTest.js:444:34)\n    at Object.worker (C:\\Work\\Projects\\ai-learning\\node_modules\\jest-runner\\build\\testWorker.js:106:12)"
          ],
          "fullName": "McqQuiz Component allows selecting an option",
          "invocations": 1,
          "location": null,
          "numPassingAsserts": 0,
          "retryReasons": [],
          "status": "failed",
          "title": "allows selecting an option"
        },
        {
          "ancestorTitles": [
            "McqQuiz Component"
          ],
          "duration": 50,
          "failureDetails": [
            {
              "message": "\u001b[2mexpect(\u001b[22m\u001b[31mreceived\u001b[39m\u001b[2m).toBeInTheDocument()\u001b[22m\n\n\u001b[31mreceived\u001b[39m value must be an HTMLElement or an SVGElement.\nReceived has value: \u001b[31mnull\u001b[39m"
            }
          ],
          "failureMessages": [
[...]
        {
          "ancestorTitles": [
            "_createMockUseAuth"
          ],
          "duration": 1,
          "failureDetails": [],
          "failureMessages": [],
          "fullName": "_createMockUseAuth should override defaults",
          "invocations": 1,
          "location": null,
          "numPassingAsserts": 3,
          "retryReasons": [],
          "status": "passed",
          "title": "should override defaults"
        }
      ],
      "failureMessage": null
    },
    {
      "leaks": false,
      "numFailingTests": 2,
      "numPassingTests": 3,
      "numPendingTests": 0,
      "numTodoTests": 0,
      "openHandles": [],
      "perfStats": {
        "end": 1747833514404,
        "runtime": 11490,
        "slow": true,
        "start": 1747833502914
      },
      "skipped": false,
      "snapshot": {
        "added": 0,
        "fileDeleted": false,
        "matched": 0,
        "unchecked": 0,
        "uncheckedKeys": [],
        "unmatched": 0,
        "updated": 0
      },
      "testFilePath": "C:\\Work\\Projects\\ai-learning\\app\\dashboard\\(quiz)\\mcq\\[slug]\\results\\results-page.test.tsx",
      "testResults": [
        {
          "ancestorTitles": [
            "McqResultsPage"
          ],
          "duration": 369,
          "failureDetails": [
            {}
          ],
          "failureMessages": [
            "TypeError: Cannot read properties of undefined (reading 'then')\n    at slug (C:\\Work\\Projects\\ai-learning\\app\\dashboard\\(quiz)\\mcq\\[slug]\\results\\page.tsx:73:30)\n    at commitHookEffectListMount (C:\\Work\\Projects\\ai-learning\\node_modules\\react-dom\\cjs\\react-dom.development.js:23189:26)\n    at commitPassiveMountOnFiber (C:\\Work\\Projects\\ai-learning\\node_modules\\react-dom\\cjs\\react-dom.development.js:24970:11)\n    at commitPassiveMountEffects_complete (C:\\Work\\Projects\\ai-learning\\node_modules\\react-dom\\cjs\\react-dom.development.js:24930:9)\n    at commitPassiveMountEffects_begin (C:\\Work\\Projects\\ai-learning\\node_modules\\react-dom\\cjs\\react-dom.development.js:24917:7)\n    at commitPassiveMountEffects (C:\\Work\\Projects\\ai-learning\\node_modules\\react-dom\\cjs\\react-dom.development.js:24905:3)\n    at flushPassiveEffectsImpl (C:\\Work\\Projects\\ai-learning\\node_modules\\react-dom\\cjs\\react-dom.development.js:27078:3)\n    at flushPassiveEffects (C:\\Work\\Projects\\ai-learning\\node_modules\\react-dom\\cjs\\react-dom.development.js:27023:14)\n    at C:\\Work\\Projects\\ai-learning\\node_modules\\react-dom\\cjs\\react-dom.development.js:26808:9\n    at flushActQueue (C:\\Work\\Projects\\ai-learning\\node_modules\\react\\cjs\\react.development.js:2667:24)\n    at act (C:\\Work\\Projects\\ai-learning\\node_modules\\react\\cjs\\react.development.js:2582:11)\n    at C:\\Work\\Projects\\ai-learning\\node_modules\\@testing-library\\react\\dist\\act-compat.js:47:25\n    at renderRoot (C:\\Work\\Projects\\ai-learning\\node_modules\\@testing-library\\react\\dist\\pure.js:190:26)\n    at render (C:\\Work\\Projects\\ai-learning\\node_modules\\@testing-library\\react\\dist\\pure.js:292:10)\n    at Object.<anonymous> (C:\\Work\\Projects\\ai-learning\\app\\dashboard\\(quiz)\\mcq\\[slug]\\results\\results-page.test.tsx:78:11)\n    at Promise.then.completed (C:\\Work\\Projects\\ai-learning\\node_modules\\jest-circus\\build\\utils.js:298:28)\n    at new Promise (<anonymous>)\n    at callAsyncCircusFn (C:\\Work\\Projects\\ai-learning\\node_modules\\jest-circus\\build\\utils.js:231:10)\n    at _callCircusTest (C:\\Work\\Projects\\ai-learning\\node_modules\\jest-circus\\build\\run.js:316:40)\n    at processTicksAndRejections (node:internal/process/task_queues:105:5)\n    at _runTest (C:\\Work\\Projects\\ai-learning\\node_modules\\jest-circus\\build\\run.js:252:3)\n    at _runTestsForDescribeBlock (C:\\Work\\Projects\\ai-learning\\node_modules\\jest-circus\\build\\run.js:126:9)\n    at _runTestsForDescribeBlock (C:\\Work\\Projects\\ai-learning\\node_modules\\jest-circus\\build\\run.js:121:9)\n    at run (C:\\Work\\Projects\\ai-learning\\node_modules\\jest-circus\\build\\run.js:71:3)\n    at runAndTransformResultsToJestFormat (C:\\Work\\Projects\\ai-learning\\node_modules\\jest-circus\\build\\legacy-code-todo-rewrite\\jestAdapterInit.js:122:21)\n    at jestAdapter (C:\\Work\\Projects\\ai-learning\\node_modules\\jest-circus\\build\\legacy-code-todo-rewrite\\jestAdapter.js:79:19)\n    at runTestInternal (C:\\Work\\Projects\\ai-learning\\node_modules\\jest-runner\\build\\runTest.js:367:16)\n    at runTest (C:\\Work\\Projects\\ai-learning\\node_modules\\jest-runner\\build\\runTest.js:444:34)\n    at Object.worker (C:\\Work\\Projects\\ai-learning\\node_modules\\jest-runner\\build\\testWorker.js:106:12)"
          ],
          "fullName": "McqResultsPage shows loading state when fetching results",
          "invocations": 1,
          "location": null,
          "numPassingAsserts": 0,
          "retryReasons": [],
          "status": "failed",
          "title": "shows loading state when fetching results"
        },
        {
          "ancestorTitles": [
            "McqResultsPage"
          ],
          "duration": 32,
          "failureDetails": [],
          "failureMessages": [],
          "fullName": "McqResultsPage shows sign in prompt for unauthenticated users",
          "invocations": 1,
          "location": null,
          "numPassingAsserts": 1,
          "retryReasons": [],
          "status": "passed",
          "title": "shows sign in prompt for unauthenticated users"
        },
        {
          "ancestorTitles": [
            "McqResultsPage"
          ],
          "duration": 39,
          "failureDetails": [],
          "failureMessages": [],
          "fullName": "McqResultsPage shows saved results when available",
          "invocations": 1,
          "location": null,
          "numPassingAsserts": 2,
          "retryReasons": [],
          "status": "passed",
          "title": "shows saved results when available"
        },
        {
          "ancestorTitles": [
            "McqResultsPage"
          ],
          "duration": 1061,
          "failureDetails": [
            {},
            {
              "matcherResult": {
                "message": "\u001b[2mexpect(\u001b[22m\u001b[31mjest.fn()\u001b[39m\u001b[2m).\u001b[22mtoHaveBeenCalledWith\u001b[2m(\u001b[22m\u001b[32m...expected\u001b[39m\u001b[2m)\u001b[22m\n\n\u001b[32m- Expected\u001b[39m\n\u001b[31m+ Received\u001b[39m\n\n  \u001b[2m\"test-quiz\"\u001b[22m,\n\u001b[2m  Object {\u001b[22m\n\u001b[2m    \"correctAnswers\": 7,\u001b[22m\n\u001b[31m+   \"maxScore\": 10,\u001b[39m\n\u001b[2m    \"questionsAnswered\": 10,\u001b[22m\n\u001b[2m    \"score\": 70,\u001b[22m\n\u001b[2m    \"totalQuestions\": 10,\u001b[22m\n\u001b[2m  }\u001b[22m,\n\nNumber of calls: \u001b[31m1\u001b[39m",
                "pass": false
              }
            }
          ],
          "failureMessages": [
            "Error: Rendered fewer hooks than expected. This may be caused by an accidental early return statement.\n    at renderWithHooks (C:\\Work\\Projects\\ai-learning\\node_modules\\react-dom\\cjs\\react-dom.development.js:15562:11)\n    at updateFunctionComponent (C:\\Work\\Projects\\ai-learning\\node_modules\\react-dom\\cjs\\react-dom.development.js:19617:20)\n    at beginWork (C:\\Work\\Projects\\ai-learning\\node_modules\\react-dom\\cjs\\react-dom.development.js:21640:16)\n    at beginWork$1 (C:\\Work\\Projects\\ai-learning\\node_modules\\react-dom\\cjs\\react-dom.development.js:27465:14)\n    at performUnitOfWork (C:\\Work\\Projects\\ai-learning\\node_modules\\react-dom\\cjs\\react-dom.development.js:26599:12)\n    at workLoopSync (C:\\Work\\Projects\\ai-learning\\node_modules\\react-dom\\cjs\\react-dom.development.js:26505:5)\n    at renderRootSync (C:\\Work\\Projects\\ai-learning\\node_modules\\react-dom\\cjs\\react-dom.development.js:26473:7)\n    at recoverFromConcurrentError (C:\\Work\\Projects\\ai-learning\\node_modules\\react-dom\\cjs\\react-dom.development.js:25889:20)\n    at performConcurrentWorkOnRoot (C:\\Work\\Projects\\ai-learning\\node_modules\\react-dom\\cjs\\react-dom.development.js:25789:22)\n    at workLoop (C:\\Work\\Projects\\ai-learning\\node_modules\\scheduler\\cjs\\scheduler.development.js:266:34)\n    at flushWork (C:\\Work\\Projects\\ai-learning\\node_modules\\scheduler\\cjs\\scheduler.development.js:239:14)\n    at performWorkUntilDeadline (C:\\Work\\Projects\\ai-learning\\node_modules\\scheduler\\cjs\\scheduler.development.js:533:21)\n    at Timeout.task [as _onTimeout] (C:\\Work\\Projects\\ai-learning\\node_modules\\jest-environment-jsdom\\node_modules\\jsdom\\lib\\jsdom\\browser\\Window.js:520:19)\n    at listOnTimeout (node:internal/timers:588:17)\n    at processTimers (node:internal/timers:523:7)",
            "Error: \u001b[2mexpect(\u001b[22m\u001b[31mjest.fn()\u001b[39m\u001b[2m).\u001b[22mtoHaveBeenCalledWith\u001b[2m(\u001b[22m\u001b[32m...expected\u001b[39m\u001b[2m)\u001b[22m\n\n\u001b[32m- Expected\u001b[39m\n\u001b[31m+ Received\u001b[39m\n\n  \u001b[2m\"test-quiz\"\u001b[22m,\n\u001b[2m  Object {\u001b[22m\n\u001b[2m    \"correctAnswers\": 7,\u001b[22m\n\u001b[31m+   \"maxScore\": 10,\u001b[39m\n\u001b[2m    \"questionsAnswered\": 10,\u001b[22m\n\u001b[2m    \"score\": 70,\u001b[22m\n\u001b[2m    \"totalQuestions\": 10,\u001b[22m\n\u001b[2m  }\u001b[22m,\n\nNumber of calls: \u001b[31m1\u001b[39m\n\nIgnored nodes: comments, script, style\n\u001b[36m<html>\u001b[39m\n  \u001b[36m<head />\u001b[39m\n  \u001b[36m<body>\u001b[39m\n    \u001b[36m<div />\u001b[39m\n  \u001b[36m</body>\u001b[39m\n\u001b[36m</html>\u001b[39m\n    at toHaveBeenCalledWith (C:\\Work\\Projects\\ai-learning\\app\\dashboard\\(quiz)\\mcq\\[slug]\\results\\results-page.test.tsx:148:31)\n    at runWithExpensiveErrorDiagnosticsDisabled (C:\\Work\\Projects\\ai-learning\\node_modules\\@testing-library\\dom\\dist\\config.js:47:12)\n    at checkCallback (C:\\Work\\Projects\\ai-learning\\node_modules\\@testing-library\\dom\\dist\\wait-for.js:124:77)\n    at checkRealTimersCallback (C:\\Work\\Projects\\ai-learning\\node_modules\\@testing-library\\dom\\dist\\wait-for.js:118:16)\n    at Timeout.task [as _onTimeout] (C:\\Work\\Projects\\ai-learning\\node_modules\\jest-environment-jsdom\\node_modules\\jsdom\\lib\\jsdom\\browser\\Window.js:520:19)\n    at listOnTimeout (node:internal/timers:588:17)\n    at processTimers (node:internal/timers:523:7)"
          ],
          "fullName": "McqResultsPage shows temporary results with save button after quiz completion",
          "invocations": 1,
          "location": null,
          "numPassingAsserts": 2,
          "retryReasons": [],
          "status": "failed",
          "title": "shows temporary results with save button after quiz completion"
        },
        {
          "ancestorTitles": [
            "McqResultsPage"
          ],
          "duration": 21,
          "failureDetails": [],
          "failureMessages": [],
          "fullName": "McqResultsPage shows error message when results loading fails",
          "invocations": 1,
          "location": null,
          "numPassingAsserts": 1,
          "retryReasons": [],
          "status": "passed",
          "title": "shows error message when results loading fails"
        }
      ],
      "failureMessage": "\u001b[1m\u001b[31m  \u001b[1m● \u001b[22m\u001b[1mMcqResultsPage › shows loading state when fetching results\u001b[39m\u001b[22m\n\n    TypeError: Cannot read properties of undefined (reading 'then')\n\u001b[2m\u001b[22m\n\u001b[2m    \u001b[0m \u001b[90m 71 |\u001b[39m         \u001b[36mif\u001b[39m (actions\u001b[33m?\u001b[39m\u001b[33m.\u001b[39mgetResults) {\u001b[22m\n\u001b[2m     \u001b[90m 72 |\u001b[39m           console\u001b[33m.\u001b[39mlog(\u001b[32m\"MCQ Page: Calling getResults with:\"\u001b[39m\u001b[33m,\u001b[39m slug)\u001b[22m\n\u001b[2m    \u001b[31m\u001b[1m>\u001b[22m\u001b[2m\u001b[39m\u001b[90m 73 |\u001b[39m           actions\u001b[33m.\u001b[39mgetResults(slug)\u001b[22m\n\u001b[2m     \u001b[90m    |\u001b[39m                              \u001b[31m\u001b[1m^\u001b[22m\u001b[2m\u001b[39m\u001b[22m\n\u001b[2m     \u001b[90m 74 |\u001b[39m             \u001b[33m.\u001b[39mthen(data \u001b[33m=>\u001b[39m {\u001b[22m\n\u001b[2m     \u001b[90m 75 |\u001b[39m               console\u001b[33m.\u001b[39mlog(\u001b[32m\"MCQ Page: Results fetched successfully:\"\u001b[39m\u001b[33m,\u001b[39m data)\u001b[22m\n\u001b[2m     \u001b[90m 76 |\u001b[39m             })\u001b[0m\u001b[22m\n\u001b[2m\u001b[22m\n\u001b[2m      \u001b[2mat slug (C:\\Work\\Projects\\ai-learning\\app\\dashboard\\(quiz)\u001b[22m\u001b[2m../../../mcq/[slug]/results/page.tsx\u001b[2m:73:30)\u001b[22m\u001b[2m\u001b[22m\n\u001b[2m      \u001b[2mat commitHookEffectListMount (\u001b[22m\u001b[2mnode_modules/react-dom/cjs/react-dom.development.js\u001b[2m:23189:26)\u001b[22m\u001b[2m\u001b[22m\n\u001b[2m      \u001b[2mat commitPassiveMountOnFiber (\u001b[22m\u001b[2mnode_modules/react-dom/cjs/react-dom.development.js\u001b[2m:24970:11)\u001b[22m\u001b[2m\u001b[22m\n\u001b[2m      \u001b[2mat commitPassiveMountEffects_complete (\u001b[22m\u001b[2mnode_modules/react-dom/cjs/react-dom.development.js\u001b[2m:24930:9)\u001b[22m\u001b[2m\u001b[22m\n\u001b[2m      \u001b[2mat commitPassiveMountEffects_begin (\u001b[22m\u001b[2mnode_modules/react-dom/cjs/react-dom.development.js\u001b[2m:24917:7)\u001b[22m\u001b[2m\u001b[22m\n\u001b[2m      \u001b[2mat commitPassiveMountEffects (\u001b[22m\u001b[2mnode_modules/react-dom/cjs/react-dom.development.js\u001b[2m:24905:3)\u001b[22m\u001b[2m\u001b[22m\n\u001b[2m      \u001b[2mat flushPassiveEffectsImpl (\u001b[22m\u001b[2mnode_modules/react-dom/cjs/react-dom.development.js\u001b[2m:27078:3)\u001b[22m\u001b[2m\u001b[22m\n\u001b[2m      \u001b[2mat flushPassiveEffects (\u001b[22m\u001b[2mnode_modules/react-dom/cjs/react-dom.development.js\u001b[2m:27023:14)\u001b[22m\u001b[2m\u001b[22m\n\u001b[2m      \u001b[2mat \u001b[22m\u001b[2mnode_modules/react-dom/cjs/react-dom.development.js\u001b[2m:26808:9\u001b[22m\u001b[2m\u001b[22m\n\u001b[2m      \u001b[2mat flushActQueue (\u001b[22m\u001b[2mnode_modules/react/cjs/react.development.js\u001b[2m:2667:24)\u001b[22m\u001b[2m\u001b[22m\n\u001b[2m      \u001b[2mat act (\u001b[22m\u001b[2mnode_modules/react/cjs/react.development.js\u001b[2m:2582:11)\u001b[22m\u001b[2m\u001b[22m\n\u001b[2m      \u001b[2mat \u001b[22m\u001b[2mnode_modules/@testing-library/react/dist/act-compat.js\u001b[2m:47:25\u001b[22m\u001b[2m\u001b[22m\n\u001b[2m      \u001b[2mat renderRoot (\u001b[22m\u001b[2mnode_modules/@testing-library/react/dist/pure.js\u001b[2m:190:26)\u001b[22m\u001b[2m\u001b[22m\n\u001b[2m      \u001b[2mat render (\u001b[22m\u001b[2mnode_modules/@testing-library/react/dist/pure.js\u001b[2m:292:10)\u001b[22m\u001b[2m\u001b[22m\n\u001b[2m      \u001b[2mat Object.<anonymous> (C:\\Work\\Projects\\ai-learning\\app\\dashboard\\(quiz)\u001b[22m\u001b[2m../../../mcq/[slug]/results/results-page.test.tsx\u001b[2m:78:11)\u001b[22m\u001b[2m\u001b[22m\n\n\u001b[1m\u001b[31m  \u001b[1m● \u001b[22m\u001b[1mMcqResultsPage › shows temporary results with save button after quiz completion\u001b[39m\u001b[22m\n\n    Rendered fewer hooks than expected. This may be caused by an accidental early return statement.\n\u001b[2m\u001b[22m\n\u001b[2m      \u001b[2mat renderWithHooks (\u001b[22m\u001b[2mnode_modules/react-dom/cjs/react-dom.development.js\u001b[2m:15562:11)\u001b[22m\u001b[2m\u001b[22m\n\u001b[2m      \u001b[2mat updateFunctionComponent (\u001b[22m\u001b[2mnode_modules/react-dom/cjs/react-dom.development.js\u001b[2m:19617:20)\u001b[22m\u001b[2m\u001b[22m\n\u001b[2m      \u001b[2mat beginWork (\u001b[22m\u001b[2mnode_modules/react-dom/cjs/react-dom.development.js\u001b[2m:21640:16)\u001b[22m\u001b[2m\u001b[22m\n\u001b[2m      \u001b[2mat beginWork$1 (\u001b[22m\u001b[2mnode_modules/react-dom/cjs/react-dom.development.js\u001b[2m:27465:14)\u001b[22m\u001b[2m\u001b[22m\n\u001b[2m      \u001b[2mat performUnitOfWork (\u001b[22m\u001b[2mnode_modules/react-dom/cjs/react-dom.development.js\u001b[2m:26599:12)\u001b[22m\u001b[2m\u001b[22m\n\u001b[2m      \u001b[2mat workLoopSync (\u001b[22m\u001b[2mnode_modules/react-dom/cjs/react-dom.development.js\u001b[2m:26505:5)\u001b[22m\u001b[2m\u001b[22m\n\u001b[2m      \u001b[2mat renderRootSync (\u001b[22m\u001b[2mnode_modules/react-dom/cjs/react-dom.development.js\u001b[2m:26473:7)\u001b[22m\u001b[2m\u001b[22m\n\u001b[2m      \u001b[2mat recoverFromConcurrentError (\u001b[22m\u001b[2mnode_modules/react-dom/cjs/react-dom.development.js\u001b[2m:25889:20)\u001b[22m\u001b[2m\u001b[22m\n\u001b[2m      \u001b[2mat performConcurrentWorkOnRoot (\u001b[22m\u001b[2mnode_modules/react-dom/cjs/react-dom.development.js\u001b[2m:25789:22)\u001b[22m\u001b[2m\u001b[22m\n\u001b[2m      \u001b[2mat workLoop (\u001b[22m\u001b[2mnode_modules/scheduler/cjs/scheduler.development.js\u001b[2m:266:34)\u001b[22m\u001b[2m\u001b[22m\n\u001b[2m      \u001b[2mat flushWork (\u001b[22m\u001b[2mnode_modules/scheduler/cjs/scheduler.development.js\u001b[2m:239:14)\u001b[22m\u001b[2m\u001b[22m\n\u001b[2m      \u001b[2mat performWorkUntilDeadline (\u001b[22m\u001b[2mnode_modules/scheduler/cjs/scheduler.development.js\u001b[2m:533:21)\u001b[22m\u001b[2m\u001b[22m\n\n\u001b[1m\u001b[31m  \u001b[1m● \u001b[22m\u001b[1mMcqResultsPage › shows temporary results with save button after quiz completion\u001b[39m\u001b[22m\n\n    \u001b[2mexpect(\u001b[22m\u001b[31mjest.fn()\u001b[39m\u001b[2m).\u001b[22mtoHaveBeenCalledWith\u001b[2m(\u001b[22m\u001b[32m...expected\u001b[39m\u001b[2m)\u001b[22m\n\n    \u001b[32m- Expected\u001b[39m\n    \u001b[31m+ Received\u001b[39m\n\n      \u001b[2m\"test-quiz\"\u001b[22m,\n    \u001b[2m  Object {\u001b[22m\n    \u001b[2m    \"correctAnswers\": 7,\u001b[22m\n    \u001b[31m+   \"maxScore\": 10,\u001b[39m\n    \u001b[2m    \"questionsAnswered\": 10,\u001b[22m\n    \u001b[2m    \"score\": 70,\u001b[22m\n    \u001b[2m    \"totalQuestions\": 10,\u001b[22m\n    \u001b[2m  }\u001b[22m,\n\n    Number of calls: \u001b[31m1\u001b[39m\n\n    Ignored nodes: comments, script, style\n    \u001b[36m<html>\u001b[39m\n      \u001b[36m<head />\u001b[39m\n      \u001b[36m<body>\u001b[39m\n        \u001b[36m<div />\u001b[39m\n      \u001b[36m</body>\u001b[39m\n    \u001b[36m</html>\u001b[39m\n\u001b[2m\u001b[22m\n\u001b[2m    \u001b[0m \u001b[90m 146 |\u001b[39m     \u001b[22m\n\u001b[2m     \u001b[90m 147 |\u001b[39m     \u001b[36mawait\u001b[39m waitFor(() \u001b[33m=>\u001b[39m {\u001b[22m\n\u001b[2m    \u001b[31m\u001b[1m>\u001b[22m\u001b[2m\u001b[39m\u001b[90m 148 |\u001b[39m       expect(mockSaveResults)\u001b[33m.\u001b[39mtoHaveBeenCalledWith(\u001b[32m'test-quiz'\u001b[39m\u001b[33m,\u001b[39m mockTempResults)\u001b[22m\n\u001b[2m     \u001b[90m     |\u001b[39m                               \u001b[31m\u001b[1m^\u001b[22m\u001b[2m\u001b[39m\u001b[22m\n\u001b[2m     \u001b[90m 149 |\u001b[39m     })\u001b[22m\n\u001b[2m     \u001b[90m 150 |\u001b[39m   })\u001b[22m\n\u001b[2m     \u001b[90m 151 |\u001b[39m\u001b[0m\u001b[22m\n\u001b[2m\u001b[22m\n\u001b[2m      \u001b[2mat toHaveBeenCalledWith (C:\\Work\\Projects\\ai-learning\\app\\dashboard\\(quiz)\u001b[22m\u001b[2m../../../mcq/[slug]/results/results-page.test.tsx\u001b[2m:148:31)\u001b[22m\u001b[2m\u001b[22m\n\u001b[2m      \u001b[2mat runWithExpensiveErrorDiagnosticsDisabled (\u001b[22m\u001b[2mnode_modules/@testing-library/dom/dist/config.js\u001b[2m:47:12)\u001b[22m\u001b[2m\u001b[22m\n\u001b[2m      \u001b[2mat checkCallback (\u001b[22m\u001b[2mnode_modules/@testing-library/dom/dist/wait-for.js\u001b[2m:124:77)\u001b[22m\u001b[2m\u001b[22m\n\u001b[2m      \u001b[2mat checkRealTimersCallback (\u001b[22m\u001b[2mnode_modules/@testing-library/dom/dist/wait-for.js\u001b[2m:118:16)\u001b[22m\u001b[2m\u001b[22m\n"
    }
  ],
  "wasInterrupted": false
}