{
  "numFailedTestSuites": 0,
  "numFailedTests": 0,
  "numPassedTestSuites": 16,
  "numPassedTests": 107,
  "numPendingTestSuites": 0,
  "numPendingTests": 1,
  "numRuntimeErrorTestSuites": 0,
  "numTodoTests": 0,
  "numTotalTestSuites": 16,
  "numTotalTests": 108,
  "openHandles": [],
  "snapshot": {
    "added": 0,
    "didUpdate": false,
    "failure": false,
    "filesAdded": 0,
    "filesRemoved": 0,
    "filesRemovedList": [],
    "filesUnmatched": 0,
    "filesUpdated": 0,
    "matched": 0,
    "total": 0,
    "unchecked": 0,
    "uncheckedKeysByFile": [],
    "unmatched": 0,
    "updated": 0
  },
  "startTime": 1747835450638,
  "success": false,
  "testResults": [
    {
      "leaks": false,
      "numFailingTests": 0,
      "numPassingTests": 8,
      "numPendingTests": 0,
      "numTodoTests": 0,
      "openHandles": [],
      "perfStats": {
        "end": 1747835483409,
        "runtime": 7882,
        "slow": true,
        "start": 1747835475527
      },
      "skipped": false,
      "snapshot": {
        "added": 0,
        "fileDeleted": false,
        "matched": 0,
        "unchecked": 0,
        "uncheckedKeys": [],
        "unmatched": 0,
        "updated": 0
      },
      "testFilePath": "C:\\Work\\Projects\\ai-learning\\store\\slices\\__tests__\\quizSlice.test.ts",
      "testResults": [
        {
          "ancestorTitles": [
            "quizSlice"
          ],
          "duration": 68,
          "failureDetails": [],
          "failureMessages": [],
          "fullName": "quizSlice should return the initial state",
          "invocations": 1,
          "location": null,
          "numPassingAsserts": 1,
          "retryReasons": [],
          "status": "passed",
          "title": "should return the initial state"
        },
        {
          "ancestorTitles": [
            "quizSlice"
          ],
          "duration": 24,
          "failureDetails": [],
          "failureMessages": [],
          "fullName": "quizSlice should handle resetQuizState",
          "invocations": 1,
          "location": null,
          "numPassingAsserts": 1,
          "retryReasons": [],
          "status": "passed",
          "title": "should handle resetQuizState"
        },
        {
          "ancestorTitles": [
            "quizSlice"
          ],
          "duration": 9,
          "failureDetails": [],
          "failureMessages": [],
          "fullName": "quizSlice should handle setCurrentQuestion",
          "invocations": 1,
          "location": null,
          "numPassingAsserts": 1,
          "retryReasons": [],
          "status": "passed",
          "title": "should handle setCurrentQuestion"
        },
        {
          "ancestorTitles": [
            "quizSlice"
          ],
          "duration": 4,
          "failureDetails": [],
          "failureMessages": [],
          "fullName": "quizSlice should handle setUserAnswer for new answer",
          "invocations": 1,
          "location": null,
          "numPassingAsserts": 1,
          "retryReasons": [],
          "status": "passed",
          "title": "should handle setUserAnswer for new answer"
        },
        {
          "ancestorTitles": [
            "quizSlice"
          ],
          "duration": 5,
          "failureDetails": [],
          "failureMessages": [],
          "fullName": "quizSlice should handle setUserAnswer for existing answer",
          "invocations": 1,
          "location": null,
          "numPassingAsserts": 3,
          "retryReasons": [],
          "status": "passed",
          "title": "should handle setUserAnswer for existing answer"
        },
        {
          "ancestorTitles": [
            "quizSlice"
          ],
          "duration": 7,
          "failureDetails": [],
          "failureMessages": [],
          "fullName": "quizSlice should handle timer actions",
          "invocations": 1,
          "location": null,
          "numPassingAsserts": 5,
          "retryReasons": [],
          "status": "passed",
          "title": "should handle timer actions"
        },
        {
          "ancestorTitles": [
            "quizSlice"
          ],
          "duration": 4,
          "failureDetails": [],
          "failureMessages": [],
          "fullName": "quizSlice should handle markQuizCompleted",
          "invocations": 1,
          "location": null,
          "numPassingAsserts": 3,
          "retryReasons": [],
          "status": "passed",
          "title": "should handle markQuizCompleted"
        },
        {
          "ancestorTitles": [
            "quizSlice"
          ],
          "duration": 537,
          "failureDetails": [],
          "failureMessages": [],
          "fullName": "quizSlice should handle submitQuiz action",
          "invocations": 1,
          "location": null,
          "numPassingAsserts": 4,
          "retryReasons": [],
          "status": "passed",
          "title": "should handle submitQuiz action"
        }
      ],
      "failureMessage": null
    },
    {
      "leaks": false,
      "numFailingTests": 0,
      "numPassingTests": 7,
      "numPendingTests": 0,
      "numTodoTests": 0,
      "openHandles": [],
      "perfStats": {
        "end": 1747835483614,
        "runtime": 8282,
        "slow": true,
        "start": 1747835475332
      },
      "skipped": false,
      "snapshot": {
        "added": 0,
        "fileDeleted": false,
        "matched": 0,
        "unchecked": 0,
        "uncheckedKeys": [],
        "unmatched": 0,
        "updated": 0
      },
      "testFilePath": "C:\\Work\\Projects\\ai-learning\\__tests__\\slices\\textQuizSlice.test.ts",
      "testResults": [
        {
          "ancestorTitles": [
            "textQuizSlice"
          ],
          "duration": 152,
          "failureDetails": [],
          "failureMessages": [],
          "fullName": "textQuizSlice should initialize quiz correctly",
          "invocations": 1,
          "location": null,
          "numPassingAsserts": 5,
          "retryReasons": [],
          "status": "passed",
          "title": "should initialize quiz correctly"
        },
        {
          "ancestorTitles": [
            "textQuizSlice"
          ],
          "duration": 8,
          "failureDetails": [],
          "failureMessages": [],
          "fullName": "textQuizSlice should submit an answer locally",
          "invocations": 1,
          "location": null,
          "numPassingAsserts": 3,
          "retryReasons": [],
          "status": "passed",
          "title": "should submit an answer locally"
        },
        {
          "ancestorTitles": [
            "textQuizSlice"
          ],
          "duration": 7,
          "failureDetails": [],
          "failureMessages": [],
          "fullName": "textQuizSlice should replace existing answer when submitting for same question",
          "invocations": 1,
          "location": null,
          "numPassingAsserts": 3,
          "retryReasons": [],
          "status": "passed",
          "title": "should replace existing answer when submitting for same question"
        },
        {
          "ancestorTitles": [
            "textQuizSlice"
          ],
          "duration": 5,
          "failureDetails": [],
          "failureMessages": [],
          "fullName": "textQuizSlice should complete quiz properly",
          "invocations": 1,
          "location": null,
          "numPassingAsserts": 5,
          "retryReasons": [],
          "status": "passed",
          "title": "should complete quiz properly"
        },
        {
          "ancestorTitles": [
            "textQuizSlice"
          ],
          "duration": 4,
          "failureDetails": [],
          "failureMessages": [],
          "fullName": "textQuizSlice should update current question index",
          "invocations": 1,
          "location": null,
          "numPassingAsserts": 1,
          "retryReasons": [],
          "status": "passed",
          "title": "should update current question index"
        },
        {
          "ancestorTitles": [
            "textQuizSlice"
          ],
          "duration": 5,
          "failureDetails": [],
          "failureMessages": [],
          "fullName": "textQuizSlice should save and restore quiz state",
          "invocations": 1,
          "location": null,
          "numPassingAsserts": 2,
          "retryReasons": [],
          "status": "passed",
          "title": "should save and restore quiz state"
        },
        {
          "ancestorTitles": [
            "textQuizSlice"
          ],
          "duration": 6,
          "failureDetails": [],
          "failureMessages": [],
          "fullName": "textQuizSlice should clear saved state",
          "invocations": 1,
          "location": null,
          "numPassingAsserts": 1,
          "retryReasons": [],
          "status": "passed",
          "title": "should clear saved state"
        }
      ],
      "failureMessage": null
    },
    {
      "leaks": false,
      "numFailingTests": 0,
      "numPassingTests": 9,
      "numPendingTests": 0,
      "numTodoTests": 0,
      "openHandles": [],
      "perfStats": {
        "end": 1747835485727,
        "runtime": 10336,
        "slow": true,
        "start": 1747835475391
      },
      "skipped": false,
      "snapshot": {
        "added": 0,
        "fileDeleted": false,
        "matched": 0,
        "unchecked": 0,
        "uncheckedKeys": [],
        "unmatched": 0,
        "updated": 0
      },
      "testFilePath": "C:\\Work\\Projects\\ai-learning\\__tests__\\e2e\\mcq-quiz-flow.test.tsx",
      "testResults": [
        {
          "ancestorTitles": [
            "MCQ Quiz Flow End-to-End Test",
            "Authenticated User Flow"
          ],
          "duration": 191,
          "failureDetails": [],
          "failureMessages": [],
          "fullName": "MCQ Quiz Flow End-to-End Test Authenticated User Flow should allow user to complete MCQ quiz and see results",
          "invocations": 1,
          "location": null,
          "numPassingAsserts": 6,
          "retryReasons": [],
          "status": "passed",
          "title": "should allow user to complete MCQ quiz and see results"
        },
        {
          "ancestorTitles": [
            "MCQ Quiz Flow End-to-End Test",
            "Authenticated User Flow"
          ],
          "duration": 32,
          "failureDetails": [],
          "failureMessages": [],
          "fullName": "MCQ Quiz Flow End-to-End Test Authenticated User Flow should track correct/incorrect answers",
          "invocations": 1,
          "location": null,
          "numPassingAsserts": 2,
          "retryReasons": [],
          "status": "passed",
          "title": "should track correct/incorrect answers"
        },
        {
          "ancestorTitles": [
            "MCQ Quiz Flow End-to-End Test",
            "Authenticated User Flow"
          ],
          "duration": 21,
          "failureDetails": [],
          "failureMessages": [],
          "fullName": "MCQ Quiz Flow End-to-End Test Authenticated User Flow should handle quiz reset when requested",
          "invocations": 1,
          "location": null,
          "numPassingAsserts": 1,
          "retryReasons": [],
          "status": "passed",
          "title": "should handle quiz reset when requested"
        },
        {
          "ancestorTitles": [
            "MCQ Quiz Flow End-to-End Test",
            "Authenticated User Flow"
          ],
          "duration": 17,
          "failureDetails": [],
          "failureMessages": [],
          "fullName": "MCQ Quiz Flow End-to-End Test Authenticated User Flow should verify quiz submission action is dispatched with correct payload",
          "invocations": 1,
          "location": null,
          "numPassingAsserts": 2,
          "retryReasons": [],
          "status": "passed",
          "title": "should verify quiz submission action is dispatched with correct payload"
        },
        {
          "ancestorTitles": [
            "MCQ Quiz Flow End-to-End Test",
            "Unauthenticated User Flow"
          ],
          "duration": 18,
          "failureDetails": [],
          "failureMessages": [],
          "fullName": "MCQ Quiz Flow End-to-End Test Unauthenticated User Flow should allow unauthenticated users to take the quiz",
          "invocations": 1,
          "location": null,
          "numPassingAsserts": 2,
          "retryReasons": [],
          "status": "passed",
          "title": "should allow unauthenticated users to take the quiz"
        },
        {
          "ancestorTitles": [
            "MCQ Quiz Flow End-to-End Test",
            "Unauthenticated User Flow"
          ],
          "duration": 10,
          "failureDetails": [],
          "failureMessages": [],
          "fullName": "MCQ Quiz Flow End-to-End Test Unauthenticated User Flow should show authentication prompt on certain actions",
          "invocations": 1,
          "location": null,
          "numPassingAsserts": 2,
          "retryReasons": [],
          "status": "passed",
          "title": "should show authentication prompt on certain actions"
        },
        {
          "ancestorTitles": [
            "MCQ Quiz Flow End-to-End Test",
            "Error Handling"
          ],
          "duration": 26,
          "failureDetails": [],
          "failureMessages": [],
          "fullName": "MCQ Quiz Flow End-to-End Test Error Handling should handle quiz data loading errors",
          "invocations": 1,
          "location": null,
          "numPassingAsserts": 2,
          "retryReasons": [],
          "status": "passed",
          "title": "should handle quiz data loading errors"
        },
        {
          "ancestorTitles": [
            "MCQ Quiz Flow End-to-End Test",
            "Error Handling"
          ],
          "duration": 8,
          "failureDetails": [],
          "failureMessages": [],
          "fullName": "MCQ Quiz Flow End-to-End Test Error Handling should handle invalid quiz data with missing questions",
          "invocations": 1,
          "location": null,
          "numPassingAsserts": 1,
          "retryReasons": [],
          "status": "passed",
          "title": "should handle invalid quiz data with missing questions"
        },
        {
          "ancestorTitles": [
            "MCQ Quiz Flow End-to-End Test",
            "UI Features"
          ],
          "duration": 18,
          "failureDetails": [],
          "failureMessages": [],
          "fullName": "MCQ Quiz Flow End-to-End Test UI Features should display correct question number and options",
          "invocations": 1,
          "location": null,
          "numPassingAsserts": 7,
          "retryReasons": [],
          "status": "passed",
          "title": "should display correct question number and options"
        }
      ],
      "failureMessage": null
    },
    {
      "leaks": false,
      "numFailingTests": 0,
      "numPassingTests": 13,
      "numPendingTests": 0,
      "numTodoTests": 0,
      "openHandles": [],
      "perfStats": {
        "end": 1747835485865,
        "runtime": 10130,
        "slow": true,
        "start": 1747835475735
      },
      "skipped": false,
      "snapshot": {
        "added": 0,
        "fileDeleted": false,
        "matched": 0,
        "unchecked": 0,
        "uncheckedKeys": [],
        "unmatched": 0,
        "updated": 0
      },
      "testFilePath": "C:\\Work\\Projects\\ai-learning\\app\\dashboard\\(quiz)\\components\\__tests__\\NonAuthenticatedUserSignInPrompt.test.tsx",
      "testResults": [
        {
          "ancestorTitles": [
            "NonAuthenticatedUserSignInPrompt"
          ],
          "duration": 203,
          "failureDetails": [],
          "failureMessages": [],
          "fullName": "NonAuthenticatedUserSignInPrompt renders with default props",
          "invocations": 1,
          "location": null,
          "numPassingAsserts": 4,
          "retryReasons": [],
          "status": "passed",
          "title": "renders with default props"
        },
        {
          "ancestorTitles": [
            "NonAuthenticatedUserSignInPrompt"
          ],
          "duration": 48,
          "failureDetails": [],
          "failureMessages": [],
          "fullName": "NonAuthenticatedUserSignInPrompt calls onSignIn when sign-in button is clicked",
          "invocations": 1,
          "location": null,
          "numPassingAsserts": 1,
          "retryReasons": [],
          "status": "passed",
          "title": "calls onSignIn when sign-in button is clicked"
        },
        {
          "ancestorTitles": [
            "NonAuthenticatedUserSignInPrompt"
          ],
          "duration": 17,
          "failureDetails": [],
          "failureMessages": [],
          "fullName": "NonAuthenticatedUserSignInPrompt displays save message when showSaveMessage is true",
          "invocations": 1,
          "location": null,
          "numPassingAsserts": 1,
          "retryReasons": [],
          "status": "passed",
          "title": "displays save message when showSaveMessage is true"
        },
        {
          "ancestorTitles": [
            "NonAuthenticatedUserSignInPrompt"
          ],
          "duration": 14,
          "failureDetails": [],
          "failureMessages": [],
          "fullName": "NonAuthenticatedUserSignInPrompt does not display save message when showSaveMessage is false",
          "invocations": 1,
          "location": null,
          "numPassingAsserts": 1,
          "retryReasons": [],
          "status": "passed",
          "title": "does not display save message when showSaveMessage is false"
        },
        {
          "ancestorTitles": [
            "NonAuthenticatedUserSignInPrompt"
          ],
          "duration": 18,
          "failureDetails": [],
          "failureMessages": [],
          "fullName": "NonAuthenticatedUserSignInPrompt displays custom message when provided",
          "invocations": 1,
          "location": null,
          "numPassingAsserts": 1,
          "retryReasons": [],
          "status": "passed",
          "title": "displays custom message when provided"
        },
        {
          "ancestorTitles": [
            "NonAuthenticatedUserSignInPrompt"
          ],
          "duration": 28,
          "failureDetails": [],
          "failureMessages": [],
          "fullName": "NonAuthenticatedUserSignInPrompt redirects to default route when onSignIn not provided",
          "invocations": 1,
          "location": null,
          "numPassingAsserts": 1,
          "retryReasons": [],
          "status": "passed",
          "title": "redirects to default route when onSignIn not provided"
        },
        {
          "ancestorTitles": [
            "NonAuthenticatedUserSignInPrompt"
          ],
          "duration": 21,
          "failureDetails": [],
          "failureMessages": [],
          "fullName": "NonAuthenticatedUserSignInPrompt shows quiz type specific title",
          "invocations": 1,
          "location": null,
          "numPassingAsserts": 2,
          "retryReasons": [],
          "status": "passed",
          "title": "shows quiz type specific title"
        },
        {
          "ancestorTitles": [
            "NonAuthenticatedUserSignInPrompt"
          ],
          "duration": 37,
          "failureDetails": [],
          "failureMessages": [],
          "fullName": "NonAuthenticatedUserSignInPrompt displays score preview when provided",
          "invocations": 1,
          "location": null,
          "numPassingAsserts": 3,
          "retryReasons": [],
          "status": "passed",
          "title": "displays score preview when provided"
        },
        {
          "ancestorTitles": [
            "NonAuthenticatedUserSignInPrompt"
          ],
          "duration": 42,
          "failureDetails": [],
          "failureMessages": [],
          "fullName": "NonAuthenticatedUserSignInPrompt uses returnPath for custom callback when provided",
          "invocations": 1,
          "location": null,
          "numPassingAsserts": 1,
          "retryReasons": [],
          "status": "passed",
          "title": "uses returnPath for custom callback when provided"
        },
        {
          "ancestorTitles": [
            "NonAuthenticatedUserSignInPrompt"
          ],
          "duration": 28,
          "failureDetails": [],
          "failureMessages": [],
          "fullName": "NonAuthenticatedUserSignInPrompt displays score preview correctly when provided",
          "invocations": 1,
          "location": null,
          "numPassingAsserts": 3,
          "retryReasons": [],
          "status": "passed",
          "title": "displays score preview correctly when provided"
        },
        {
          "ancestorTitles": [
            "NonAuthenticatedUserSignInPrompt"
          ],
          "duration": 23,
          "failureDetails": [],
          "failureMessages": [],
          "fullName": "NonAuthenticatedUserSignInPrompt displays appropriate feedback for low scores",
          "invocations": 1,
          "location": null,
          "numPassingAsserts": 3,
          "retryReasons": [],
          "status": "passed",
          "title": "displays appropriate feedback for low scores"
        },
        {
          "ancestorTitles": [
            "NonAuthenticatedUserSignInPrompt"
          ],
          "duration": 44,
          "failureDetails": [],
          "failureMessages": [],
          "fullName": "NonAuthenticatedUserSignInPrompt handles sign in button click with loading state",
          "invocations": 1,
          "location": null,
          "numPassingAsserts": 1,
          "retryReasons": [],
          "status": "passed",
          "title": "handles sign in button click with loading state"
        },
        {
          "ancestorTitles": [
            "NonAuthenticatedUserSignInPrompt"
          ],
          "duration": 17,
          "failureDetails": [],
          "failureMessages": [],
          "fullName": "NonAuthenticatedUserSignInPrompt renders with custom return path",
          "invocations": 1,
          "location": null,
          "numPassingAsserts": 1,
          "retryReasons": [],
          "status": "passed",
          "title": "renders with custom return path"
        }
      ],
      "failureMessage": null
    },
    {
      "leaks": false,
      "numFailingTests": 0,
      "numPassingTests": 5,
      "numPendingTests": 0,
      "numTodoTests": 0,
      "openHandles": [],
      "perfStats": {
        "end": 1747835486229,
        "runtime": 10879,
        "slow": true,
        "start": 1747835475350
      },
      "skipped": false,
      "snapshot": {
        "added": 0,
        "fileDeleted": false,
        "matched": 0,
        "unchecked": 0,
        "uncheckedKeys": [],
        "unmatched": 0,
        "updated": 0
      },
      "testFilePath": "C:\\Work\\Projects\\ai-learning\\app\\dashboard\\(quiz)\\mcq\\[slug]\\results\\results-page.test.tsx",
      "testResults": [
        {
          "ancestorTitles": [
            "McqResultsPage"
          ],
          "duration": 621,
          "failureDetails": [],
          "failureMessages": [],
          "fullName": "McqResultsPage shows loading state when fetching results",
          "invocations": 1,
          "location": null,
          "numPassingAsserts": 1,
          "retryReasons": [],
          "status": "passed",
          "title": "shows loading state when fetching results"
        },
        {
          "ancestorTitles": [
            "McqResultsPage"
          ],
          "duration": 16,
          "failureDetails": [],
          "failureMessages": [],
          "fullName": "McqResultsPage shows sign in prompt for unauthenticated users",
          "invocations": 1,
          "location": null,
          "numPassingAsserts": 1,
          "retryReasons": [],
          "status": "passed",
          "title": "shows sign in prompt for unauthenticated users"
        },
        {
          "ancestorTitles": [
            "McqResultsPage"
          ],
          "duration": 88,
          "failureDetails": [],
          "failureMessages": [],
          "fullName": "McqResultsPage shows saved results when available",
          "invocations": 1,
          "location": null,
          "numPassingAsserts": 2,
          "retryReasons": [],
          "status": "passed",
          "title": "shows saved results when available"
        },
        {
          "ancestorTitles": [
            "McqResultsPage"
          ],
          "duration": 159,
          "failureDetails": [],
          "failureMessages": [],
          "fullName": "McqResultsPage shows temporary results with save button after quiz completion",
          "invocations": 1,
          "location": null,
          "numPassingAsserts": 3,
          "retryReasons": [],
          "status": "passed",
          "title": "shows temporary results with save button after quiz completion"
        },
        {
          "ancestorTitles": [
            "McqResultsPage"
          ],
          "duration": 25,
          "failureDetails": [],
          "failureMessages": [],
          "fullName": "McqResultsPage shows error message when results loading fails",
          "invocations": 1,
          "location": null,
          "numPassingAsserts": 1,
          "retryReasons": [],
          "status": "passed",
          "title": "shows error message when results loading fails"
        }
      ],
      "failureMessage": null
    },
    {
      "leaks": false,
      "numFailingTests": 0,
      "numPassingTests": 9,
      "numPendingTests": 0,
      "numTodoTests": 0,
      "openHandles": [],
      "perfStats": {
        "end": 1747835485845,
        "runtime": 10634,
        "slow": true,
        "start": 1747835475211
      },
      "skipped": false,
      "snapshot": {
        "added": 0,
        "fileDeleted": false,
        "matched": 0,
        "unchecked": 0,
        "uncheckedKeys": [],
        "unmatched": 0,
        "updated": 0
      },
      "testFilePath": "C:\\Work\\Projects\\ai-learning\\__tests__\\e2e\\code-quiz-flow.test.tsx",
      "testResults": [
        {
          "ancestorTitles": [
            "Code Quiz Flow End-to-End Test",
            "Authenticated User Flow"
          ],
          "duration": 299,
          "failureDetails": [],
          "failureMessages": [],
          "fullName": "Code Quiz Flow End-to-End Test Authenticated User Flow should allow user to complete code quiz and see results",
          "invocations": 1,
          "location": null,
          "numPassingAsserts": 6,
          "retryReasons": [],
          "status": "passed",
          "title": "should allow user to complete code quiz and see results"
        },
        {
          "ancestorTitles": [
            "Code Quiz Flow End-to-End Test",
            "Authenticated User Flow"
          ],
          "duration": 33,
          "failureDetails": [],
          "failureMessages": [],
          "fullName": "Code Quiz Flow End-to-End Test Authenticated User Flow should track code submissions for each question",
          "invocations": 1,
          "location": null,
          "numPassingAsserts": 1,
          "retryReasons": [],
          "status": "passed",
          "title": "should track code submissions for each question"
        },
        {
          "ancestorTitles": [
            "Code Quiz Flow End-to-End Test",
            "Authenticated User Flow"
          ],
          "duration": 52,
          "failureDetails": [],
          "failureMessages": [],
          "fullName": "Code Quiz Flow End-to-End Test Authenticated User Flow should handle quiz reset when requested",
          "invocations": 1,
          "location": null,
          "numPassingAsserts": 1,
          "retryReasons": [],
          "status": "passed",
          "title": "should handle quiz reset when requested"
        },
        {
          "ancestorTitles": [
            "Code Quiz Flow End-to-End Test",
            "Unauthenticated User Flow"
          ],
          "duration": 23,
          "failureDetails": [],
          "failureMessages": [],
          "fullName": "Code Quiz Flow End-to-End Test Unauthenticated User Flow should allow unauthenticated users to take the quiz",
          "invocations": 1,
          "location": null,
          "numPassingAsserts": 2,
          "retryReasons": [],
          "status": "passed",
          "title": "should allow unauthenticated users to take the quiz"
        },
        {
          "ancestorTitles": [
            "Code Quiz Flow End-to-End Test",
            "Unauthenticated User Flow"
          ],
          "duration": 13,
          "failureDetails": [],
          "failureMessages": [],
          "fullName": "Code Quiz Flow End-to-End Test Unauthenticated User Flow should prompt for authentication when saving results",
          "invocations": 1,
          "location": null,
          "numPassingAsserts": 2,
          "retryReasons": [],
          "status": "passed",
          "title": "should prompt for authentication when saving results"
        },
        {
          "ancestorTitles": [
            "Code Quiz Flow End-to-End Test",
            "Error Handling"
          ],
          "duration": 33,
          "failureDetails": [],
          "failureMessages": [],
          "fullName": "Code Quiz Flow End-to-End Test Error Handling should handle quiz data loading errors",
          "invocations": 1,
          "location": null,
          "numPassingAsserts": 4,
          "retryReasons": [],
          "status": "passed",
          "title": "should handle quiz data loading errors"
        },
        {
          "ancestorTitles": [
            "Code Quiz Flow End-to-End Test",
            "Error Handling"
          ],
          "duration": 13,
          "failureDetails": [],
          "failureMessages": [],
          "fullName": "Code Quiz Flow End-to-End Test Error Handling should handle invalid quiz data with missing questions",
          "invocations": 1,
          "location": null,
          "numPassingAsserts": 2,
          "retryReasons": [],
          "status": "passed",
          "title": "should handle invalid quiz data with missing questions"
        },
        {
          "ancestorTitles": [
            "Code Quiz Flow End-to-End Test",
            "UI and Interaction"
          ],
          "duration": 17,
          "failureDetails": [],
          "failureMessages": [],
          "fullName": "Code Quiz Flow End-to-End Test UI and Interaction should display code editor with initial code",
          "invocations": 1,
          "location": null,
          "numPassingAsserts": 4,
          "retryReasons": [],
          "status": "passed",
          "title": "should display code editor with initial code"
        },
        {
          "ancestorTitles": [
            "Code Quiz Flow End-to-End Test",
            "UI and Interaction"
          ],
          "duration": 20,
          "failureDetails": [],
          "failureMessages": [],
          "fullName": "Code Quiz Flow End-to-End Test UI and Interaction should allow code typing and submission",
          "invocations": 1,
          "location": null,
          "numPassingAsserts": 1,
          "retryReasons": [],
          "status": "passed",
          "title": "should allow code typing and submission"
        }
      ],
      "failureMessage": null
    },
    {
      "leaks": false,
      "numFailingTests": 0,
      "numPassingTests": 4,
      "numPendingTests": 0,
      "numTodoTests": 0,
      "openHandles": [],
      "perfStats": {
        "end": 1747835486426,
        "runtime": 11488,
        "slow": true,
        "start": 1747835474938
      },
      "skipped": false,
      "snapshot": {
        "added": 0,
        "fileDeleted": false,
        "matched": 0,
        "unchecked": 0,
        "uncheckedKeys": [],
        "unmatched": 0,
        "updated": 0
      },
      "testFilePath": "C:\\Work\\Projects\\ai-learning\\app\\dashboard\\(quiz)\\mcq\\[slug]\\mcq-quiz-wrapper.test.tsx",
      "testResults": [
        {
          "ancestorTitles": [
            "McqQuizWrapper"
          ],
          "duration": 582,
          "failureDetails": [],
          "failureMessages": [],
          "fullName": "McqQuizWrapper renders the current question",
          "invocations": 1,
          "location": null,
          "numPassingAsserts": 1,
          "retryReasons": [],
          "status": "passed",
          "title": "renders the current question"
        },
        {
          "ancestorTitles": [
            "McqQuizWrapper"
          ],
          "duration": 48,
          "failureDetails": [],
          "failureMessages": [],
          "fullName": "McqQuizWrapper moves to the next question when answering",
          "invocations": 1,
          "location": null,
          "numPassingAsserts": 1,
          "retryReasons": [],
          "status": "passed",
          "title": "moves to the next question when answering"
        },
        {
          "ancestorTitles": [
            "McqQuizWrapper"
          ],
          "duration": 661,
          "failureDetails": [],
          "failureMessages": [],
          "fullName": "McqQuizWrapper completes the quiz on last question and navigates to results",
          "invocations": 1,
          "location": null,
          "numPassingAsserts": 3,
          "retryReasons": [],
          "status": "passed",
          "title": "completes the quiz on last question and navigates to results"
        },
        {
          "ancestorTitles": [
            "McqQuizWrapper"
          ],
          "duration": 27,
          "failureDetails": [],
          "failureMessages": [],
          "fullName": "McqQuizWrapper handles quiz with no questions properly",
          "invocations": 1,
          "location": null,
          "numPassingAsserts": 1,
          "retryReasons": [],
          "status": "passed",
          "title": "handles quiz with no questions properly"
        }
      ],
      "failureMessage": null
    },
    {
      "leaks": false,
      "numFailingTests": 0,
      "numPassingTests": 10,
      "numPendingTests": 0,
      "numTodoTests": 0,
      "openHandles": [],
      "perfStats": {
        "end": 1747835486598,
        "runtime": 11419,
        "slow": true,
        "start": 1747835475179
      },
      "skipped": false,
      "snapshot": {
        "added": 0,
        "fileDeleted": false,
        "matched": 0,
        "unchecked": 0,
        "uncheckedKeys": [],
        "unmatched": 0,
        "updated": 0
      },
      "testFilePath": "C:\\Work\\Projects\\ai-learning\\app\\dashboard\\(quiz)\\mcq\\components\\mcq-quiz.test.tsx",
      "testResults": [
        {
          "ancestorTitles": [
            "McqQuiz Component"
          ],
          "duration": 663,
          "failureDetails": [],
          "failureMessages": [],
          "fullName": "McqQuiz Component renders the question and options correctly",
          "invocations": 1,
          "location": null,
          "numPassingAsserts": 4,
          "retryReasons": [],
          "status": "passed",
          "title": "renders the question and options correctly"
        },
        {
          "ancestorTitles": [
            "McqQuiz Component"
          ],
          "duration": 75,
          "failureDetails": [],
          "failureMessages": [],
          "fullName": "McqQuiz Component allows selecting an option",
          "invocations": 1,
          "location": null,
          "numPassingAsserts": 1,
          "retryReasons": [],
          "status": "passed",
          "title": "allows selecting an option"
        },
        {
          "ancestorTitles": [
            "McqQuiz Component"
          ],
          "duration": 127,
          "failureDetails": [],
          "failureMessages": [],
          "fullName": "McqQuiz Component shows warning when trying to submit without selecting an option",
          "invocations": 1,
          "location": null,
          "numPassingAsserts": 4,
          "retryReasons": [],
          "status": "passed",
          "title": "shows warning when trying to submit without selecting an option"
        },
        {
          "ancestorTitles": [
            "McqQuiz Component"
          ],
          "duration": 46,
          "failureDetails": [],
          "failureMessages": [],
          "fullName": "McqQuiz Component handles correct answer submission",
          "invocations": 1,
          "location": null,
          "numPassingAsserts": 1,
          "retryReasons": [],
          "status": "passed",
          "title": "handles correct answer submission"
        },
        {
          "ancestorTitles": [
            "McqQuiz Component"
          ],
          "duration": 39,
          "failureDetails": [],
          "failureMessages": [],
          "fullName": "McqQuiz Component handles incorrect answer submission",
          "invocations": 1,
          "location": null,
          "numPassingAsserts": 1,
          "retryReasons": [],
          "status": "passed",
          "title": "handles incorrect answer submission"
        },
        {
          "ancestorTitles": [
            "McqQuiz Component"
          ],
          "duration": 45,
          "failureDetails": [],
          "failureMessages": [],
          "fullName": "McqQuiz Component shows submitting state when submitting an answer",
          "invocations": 1,
          "location": null,
          "numPassingAsserts": 2,
          "retryReasons": [],
          "status": "passed",
          "title": "shows submitting state when submitting an answer"
        },
        {
          "ancestorTitles": [
            "McqQuiz Component"
          ],
          "duration": 21,
          "failureDetails": [],
          "failureMessages": [],
          "fullName": "McqQuiz Component shows \"Submit Quiz\" when on last question",
          "invocations": 1,
          "location": null,
          "numPassingAsserts": 1,
          "retryReasons": [],
          "status": "passed",
          "title": "shows \"Submit Quiz\" when on last question"
        },
        {
          "ancestorTitles": [
            "McqQuiz Component"
          ],
          "duration": 40,
          "failureDetails": [],
          "failureMessages": [],
          "fullName": "McqQuiz Component shows \"Submitting Quiz...\" when submitting last question",
          "invocations": 1,
          "location": null,
          "numPassingAsserts": 1,
          "retryReasons": [],
          "status": "passed",
          "title": "shows \"Submitting Quiz...\" when submitting last question"
        },
        {
          "ancestorTitles": [
            "McqQuiz Component"
          ],
          "duration": 55,
          "failureDetails": [],
          "failureMessages": [],
          "fullName": "McqQuiz Component disables multi-submission for the same question",
          "invocations": 1,
          "location": null,
          "numPassingAsserts": 1,
          "retryReasons": [],
          "status": "passed",
          "title": "disables multi-submission for the same question"
        },
        {
          "ancestorTitles": [
            "McqQuiz Component"
          ],
          "duration": 68,
          "failureDetails": [],
          "failureMessages": [],
          "fullName": "McqQuiz Component resets state when question changes",
          "invocations": 1,
          "location": null,
          "numPassingAsserts": 3,
          "retryReasons": [],
          "status": "passed",
          "title": "resets state when question changes"
        }
      ],
      "failureMessage": null
    },
    {
      "leaks": false,
      "numFailingTests": 0,
      "numPassingTests": 6,
      "numPendingTests": 0,
      "numTodoTests": 0,
      "openHandles": [],
      "perfStats": {
        "end": 1747835487613,
        "runtime": 2928,
        "slow": false,
        "start": 1747835484685
      },
      "skipped": false,
      "snapshot": {
        "added": 0,
        "fileDeleted": false,
        "matched": 0,
        "unchecked": 0,
        "uncheckedKeys": [],
        "unmatched": 0,
        "updated": 0
      },
      "testFilePath": "C:\\Work\\Projects\\ai-learning\\__tests__\\api\\quizzes\\common\\slug\\complete\\route.test.ts",
      "testResults": [
        {
          "ancestorTitles": [
            "Quiz Complete API Route"
          ],
          "duration": 257,
          "failureDetails": [],
          "failureMessages": [],
          "fullName": "Quiz Complete API Route should handle MCQ quiz completion correctly",
          "invocations": 1,
          "location": null,
          "numPassingAsserts": 9,
          "retryReasons": [],
          "status": "passed",
          "title": "should handle MCQ quiz completion correctly"
        },
        {
          "ancestorTitles": [
            "Quiz Complete API Route"
          ],
          "duration": 21,
          "failureDetails": [],
          "failureMessages": [],
          "fullName": "Quiz Complete API Route should handle CODE quiz completion correctly",
          "invocations": 1,
          "location": null,
          "numPassingAsserts": 7,
          "retryReasons": [],
          "status": "passed",
          "title": "should handle CODE quiz completion correctly"
        },
        {
          "ancestorTitles": [
            "Quiz Complete API Route"
          ],
          "duration": 8,
          "failureDetails": [],
          "failureMessages": [],
          "fullName": "Quiz Complete API Route should validate required fields",
          "invocations": 1,
          "location": null,
          "numPassingAsserts": 4,
          "retryReasons": [],
          "status": "passed",
          "title": "should validate required fields"
        },
        {
          "ancestorTitles": [
            "Quiz Complete API Route"
          ],
          "duration": 8,
          "failureDetails": [],
          "failureMessages": [],
          "fullName": "Quiz Complete API Route should validate answer format",
          "invocations": 1,
          "location": null,
          "numPassingAsserts": 3,
          "retryReasons": [],
          "status": "passed",
          "title": "should validate answer format"
        },
        {
          "ancestorTitles": [
            "Quiz Complete API Route"
          ],
          "duration": 7,
          "failureDetails": [],
          "failureMessages": [],
          "fullName": "Quiz Complete API Route should handle case where quiz is not found",
          "invocations": 1,
          "location": null,
          "numPassingAsserts": 3,
          "retryReasons": [],
          "status": "passed",
          "title": "should handle case where quiz is not found"
        },
        {
          "ancestorTitles": [
            "Quiz Complete API Route"
          ],
          "duration": 4,
          "failureDetails": [],
          "failureMessages": [],
          "fullName": "Quiz Complete API Route should require authentication",
          "invocations": 1,
          "location": null,
          "numPassingAsserts": 3,
          "retryReasons": [],
          "status": "passed",
          "title": "should require authentication"
        }
      ],
      "failureMessage": null
    },
    {
      "leaks": false,
      "numFailingTests": 0,
      "numPassingTests": 10,
      "numPendingTests": 0,
      "numTodoTests": 0,
      "openHandles": [],
      "perfStats": {
        "end": 1747835487485,
        "runtime": 11144,
        "slow": true,
        "start": 1747835476341
      },
      "skipped": false,
      "snapshot": {
        "added": 0,
        "fileDeleted": false,
        "matched": 0,
        "unchecked": 0,
        "uncheckedKeys": [],
        "unmatched": 0,
        "updated": 0
      },
      "testFilePath": "C:\\Work\\Projects\\ai-learning\\__tests__\\hooks\\useAuth.test.tsx",
      "testResults": [
        {
          "ancestorTitles": [
            "useAuth hook"
          ],
          "duration": 70,
          "failureDetails": [],
          "failureMessages": [],
          "fullName": "useAuth hook should return authenticated status when session exists",
          "invocations": 1,
          "location": null,
          "numPassingAsserts": 2,
          "retryReasons": [],
          "status": "passed",
          "title": "should return authenticated status when session exists"
        },
        {
          "ancestorTitles": [
            "useAuth hook"
          ],
          "duration": 9,
          "failureDetails": [],
          "failureMessages": [],
          "fullName": "useAuth hook should return unauthenticated status when session is missing",
          "invocations": 1,
          "location": null,
          "numPassingAsserts": 1,
          "retryReasons": [],
          "status": "passed",
          "title": "should return unauthenticated status when session is missing"
        },
        {
          "ancestorTitles": [
            "useAuth hook"
          ],
          "duration": 11,
          "failureDetails": [],
          "failureMessages": [],
          "fullName": "useAuth hook should detect fromAuth parameter in URL",
          "invocations": 1,
          "location": null,
          "numPassingAsserts": 1,
          "retryReasons": [],
          "status": "passed",
          "title": "should detect fromAuth parameter in URL"
        },
        {
          "ancestorTitles": [
            "useAuth hook"
          ],
          "duration": 7,
          "failureDetails": [],
          "failureMessages": [],
          "fullName": "useAuth hook should not detect fromAuth when parameter is missing",
          "invocations": 1,
          "location": null,
          "numPassingAsserts": 1,
          "retryReasons": [],
          "status": "passed",
          "title": "should not detect fromAuth when parameter is missing"
        },
        {
          "ancestorTitles": [
            "useAuth hook"
          ],
          "duration": 24,
          "failureDetails": [],
          "failureMessages": [],
          "fullName": "useAuth hook should call signIn when requireAuth is called and user is unauthenticated",
          "invocations": 1,
          "location": null,
          "numPassingAsserts": 1,
          "retryReasons": [],
          "status": "passed",
          "title": "should call signIn when requireAuth is called and user is unauthenticated"
        },
        {
          "ancestorTitles": [
            "useAuth hook"
          ],
          "duration": 8,
          "failureDetails": [],
          "failureMessages": [],
          "fullName": "useAuth hook should not call signIn when requireAuth is called but user is authenticated",
          "invocations": 1,
          "location": null,
          "numPassingAsserts": 1,
          "retryReasons": [],
          "status": "passed",
          "title": "should not call signIn when requireAuth is called but user is authenticated"
        },
        {
          "ancestorTitles": [
            "useAuth hook"
          ],
          "duration": 6,
          "failureDetails": [],
          "failureMessages": [],
          "fullName": "useAuth hook should parse redirect info from URL",
          "invocations": 1,
          "location": null,
          "numPassingAsserts": 1,
          "retryReasons": [],
          "status": "passed",
          "title": "should parse redirect info from URL"
        },
        {
          "ancestorTitles": [
            "useAuth hook"
          ],
          "duration": 8,
          "failureDetails": [],
          "failureMessages": [],
          "fullName": "useAuth hook should handle missing redirect info",
          "invocations": 1,
          "location": null,
          "numPassingAsserts": 1,
          "retryReasons": [],
          "status": "passed",
          "title": "should handle missing redirect info"
        },
        {
          "ancestorTitles": [
            "_createMockUseAuth"
          ],
          "duration": 4,
          "failureDetails": [],
          "failureMessages": [],
          "fullName": "_createMockUseAuth should create default mock",
          "invocations": 1,
          "location": null,
          "numPassingAsserts": 8,
          "retryReasons": [],
          "status": "passed",
          "title": "should create default mock"
        },
        {
          "ancestorTitles": [
            "_createMockUseAuth"
          ],
          "duration": 2,
          "failureDetails": [],
          "failureMessages": [],
          "fullName": "_createMockUseAuth should override defaults",
          "invocations": 1,
          "location": null,
          "numPassingAsserts": 3,
          "retryReasons": [],
          "status": "passed",
          "title": "should override defaults"
        }
      ],
      "failureMessage": null
    },
    {
      "leaks": false,
      "numFailingTests": 0,
      "numPassingTests": 6,
      "numPendingTests": 0,
      "numTodoTests": 0,
      "openHandles": [],
      "perfStats": {
        "end": 1747835487769,
        "runtime": 1802,
        "slow": false,
        "start": 1747835485967
      },
      "skipped": false,
      "snapshot": {
        "added": 0,
        "fileDeleted": false,
        "matched": 0,
        "unchecked": 0,
        "uncheckedKeys": [],
        "unmatched": 0,
        "updated": 0
      },
      "testFilePath": "C:\\Work\\Projects\\ai-learning\\__tests__\\utils\\quiz-submission-utils.test.ts",
      "testResults": [
        {
          "ancestorTitles": [
            "Quiz Submission Utilities",
            "prepareSubmissionPayload"
          ],
          "duration": 2,
          "failureDetails": [],
          "failureMessages": [],
          "fullName": "Quiz Submission Utilities prepareSubmissionPayload should prepare a valid MCQ payload with all required fields",
          "invocations": 1,
          "location": null,
          "numPassingAsserts": 1,
          "retryReasons": [],
          "status": "passed",
          "title": "should prepare a valid MCQ payload with all required fields"
        },
        {
          "ancestorTitles": [
            "Quiz Submission Utilities",
            "prepareSubmissionPayload"
          ],
          "duration": 1,
          "failureDetails": [],
          "failureMessages": [],
          "fullName": "Quiz Submission Utilities prepareSubmissionPayload should prepare a valid CODE payload with all required fields",
          "invocations": 1,
          "location": null,
          "numPassingAsserts": 1,
          "retryReasons": [],
          "status": "passed",
          "title": "should prepare a valid CODE payload with all required fields"
        },
        {
          "ancestorTitles": [
            "Quiz Submission Utilities",
            "prepareSubmissionPayload"
          ],
          "duration": 1,
          "failureDetails": [],
          "failureMessages": [],
          "fullName": "Quiz Submission Utilities prepareSubmissionPayload should handle missing isCorrect property gracefully",
          "invocations": 1,
          "location": null,
          "numPassingAsserts": 1,
          "retryReasons": [],
          "status": "passed",
          "title": "should handle missing isCorrect property gracefully"
        },
        {
          "ancestorTitles": [
            "Quiz Submission Utilities",
            "prepareSubmissionPayload"
          ],
          "duration": 2,
          "failureDetails": [],
          "failureMessages": [],
          "fullName": "Quiz Submission Utilities prepareSubmissionPayload should calculate score based on correct answers",
          "invocations": 1,
          "location": null,
          "numPassingAsserts": 3,
          "retryReasons": [],
          "status": "passed",
          "title": "should calculate score based on correct answers"
        },
        {
          "ancestorTitles": [
            "Quiz Submission Utilities",
            "validateQuizSubmission"
          ],
          "duration": 1,
          "failureDetails": [],
          "failureMessages": [],
          "fullName": "Quiz Submission Utilities validateQuizSubmission should validate a proper submission payload",
          "invocations": 1,
          "location": null,
          "numPassingAsserts": 1,
          "retryReasons": [],
          "status": "passed",
          "title": "should validate a proper submission payload"
        },
        {
          "ancestorTitles": [
            "Quiz Submission Utilities",
            "validateQuizSubmission"
          ],
          "duration": 10,
          "failureDetails": [],
          "failureMessages": [],
          "fullName": "Quiz Submission Utilities validateQuizSubmission should reject invalid submission payloads",
          "invocations": 1,
          "location": null,
          "numPassingAsserts": 3,
          "retryReasons": [],
          "status": "passed",
          "title": "should reject invalid submission payloads"
        }
      ],
      "failureMessage": null
    },
    {
      "leaks": false,
      "numFailingTests": 0,
      "numPassingTests": 2,
      "numPendingTests": 0,
      "numTodoTests": 0,
      "openHandles": [],
      "perfStats": {
        "end": 1747835487992,
        "runtime": 1352,
        "slow": false,
        "start": 1747835486640
      },
      "skipped": false,
      "snapshot": {
        "added": 0,
        "fileDeleted": false,
        "matched": 0,
        "unchecked": 0,
        "uncheckedKeys": [],
        "unmatched": 0,
        "updated": 0
      },
      "testFilePath": "C:\\Work\\Projects\\ai-learning\\__tests__\\utils\\QuizHelpers.test.tsx",
      "testResults": [
        {
          "ancestorTitles": [
            "QuizHelpers",
            "createResultsPreview"
          ],
          "duration": 5,
          "failureDetails": [],
          "failureMessages": [],
          "fullName": "QuizHelpers createResultsPreview calculates scores correctly",
          "invocations": 1,
          "location": null,
          "numPassingAsserts": 6,
          "retryReasons": [],
          "status": "passed",
          "title": "calculates scores correctly"
        },
        {
          "ancestorTitles": [
            "QuizHelpers",
            "prepareSubmissionPayload"
          ],
          "duration": 4,
          "failureDetails": [],
          "failureMessages": [],
          "fullName": "QuizHelpers prepareSubmissionPayload formats answers correctly",
          "invocations": 1,
          "location": null,
          "numPassingAsserts": 6,
          "retryReasons": [],
          "status": "passed",
          "title": "formats answers correctly"
        }
      ],
      "failureMessage": null
    },
    {
      "leaks": false,
      "numFailingTests": 0,
      "numPassingTests": 1,
      "numPendingTests": 0,
      "numTodoTests": 0,
      "openHandles": [],
      "perfStats": {
        "end": 1747835488182,
        "runtime": 1288,
        "slow": false,
        "start": 1747835486894
      },
      "skipped": false,
      "snapshot": {
        "added": 0,
        "fileDeleted": false,
        "matched": 0,
        "unchecked": 0,
        "uncheckedKeys": [],
        "unmatched": 0,
        "updated": 0
      },
      "testFilePath": "C:\\Work\\Projects\\ai-learning\\__tests__\\api\\quiz\\quizRoutes.test.ts",
      "testResults": [
        {
          "ancestorTitles": [
            "Quiz API Routes"
          ],
          "duration": 1,
          "failureDetails": [],
          "failureMessages": [],
          "fullName": "Quiz API Routes should be set up for testing",
          "invocations": 1,
          "location": null,
          "numPassingAsserts": 1,
          "retryReasons": [],
          "status": "passed",
          "title": "should be set up for testing"
        }
      ],
      "failureMessage": null
    },
    {
      "leaks": false,
      "numFailingTests": 0,
      "numPassingTests": 1,
      "numPendingTests": 0,
      "numTodoTests": 0,
      "openHandles": [],
      "perfStats": {
        "end": 1747835488426,
        "runtime": 4577,
        "slow": false,
        "start": 1747835483849
      },
      "skipped": false,
      "snapshot": {
        "added": 0,
        "fileDeleted": false,
        "matched": 0,
        "unchecked": 0,
        "uncheckedKeys": [],
        "unmatched": 0,
        "updated": 0
      },
      "testFilePath": "C:\\Work\\Projects\\ai-learning\\__tests__\\mocks\\mockAnimationProvider.test.tsx",
      "testResults": [
        {
          "ancestorTitles": [
            "Animation Provider Mock"
          ],
          "duration": 43,
          "failureDetails": [],
          "failureMessages": [],
          "fullName": "Animation Provider Mock should provide animation context with animations disabled by default",
          "invocations": 1,
          "location": null,
          "numPassingAsserts": 1,
          "retryReasons": [],
          "status": "passed",
          "title": "should provide animation context with animations disabled by default"
        }
      ],
      "failureMessage": null
    },
    {
      "leaks": false,
      "numFailingTests": 0,
      "numPassingTests": 9,
      "numPendingTests": 1,
      "numTodoTests": 0,
      "openHandles": [],
      "perfStats": {
        "end": 1747835488782,
        "runtime": 13047,
        "slow": true,
        "start": 1747835475735
      },
      "skipped": false,
      "snapshot": {
        "added": 0,
        "fileDeleted": false,
        "matched": 0,
        "unchecked": 0,
        "uncheckedKeys": [],
        "unmatched": 0,
        "updated": 0
      },
      "testFilePath": "C:\\Work\\Projects\\ai-learning\\__tests__\\e2e\\blanks-quiz-flow.test.tsx",
      "testResults": [
        {
          "ancestorTitles": [
            "Blanks Quiz Flow End-to-End Test",
            "Authenticated User Flow"
          ],
          "duration": 791,
          "failureDetails": [],
          "failureMessages": [],
          "fullName": "Blanks Quiz Flow End-to-End Test Authenticated User Flow should allow user to complete blanks quiz and see immediate results",
          "invocations": 1,
          "location": null,
          "numPassingAsserts": 7,
          "retryReasons": [],
          "status": "passed",
          "title": "should allow user to complete blanks quiz and see immediate results"
        },
        {
          "ancestorTitles": [
            "Blanks Quiz Flow End-to-End Test",
            "Authenticated User Flow"
          ],
          "duration": 132,
          "failureDetails": [],
          "failureMessages": [],
          "fullName": "Blanks Quiz Flow End-to-End Test Authenticated User Flow should handle hint usage and track it in results",
          "invocations": 1,
          "location": null,
          "numPassingAsserts": 3,
          "retryReasons": [],
          "status": "passed",
          "title": "should handle hint usage and track it in results"
        },
        {
          "ancestorTitles": [
            "Blanks Quiz Flow End-to-End Test",
            "Authenticated User Flow"
          ],
          "duration": 31,
          "failureDetails": [],
          "failureMessages": [],
          "fullName": "Blanks Quiz Flow End-to-End Test Authenticated User Flow should properly reset quiz state",
          "invocations": 1,
          "location": null,
          "numPassingAsserts": 2,
          "retryReasons": [],
          "status": "passed",
          "title": "should properly reset quiz state"
        },
        {
          "ancestorTitles": [
            "Blanks Quiz Flow End-to-End Test",
            "Unauthenticated User Flow"
          ],
          "duration": 222,
          "failureDetails": [],
          "failureMessages": [],
          "fullName": "Blanks Quiz Flow End-to-End Test Unauthenticated User Flow should allow unauthenticated users to take the quiz",
          "invocations": 1,
          "location": null,
          "numPassingAsserts": 3,
          "retryReasons": [],
          "status": "passed",
          "title": "should allow unauthenticated users to take the quiz"
        },
        {
          "ancestorTitles": [
            "Blanks Quiz Flow End-to-End Test",
            "Unauthenticated User Flow"
          ],
          "duration": 13,
          "failureDetails": [],
          "failureMessages": [],
          "fullName": "Blanks Quiz Flow End-to-End Test Unauthenticated User Flow should show sign-in prompt on results page for unauthenticated users",
          "invocations": 1,
          "location": null,
          "numPassingAsserts": 1,
          "retryReasons": [],
          "status": "passed",
          "title": "should show sign-in prompt on results page for unauthenticated users"
        },
        {
          "ancestorTitles": [
            "Blanks Quiz Flow End-to-End Test",
            "Unauthenticated User Flow"
          ],
          "duration": 129,
          "failureDetails": [],
          "failureMessages": [],
          "fullName": "Blanks Quiz Flow End-to-End Test Unauthenticated User Flow should save answer with correct/incorrect status",
          "invocations": 1,
          "location": null,
          "numPassingAsserts": 6,
          "retryReasons": [],
          "status": "passed",
          "title": "should save answer with correct/incorrect status"
        },
        {
          "ancestorTitles": [
            "Blanks Quiz Flow End-to-End Test",
            "Error Handling"
          ],
          "duration": 12,
          "failureDetails": [],
          "failureMessages": [],
          "fullName": "Blanks Quiz Flow End-to-End Test Error Handling should handle quiz data loading errors",
          "invocations": 1,
          "location": null,
          "numPassingAsserts": 1,
          "retryReasons": [],
          "status": "passed",
          "title": "should handle quiz data loading errors"
        },
        {
          "ancestorTitles": [
            "Blanks Quiz Flow End-to-End Test",
            "Error Handling"
          ],
          "duration": 63,
          "failureDetails": [],
          "failureMessages": [],
          "fullName": "Blanks Quiz Flow End-to-End Test Error Handling should handle edge cases like empty questions array",
          "invocations": 1,
          "location": null,
          "numPassingAsserts": 1,
          "retryReasons": [],
          "status": "passed",
          "title": "should handle edge cases like empty questions array"
        },
        {
          "ancestorTitles": [
            "Blanks Quiz Flow End-to-End Test",
            "UI Features"
          ],
          "duration": 110,
          "failureDetails": [],
          "failureMessages": [],
          "fullName": "Blanks Quiz Flow End-to-End Test UI Features should show correct question number indicator",
          "invocations": 1,
          "location": null,
          "numPassingAsserts": 3,
          "retryReasons": [],
          "status": "passed",
          "title": "should show correct question number indicator"
        },
        {
          "ancestorTitles": [
            "Blanks Quiz Flow End-to-End Test",
            "UI Features"
          ],
          "duration": null,
          "failureDetails": [],
          "failureMessages": [],
          "fullName": "Blanks Quiz Flow End-to-End Test UI Features should change submit button text on last question",
          "invocations": 1,
          "location": null,
          "numPassingAsserts": 0,
          "retryReasons": [],
          "status": "pending",
          "title": "should change submit button text on last question"
        }
      ],
      "failureMessage": null
    },
    {
      "leaks": false,
      "numFailingTests": 0,
      "numPassingTests": 7,
      "numPendingTests": 0,
      "numTodoTests": 0,
      "openHandles": [],
      "perfStats": {
        "end": 1747835490999,
        "runtime": 16019,
        "slow": true,
        "start": 1747835474980
      },
      "skipped": false,
      "snapshot": {
        "added": 0,
        "fileDeleted": false,
        "matched": 0,
        "unchecked": 0,
        "uncheckedKeys": [],
        "unmatched": 0,
        "updated": 0
      },
      "testFilePath": "C:\\Work\\Projects\\ai-learning\\__tests__\\e2e\\openended-quiz-flow.test.tsx",
      "testResults": [
        {
          "ancestorTitles": [
            "OpenEnded Quiz Flow End-to-End Test",
            "Authenticated User Flow"
          ],
          "duration": 1501,
          "failureDetails": [],
          "failureMessages": [],
          "fullName": "OpenEnded Quiz Flow End-to-End Test Authenticated User Flow should allow user to complete quiz and see immediate results",
          "invocations": 1,
          "location": null,
          "numPassingAsserts": 8,
          "retryReasons": [],
          "status": "passed",
          "title": "should allow user to complete quiz and see immediate results"
        },
        {
          "ancestorTitles": [
            "OpenEnded Quiz Flow End-to-End Test",
            "Authenticated User Flow"
          ],
          "duration": 560,
          "failureDetails": [],
          "failureMessages": [],
          "fullName": "OpenEnded Quiz Flow End-to-End Test Authenticated User Flow should handle quiz with empty answers",
          "invocations": 1,
          "location": null,
          "numPassingAsserts": 2,
          "retryReasons": [],
          "status": "passed",
          "title": "should handle quiz with empty answers"
        },
        {
          "ancestorTitles": [
            "OpenEnded Quiz Flow End-to-End Test",
            "Authenticated User Flow"
          ],
          "duration": 564,
          "failureDetails": [],
          "failureMessages": [],
          "fullName": "OpenEnded Quiz Flow End-to-End Test Authenticated User Flow should properly reset quiz state",
          "invocations": 1,
          "location": null,
          "numPassingAsserts": 2,
          "retryReasons": [],
          "status": "passed",
          "title": "should properly reset quiz state"
        },
        {
          "ancestorTitles": [
            "OpenEnded Quiz Flow End-to-End Test",
            "Unauthenticated User Flow"
          ],
          "duration": 877,
          "failureDetails": [],
          "failureMessages": [],
          "fullName": "OpenEnded Quiz Flow End-to-End Test Unauthenticated User Flow should allow unauthenticated users to take the quiz",
          "invocations": 1,
          "location": null,
          "numPassingAsserts": 2,
          "retryReasons": [],
          "status": "passed",
          "title": "should allow unauthenticated users to take the quiz"
        },
        {
          "ancestorTitles": [
            "OpenEnded Quiz Flow End-to-End Test",
            "Unauthenticated User Flow"
          ],
          "duration": 5,
          "failureDetails": [],
          "failureMessages": [],
          "fullName": "OpenEnded Quiz Flow End-to-End Test Unauthenticated User Flow should show sign-in prompt on results page for unauthenticated users",
          "invocations": 1,
          "location": null,
          "numPassingAsserts": 1,
          "retryReasons": [],
          "status": "passed",
          "title": "should show sign-in prompt on results page for unauthenticated users"
        },
        {
          "ancestorTitles": [
            "OpenEnded Quiz Flow End-to-End Test",
            "Error Handling"
          ],
          "duration": 3,
          "failureDetails": [],
          "failureMessages": [],
          "fullName": "OpenEnded Quiz Flow End-to-End Test Error Handling should handle quiz data loading errors",
          "invocations": 1,
          "location": null,
          "numPassingAsserts": 1,
          "retryReasons": [],
          "status": "passed",
          "title": "should handle quiz data loading errors"
        },
        {
          "ancestorTitles": [
            "OpenEnded Quiz Flow End-to-End Test",
            "Error Handling"
          ],
          "duration": 559,
          "failureDetails": [],
          "failureMessages": [],
          "fullName": "OpenEnded Quiz Flow End-to-End Test Error Handling should handle network errors during quiz submission",
          "invocations": 1,
          "location": null,
          "numPassingAsserts": 2,
          "retryReasons": [],
          "status": "passed",
          "title": "should handle network errors during quiz submission"
        }
      ],
      "failureMessage": null
    }
  ],
  "wasInterrupted": false
}