{
  "numFailedTestSuites": 11,
  "numFailedTests": 10,
  "numPassedTestSuites": 8,
  "numPassedTests": 92,
  "numPendingTestSuites": 0,
  "numPendingTests": 0,
  "numRuntimeErrorTestSuites": 6,
  "numTodoTests": 0,
  "numTotalTestSuites": 19,
  "numTotalTests": 102,
  "openHandles": [],
  "snapshot": {
    "added": 0,
    "didUpdate": false,
    "failure": false,
    "filesAdded": 0,
    "filesRemoved": 0,
    "filesRemovedList": [],
    "filesUnmatched": 0,
    "filesUpdated": 0,
    "matched": 0,
    "total": 0,
    "unchecked": 0,
    "uncheckedKeysByFile": [],
    "unmatched": 0,
    "updated": 0
  },
  "startTime": 1747560307817,
  "success": false,
  "testResults": [
    {
      "leaks": false,
      "numFailingTests": 4,
      "numPassingTests": 2,
      "numPendingTests": 0,
      "numTodoTests": 0,
      "openHandles": [],
      "perfStats": {
        "end": 1747560343682,
        "runtime": 8098,
        "slow": true,
        "start": 1747560335584
      },
      "skipped": false,
      "snapshot": {
        "added": 0,
        "fileDeleted": false,
        "matched": 0,
        "unchecked": 0,
        "uncheckedKeys": [],
        "unmatched": 0,
        "updated": 0
      },
      "testFilePath": "C:\\Work\\Projects\\ai-learning\\__tests__\\utils\\quiz-submission-utils.test.ts",
      "testResults": [
        {
          "ancestorTitles": [
            "Quiz Submission Utilities",
            "prepareSubmissionPayload"
          ],
          "duration": 128,
          "failureDetails": [
            {
              "matcherResult": {
                "message": "\u001b[2mexpect(\u001b[22m\u001b[31mreceived\u001b[39m\u001b[2m).\u001b[22mtoHaveProperty\u001b[2m(\u001b[22m\u001b[32mpath\u001b[39m\u001b[2m)\u001b[22m\n\nExpected path: \u001b[32m\"totalTime\"\u001b[39m\nReceived path: \u001b[31m[]\u001b[39m\n\nReceived value: \u001b[31m{\"answers\": [{\"answer\": \"Option A\", \"isCorrect\": true, \"questionId\": \"1\", \"timeSpent\": 300}, {\"answer\": \"Option B\", \"isCorrect\": false, \"questionId\": \"2\", \"timeSpent\": 300}], \"quizId\": \"123\", \"slug\": \"test-quiz\", \"timeTaken\": 600, \"type\": \"mcq\"}\u001b[39m",
                "pass": false
              }
            }
          ],
          "failureMessages": [
            "Error: \u001b[2mexpect(\u001b[22m\u001b[31mreceived\u001b[39m\u001b[2m).\u001b[22mtoHaveProperty\u001b[2m(\u001b[22m\u001b[32mpath\u001b[39m\u001b[2m)\u001b[22m\n\nExpected path: \u001b[32m\"totalTime\"\u001b[39m\nReceived path: \u001b[31m[]\u001b[39m\n\nReceived value: \u001b[31m{\"answers\": [{\"answer\": \"Option A\", \"isCorrect\": true, \"questionId\": \"1\", \"timeSpent\": 300}, {\"answer\": \"Option B\", \"isCorrect\": false, \"questionId\": \"2\", \"timeSpent\": 300}], \"quizId\": \"123\", \"slug\": \"test-quiz\", \"timeTaken\": 600, \"type\": \"mcq\"}\u001b[39m\n    at Object.toHaveProperty (C:\\Work\\Projects\\ai-learning\\__tests__\\utils\\quiz-submission-utils.test.ts:23:23)\n    at Promise.then.completed (C:\\Work\\Projects\\ai-learning\\node_modules\\jest-circus\\build\\utils.js:298:28)\n    at new Promise (<anonymous>)\n    at callAsyncCircusFn (C:\\Work\\Projects\\ai-learning\\node_modules\\jest-circus\\build\\utils.js:231:10)\n    at _callCircusTest (C:\\Work\\Projects\\ai-learning\\node_modules\\jest-circus\\build\\run.js:316:40)\n    at processTicksAndRejections (node:internal/process/task_queues:105:5)\n    at _runTest (C:\\Work\\Projects\\ai-learning\\node_modules\\jest-circus\\build\\run.js:252:3)\n    at _runTestsForDescribeBlock (C:\\Work\\Projects\\ai-learning\\node_modules\\jest-circus\\build\\run.js:126:9)\n    at _runTestsForDescribeBlock (C:\\Work\\Projects\\ai-learning\\node_modules\\jest-circus\\build\\run.js:121:9)\n    at _runTestsForDescribeBlock (C:\\Work\\Projects\\ai-learning\\node_modules\\jest-circus\\build\\run.js:121:9)\n    at run (C:\\Work\\Projects\\ai-learning\\node_modules\\jest-circus\\build\\run.js:71:3)\n    at runAndTransformResultsToJestFormat (C:\\Work\\Projects\\ai-learning\\node_modules\\jest-circus\\build\\legacy-code-todo-rewrite\\jestAdapterInit.js:122:21)\n    at jestAdapter (C:\\Work\\Projects\\ai-learning\\node_modules\\jest-circus\\build\\legacy-code-todo-rewrite\\jestAdapter.js:79:19)\n    at runTestInternal (C:\\Work\\Projects\\ai-learning\\node_modules\\jest-runner\\build\\runTest.js:367:16)\n    at runTest (C:\\Work\\Projects\\ai-learning\\node_modules\\jest-runner\\build\\runTest.js:444:34)\n    at Object.worker (C:\\Work\\Projects\\ai-learning\\node_modules\\jest-runner\\build\\testWorker.js:106:12)"
          ],
          "fullName": "Quiz Submission Utilities prepareSubmissionPayload should prepare a valid MCQ payload with all required fields",
          "invocations": 1,
          "location": null,
          "numPassingAsserts": 1,
          "retryReasons": [],
          "status": "failed",
          "title": "should prepare a valid MCQ payload with all required fields"
        },
        {
          "ancestorTitles": [
            "Quiz Submission Utilities",
            "prepareSubmissionPayload"
          ],
          "duration": 4,
          "failureDetails": [
            {
              "matcherResult": {
                "message": "\u001b[2mexpect(\u001b[22m\u001b[31mreceived\u001b[39m\u001b[2m).\u001b[22mtoHaveProperty\u001b[2m(\u001b[22m\u001b[32mpath\u001b[39m\u001b[2m, \u001b[22m\u001b[32mvalue\u001b[39m\u001b[2m)\u001b[22m\n\nExpected path: \u001b[32m\"totalTime\"\u001b[39m\nReceived path: \u001b[31m[]\u001b[39m\n\nExpected value: \u001b[32m300\u001b[39m\nReceived value: \u001b[31m{\"answers\": [{\"answer\": \"console.log('test');\", \"isCorrect\": true, \"questionId\": \"1\", \"timeSpent\": 150}, {\"answer\": \"return true;\", \"isCorrect\": false, \"questionId\": \"2\", \"timeSpent\": 150}], \"quizId\": \"123\", \"slug\": \"test-quiz\", \"timeTaken\": 300, \"type\": \"code\"}\u001b[39m",
                "pass": false
              }
            }
          ],
          "failureMessages": [
            "Error: \u001b[2mexpect(\u001b[22m\u001b[31mreceived\u001b[39m\u001b[2m).\u001b[22mtoHaveProperty\u001b[2m(\u001b[22m\u001b[32mpath\u001b[39m\u001b[2m, \u001b[22m\u001b[32mvalue\u001b[39m\u001b[2m)\u001b[22m\n\nExpected path: \u001b[32m\"totalTime\"\u001b[39m\nReceived path: \u001b[31m[]\u001b[39m\n\nExpected value: \u001b[32m300\u001b[39m\nReceived value: \u001b[31m{\"answers\": [{\"answer\": \"console.log('test');\", \"isCorrect\": true, \"questionId\": \"1\", \"timeSpent\": 150}, {\"answer\": \"return true;\", \"isCorrect\": false, \"questionId\": \"2\", \"timeSpent\": 150}], \"quizId\": \"123\", \"slug\": \"test-quiz\", \"timeTaken\": 300, \"type\": \"code\"}\u001b[39m\n    at Object.toHaveProperty (C:\\Work\\Projects\\ai-learning\\__tests__\\utils\\quiz-submission-utils.test.ts:49:23)\n    at Promise.then.completed (C:\\Work\\Projects\\ai-learning\\node_modules\\jest-circus\\build\\utils.js:298:28)\n    at new Promise (<anonymous>)\n    at callAsyncCircusFn (C:\\Work\\Projects\\ai-learning\\node_modules\\jest-circus\\build\\utils.js:231:10)\n    at _callCircusTest (C:\\Work\\Projects\\ai-learning\\node_modules\\jest-circus\\build\\run.js:316:40)\n    at processTicksAndRejections (node:internal/process/task_queues:105:5)\n    at _runTest (C:\\Work\\Projects\\ai-learning\\node_modules\\jest-circus\\build\\run.js:252:3)\n    at _runTestsForDescribeBlock (C:\\Work\\Projects\\ai-learning\\node_modules\\jest-circus\\build\\run.js:126:9)\n    at _runTestsForDescribeBlock (C:\\Work\\Projects\\ai-learning\\node_modules\\jest-circus\\build\\run.js:121:9)\n    at _runTestsForDescribeBlock (C:\\Work\\Projects\\ai-learning\\node_modules\\jest-circus\\build\\run.js:121:9)\n    at run (C:\\Work\\Projects\\ai-learning\\node_modules\\jest-circus\\build\\run.js:71:3)\n    at runAndTransformResultsToJestFormat (C:\\Work\\Projects\\ai-learning\\node_modules\\jest-circus\\build\\legacy-code-todo-rewrite\\jestAdapterInit.js:122:21)\n    at jestAdapter (C:\\Work\\Projects\\ai-learning\\node_modules\\jest-circus\\build\\legacy-code-todo-rewrite\\jestAdapter.js:79:19)\n    at runTestInternal (C:\\Work\\Projects\\ai-learning\\node_modules\\jest-runner\\build\\runTest.js:367:16)\n    at runTest (C:\\Work\\Projects\\ai-learning\\node_modules\\jest-runner\\build\\runTest.js:444:34)\n    at Object.worker (C:\\Work\\Projects\\ai-learning\\node_modules\\jest-runner\\build\\testWorker.js:106:12)"
          ],
          "fullName": "Quiz Submission Utilities prepareSubmissionPayload should prepare a valid CODE payload with all required fields",
          "invocations": 1,
          "location": null,
          "numPassingAsserts": 1,
          "retryReasons": [],
          "status": "failed",
          "title": "should prepare a valid CODE payload with all required fields"
        },
        {
          "ancestorTitles": [
            "Quiz Submission Utilities",
            "prepareSubmissionPayload"
          ],
          "duration": 3,
          "failureDetails": [
            {
              "matcherResult": {
                "expected": 0,
                "message": "\u001b[2mexpect(\u001b[22m\u001b[31mreceived\u001b[39m\u001b[2m).\u001b[22mtoBe\u001b[2m(\u001b[22m\u001b[32mexpected\u001b[39m\u001b[2m) // Object.is equality\u001b[22m\n\nExpected: \u001b[32m0\u001b[39m\nReceived: \u001b[31mundefined\u001b[39m",
                "name": "toBe",
                "pass": false
              }
            }
          ],
          "failureMessages": [
            "Error: \u001b[2mexpect(\u001b[22m\u001b[31mreceived\u001b[39m\u001b[2m).\u001b[22mtoBe\u001b[2m(\u001b[22m\u001b[32mexpected\u001b[39m\u001b[2m) // Object.is equality\u001b[22m\n\nExpected: \u001b[32m0\u001b[39m\nReceived: \u001b[31mundefined\u001b[39m\n    at Object.toBe (C:\\Work\\Projects\\ai-learning\\__tests__\\utils\\quiz-submission-utils.test.ts:73:29)\n    at Promise.then.completed (C:\\Work\\Projects\\ai-learning\\node_modules\\jest-circus\\build\\utils.js:298:28)\n    at new Promise (<anonymous>)\n    at callAsyncCircusFn (C:\\Work\\Projects\\ai-learning\\node_modules\\jest-circus\\build\\utils.js:231:10)\n    at _callCircusTest (C:\\Work\\Projects\\ai-learning\\node_modules\\jest-circus\\build\\run.js:316:40)\n    at processTicksAndRejections (node:internal/process/task_queues:105:5)\n    at _runTest (C:\\Work\\Projects\\ai-learning\\node_modules\\jest-circus\\build\\run.js:252:3)\n    at _runTestsForDescribeBlock (C:\\Work\\Projects\\ai-learning\\node_modules\\jest-circus\\build\\run.js:126:9)\n    at _runTestsForDescribeBlock (C:\\Work\\Projects\\ai-learning\\node_modules\\jest-circus\\build\\run.js:121:9)\n    at _runTestsForDescribeBlock (C:\\Work\\Projects\\ai-learning\\node_modules\\jest-circus\\build\\run.js:121:9)\n    at run (C:\\Work\\Projects\\ai-learning\\node_modules\\jest-circus\\build\\run.js:71:3)\n    at runAndTransformResultsToJestFormat (C:\\Work\\Projects\\ai-learning\\node_modules\\jest-circus\\build\\legacy-code-todo-rewrite\\jestAdapterInit.js:122:21)\n    at jestAdapter (C:\\Work\\Projects\\ai-learning\\node_modules\\jest-circus\\build\\legacy-code-todo-rewrite\\jestAdapter.js:79:19)\n    at runTestInternal (C:\\Work\\Projects\\ai-learning\\node_modules\\jest-runner\\build\\runTest.js:367:16)\n    at runTest (C:\\Work\\Projects\\ai-learning\\node_modules\\jest-runner\\build\\runTest.js:444:34)\n    at Object.worker (C:\\Work\\Projects\\ai-learning\\node_modules\\jest-runner\\build\\testWorker.js:106:12)"
          ],
          "fullName": "Quiz Submission Utilities prepareSubmissionPayload should handle missing isCorrect property gracefully",
          "invocations": 1,
          "location": null,
          "numPassingAsserts": 1,
          "retryReasons": [],
          "status": "failed",
          "title": "should handle missing isCorrect property gracefully"
        },
        {
          "ancestorTitles": [
            "Quiz Submission Utilities",
            "prepareSubmissionPayload"
          ],
          "duration": 1,
          "failureDetails": [
            {
              "matcherResult": {
                "expected": 2,
                "message": "\u001b[2mexpect(\u001b[22m\u001b[31mreceived\u001b[39m\u001b[2m).\u001b[22mtoBe\u001b[2m(\u001b[22m\u001b[32mexpected\u001b[39m\u001b[2m) // Object.is equality\u001b[22m\n\nExpected: \u001b[32m2\u001b[39m\nReceived: \u001b[31mundefined\u001b[39m",
                "name": "toBe",
                "pass": false
              }
            }
          ],
          "failureMessages": [
            "Error: \u001b[2mexpect(\u001b[22m\u001b[31mreceived\u001b[39m\u001b[2m).\u001b[22mtoBe\u001b[2m(\u001b[22m\u001b[32mexpected\u001b[39m\u001b[2m) // Object.is equality\u001b[22m\n\nExpected: \u001b[32m2\u001b[39m\nReceived: \u001b[31mundefined\u001b[39m\n    at Object.toBe (C:\\Work\\Projects\\ai-learning\\__tests__\\utils\\quiz-submission-utils.test.ts:92:29)\n    at Promise.then.completed (C:\\Work\\Projects\\ai-learning\\node_modules\\jest-circus\\build\\utils.js:298:28)\n    at new Promise (<anonymous>)\n    at callAsyncCircusFn (C:\\Work\\Projects\\ai-learning\\node_modules\\jest-circus\\build\\utils.js:231:10)\n    at _callCircusTest (C:\\Work\\Projects\\ai-learning\\node_modules\\jest-circus\\build\\run.js:316:40)\n    at processTicksAndRejections (node:internal/process/task_queues:105:5)\n    at _runTest (C:\\Work\\Projects\\ai-learning\\node_modules\\jest-circus\\build\\run.js:252:3)\n    at _runTestsForDescribeBlock (C:\\Work\\Projects\\ai-learning\\node_modules\\jest-circus\\build\\run.js:126:9)\n    at _runTestsForDescribeBlock (C:\\Work\\Projects\\ai-learning\\node_modules\\jest-circus\\build\\run.js:121:9)\n    at _runTestsForDescribeBlock (C:\\Work\\Projects\\ai-learning\\node_modules\\jest-circus\\build\\run.js:121:9)\n    at run (C:\\Work\\Projects\\ai-learning\\node_modules\\jest-circus\\build\\run.js:71:3)\n    at runAndTransformResultsToJestFormat (C:\\Work\\Projects\\ai-learning\\node_modules\\jest-circus\\build\\legacy-code-todo-rewrite\\jestAdapterInit.js:122:21)\n    at jestAdapter (C:\\Work\\Projects\\ai-learning\\node_modules\\jest-circus\\build\\legacy-code-todo-rewrite\\jestAdapter.js:79:19)\n    at runTestInternal (C:\\Work\\Projects\\ai-learning\\node_modules\\jest-runner\\build\\runTest.js:367:16)\n    at runTest (C:\\Work\\Projects\\ai-learning\\node_modules\\jest-runner\\build\\runTest.js:444:34)\n    at Object.worker (C:\\Work\\Projects\\ai-learning\\node_modules\\jest-runner\\build\\testWorker.js:106:12)"
          ],
          "fullName": "Quiz Submission Utilities prepareSubmissionPayload should calculate score based on correct answers",
          "invocations": 1,
          "location": null,
          "numPassingAsserts": 0,
          "retryReasons": [],
          "status": "failed",
          "title": "should calculate score based on correct answers"
        },
        {
          "ancestorTitles": [
            "Quiz Submission Utilities",
            "validateQuizSubmission"
          ],
          "duration": 2,
          "failureDetails": [],
          "failureMessages": [],
          "fullName": "Quiz Submission Utilities validateQuizSubmission should validate a proper submission payload",
          "invocations": 1,
          "location": null,
          "numPassingAsserts": 1,
          "retryReasons": [],
          "status": "passed",
          "title": "should validate a proper submission payload"
        },
        {
          "ancestorTitles": [
            "Quiz Submission Utilities",
            "validateQuizSubmission"
          ],
          "duration": 1,
          "failureDetails": [],
          "failureMessages": [],
          "fullName": "Quiz Submission Utilities validateQuizSubmission should reject invalid submission payloads",
          "invocations": 1,
          "location": null,
          "numPassingAsserts": 5,
          "retryReasons": [],
          "status": "passed",
          "title": "should reject invalid submission payloads"
        }
      ],
      "failureMessage": "\u001b[1m\u001b[31m  \u001b[1m● \u001b[22m\u001b[1mQuiz Submission Utilities › prepareSubmissionPayload › should prepare a valid MCQ payload with all required fields\u001b[39m\u001b[22m\n\n    \u001b[2mexpect(\u001b[22m\u001b[31mreceived\u001b[39m\u001b[2m).\u001b[22mtoHaveProperty\u001b[2m(\u001b[22m\u001b[32mpath\u001b[39m\u001b[2m)\u001b[22m\n\n    Expected path: \u001b[32m\"totalTime\"\u001b[39m\n    Received path: \u001b[31m[]\u001b[39m\n\n    Received value: \u001b[31m{\"answers\": [{\"answer\": \"Option A\", \"isCorrect\": true, \"questionId\": \"1\", \"timeSpent\": 300}, {\"answer\": \"Option B\", \"isCorrect\": false, \"questionId\": \"2\", \"timeSpent\": 300}], \"quizId\": \"123\", \"slug\": \"test-quiz\", \"timeTaken\": 600, \"type\": \"mcq\"}\u001b[39m\n\u001b[2m\u001b[22m\n\u001b[2m    \u001b[0m \u001b[90m 21 |\u001b[39m       \u001b[90m// Assert\u001b[39m\u001b[22m\n\u001b[2m     \u001b[90m 22 |\u001b[39m       expect(payload)\u001b[33m.\u001b[39mtoHaveProperty(\u001b[32m'quizId'\u001b[39m\u001b[33m,\u001b[39m \u001b[32m\"123\"\u001b[39m)\u001b[33m;\u001b[39m\u001b[22m\n\u001b[2m    \u001b[31m\u001b[1m>\u001b[22m\u001b[2m\u001b[39m\u001b[90m 23 |\u001b[39m       expect(payload)\u001b[33m.\u001b[39mtoHaveProperty(\u001b[32m'totalTime'\u001b[39m)\u001b[33m;\u001b[39m\u001b[22m\n\u001b[2m     \u001b[90m    |\u001b[39m                       \u001b[31m\u001b[1m^\u001b[22m\u001b[2m\u001b[39m\u001b[22m\n\u001b[2m     \u001b[90m 24 |\u001b[39m       expect(payload)\u001b[33m.\u001b[39mtoHaveProperty(\u001b[32m'score'\u001b[39m)\u001b[33m;\u001b[39m\u001b[22m\n\u001b[2m     \u001b[90m 25 |\u001b[39m       expect(payload)\u001b[33m.\u001b[39mtoHaveProperty(\u001b[32m'answers'\u001b[39m)\u001b[33m;\u001b[39m\u001b[22m\n\u001b[2m     \u001b[90m 26 |\u001b[39m       expect(payload\u001b[33m.\u001b[39manswers)\u001b[33m.\u001b[39mtoHaveLength(\u001b[35m2\u001b[39m)\u001b[33m;\u001b[39m\u001b[0m\u001b[22m\n\u001b[2m\u001b[22m\n\u001b[2m      \u001b[2mat Object.toHaveProperty (\u001b[22m\u001b[2m\u001b[0m\u001b[36m__tests__/utils/quiz-submission-utils.test.ts\u001b[39m\u001b[0m\u001b[2m:23:23)\u001b[22m\u001b[2m\u001b[22m\n\n\u001b[1m\u001b[31m  \u001b[1m● \u001b[22m\u001b[1mQuiz Submission Utilities › prepareSubmissionPayload › should prepare a valid CODE payload with all required fields\u001b[39m\u001b[22m\n\n    \u001b[2mexpect(\u001b[22m\u001b[31mreceived\u001b[39m\u001b[2m).\u001b[22mtoHaveProperty\u001b[2m(\u001b[22m\u001b[32mpath\u001b[39m\u001b[2m, \u001b[22m\u001b[32mvalue\u001b[39m\u001b[2m)\u001b[22m\n\n    Expected path: \u001b[32m\"totalTime\"\u001b[39m\n    Received path: \u001b[31m[]\u001b[39m\n\n    Expected value: \u001b[32m300\u001b[39m\n    Received value: \u001b[31m{\"answers\": [{\"answer\": \"console.log('test');\", \"isCorrect\": true, \"questionId\": \"1\", \"timeSpent\": 150}, {\"answer\": \"return true;\", \"isCorrect\": false, \"questionId\": \"2\", \"timeSpent\": 150}], \"quizId\": \"123\", \"slug\": \"test-quiz\", \"timeTaken\": 300, \"type\": \"code\"}\u001b[39m\n\u001b[2m\u001b[22m\n\u001b[2m    \u001b[0m \u001b[90m 47 |\u001b[39m       \u001b[90m// Assert\u001b[39m\u001b[22m\n\u001b[2m     \u001b[90m 48 |\u001b[39m       expect(payload)\u001b[33m.\u001b[39mtoHaveProperty(\u001b[32m'quizId'\u001b[39m\u001b[33m,\u001b[39m \u001b[32m\"123\"\u001b[39m)\u001b[33m;\u001b[39m\u001b[22m\n\u001b[2m    \u001b[31m\u001b[1m>\u001b[22m\u001b[2m\u001b[39m\u001b[90m 49 |\u001b[39m       expect(payload)\u001b[33m.\u001b[39mtoHaveProperty(\u001b[32m'totalTime'\u001b[39m\u001b[33m,\u001b[39m \u001b[35m300\u001b[39m)\u001b[33m;\u001b[39m\u001b[22m\n\u001b[2m     \u001b[90m    |\u001b[39m                       \u001b[31m\u001b[1m^\u001b[22m\u001b[2m\u001b[39m\u001b[22m\n\u001b[2m     \u001b[90m 50 |\u001b[39m       expect(payload)\u001b[33m.\u001b[39mtoHaveProperty(\u001b[32m'score'\u001b[39m\u001b[33m,\u001b[39m \u001b[35m1\u001b[39m)\u001b[33m;\u001b[39m\u001b[22m\n\u001b[2m     \u001b[90m 51 |\u001b[39m       expect(payload)\u001b[33m.\u001b[39mtoHaveProperty(\u001b[32m'answers'\u001b[39m)\u001b[33m;\u001b[39m\u001b[22m\n\u001b[2m     \u001b[90m 52 |\u001b[39m       expect(payload\u001b[33m.\u001b[39manswers)\u001b[33m.\u001b[39mtoHaveLength(\u001b[35m2\u001b[39m)\u001b[33m;\u001b[39m\u001b[0m\u001b[22m\n\u001b[2m\u001b[22m\n\u001b[2m      \u001b[2mat Object.toHaveProperty (\u001b[22m\u001b[2m\u001b[0m\u001b[36m__tests__/utils/quiz-submission-utils.test.ts\u001b[39m\u001b[0m\u001b[2m:49:23)\u001b[22m\u001b[2m\u001b[22m\n\n\u001b[1m\u001b[31m  \u001b[1m● \u001b[22m\u001b[1mQuiz Submission Utilities › prepareSubmissionPayload › should handle missing isCorrect property gracefully\u001b[39m\u001b[22m\n\n    \u001b[2mexpect(\u001b[22m\u001b[31mreceived\u001b[39m\u001b[2m).\u001b[22mtoBe\u001b[2m(\u001b[22m\u001b[32mexpected\u001b[39m\u001b[2m) // Object.is equality\u001b[22m\n\n    Expected: \u001b[32m0\u001b[39m\n    Received: \u001b[31mundefined\u001b[39m\n\u001b[2m\u001b[22m\n\u001b[2m    \u001b[0m \u001b[90m 71 |\u001b[39m       \u001b[90m// Assert\u001b[39m\u001b[22m\n\u001b[2m     \u001b[90m 72 |\u001b[39m       expect(payload\u001b[33m.\u001b[39manswers[\u001b[35m0\u001b[39m])\u001b[33m.\u001b[39mtoHaveProperty(\u001b[32m'isCorrect'\u001b[39m\u001b[33m,\u001b[39m \u001b[36mfalse\u001b[39m)\u001b[33m;\u001b[39m\u001b[22m\n\u001b[2m    \u001b[31m\u001b[1m>\u001b[22m\u001b[2m\u001b[39m\u001b[90m 73 |\u001b[39m       expect(payload\u001b[33m.\u001b[39mscore)\u001b[33m.\u001b[39mtoBe(\u001b[35m0\u001b[39m)\u001b[33m;\u001b[39m\u001b[22m\n\u001b[2m     \u001b[90m    |\u001b[39m                             \u001b[31m\u001b[1m^\u001b[22m\u001b[2m\u001b[39m\u001b[22m\n\u001b[2m     \u001b[90m 74 |\u001b[39m     })\u001b[33m;\u001b[39m\u001b[22m\n\u001b[2m     \u001b[90m 75 |\u001b[39m\u001b[22m\n\u001b[2m     \u001b[90m 76 |\u001b[39m     it(\u001b[32m'should calculate score based on correct answers'\u001b[39m\u001b[33m,\u001b[39m () \u001b[33m=>\u001b[39m {\u001b[0m\u001b[22m\n\u001b[2m\u001b[22m\n\u001b[2m      \u001b[2mat Object.toBe (\u001b[22m\u001b[2m\u001b[0m\u001b[36m__tests__/utils/quiz-submission-utils.test.ts\u001b[39m\u001b[0m\u001b[2m:73:29)\u001b[22m\u001b[2m\u001b[22m\n\n\u001b[1m\u001b[31m  \u001b[1m● \u001b[22m\u001b[1mQuiz Submission Utilities › prepareSubmissionPayload › should calculate score based on correct answers\u001b[39m\u001b[22m\n\n    \u001b[2mexpect(\u001b[22m\u001b[31mreceived\u001b[39m\u001b[2m).\u001b[22mtoBe\u001b[2m(\u001b[22m\u001b[32mexpected\u001b[39m\u001b[2m) // Object.is equality\u001b[22m\n\n    Expected: \u001b[32m2\u001b[39m\n    Received: \u001b[31mundefined\u001b[39m\n\u001b[2m\u001b[22m\n\u001b[2m    \u001b[0m \u001b[90m 90 |\u001b[39m       \u001b[22m\n\u001b[2m     \u001b[90m 91 |\u001b[39m       \u001b[90m// Assert\u001b[39m\u001b[22m\n\u001b[2m    \u001b[31m\u001b[1m>\u001b[22m\u001b[2m\u001b[39m\u001b[90m 92 |\u001b[39m       expect(payload\u001b[33m.\u001b[39mscore)\u001b[33m.\u001b[39mtoBe(\u001b[35m2\u001b[39m)\u001b[33m;\u001b[39m\u001b[22m\n\u001b[2m     \u001b[90m    |\u001b[39m                             \u001b[31m\u001b[1m^\u001b[22m\u001b[2m\u001b[39m\u001b[22m\n\u001b[2m     \u001b[90m 93 |\u001b[39m       expect(payload\u001b[33m.\u001b[39mcorrectAnswers)\u001b[33m.\u001b[39mtoBe(\u001b[35m2\u001b[39m)\u001b[33m;\u001b[39m\u001b[22m\n\u001b[2m     \u001b[90m 94 |\u001b[39m     })\u001b[33m;\u001b[39m\u001b[22m\n\u001b[2m     \u001b[90m 95 |\u001b[39m   })\u001b[33m;\u001b[39m\u001b[0m\u001b[22m\n\u001b[2m\u001b[22m\n\u001b[2m      \u001b[2mat Object.toBe (\u001b[22m\u001b[2m\u001b[0m\u001b[36m__tests__/utils/quiz-submission-utils.test.ts\u001b[39m\u001b[0m\u001b[2m:92:29)\u001b[22m\u001b[2m\u001b[22m\n"
    },
    {
      "failureMessage": "  \u001b[1m● \u001b[22mTest suite failed to run\n\n    Cannot find module '../dashboard/(quiz)/code/components/CodingQuiz' from '__tests__/components/code/CodeQuizTest.test.tsx'\n\n    \u001b[0m \u001b[90m 76 |\u001b[39m\n     \u001b[90m 77 |\u001b[39m \u001b[90m// Mock components\u001b[39m\n    \u001b[31m\u001b[1m>\u001b[22m\u001b[39m\u001b[90m 78 |\u001b[39m jest\u001b[33m.\u001b[39mmock(\u001b[32m\"../dashboard/(quiz)/code/components/CodingQuiz\"\u001b[39m\u001b[33m,\u001b[39m () \u001b[33m=>\u001b[39m {\n     \u001b[90m    |\u001b[39m      \u001b[31m\u001b[1m^\u001b[22m\u001b[39m\n     \u001b[90m 79 |\u001b[39m   \u001b[36mreturn\u001b[39m \u001b[36mfunction\u001b[39m \u001b[33mMockCodingQuiz\u001b[39m({ \n     \u001b[90m 80 |\u001b[39m     question\u001b[33m,\u001b[39m \n     \u001b[90m 81 |\u001b[39m     onAnswer\u001b[33m,\u001b[39m \u001b[0m\n\n      \u001b[2mat Resolver._throwModNotFoundError (\u001b[22mnode_modules/jest-resolve/build/resolver.js\u001b[2m:427:11)\u001b[22m\n      \u001b[2mat Object.mock (\u001b[22m\u001b[0m\u001b[36m__tests__/components/code/CodeQuizTest.test.tsx\u001b[39m\u001b[0m\u001b[2m:78:6)\u001b[22m\n",
      "leaks": false,
      "numFailingTests": 0,
      "numPassingTests": 0,
      "numPendingTests": 0,
      "numTodoTests": 0,
      "openHandles": [],
      "perfStats": {
        "end": 0,
        "runtime": 0,
        "slow": false,
        "start": 0
      },
      "skipped": false,
      "snapshot": {
        "added": 0,
        "fileDeleted": false,
        "matched": 0,
        "unchecked": 0,
        "uncheckedKeys": [],
        "unmatched": 0,
        "updated": 0
      },
      "testExecError": "Cannot find module '../dashboard/(quiz)/code/components/CodingQuiz' from '__tests__/components/code/CodeQuizTest.test.tsx'",
      "testFilePath": "C:\\Work\\Projects\\ai-learning\\__tests__\\components\\code\\CodeQuizTest.test.tsx",
      "testResults": []
    },
    {
      "failureMessage": "  \u001b[1m● \u001b[22mTest suite failed to run\n\n    Cannot find module '../dashboard/(quiz)/mcq/components/McqQuiz' from '__tests__/components/mcq/MCQQuizTest.test.tsx'\n\n    \u001b[0m \u001b[90m 76 |\u001b[39m\n     \u001b[90m 77 |\u001b[39m \u001b[90m// Mock components\u001b[39m\n    \u001b[31m\u001b[1m>\u001b[22m\u001b[39m\u001b[90m 78 |\u001b[39m jest\u001b[33m.\u001b[39mmock(\u001b[32m\"../dashboard/(quiz)/mcq/components/McqQuiz\"\u001b[39m\u001b[33m,\u001b[39m () \u001b[33m=>\u001b[39m {\n     \u001b[90m    |\u001b[39m      \u001b[31m\u001b[1m^\u001b[22m\u001b[39m\n     \u001b[90m 79 |\u001b[39m   \u001b[36mreturn\u001b[39m \u001b[36mfunction\u001b[39m \u001b[33mMockMCQQuiz\u001b[39m({ \n     \u001b[90m 80 |\u001b[39m     question\u001b[33m,\u001b[39m \n     \u001b[90m 81 |\u001b[39m     onAnswer\u001b[33m,\u001b[39m \u001b[0m\n\n      \u001b[2mat Resolver._throwModNotFoundError (\u001b[22mnode_modules/jest-resolve/build/resolver.js\u001b[2m:427:11)\u001b[22m\n      \u001b[2mat Object.mock (\u001b[22m\u001b[0m\u001b[36m__tests__/components/mcq/MCQQuizTest.test.tsx\u001b[39m\u001b[0m\u001b[2m:78:6)\u001b[22m\n",
      "leaks": false,
      "numFailingTests": 0,
      "numPassingTests": 0,
      "numPendingTests": 0,
      "numTodoTests": 0,
      "openHandles": [],
      "perfStats": {
        "end": 0,
        "runtime": 0,
        "slow": false,
        "start": 0
      },
      "skipped": false,
      "snapshot": {
        "added": 0,
        "fileDeleted": false,
        "matched": 0,
        "unchecked": 0,
        "uncheckedKeys": [],
        "unmatched": 0,
        "updated": 0
      },
      "testExecError": "Cannot find module '../dashboard/(quiz)/mcq/components/McqQuiz' from '__tests__/components/mcq/MCQQuizTest.test.tsx'",
      "testFilePath": "C:\\Work\\Projects\\ai-learning\\__tests__\\components\\mcq\\MCQQuizTest.test.tsx",
      "testResults": []
    },
    {
      "failureMessage": "  \u001b[1m● \u001b[22mTest suite failed to run\n\n    Cannot find module '../dashboard/(quiz)/code/components/CodingQuiz' from '__tests__/components/code/CodeQuizSubmission.test.tsx'\n\n    \u001b[0m \u001b[90m 71 |\u001b[39m\n     \u001b[90m 72 |\u001b[39m \u001b[90m// Mock components\u001b[39m\n    \u001b[31m\u001b[1m>\u001b[22m\u001b[39m\u001b[90m 73 |\u001b[39m jest\u001b[33m.\u001b[39mmock(\u001b[32m\"../dashboard/(quiz)/code/components/CodingQuiz\"\u001b[39m\u001b[33m,\u001b[39m () \u001b[33m=>\u001b[39m ({\n     \u001b[90m    |\u001b[39m      \u001b[31m\u001b[1m^\u001b[22m\u001b[39m\n     \u001b[90m 74 |\u001b[39m   __esModule\u001b[33m:\u001b[39m \u001b[36mtrue\u001b[39m\u001b[33m,\u001b[39m\n     \u001b[90m 75 |\u001b[39m   \u001b[36mdefault\u001b[39m\u001b[33m:\u001b[39m ({ question\u001b[33m,\u001b[39m onAnswer\u001b[33m,\u001b[39m questionNumber\u001b[33m,\u001b[39m totalQuestions\u001b[33m,\u001b[39m isLastQuestion }) \u001b[33m=>\u001b[39m (\n     \u001b[90m 76 |\u001b[39m     \u001b[33m<\u001b[39m\u001b[33mdiv\u001b[39m data\u001b[33m-\u001b[39mtestid\u001b[33m=\u001b[39m\u001b[32m\"coding-quiz\"\u001b[39m\u001b[33m>\u001b[39m\u001b[0m\n\n      \u001b[2mat Resolver._throwModNotFoundError (\u001b[22mnode_modules/jest-resolve/build/resolver.js\u001b[2m:427:11)\u001b[22m\n      \u001b[2mat Object.mock (\u001b[22m\u001b[0m\u001b[36m__tests__/components/code/CodeQuizSubmission.test.tsx\u001b[39m\u001b[0m\u001b[2m:73:6)\u001b[22m\n",
      "leaks": false,
      "numFailingTests": 0,
      "numPassingTests": 0,
      "numPendingTests": 0,
      "numTodoTests": 0,
      "openHandles": [],
      "perfStats": {
        "end": 0,
        "runtime": 0,
        "slow": false,
        "start": 0
      },
      "skipped": false,
      "snapshot": {
        "added": 0,
        "fileDeleted": false,
        "matched": 0,
        "unchecked": 0,
        "uncheckedKeys": [],
        "unmatched": 0,
        "updated": 0
      },
      "testExecError": "Cannot find module '../dashboard/(quiz)/code/components/CodingQuiz' from '__tests__/components/code/CodeQuizSubmission.test.tsx'",
      "testFilePath": "C:\\Work\\Projects\\ai-learning\\__tests__\\components\\code\\CodeQuizSubmission.test.tsx",
      "testResults": []
    },
    {
      "leaks": false,
      "numFailingTests": 0,
      "numPassingTests": 12,
      "numPendingTests": 0,
      "numTodoTests": 0,
      "openHandles": [],
      "perfStats": {
        "end": 1747560347218,
        "runtime": 11822,
        "slow": true,
        "start": 1747560335396
      },
      "skipped": false,
      "snapshot": {
        "added": 0,
        "fileDeleted": false,
        "matched": 0,
        "unchecked": 0,
        "uncheckedKeys": [],
        "unmatched": 0,
        "updated": 0
      },
      "testFilePath": "C:\\Work\\Projects\\ai-learning\\__tests__\\components\\useQuizHook.test.tsx",
      "testResults": [
        {
          "ancestorTitles": [
            "useQuiz Hook"
          ],
          "duration": 131,
          "failureDetails": [],
          "failureMessages": [],
          "fullName": "useQuiz Hook should return initial state",
          "invocations": 1,
          "location": null,
          "numPassingAsserts": 16,
          "retryReasons": [],
          "status": "passed",
          "title": "should return initial state"
        },
        {
          "ancestorTitles": [
            "useQuiz Hook"
          ],
          "duration": 17,
          "failureDetails": [],
          "failureMessages": [],
          "fullName": "useQuiz Hook should reset quiz state",
          "invocations": 1,
          "location": null,
          "numPassingAsserts": 2,
          "retryReasons": [],
          "status": "passed",
          "title": "should reset quiz state"
        },
        {
          "ancestorTitles": [
            "useQuiz Hook"
          ],
          "duration": 13,
          "failureDetails": [],
          "failureMessages": [],
          "fullName": "useQuiz Hook should navigate to next question",
          "invocations": 1,
          "location": null,
          "numPassingAsserts": 2,
          "retryReasons": [],
          "status": "passed",
          "title": "should navigate to next question"
        },
        {
          "ancestorTitles": [
            "useQuiz Hook"
          ],
          "duration": 9,
          "failureDetails": [],
          "failureMessages": [],
          "fullName": "useQuiz Hook should navigate to previous question",
          "invocations": 1,
          "location": null,
          "numPassingAsserts": 2,
          "retryReasons": [],
          "status": "passed",
          "title": "should navigate to previous question"
        },
        {
          "ancestorTitles": [
            "useQuiz Hook"
          ],
          "duration": 10,
          "failureDetails": [],
          "failureMessages": [],
          "fullName": "useQuiz Hook should save user answer",
          "invocations": 1,
          "location": null,
          "numPassingAsserts": 2,
          "retryReasons": [],
          "status": "passed",
          "title": "should save user answer"
        },
        {
          "ancestorTitles": [
            "useQuiz Hook"
          ],
          "duration": 11,
          "failureDetails": [],
          "failureMessages": [],
          "fullName": "useQuiz Hook should format remaining time correctly",
          "invocations": 1,
          "location": null,
          "numPassingAsserts": 1,
          "retryReasons": [],
          "status": "passed",
          "title": "should format remaining time correctly"
        },
        {
          "ancestorTitles": [
            "useQuiz Hook"
          ],
          "duration": 4,
          "failureDetails": [],
          "failureMessages": [],
          "fullName": "useQuiz Hook should get current question",
          "invocations": 1,
          "location": null,
          "numPassingAsserts": 1,
          "retryReasons": [],
          "status": "passed",
          "title": "should get current question"
        },
        {
          "ancestorTitles": [
            "useQuiz Hook"
          ],
          "duration": 3,
          "failureDetails": [],
          "failureMessages": [],
          "fullName": "useQuiz Hook should check if current question is last",
          "invocations": 1,
          "location": null,
          "numPassingAsserts": 1,
          "retryReasons": [],
          "status": "passed",
          "title": "should check if current question is last"
        },
        {
          "ancestorTitles": [
            "useQuiz Hook"
          ],
          "duration": 4,
          "failureDetails": [],
          "failureMessages": [],
          "fullName": "useQuiz Hook should handle authentication requirement",
          "invocations": 1,
          "location": null,
          "numPassingAsserts": 1,
          "retryReasons": [],
          "status": "passed",
          "title": "should handle authentication requirement"
        },
        {
          "ancestorTitles": [
            "useQuiz Hook"
          ],
          "duration": 6,
          "failureDetails": [],
          "failureMessages": [],
          "fullName": "useQuiz Hook should handle undefined quiz data",
          "invocations": 1,
          "location": null,
          "numPassingAsserts": 2,
          "retryReasons": [],
          "status": "passed",
          "title": "should handle undefined quiz data"
        },
        {
          "ancestorTitles": [
            "useQuiz Hook"
          ],
          "duration": 5,
          "failureDetails": [],
          "failureMessages": [],
          "fullName": "useQuiz Hook should handle missing question id",
          "invocations": 1,
          "location": null,
          "numPassingAsserts": 1,
          "retryReasons": [],
          "status": "passed",
          "title": "should handle missing question id"
        },
        {
          "ancestorTitles": [
            "useQuiz Hook"
          ],
          "duration": 16,
          "failureDetails": [],
          "failureMessages": [],
          "fullName": "useQuiz Hook should handle quiz submission",
          "invocations": 1,
          "location": null,
          "numPassingAsserts": 13,
          "retryReasons": [],
          "status": "passed",
          "title": "should handle quiz submission"
        }
      ],
      "failureMessage": null
    },
    {
      "leaks": false,
      "numFailingTests": 0,
      "numPassingTests": 1,
      "numPendingTests": 0,
      "numTodoTests": 0,
      "openHandles": [],
      "perfStats": {
        "end": 1747560347245,
        "runtime": 10880,
        "slow": true,
        "start": 1747560336365
      },
      "skipped": false,
      "snapshot": {
        "added": 0,
        "fileDeleted": false,
        "matched": 0,
        "unchecked": 0,
        "uncheckedKeys": [],
        "unmatched": 0,
        "updated": 0
      },
      "testFilePath": "C:\\Work\\Projects\\ai-learning\\__tests__\\mocks\\mockAnimationProvider.test.tsx",
      "testResults": [
        {
          "ancestorTitles": [
            "Animation Provider Mock"
          ],
          "duration": 155,
          "failureDetails": [],
          "failureMessages": [],
          "fullName": "Animation Provider Mock should provide animation context with animations disabled by default",
          "invocations": 1,
          "location": null,
          "numPassingAsserts": 1,
          "retryReasons": [],
          "status": "passed",
          "title": "should provide animation context with animations disabled by default"
        }
      ],
      "failureMessage": null
    },
    {
      "leaks": false,
      "numFailingTests": 0,
      "numPassingTests": 5,
      "numPendingTests": 0,
      "numTodoTests": 0,
      "openHandles": [],
      "perfStats": {
        "end": 1747560347969,
        "runtime": 11642,
        "slow": true,
        "start": 1747560336327
      },
      "skipped": false,
      "snapshot": {
        "added": 0,
        "fileDeleted": false,
        "matched": 0,
        "unchecked": 0,
        "uncheckedKeys": [],
        "unmatched": 0,
        "updated": 0
      },
      "testFilePath": "C:\\Work\\Projects\\ai-learning\\__tests__\\mcq\\McqQuizResult.test.tsx",
      "testResults": [
        {
          "ancestorTitles": [
            "McqQuizResult Component"
          ],
          "duration": 249,
          "failureDetails": [],
          "failureMessages": [],
          "fullName": "McqQuizResult Component should display loading state initially",
          "invocations": 1,
          "location": null,
          "numPassingAsserts": 1,
          "retryReasons": [],
          "status": "passed",
          "title": "should display loading state initially"
        },
        {
          "ancestorTitles": [
            "McqQuizResult Component"
          ],
          "duration": 239,
          "failureDetails": [],
          "failureMessages": [],
          "fullName": "McqQuizResult Component should display error state with invalid result data",
          "invocations": 1,
          "location": null,
          "numPassingAsserts": 2,
          "retryReasons": [],
          "status": "passed",
          "title": "should display error state with invalid result data"
        },
        {
          "ancestorTitles": [
            "McqQuizResult Component"
          ],
          "duration": 127,
          "failureDetails": [],
          "failureMessages": [],
          "fullName": "McqQuizResult Component should display quiz results after loading",
          "invocations": 1,
          "location": null,
          "numPassingAsserts": 11,
          "retryReasons": [],
          "status": "passed",
          "title": "should display quiz results after loading"
        },
        {
          "ancestorTitles": [
            "McqQuizResult Component"
          ],
          "duration": 38,
          "failureDetails": [],
          "failureMessages": [],
          "fullName": "McqQuizResult Component should navigate when buttons are clicked",
          "invocations": 1,
          "location": null,
          "numPassingAsserts": 2,
          "retryReasons": [],
          "status": "passed",
          "title": "should navigate when buttons are clicked"
        },
        {
          "ancestorTitles": [
            "McqQuizResult Component"
          ],
          "duration": 24,
          "failureDetails": [],
          "failureMessages": [],
          "fullName": "McqQuizResult Component should handle results with incomplete data",
          "invocations": 1,
          "location": null,
          "numPassingAsserts": 4,
          "retryReasons": [],
          "status": "passed",
          "title": "should handle results with incomplete data"
        }
      ],
      "failureMessage": null
    },
    {
      "leaks": false,
      "numFailingTests": 1,
      "numPassingTests": 5,
      "numPendingTests": 0,
      "numTodoTests": 0,
      "openHandles": [],
      "perfStats": {
        "end": 1747560348338,
        "runtime": 12898,
        "slow": true,
        "start": 1747560335440
      },
      "skipped": false,
      "snapshot": {
        "added": 0,
        "fileDeleted": false,
        "matched": 0,
        "unchecked": 0,
        "uncheckedKeys": [],
        "unmatched": 0,
        "updated": 0
      },
      "testFilePath": "C:\\Work\\Projects\\ai-learning\\__tests__\\mcq\\McqResults.test.tsx",
      "testResults": [
        {
          "ancestorTitles": [
            "MCQ Quiz Results Page"
          ],
          "duration": 514,
          "failureDetails": [],
          "failureMessages": [],
          "fullName": "MCQ Quiz Results Page should show sign in prompt when user is not authenticated",
          "invocations": 1,
          "location": null,
          "numPassingAsserts": 2,
          "retryReasons": [],
          "status": "passed",
          "title": "should show sign in prompt when user is not authenticated"
        },
        {
          "ancestorTitles": [
            "MCQ Quiz Results Page"
          ],
          "duration": 14,
          "failureDetails": [],
          "failureMessages": [],
          "fullName": "MCQ Quiz Results Page should show loading state while authentication is pending",
          "invocations": 1,
          "location": null,
          "numPassingAsserts": 1,
          "retryReasons": [],
          "status": "passed",
          "title": "should show loading state while authentication is pending"
        },
        {
          "ancestorTitles": [
            "MCQ Quiz Results Page"
          ],
          "duration": 15,
          "failureDetails": [],
          "failureMessages": [],
          "fullName": "MCQ Quiz Results Page should show loading state while quiz results are loading",
          "invocations": 1,
          "location": null,
          "numPassingAsserts": 1,
          "retryReasons": [],
          "status": "passed",
          "title": "should show loading state while quiz results are loading"
        },
        {
          "ancestorTitles": [
            "MCQ Quiz Results Page"
          ],
          "duration": 70,
          "failureDetails": [],
          "failureMessages": [],
          "fullName": "MCQ Quiz Results Page should show error state when results fetch fails",
          "invocations": 1,
          "location": null,
          "numPassingAsserts": 2,
          "retryReasons": [],
          "status": "passed",
          "title": "should show error state when results fetch fails"
        },
        {
          "ancestorTitles": [
            "MCQ Quiz Results Page"
          ],
          "duration": 33,
          "failureDetails": [],
          "failureMessages": [],
          "fullName": "MCQ Quiz Results Page should show \"No Results Found\" when authenticated but no results available",
          "invocations": 1,
          "location": null,
          "numPassingAsserts": 2,
          "retryReasons": [],
          "status": "passed",
          "title": "should show \"No Results Found\" when authenticated but no results available"
        },
        {
          "ancestorTitles": [
            "MCQ Quiz Results Page"
          ],
          "duration": 26,
          "failureDetails": [
            {
              "name": "TestingLibraryElementError"
            }
          ],
          "failureMessages": [
            "TestingLibraryElementError: Unable to find an element by: [data-testid=\"mcq-quiz-result\"]\n\nIgnored nodes: comments, script, style\n\u001b[36m<body>\u001b[39m\n  \u001b[36m<div>\u001b[39m\n    \u001b[36m<div\u001b[39m\n      \u001b[33mclass\u001b[39m=\u001b[32m\"container max-w-4xl py-6\"\u001b[39m\n    \u001b[36m>\u001b[39m\n      \u001b[36m<div\u001b[39m\n        \u001b[33mclass\u001b[39m=\u001b[32m\"flex flex-col items-center justify-center min-h-[60vh] p-4\"\u001b[39m\n        \u001b[33mdata-testid\u001b[39m=\u001b[32m\"quiz-submission-loading\"\u001b[39m\n      \u001b[36m>\u001b[39m\n        \u001b[36m<div\u001b[39m\n          \u001b[33mclass\u001b[39m=\u001b[32m\"mb-8 relative\"\u001b[39m\n        \u001b[36m>\u001b[39m\n          \u001b[36m<svg\u001b[39m\n            \u001b[33mclass\u001b[39m=\u001b[32m\"lucide lucide-loader-circle h-16 w-16 text-primary animate-spin\"\u001b[39m\n            \u001b[33mfill\u001b[39m=\u001b[32m\"none\"\u001b[39m\n            \u001b[33mheight\u001b[39m=\u001b[32m\"24\"\u001b[39m\n            \u001b[33mstroke\u001b[39m=\u001b[32m\"currentColor\"\u001b[39m\n            \u001b[33mstroke-linecap\u001b[39m=\u001b[32m\"round\"\u001b[39m\n            \u001b[33mstroke-linejoin\u001b[39m=\u001b[32m\"round\"\u001b[39m\n            \u001b[33mstroke-width\u001b[39m=\u001b[32m\"2\"\u001b[39m\n            \u001b[33mviewBox\u001b[39m=\u001b[32m\"0 0 24 24\"\u001b[39m\n            \u001b[33mwidth\u001b[39m=\u001b[32m\"24\"\u001b[39m\n            \u001b[33mxmlns\u001b[39m=\u001b[32m\"http://www.w3.org/2000/svg\"\u001b[39m\n          \u001b[36m>\u001b[39m\n            \u001b[36m<path\u001b[39m\n              \u001b[33md\u001b[39m=\u001b[32m\"M21 12a9 9 0 1 1-6.219-8.56\"\u001b[39m\n            \u001b[36m/>\u001b[39m\n          \u001b[36m</svg>\u001b[39m\n        \u001b[36m</div>\u001b[39m\n        \u001b[36m<h3\u001b[39m\n          \u001b[33mclass\u001b[39m=\u001b[32m\"text-2xl font-medium mb-2 text-center\"\u001b[39m\n        \u001b[36m>\u001b[39m\n          \u001b[0mProcessing your submission...\u001b[0m\n          \u001b[36m<span\u001b[39m\n            \u001b[33mclass\u001b[39m=\u001b[32m\"inline-block w-[20px]\"\u001b[39m\n          \u001b[36m>\u001b[39m\n            \u001b[0m.\u001b[0m\n          \u001b[36m</span>\u001b[39m\n        \u001b[36m</h3>\u001b[39m\n        \u001b[36m<p\u001b[39m\n          \u001b[33mclass\u001b[39m=\u001b[32m\"text-muted-foreground text-center max-w-md\"\u001b[39m\n        \u001b[36m>\u001b[39m\n          \u001b[0mPlease wait while we process your \u001b[0m\n          \u001b[0mmultiple choice quiz\u001b[0m\n          \u001b[0m submission. This won't take long.\u001b[0m\n        \u001b[36m</p>\u001b[39m\n      \u001b[36m</div>\u001b[39m\n    \u001b[36m</div>\u001b[39m\n  \u001b[36m</div>\u001b[39m\n\u001b[36m</body>\u001b[39m\n    at Object.getElementError (C:\\Work\\Projects\\ai-learning\\node_modules\\@testing-library\\dom\\dist\\config.js:37:19)\n    at C:\\Work\\Projects\\ai-learning\\node_modules\\@testing-library\\dom\\dist\\query-helpers.js:76:38\n    at C:\\Work\\Projects\\ai-learning\\node_modules\\@testing-library\\dom\\dist\\query-helpers.js:52:17\n    at C:\\Work\\Projects\\ai-learning\\node_modules\\@testing-library\\dom\\dist\\query-helpers.js:95:19\n    at Object.getByTestId (C:\\Work\\Projects\\ai-learning\\__tests__\\mcq\\McqResults.test.tsx:285:19)\n    at Promise.then.completed (C:\\Work\\Projects\\ai-learning\\node_modules\\jest-circus\\build\\utils.js:298:28)\n    at new Promise (<anonymous>)\n    at callAsyncCircusFn (C:\\Work\\Projects\\ai-learning\\node_modules\\jest-circus\\build\\utils.js:231:10)\n    at _callCircusTest (C:\\Work\\Projects\\ai-learning\\node_modules\\jest-circus\\build\\run.js:316:40)\n    at processTicksAndRejections (node:internal/process/task_queues:105:5)\n    at _runTest (C:\\Work\\Projects\\ai-learning\\node_modules\\jest-circus\\build\\run.js:252:3)\n    at _runTestsForDescribeBlock (C:\\Work\\Projects\\ai-learning\\node_modules\\jest-circus\\build\\run.js:126:9)\n    at _runTestsForDescribeBlock (C:\\Work\\Projects\\ai-learning\\node_modules\\jest-circus\\build\\run.js:121:9)\n    at run (C:\\Work\\Projects\\ai-learning\\node_modules\\jest-circus\\build\\run.js:71:3)\n    at runAndTransformResultsToJestFormat (C:\\Work\\Projects\\ai-learning\\node_modules\\jest-circus\\build\\legacy-code-todo-rewrite\\jestAdapterInit.js:122:21)\n    at jestAdapter (C:\\Work\\Projects\\ai-learning\\node_modules\\jest-circus\\build\\legacy-code-todo-rewrite\\jestAdapter.js:79:19)\n    at runTestInternal (C:\\Work\\Projects\\ai-learning\\node_modules\\jest-runner\\build\\runTest.js:367:16)\n    at runTest (C:\\Work\\Projects\\ai-learning\\node_modules\\jest-runner\\build\\runTest.js:444:34)\n    at Object.worker (C:\\Work\\Projects\\ai-learning\\node_modules\\jest-runner\\build\\testWorker.js:106:12)"
          ],
          "fullName": "MCQ Quiz Results Page should display quiz results when authenticated and results are available",
          "invocations": 1,
          "location": null,
          "numPassingAsserts": 0,
          "retryReasons": [],
          "status": "failed",
          "title": "should display quiz results when authenticated and results are available"
        }
      ],
      "failureMessage": "\u001b[1m\u001b[31m  \u001b[1m● \u001b[22m\u001b[1mMCQ Quiz Results Page › should display quiz results when authenticated and results are available\u001b[39m\u001b[22m\n\n    TestingLibraryElementError: Unable to find an element by: [data-testid=\"mcq-quiz-result\"]\n\n    Ignored nodes: comments, script, style\n    \u001b[36m<body>\u001b[39m\n      \u001b[36m<div>\u001b[39m\n        \u001b[36m<div\u001b[39m\n          \u001b[33mclass\u001b[39m=\u001b[32m\"container max-w-4xl py-6\"\u001b[39m\n        \u001b[36m>\u001b[39m\n          \u001b[36m<div\u001b[39m\n            \u001b[33mclass\u001b[39m=\u001b[32m\"flex flex-col items-center justify-center min-h-[60vh] p-4\"\u001b[39m\n            \u001b[33mdata-testid\u001b[39m=\u001b[32m\"quiz-submission-loading\"\u001b[39m\n          \u001b[36m>\u001b[39m\n            \u001b[36m<div\u001b[39m\n              \u001b[33mclass\u001b[39m=\u001b[32m\"mb-8 relative\"\u001b[39m\n            \u001b[36m>\u001b[39m\n              \u001b[36m<svg\u001b[39m\n                \u001b[33mclass\u001b[39m=\u001b[32m\"lucide lucide-loader-circle h-16 w-16 text-primary animate-spin\"\u001b[39m\n                \u001b[33mfill\u001b[39m=\u001b[32m\"none\"\u001b[39m\n                \u001b[33mheight\u001b[39m=\u001b[32m\"24\"\u001b[39m\n                \u001b[33mstroke\u001b[39m=\u001b[32m\"currentColor\"\u001b[39m\n                \u001b[33mstroke-linecap\u001b[39m=\u001b[32m\"round\"\u001b[39m\n                \u001b[33mstroke-linejoin\u001b[39m=\u001b[32m\"round\"\u001b[39m\n                \u001b[33mstroke-width\u001b[39m=\u001b[32m\"2\"\u001b[39m\n                \u001b[33mviewBox\u001b[39m=\u001b[32m\"0 0 24 24\"\u001b[39m\n                \u001b[33mwidth\u001b[39m=\u001b[32m\"24\"\u001b[39m\n                \u001b[33mxmlns\u001b[39m=\u001b[32m\"http://www.w3.org/2000/svg\"\u001b[39m\n              \u001b[36m>\u001b[39m\n                \u001b[36m<path\u001b[39m\n                  \u001b[33md\u001b[39m=\u001b[32m\"M21 12a9 9 0 1 1-6.219-8.56\"\u001b[39m\n                \u001b[36m/>\u001b[39m\n              \u001b[36m</svg>\u001b[39m\n            \u001b[36m</div>\u001b[39m\n            \u001b[36m<h3\u001b[39m\n              \u001b[33mclass\u001b[39m=\u001b[32m\"text-2xl font-medium mb-2 text-center\"\u001b[39m\n            \u001b[36m>\u001b[39m\n              \u001b[0mProcessing your submission...\u001b[0m\n              \u001b[36m<span\u001b[39m\n                \u001b[33mclass\u001b[39m=\u001b[32m\"inline-block w-[20px]\"\u001b[39m\n              \u001b[36m>\u001b[39m\n                \u001b[0m.\u001b[0m\n              \u001b[36m</span>\u001b[39m\n            \u001b[36m</h3>\u001b[39m\n            \u001b[36m<p\u001b[39m\n              \u001b[33mclass\u001b[39m=\u001b[32m\"text-muted-foreground text-center max-w-md\"\u001b[39m\n            \u001b[36m>\u001b[39m\n              \u001b[0mPlease wait while we process your \u001b[0m\n              \u001b[0mmultiple choice quiz\u001b[0m\n              \u001b[0m submission. This won't take long.\u001b[0m\n            \u001b[36m</p>\u001b[39m\n          \u001b[36m</div>\u001b[39m\n        \u001b[36m</div>\u001b[39m\n      \u001b[36m</div>\u001b[39m\n    \u001b[36m</body>\u001b[39m\n\u001b[2m\u001b[22m\n\u001b[2m    \u001b[0m \u001b[90m 283 |\u001b[39m\u001b[22m\n\u001b[2m     \u001b[90m 284 |\u001b[39m     \u001b[90m// Check results are displayed\u001b[39m\u001b[22m\n\u001b[2m    \u001b[31m\u001b[1m>\u001b[22m\u001b[2m\u001b[39m\u001b[90m 285 |\u001b[39m     expect(screen\u001b[33m.\u001b[39mgetByTestId(\u001b[32m'mcq-quiz-result'\u001b[39m))\u001b[33m.\u001b[39mtoBeInTheDocument()\u001b[33m;\u001b[39m\u001b[22m\n\u001b[2m     \u001b[90m     |\u001b[39m                   \u001b[31m\u001b[1m^\u001b[22m\u001b[2m\u001b[39m\u001b[22m\n\u001b[2m     \u001b[90m 286 |\u001b[39m     expect(screen\u001b[33m.\u001b[39mgetByText(\u001b[35m/test mcq quiz/i\u001b[39m))\u001b[33m.\u001b[39mtoBeInTheDocument()\u001b[33m;\u001b[39m\u001b[22m\n\u001b[2m     \u001b[90m 287 |\u001b[39m     expect(screen\u001b[33m.\u001b[39mgetByTestId(\u001b[32m'score-percentage'\u001b[39m))\u001b[33m.\u001b[39mtoHaveTextContent(\u001b[32m'70% Score'\u001b[39m)\u001b[33m;\u001b[39m\u001b[22m\n\u001b[2m     \u001b[90m 288 |\u001b[39m   })\u001b[33m;\u001b[39m\u001b[0m\u001b[22m\n\u001b[2m\u001b[22m\n\u001b[2m      \u001b[2mat Object.getElementError (\u001b[22m\u001b[2mnode_modules/@testing-library/dom/dist/config.js\u001b[2m:37:19)\u001b[22m\u001b[2m\u001b[22m\n\u001b[2m      \u001b[2mat \u001b[22m\u001b[2mnode_modules/@testing-library/dom/dist/query-helpers.js\u001b[2m:76:38\u001b[22m\u001b[2m\u001b[22m\n\u001b[2m      \u001b[2mat \u001b[22m\u001b[2mnode_modules/@testing-library/dom/dist/query-helpers.js\u001b[2m:52:17\u001b[22m\u001b[2m\u001b[22m\n\u001b[2m      \u001b[2mat \u001b[22m\u001b[2mnode_modules/@testing-library/dom/dist/query-helpers.js\u001b[2m:95:19\u001b[22m\u001b[2m\u001b[22m\n\u001b[2m      \u001b[2mat Object.getByTestId (\u001b[22m\u001b[2m\u001b[0m\u001b[36m__tests__/mcq/McqResults.test.tsx\u001b[39m\u001b[0m\u001b[2m:285:19)\u001b[22m\u001b[2m\u001b[22m\n"
    },
    {
      "leaks": false,
      "numFailingTests": 2,
      "numPassingTests": 2,
      "numPendingTests": 0,
      "numTodoTests": 0,
      "openHandles": [],
      "perfStats": {
        "end": 1747560348470,
        "runtime": 12739,
        "slow": true,
        "start": 1747560335731
      },
      "skipped": false,
      "snapshot": {
        "added": 0,
        "fileDeleted": false,
        "matched": 0,
        "unchecked": 0,
        "uncheckedKeys": [],
        "unmatched": 0,
        "updated": 0
      },
      "testFilePath": "C:\\Work\\Projects\\ai-learning\\__tests__\\mcq\\McqQuizWrapper.test.tsx",
      "testResults": [
        {
          "ancestorTitles": [
            "McqQuizWrapper Component"
          ],
          "duration": 100,
          "failureDetails": [],
          "failureMessages": [],
          "fullName": "McqQuizWrapper Component should display loading state initially",
          "invocations": 1,
          "location": null,
          "numPassingAsserts": 1,
          "retryReasons": [],
          "status": "passed",
          "title": "should display loading state initially"
        },
        {
          "ancestorTitles": [
            "McqQuizWrapper Component"
          ],
          "duration": 539,
          "failureDetails": [
            {
              "name": "TestingLibraryElementError"
            }
          ],
          "failureMessages": [
            "TestingLibraryElementError: Unable to find an element by: [data-testid=\"non-authenticated-prompt\"]\n\nIgnored nodes: comments, script, style\n\u001b[36m<body>\u001b[39m\n  \u001b[36m<div>\u001b[39m\n    \u001b[36m<div\u001b[39m\n      \u001b[33mdata-testid\u001b[39m=\u001b[32m\"mcq-quiz\"\u001b[39m\n    \u001b[36m>\u001b[39m\n      \u001b[0mQuestion: \u001b[0m\n      \u001b[0mWhat is the color of the sky?\u001b[0m\n    \u001b[36m</div>\u001b[39m\n  \u001b[36m</div>\u001b[39m\n\u001b[36m</body>\u001b[39m\n    at Object.getElementError (C:\\Work\\Projects\\ai-learning\\node_modules\\@testing-library\\dom\\dist\\config.js:37:19)\n    at C:\\Work\\Projects\\ai-learning\\node_modules\\@testing-library\\dom\\dist\\query-helpers.js:76:38\n    at C:\\Work\\Projects\\ai-learning\\node_modules\\@testing-library\\dom\\dist\\query-helpers.js:52:17\n    at C:\\Work\\Projects\\ai-learning\\node_modules\\@testing-library\\dom\\dist\\query-helpers.js:95:19\n    at Object.getByTestId (C:\\Work\\Projects\\ai-learning\\__tests__\\mcq\\McqQuizWrapper.test.tsx:226:19)\n    at Promise.then.completed (C:\\Work\\Projects\\ai-learning\\node_modules\\jest-circus\\build\\utils.js:298:28)\n    at new Promise (<anonymous>)\n    at callAsyncCircusFn (C:\\Work\\Projects\\ai-learning\\node_modules\\jest-circus\\build\\utils.js:231:10)\n    at _callCircusTest (C:\\Work\\Projects\\ai-learning\\node_modules\\jest-circus\\build\\run.js:316:40)\n    at processTicksAndRejections (node:internal/process/task_queues:105:5)\n    at _runTest (C:\\Work\\Projects\\ai-learning\\node_modules\\jest-circus\\build\\run.js:252:3)\n    at _runTestsForDescribeBlock (C:\\Work\\Projects\\ai-learning\\node_modules\\jest-circus\\build\\run.js:126:9)\n    at _runTestsForDescribeBlock (C:\\Work\\Projects\\ai-learning\\node_modules\\jest-circus\\build\\run.js:121:9)\n    at run (C:\\Work\\Projects\\ai-learning\\node_modules\\jest-circus\\build\\run.js:71:3)\n    at runAndTransformResultsToJestFormat (C:\\Work\\Projects\\ai-learning\\node_modules\\jest-circus\\build\\legacy-code-todo-rewrite\\jestAdapterInit.js:122:21)\n    at jestAdapter (C:\\Work\\Projects\\ai-learning\\node_modules\\jest-circus\\build\\legacy-code-todo-rewrite\\jestAdapter.js:79:19)\n    at runTestInternal (C:\\Work\\Projects\\ai-learning\\node_modules\\jest-runner\\build\\runTest.js:367:16)\n    at runTest (C:\\Work\\Projects\\ai-learning\\node_modules\\jest-runner\\build\\runTest.js:444:34)\n    at Object.worker (C:\\Work\\Projects\\ai-learning\\node_modules\\jest-runner\\build\\testWorker.js:106:12)"
          ],
          "fullName": "McqQuizWrapper Component should display sign in prompt for non-authenticated users at submission",
          "invocations": 1,
          "location": null,
          "numPassingAsserts": 0,
          "retryReasons": [],
          "status": "failed",
          "title": "should display sign in prompt for non-authenticated users at submission"
        },
        {
          "ancestorTitles": [
            "McqQuizWrapper Component"
          ],
          "duration": 26,
          "failureDetails": [
            {
              "name": "TestingLibraryElementError"
            }
          ],
          "failureMessages": [
            "TestingLibraryElementError: Unable to find an element by: [data-testid=\"submission-loading\"]\n\nIgnored nodes: comments, script, style\n\u001b[36m<body>\u001b[39m\n  \u001b[36m<div>\u001b[39m\n    \u001b[36m<div\u001b[39m\n      \u001b[33mdata-testid\u001b[39m=\u001b[32m\"mcq-quiz\"\u001b[39m\n    \u001b[36m>\u001b[39m\n      \u001b[0mQuestion: \u001b[0m\n      \u001b[0mWhat is the color of the sky?\u001b[0m\n    \u001b[36m</div>\u001b[39m\n  \u001b[36m</div>\u001b[39m\n\u001b[36m</body>\u001b[39m\n    at Object.getElementError (C:\\Work\\Projects\\ai-learning\\node_modules\\@testing-library\\dom\\dist\\config.js:37:19)\n    at C:\\Work\\Projects\\ai-learning\\node_modules\\@testing-library\\dom\\dist\\query-helpers.js:76:38\n    at C:\\Work\\Projects\\ai-learning\\node_modules\\@testing-library\\dom\\dist\\query-helpers.js:52:17\n    at C:\\Work\\Projects\\ai-learning\\node_modules\\@testing-library\\dom\\dist\\query-helpers.js:95:19\n    at Object.getByTestId (C:\\Work\\Projects\\ai-learning\\__tests__\\mcq\\McqQuizWrapper.test.tsx:289:19)\n    at Promise.then.completed (C:\\Work\\Projects\\ai-learning\\node_modules\\jest-circus\\build\\utils.js:298:28)\n    at new Promise (<anonymous>)\n    at callAsyncCircusFn (C:\\Work\\Projects\\ai-learning\\node_modules\\jest-circus\\build\\utils.js:231:10)\n    at _callCircusTest (C:\\Work\\Projects\\ai-learning\\node_modules\\jest-circus\\build\\run.js:316:40)\n    at processTicksAndRejections (node:internal/process/task_queues:105:5)\n    at _runTest (C:\\Work\\Projects\\ai-learning\\node_modules\\jest-circus\\build\\run.js:252:3)\n    at _runTestsForDescribeBlock (C:\\Work\\Projects\\ai-learning\\node_modules\\jest-circus\\build\\run.js:126:9)\n    at _runTestsForDescribeBlock (C:\\Work\\Projects\\ai-learning\\node_modules\\jest-circus\\build\\run.js:121:9)\n    at run (C:\\Work\\Projects\\ai-learning\\node_modules\\jest-circus\\build\\run.js:71:3)\n    at runAndTransformResultsToJestFormat (C:\\Work\\Projects\\ai-learning\\node_modules\\jest-circus\\build\\legacy-code-todo-rewrite\\jestAdapterInit.js:122:21)\n    at jestAdapter (C:\\Work\\Projects\\ai-learning\\node_modules\\jest-circus\\build\\legacy-code-todo-rewrite\\jestAdapter.js:79:19)\n    at runTestInternal (C:\\Work\\Projects\\ai-learning\\node_modules\\jest-runner\\build\\runTest.js:367:16)\n    at runTest (C:\\Work\\Projects\\ai-learning\\node_modules\\jest-runner\\build\\runTest.js:444:34)\n    at Object.worker (C:\\Work\\Projects\\ai-learning\\node_modules\\jest-runner\\build\\testWorker.js:106:12)"
          ],
          "fullName": "McqQuizWrapper Component should handle successful quiz submission for authenticated user",
          "invocations": 1,
          "location": null,
          "numPassingAsserts": 0,
          "retryReasons": [],
          "status": "failed",
          "title": "should handle successful quiz submission for authenticated user"
        },
        {
          "ancestorTitles": [
            "McqQuizWrapper Component"
          ],
          "duration": 11,
          "failureDetails": [],
          "failureMessages": [],
          "fullName": "McqQuizWrapper Component should handle error state properly",
          "invocations": 1,
          "location": null,
          "numPassingAsserts": 2,
          "retryReasons": [],
          "status": "passed",
          "title": "should handle error state properly"
        }
      ],
      "failureMessage": "\u001b[1m\u001b[31m  \u001b[1m● \u001b[22m\u001b[1mMcqQuizWrapper Component › should display sign in prompt for non-authenticated users at submission\u001b[39m\u001b[22m\n\n    TestingLibraryElementError: Unable to find an element by: [data-testid=\"non-authenticated-prompt\"]\n\n    Ignored nodes: comments, script, style\n    \u001b[36m<body>\u001b[39m\n      \u001b[36m<div>\u001b[39m\n        \u001b[36m<div\u001b[39m\n          \u001b[33mdata-testid\u001b[39m=\u001b[32m\"mcq-quiz\"\u001b[39m\n        \u001b[36m>\u001b[39m\n          \u001b[0mQuestion: \u001b[0m\n          \u001b[0mWhat is the color of the sky?\u001b[0m\n        \u001b[36m</div>\u001b[39m\n      \u001b[36m</div>\u001b[39m\n    \u001b[36m</body>\u001b[39m\n\u001b[2m\u001b[22m\n\u001b[2m    \u001b[0m \u001b[90m 224 |\u001b[39m     \u001b[22m\n\u001b[2m     \u001b[90m 225 |\u001b[39m     \u001b[90m// Should show sign in prompt directly in test mode\u001b[39m\u001b[22m\n\u001b[2m    \u001b[31m\u001b[1m>\u001b[22m\u001b[2m\u001b[39m\u001b[90m 226 |\u001b[39m     expect(screen\u001b[33m.\u001b[39mgetByTestId(\u001b[32m'non-authenticated-prompt'\u001b[39m))\u001b[33m.\u001b[39mtoBeInTheDocument()\u001b[33m;\u001b[39m\u001b[22m\n\u001b[2m     \u001b[90m     |\u001b[39m                   \u001b[31m\u001b[1m^\u001b[22m\u001b[2m\u001b[39m\u001b[22m\n\u001b[2m     \u001b[90m 227 |\u001b[39m     \u001b[22m\n\u001b[2m     \u001b[90m 228 |\u001b[39m     \u001b[90m// Click sign in button\u001b[39m\u001b[22m\n\u001b[2m     \u001b[90m 229 |\u001b[39m     \u001b[36mawait\u001b[39m userEvent\u001b[33m.\u001b[39mclick(screen\u001b[33m.\u001b[39mgetByTestId(\u001b[32m'non-authenticated-prompt'\u001b[39m))\u001b[33m;\u001b[39m\u001b[0m\u001b[22m\n\u001b[2m\u001b[22m\n\u001b[2m      \u001b[2mat Object.getElementError (\u001b[22m\u001b[2mnode_modules/@testing-library/dom/dist/config.js\u001b[2m:37:19)\u001b[22m\u001b[2m\u001b[22m\n\u001b[2m      \u001b[2mat \u001b[22m\u001b[2mnode_modules/@testing-library/dom/dist/query-helpers.js\u001b[2m:76:38\u001b[22m\u001b[2m\u001b[22m\n\u001b[2m      \u001b[2mat \u001b[22m\u001b[2mnode_modules/@testing-library/dom/dist/query-helpers.js\u001b[2m:52:17\u001b[22m\u001b[2m\u001b[22m\n\u001b[2m      \u001b[2mat \u001b[22m\u001b[2mnode_modules/@testing-library/dom/dist/query-helpers.js\u001b[2m:95:19\u001b[22m\u001b[2m\u001b[22m\n\u001b[2m      \u001b[2mat Object.getByTestId (\u001b[22m\u001b[2m\u001b[0m\u001b[36m__tests__/mcq/McqQuizWrapper.test.tsx\u001b[39m\u001b[0m\u001b[2m:226:19)\u001b[22m\u001b[2m\u001b[22m\n\n\u001b[1m\u001b[31m  \u001b[1m● \u001b[22m\u001b[1mMcqQuizWrapper Component › should handle successful quiz submission for authenticated user\u001b[39m\u001b[22m\n\n    TestingLibraryElementError: Unable to find an element by: [data-testid=\"submission-loading\"]\n\n    Ignored nodes: comments, script, style\n    \u001b[36m<body>\u001b[39m\n      \u001b[36m<div>\u001b[39m\n        \u001b[36m<div\u001b[39m\n          \u001b[33mdata-testid\u001b[39m=\u001b[32m\"mcq-quiz\"\u001b[39m\n        \u001b[36m>\u001b[39m\n          \u001b[0mQuestion: \u001b[0m\n          \u001b[0mWhat is the color of the sky?\u001b[0m\n        \u001b[36m</div>\u001b[39m\n      \u001b[36m</div>\u001b[39m\n    \u001b[36m</body>\u001b[39m\n\u001b[2m\u001b[22m\n\u001b[2m    \u001b[0m \u001b[90m 287 |\u001b[39m     \u001b[22m\n\u001b[2m     \u001b[90m 288 |\u001b[39m     \u001b[90m// Should show the submission loading component\u001b[39m\u001b[22m\n\u001b[2m    \u001b[31m\u001b[1m>\u001b[22m\u001b[2m\u001b[39m\u001b[90m 289 |\u001b[39m     expect(screen\u001b[33m.\u001b[39mgetByTestId(\u001b[32m'submission-loading'\u001b[39m))\u001b[33m.\u001b[39mtoBeInTheDocument()\u001b[33m;\u001b[39m\u001b[22m\n\u001b[2m     \u001b[90m     |\u001b[39m                   \u001b[31m\u001b[1m^\u001b[22m\u001b[2m\u001b[39m\u001b[22m\n\u001b[2m     \u001b[90m 290 |\u001b[39m   })\u001b[33m;\u001b[39m\u001b[22m\n\u001b[2m     \u001b[90m 291 |\u001b[39m   \u001b[22m\n\u001b[2m     \u001b[90m 292 |\u001b[39m   test(\u001b[32m'should handle error state properly'\u001b[39m\u001b[33m,\u001b[39m \u001b[36masync\u001b[39m () \u001b[33m=>\u001b[39m {\u001b[0m\u001b[22m\n\u001b[2m\u001b[22m\n\u001b[2m      \u001b[2mat Object.getElementError (\u001b[22m\u001b[2mnode_modules/@testing-library/dom/dist/config.js\u001b[2m:37:19)\u001b[22m\u001b[2m\u001b[22m\n\u001b[2m      \u001b[2mat \u001b[22m\u001b[2mnode_modules/@testing-library/dom/dist/query-helpers.js\u001b[2m:76:38\u001b[22m\u001b[2m\u001b[22m\n\u001b[2m      \u001b[2mat \u001b[22m\u001b[2mnode_modules/@testing-library/dom/dist/query-helpers.js\u001b[2m:52:17\u001b[22m\u001b[2m\u001b[22m\n\u001b[2m      \u001b[2mat \u001b[22m\u001b[2mnode_modules/@testing-library/dom/dist/query-helpers.js\u001b[2m:95:19\u001b[22m\u001b[2m\u001b[22m\n\u001b[2m      \u001b[2mat Object.getByTestId (\u001b[22m\u001b[2m\u001b[0m\u001b[36m__tests__/mcq/McqQuizWrapper.test.tsx\u001b[39m\u001b[0m\u001b[2m:289:19)\u001b[22m\u001b[2m\u001b[22m\n"
    },
    {
      "leaks": false,
      "numFailingTests": 0,
      "numPassingTests": 4,
      "numPendingTests": 0,
      "numTodoTests": 0,
      "openHandles": [],
      "perfStats": {
        "end": 1747560348725,
        "runtime": 3329,
        "slow": false,
        "start": 1747560345396
      },
      "skipped": false,
      "snapshot": {
        "added": 0,
        "fileDeleted": false,
        "matched": 0,
        "unchecked": 0,
        "uncheckedKeys": [],
        "unmatched": 0,
        "updated": 0
      },
      "testFilePath": "C:\\Work\\Projects\\ai-learning\\__tests__\\components\\persistQuizMiddleware.test.ts",
      "testResults": [
        {
          "ancestorTitles": [
            "persistQuizMiddleware"
          ],
          "duration": 92,
          "failureDetails": [],
          "failureMessages": [],
          "fullName": "persistQuizMiddleware should persist quiz state when actions are dispatched",
          "invocations": 1,
          "location": null,
          "numPassingAsserts": 4,
          "retryReasons": [],
          "status": "passed",
          "title": "should persist quiz state when actions are dispatched"
        },
        {
          "ancestorTitles": [
            "persistQuizMiddleware"
          ],
          "duration": 8,
          "failureDetails": [],
          "failureMessages": [],
          "fullName": "persistQuizMiddleware should remove quiz state from localStorage when quiz is completed",
          "invocations": 1,
          "location": null,
          "numPassingAsserts": 2,
          "retryReasons": [],
          "status": "passed",
          "title": "should remove quiz state from localStorage when quiz is completed"
        },
        {
          "ancestorTitles": [
            "persistQuizMiddleware"
          ],
          "duration": 3,
          "failureDetails": [],
          "failureMessages": [],
          "fullName": "persistQuizMiddleware loadPersistedQuizState should return persisted state",
          "invocations": 1,
          "location": null,
          "numPassingAsserts": 1,
          "retryReasons": [],
          "status": "passed",
          "title": "loadPersistedQuizState should return persisted state"
        },
        {
          "ancestorTitles": [
            "persistQuizMiddleware"
          ],
          "duration": 2,
          "failureDetails": [],
          "failureMessages": [],
          "fullName": "persistQuizMiddleware clearPersistedQuizState should remove state from localStorage",
          "invocations": 1,
          "location": null,
          "numPassingAsserts": 1,
          "retryReasons": [],
          "status": "passed",
          "title": "clearPersistedQuizState should remove state from localStorage"
        }
      ],
      "failureMessage": null
    },
    {
      "leaks": false,
      "numFailingTests": 0,
      "numPassingTests": 36,
      "numPendingTests": 0,
      "numTodoTests": 0,
      "openHandles": [],
      "perfStats": {
        "end": 1747560349184,
        "runtime": 3515,
        "slow": false,
        "start": 1747560345669
      },
      "skipped": false,
      "snapshot": {
        "added": 0,
        "fileDeleted": false,
        "matched": 0,
        "unchecked": 0,
        "uncheckedKeys": [],
        "unmatched": 0,
        "updated": 0
      },
      "testFilePath": "C:\\Work\\Projects\\ai-learning\\__tests__\\components\\quiz-utils.test.ts",
      "testResults": [
        {
          "ancestorTitles": [
            "Quiz Utilities",
            "formatTime"
          ],
          "duration": 105,
          "failureDetails": [],
          "failureMessages": [],
          "fullName": "Quiz Utilities formatTime formats seconds correctly",
          "invocations": 1,
          "location": null,
          "numPassingAsserts": 3,
          "retryReasons": [],
          "status": "passed",
          "title": "formats seconds correctly"
        },
        {
          "ancestorTitles": [
            "Quiz Utilities",
            "formatTime"
          ],
          "duration": 1,
          "failureDetails": [],
          "failureMessages": [],
          "fullName": "Quiz Utilities formatTime handles null or undefined",
          "invocations": 1,
          "location": null,
          "numPassingAsserts": 2,
          "retryReasons": [],
          "status": "passed",
          "title": "handles null or undefined"
        },
        {
          "ancestorTitles": [
            "Quiz Utilities",
            "formatDuration"
          ],
          "duration": 2,
          "failureDetails": [],
          "failureMessages": [],
          "fullName": "Quiz Utilities formatDuration formats duration correctly",
          "invocations": 1,
          "location": null,
          "numPassingAsserts": 4,
          "retryReasons": [],
          "status": "passed",
          "title": "formats duration correctly"
        },
        {
          "ancestorTitles": [
            "Quiz Utilities",
            "formatDate"
          ],
          "duration": 64,
          "failureDetails": [],
          "failureMessages": [],
          "fullName": "Quiz Utilities formatDate formats date correctly",
          "invocations": 1,
          "location": null,
          "numPassingAsserts": 2,
          "retryReasons": [],
          "status": "passed",
          "title": "formats date correctly"
        },
        {
          "ancestorTitles": [
            "Quiz Utilities",
            "formatDate"
          ],
          "duration": 1,
          "failureDetails": [],
          "failureMessages": [],
          "fullName": "Quiz Utilities formatDate handles empty input",
          "invocations": 1,
          "location": null,
          "numPassingAsserts": 1,
          "retryReasons": [],
          "status": "passed",
          "title": "handles empty input"
        },
        {
          "ancestorTitles": [
            "Quiz Utilities",
            "truncateString"
          ],
          "duration": 2,
          "failureDetails": [],
          "failureMessages": [],
          "fullName": "Quiz Utilities truncateString truncates string correctly",
          "invocations": 1,
          "location": null,
          "numPassingAsserts": 3,
          "retryReasons": [],
          "status": "passed",
          "title": "truncates string correctly"
        },
        {
          "ancestorTitles": [
            "Quiz Utilities",
            "calculatePercentage"
          ],
          "duration": 1,
          "failureDetails": [],
          "failureMessages": [],
          "fullName": "Quiz Utilities calculatePercentage calculates percentage correctly",
          "invocations": 1,
          "location": null,
          "numPassingAsserts": 3,
          "retryReasons": [],
          "status": "passed",
          "title": "calculates percentage correctly"
        },
        {
          "ancestorTitles": [
            "Quiz Utilities",
            "calculatePercentage"
          ],
          "duration": 2,
          "failureDetails": [],
          "failureMessages": [],
          "fullName": "Quiz Utilities calculatePercentage handles zero or negative maxScore",
          "invocations": 1,
          "location": null,
          "numPassingAsserts": 2,
          "retryReasons": [],
          "status": "passed",
          "title": "handles zero or negative maxScore"
        },
        {
          "ancestorTitles": [
            "Quiz Utilities",
            "isPassed"
          ],
          "duration": 3,
          "failureDetails": [],
          "failureMessages": [],
          "fullName": "Quiz Utilities isPassed determines if score passes threshold",
          "invocations": 1,
          "location": null,
          "numPassingAsserts": 3,
          "retryReasons": [],
          "status": "passed",
          "title": "determines if score passes threshold"
        },
        {
          "ancestorTitles": [
            "Quiz Utilities",
            "isPassed"
          ],
          "duration": 1,
          "failureDetails": [],
          "failureMessages": [],
          "fullName": "Quiz Utilities isPassed works with custom threshold",
          "invocations": 1,
          "location": null,
          "numPassingAsserts": 2,
          "retryReasons": [],
          "status": "passed",
          "title": "works with custom threshold"
        },
        {
          "ancestorTitles": [
            "Quiz Utilities",
            "generateFeedback"
          ],
          "duration": 2,
          "failureDetails": [],
          "failureMessages": [],
          "fullName": "Quiz Utilities generateFeedback generates appropriate feedback based on percentage",
          "invocations": 1,
          "location": null,
          "numPassingAsserts": 5,
          "retryReasons": [],
          "status": "passed",
          "title": "generates appropriate feedback based on percentage"
        },
        {
          "ancestorTitles": [
            "Quiz Utilities",
            "calculateStringSimilarity"
          ],
          "duration": 2,
          "failureDetails": [],
          "failureMessages": [],
          "fullName": "Quiz Utilities calculateStringSimilarity calculates string similarity correctly",
          "invocations": 1,
          "location": null,
          "numPassingAsserts": 3,
          "retryReasons": [],
          "status": "passed",
          "title": "calculates string similarity correctly"
        },
        {
          "ancestorTitles": [
            "Quiz Utilities",
            "calculateStringSimilarity"
          ],
          "duration": 1,
          "failureDetails": [],
          "failureMessages": [],
          "fullName": "Quiz Utilities calculateStringSimilarity handles empty strings",
          "invocations": 1,
          "location": null,
          "numPassingAsserts": 3,
          "retryReasons": [],
          "status": "passed",
          "title": "handles empty strings"
        },
        {
          "ancestorTitles": [
            "Quiz Utilities",
            "calculateStringSimilarity"
          ],
          "duration": 4,
          "failureDetails": [],
          "failureMessages": [],
          "fullName": "Quiz Utilities calculateStringSimilarity is case insensitive",
          "invocations": 1,
          "location": null,
          "numPassingAsserts": 2,
          "retryReasons": [],
          "status": "passed",
          "title": "is case insensitive"
        },
        {
          "ancestorTitles": [
            "Quiz Utilities",
            "evaluateOpenEndedAnswer"
          ],
          "duration": 4,
          "failureDetails": [],
          "failureMessages": [],
          "fullName": "Quiz Utilities evaluateOpenEndedAnswer evaluates open-ended answers based on keywords",
          "invocations": 1,
          "location": null,
          "numPassingAsserts": 3,
          "retryReasons": [],
          "status": "passed",
          "title": "evaluates open-ended answers based on keywords"
        },
        {
          "ancestorTitles": [
            "Quiz Utilities",
            "evaluateOpenEndedAnswer"
          ],
          "duration": 1,
          "failureDetails": [],
          "failureMessages": [],
          "fullName": "Quiz Utilities evaluateOpenEndedAnswer handles empty inputs",
          "invocations": 1,
          "location": null,
          "numPassingAsserts": 2,
          "retryReasons": [],
          "status": "passed",
          "title": "handles empty inputs"
        },
        {
          "ancestorTitles": [
            "Quiz Utilities",
            "evaluateOpenEndedAnswer"
          ],
          "duration": 2,
          "failureDetails": [],
          "failureMessages": [],
          "fullName": "Quiz Utilities evaluateOpenEndedAnswer matches similar words",
          "invocations": 1,
          "location": null,
          "numPassingAsserts": 1,
          "retryReasons": [],
          "status": "passed",
          "title": "matches similar words"
        },
        {
          "ancestorTitles": [
            "Quiz Utilities",
            "evaluateCode"
          ],
          "duration": 3,
          "failureDetails": [],
          "failureMessages": [],
          "fullName": "Quiz Utilities evaluateCode evaluates code against test cases",
[...]
1b[32m\"24\"\u001b[39m\n                        \u001b[33mstroke\u001b[39m=\u001b[32m\"currentColor\"\u001b[39m\n                        \u001b[33mstroke-linecap\u001b[39m=\u001b[32m\"round\"\u001b[39m\n                        \u001b[33mstroke-linejoin\u001b[39m=\u001b[32m\"round\"\u001b[39m\n                        \u001b[33mstroke-width\u001b[39m=\u001b[32m\"2\"\u001b[39m\n                        \u001b[33mviewBox\u001b[39m=\u001b[32m\"0 0 24 24\"\u001b[39m\n                        \u001b[33mwidth\u001b[39m=\u001b[32m\"24\"\u001b[39m\n                        \u001b[33mxmlns\u001b[39m=\u001b[32m\"http://www.w3.org/2000/svg\"\u001b[39m\n                      \u001b[36m>\u001b[39m\n                        \u001b[36m<path\u001b[39m\n                          \u001b[33md\u001b[39m=\u001b[32m\"M18 6 6 18\"\u001b[39m\n                        \u001b[36m/>\u001b[39m\n                        \u001b[36m<path\u001b[39m\n                          \u001b[33md\u001b[39m=\u001b[32m\"m6 6 12 12\"\u001b[39m\n                        \u001b[36m/>\u001b[39m\n                      \u001b[36m</svg>\u001b[39m\n                    \u001b[36m</div>\u001b[39m\n                    \u001b[36m<div>\u001b[39m\n                      \u001b[36m<p\u001b[39m\n                        \u001b[33mclass\u001b[39m=\u001b[32m\"font-medium\"\u001b[39m\n                      \u001b[36m>\u001b[39m\n                        \u001b[0mQuestion \u001b[0m\n                        \u001b[0m1\u001b[0m\n                      \u001b[36m</p>\u001b[39m\n                      \u001b[36m<p\u001b[39m\n                        \u001b[33mclass\u001b[39m=\u001b[32m\"text-sm mt-1\"\u001b[39m\n                      \u001b[36m>\u001b[39m\n                        \u001b[0mWrite a function that adds two numbers\u001b[0m\n                      \u001b[36m</p>\u001b[39m\n                      \u001b[36m<div\u001b[39m\n                        \u001b[33mclass\u001b[39m=\u001b[32m\"mt-2 text-sm\"\u001b[39m\n                      \u001b[36m>\u001b[39m\n                        \u001b[36m<div\u001b[39m\n                          \u001b[33mclass\u001b[39m=\u001b[32m\"flex flex-col gap-1\"\u001b[39m\n                        \u001b[36m>\u001b[39m\n                          \u001b[36m<div>\u001b[39m\n                            \u001b[36m<span\u001b[39m\n                              \u001b[33mclass\u001b[39m=\u001b[32m\"font-medium\"\u001b[39m\n                            \u001b[36m>\u001b[39m\n                              \u001b[0mYour answer: \u001b[0m\n                            \u001b[36m</span>\u001b[39m\n                            \u001b[36m<span\u001b[39m\n                              \u001b[33mclass\u001b[39m=\u001b[32m\"text-red-600\"\u001b[39m\n                            \u001b[36m>\u001b[39m\n                              \u001b[0mconsole.log(\"test\");\u001b[0m\n                            \u001b[36m</span>\u001b[39m\n                          \u001b[36m</div>\u001b[39m\n                          \u001b[36m<div>\u001b[39m\n                            \u001b[36m<span\u001b[39m\n                              \u001b[33mclass\u001b[39m=\u001b[32m\"font-medium\"\u001b[39m\n                            \u001b[36m>\u001b[39m\n                              \u001b[0mCorrect answer: \u001b[0m\n                            \u001b[36m</span>\u001b[39m\n                            \u001b[36m<span\u001b[39m\n                              \u001b[33mclass\u001b[39m=\u001b[32m\"text-green-600\"\u001b[39m\n                            \u001b[36m>\u001b[39m\n                              \u001b[0mreturn a + b\u001b[0m\n                            \u001b[36m</span>\u001b[39m\n                          \u001b[36m</div>\u001b[39m\n                        \u001b[36m</div>\u001b[39m\n                      \u001b[36m</div>\u001b[39m\n                    \u001b[36m</div>\u001b[39m\n                  \u001b[36m</div>\u001b[39m\n                \u001b[36m</div>\u001b[39m\n                \u001b[36m<div\u001b[39m\n                  \u001b[33mclass\u001b[39m=\u001b[32m\"p-4 border rounded-lg bg-red-50 border-red-200\"\u001b[39m\n                \u001b[36m>\u001b[39m\n                  \u001b[36m<div\u001b[39m\n                    \u001b[33mclass\u001b[39m=\u001b[32m\"flex gap-2\"\u001b[39m\n                  \u001b[36m>\u001b[39m\n                    \u001b[36m<div\u001b[39m\n                      \u001b[33mclass\u001b[39m=\u001b[32m\"mt-0.5\"\u001b[39m\n                    \u001b[36m>\u001b[39m\n                      \u001b[36m<svg\u001b[39m\n                        \u001b[33mclass\u001b[39m=\u001b[32m\"lucide lucide-x h-5 w-5 text-red-600\"\u001b[39m\n                        \u001b[33mfill\u001b[39m=\u001b[32m\"none\"\u001b[39m\n                        \u001b[33mheight\u001b[39m=\u001b[32m\"24\"\u001b[39m\n                        \u001b[33mstroke\u001b[39m=\u001b[32m\"currentColor\"\u001b[39m\n                        \u001b[33mstroke-linecap\u001b[39m=\u001b[32m\"round\"\u001b[39m\n                        \u001b[33mstroke-linejoin\u001b[39m=\u001b[32m\"round\"\u001b[39m\n                        \u001b[33mstroke-width\u001b[39m=\u001b[32m\"2\"\u001b[39m\n                        \u001b[33mviewBox\u001b[39m=\u001b[32m\"0 0 24 24\"\u001b[39m\n                        \u001b[33mwidth\u001b[39m=\u001b[32m\"24\"\u001b[39m\n                        \u001b[33mxmlns\u001b[39m=\u001b[32m\"http://www.w3.org/2000/svg\"\u001b[39m\n                      \u001b[36m>\u001b[39m\n                        \u001b[36m<path\u001b[39m\n                          \u001b[33md\u001b[39m=\u001b[32m\"M18 6 6 18\"\u001b[39m\n                        \u001b[36m/>\u001b[39m\n                        \u001b[36m<path\u001b[39m\n                          \u001b[33md\u001b[39m=\u001b[32m\"m6 6 12 12\"\u001b[39m\n                        \u001b[36m/>\u001b[39m\n                      \u001b[36m</svg>\u001b[39m\n                    \u001b[36m</div>\u001b[39m\n                    \u001b[36m<div>\u001b[39m\n                      \u001b[36m<p\u001b[39m\n                        \u001b[33mclass\u001b[39m=\u001b[32m\"font-medium\"\u001b[39m\n                      \u001b[36m>\u001b[39m\n                        \u001b[0mQuestion \u001b[0m\n                        \u001b[0m2\u001b[0m\n                      \u001b[36m</p>\u001b[39m\n                      \u001b[36m<p\u001b[39m\n                        \u001b[33mclass\u001b[39m=\u001b[32m\"text-sm mt-1\"\u001b[39m\n                      \u001b[36m>\u001b[39m\n                        \u001b[0mCreate a React functional component\u001b[0m\n                      \u001b[36m</p>\u001b[39m\n                      \u001b[36m<div\u001b[39m\n                        \u001b[33mclass\u001b[39m=\u001b[32m\"mt-2 text-sm\"\u001b[39m\n                      \u001b[36m>\u001b[39m\n                        \u001b[36m<div\u001b[39m\n                          \u001b[33mclass\u001b[39m=\u001b[32m\"flex flex-col gap-1\"\u001b[39m\n                        \u001b[36m>\u001b[39m\n                          \u001b[36m<div>\u001b[39m\n                            \u001b[36m<span\u001b[39m\n                              \u001b[33mclass\u001b[39m=\u001b[32m\"font-medium\"\u001b[39m\n                            \u001b[36m>\u001b[39m\n                              \u001b[0mYour answer: \u001b[0m\n                            \u001b[36m</span>\u001b[39m\n                            \u001b[36m<span\u001b[39m\n                              \u001b[33mclass\u001b[39m=\u001b[32m\"text-red-600\"\u001b[39m\n                            \u001b[36m>\u001b[39m\n                              \u001b[0mconsole.log(\"test\");\u001b[0m\n                            \u001b[36m</span>\u001b[39m\n                          \u001b[36m</div>\u001b[39m\n                          \u001b[36m<div>\u001b[39m\n                            \u001b[36m<span\u001b[39m\n                              \u001b[33mclass\u001b[39m=\u001b[32m\"font-medium\"\u001b[39m\n                            \u001b[36m>\u001b[39m\n                              \u001b[0mCorrect answer: \u001b[0m\n                            \u001b[36m</span>\u001b[39m\n                            \u001b[36m<span\u001b[39m\n                              \u001b[33mclass\u001b[39m=\u001b[32m\"text-green-600\"\u001b[39m\n                            \u001b[36m>\u001b[39m\n                              \u001b[0mreturn &lt;div&gt;&lt;/div&gt;\u001b[0m\n                            \u001b[36m</span>\u001b[39m\n                          \u001b[36m</div>\u001b[39m\n                        \u001b[36m</div>\u001b[39m\n                      \u001b[36m</div>\u001b[39m\n                    \u001b[36m</div>\u001b[39m\n                  \u001b[36m</div>\u001b[39m\n                \u001b[36m</div>\u001b[39m\n                \u001b[36m<div\u001b[39m\n                  \u001b[33mclass\u001b[39m=\u001b[32m\"p-4 border rounded-lg bg-red-50 border-red-200\"\u001b[39m\n                \u001b[36m>\u001b[39m\n                  \u001b[36m<div\u001b[39m\n                    \u001b[33mclass\u001b[39m=\u001b[32m\"flex gap-2\"\u001b[39m\n                  \u001b[36m>\u001b[39m\n                    \u001b[36m<div\u001b[39m\n                      \u001b[33mclass\u001b[39m=\u001b[32m\"mt-0.5\"\u001b[39m\n                    \u001b[36m>\u001b[39m\n                      \u001b[36m<svg\u001b[39m\n                        \u001b[33mclass\u001b[39m=\u001b[32m\"lucide lucide-x h-5 w-5 text-red-600\"\u001b[39m\n                        \u001b[33mfill\u001b[39m=\u001b[32m\"none\"\u001b[39m\n                        \u001b[33mheight\u001b[39m=\u001b[32m\"24\"\u001b[39m\n                        \u001b[33mstroke\u001b[39m=\u001b[32m\"currentColor\"\u001b[39m\n                        \u001b[33mstroke-linecap\u001b[39m=\u001b[32m\"round\"\u001b[39m\n                        \u001b[33mstroke-linejoin\u001b[39m=\u001b[32m\"round\"\u001b[39m\n                        \u001b[33mstroke-width\u001b[39m=\u001b[32m\"2\"\u001b[39m\n                        \u001b[33mviewBox\u001b[39m=\u001b[32m\"0 0 24 24\"\u001b[39m\n                        \u001b[33mwidth\u001b[39m=\u001b[32m\"24\"\u001b[39m\n                        \u001b[33mxmlns\u001b[39m=\u001b[32m\"http://www.w3.org/2000/svg\"\u001b[39m\n                      \u001b[36m>\u001b[39m\n                        \u001b[36m<path\u001b[39m\n                          \u001b[33md\u001b[39m=\u001b[32m\"M18 6 6 18\"\u001b[39m\n                        \u001b[36m/>\u001b[39m\n                        \u001b[36m<path\u001b[39m\n                          \u001b[33md\u001b[39m=\u001b[32m\"m6 6 12 12\"\u001b[39m\n                        \u001b[36m/>\u001b[39m\n                      \u001b[36m</svg>\u001b[39m\n                    \u001b[36m</div>\u001b[39m\n                    \u001b[36m<div>\u001b[39m\n                      \u001b[36m<p\u001b[39m\n                        \u001b[33mclass\u001b[39m=\u001b[32m\"font-medium\"\u001b[39m\n                      \u001b[36m>\u001b[39m\n                        \u001b[0mQuestion \u001b[0m\n                        \u001b[0m3\u001b[0m\n                      \u001b[36m</p>\u001b[39m\n                      \u001b[36m<p\u001b[39m\n                        \u001b[33mclass\u001b[39m=\u001b[32m\"text-sm mt-1\"\u001b[39m\n                      \u001b[36m>\u001b[39m\n                        \u001b[0mWrite a CSS selector for all paragraph elements\u001b[0m\n                      \u001b[36m</p>\u001b[39m\n                      \u001b[36m<div\u001b[39m\n                        \u001b[33mclass\u001b[39m=\u001b[32m\"mt-2 text-sm\"\u001b[39m\n                      \u001b[36m>\u001b[39m\n                        \u001b[36m<div\u001b[39m\n                          \u001b[33mclass\u001b[39m=\u001b[32m\"flex flex-col gap-1\"\u001b[39m\n                        \u001b[36m>\u001b[39m\n                          \u001b[36m<div>\u001b[39m\n                            \u001b[36m<span\u001b[39m\n                              \u001b[33mclass\u001b[39m=\u001b[32m\"font-medium\"\u001b[39m\n                            \u001b[36m>\u001b[39m\n                              \u001b[0mYour answer: \u001b[0m\n                            \u001b[36m</span>\u001b[39m\n                            \u001b[36m<span\u001b[39m\n                              \u001b[33mclass\u001b[39m=\u001b[32m\"text-red-600\"\u001b[39m\n                            \u001b[36m>\u001b[39m\n                              \u001b[0mconsole.log(\"test\");\u001b[0m\n                            \u001b[36m</span>\u001b[39m\n                          \u001b[36m</div>\u001b[39m\n                          \u001b[36m<div>\u001b[39m\n                            \u001b[36m<span\u001b[39m\n                              \u001b[33mclass\u001b[39m=\u001b[32m\"font-medium\"\u001b[39m\n                            \u001b[36m>\u001b[39m\n                              \u001b[0mCorrect answer: \u001b[0m\n                            \u001b[36m</span>\u001b[39m\n                            \u001b[36m<span\u001b[39m\n                              \u001b[33mclass\u001b[39m=\u001b[32m\"text-green-600\"\u001b[39m\n                            \u001b[36m>\u001b[39m\n                              \u001b[0mp\u001b[0m\n                            \u001b[36m</span>\u001b[39m\n                          \u001b[36m</div>\u001b[39m\n                        \u001b[36m</div>\u001b[39m\n                      \u001b[36m</div>\u001b[39m\n                    \u001b[36m</div>\u001b[39m\n                  \u001b[36m</div>\u001b[39m\n                \u001b[36m</div>\u001b[39m\n              \u001b[36m</div>\u001b[39m\n            \u001b[36m</div>\u001b[39m\n            \u001b[36m<div\u001b[39m\n              \u001b[33mclass\u001b[39m=\u001b[32m\"items-center p-6 flex justify-between space-x-4 border-t pt-6\"\u001b[39m\n            \u001b[36m>\u001b[39m\n              \u001b[36m<button\u001b[39m\n                \u001b[33mclass\u001b[39m=\u001b[32m\"justify-center whitespace-nowrap rounded-md text-sm font-medium ring-offset-background transition-colors focus-visible:outline-none focus-visible:ring-2 focus-visible:ring-ring focus-visible:ring-offset-2 disabled:pointer-events-none disabled:opacity-50 [&_svg]:pointer-events-none [&_svg]:size-4 [&_svg]:shrink-0 border border-input bg-background hover:bg-accent hover:text-accent-foreground h-10 px-4 py-2 flex items-center gap-2\"\u001b[39m\n                \u001b[33mdata-testid\u001b[39m=\u001b[32m\"cancel-submit\"\u001b[39m\n              \u001b[36m>\u001b[39m\n                \u001b[36m<svg\u001b[39m\n                  \u001b[33mclass\u001b[39m=\u001b[32m\"lucide lucide-arrow-left h-4 w-4\"\u001b[39m\n                  \u001b[33mfill\u001b[39m=\u001b[32m\"none\"\u001b[39m\n                  \u001b[33mheight\u001b[39m=\u001b[32m\"24\"\u001b[39m\n                  \u001b[33mstroke\u001b[39m=\u001b[32m\"currentColor\"\u001b[39m\n                  \u001b[33mstroke-linecap\u001b[39m=\u001b[32m\"round\"\u001b[39m\n                  \u001b[33mstroke-linejoin\u001b[39m=\u001b[32m\"round\"\u001b[39m\n                  \u001b[33mstroke-width\u001b[39m=\u001b[32m\"2\"\u001b[39m\n                  \u001b[33mviewBox\u001b[39m=\u001b[32m\"0 0 24 24\"\u001b[39m\n                  \u001b[33mwidth\u001b[39m=\u001b[32m\"24\"\u001b[39m\n                  \u001b[33mxmlns\u001b[39m=\u001b[32m\"http://www.w3.org/2000/svg\"\u001b[39m\n                \u001b[36m>\u001b[39m\n                  \u001b[36m<path\u001b[39m\n                    \u001b[33md\u001b[39m=\u001b[32m\"m12 19-7-7 7-7\"\u001b[39m\n                  \u001b[36m/>\u001b[39m\n                  \u001b[36m<path\u001b[39m\n                    \u001b[33md\u001b[39m=\u001b[32m\"M19 12H5\"\u001b[39m\n                  \u001b[36m/>\u001b[39m\n                \u001b[36m</svg>\u001b[39m\n                \u001b[36m<span>\u001b[39m\n                  \u001b[0mGo Back\u001b[0m\n                \u001b[36m</span>\u001b[39m\n              \u001b[36m</button>\u001b[39m\n              \u001b[36m<button\u001b[39m\n                \u001b[33mclass\u001b[39m=\u001b[32m\"justify-center whitespace-nowrap rounded-md text-sm font-medium ring-offset-background transition-colors focus-visible:outline-none focus-visible:ring-2 focus-visible:ring-ring focus-visible:ring-offset-2 disabled:pointer-events-none disabled:opacity-50 [&_svg]:pointer-events-none [&_svg]:size-4 [&_svg]:shrink-0 bg-primary text-primary-foreground hover:bg-primary/90 h-10 px-4 py-2 flex items-center gap-2\"\u001b[39m\n                \u001b[33mdata-testid\u001b[39m=\u001b[32m\"submit-results\"\u001b[39m\n              \u001b[36m>\u001b[39m\n                \u001b[36m<svg\u001b[39m\n                  \u001b[33mclass\u001b[39m=\u001b[32m\"lucide lucide-send h-4 w-4\"\u001b[39m\n                  \u001b[33mfill\u001b[39m=\u001b[32m\"none\"\u001b[39m\n                  \u001b[33mheight\u001b[39m=\u001b[32m\"24\"\u001b[39m\n                  \u001b[33mstroke\u001b[39m=\u001b[32m\"currentColor\"\u001b[39m\n                  \u001b[33mstroke-linecap\u001b[39m=\u001b[32m\"round\"\u001b[39m\n                  \u001b[33mstroke-linejoin\u001b[39m=\u001b[32m\"round\"\u001b[39m\n                  \u001b[33mstroke-width\u001b[39m=\u001b[32m\"2\"\u001b[39m\n                  \u001b[33mviewBox\u001b[39m=\u001b[32m\"0 0 24 24\"\u001b[39m\n                  \u001b[33mwidth\u001b[39m=\u001b[32m\"24\"\u001b[39m\n                  \u001b[33mxmlns\u001b[39m=\u001b[32m\"http://www.w3.org/2000/svg\"\u001b[39m\n                \u001b[36m>\u001b[39m\n                  \u001b[36m<path\u001b[39m\n                    \u001b[33md\u001b[39m=\u001b[32m\"M14.536 21.686a.5.5 0 0 0 .937-.024l6.5-19a.496.496 0 0 0-.635-.635l-19 6.5a.5.5 0 0 0-.024.937l7.93 3.18a2 2 0 0 1 1.112 1.11z\"\u001b[39m\n                  \u001b[36m/>\u001b[39m\n                  \u001b[36m<path\u001b[39m\n                    \u001b[33md\u001b[39m=\u001b[32m\"m21.854 2.147-10.94 10.939\"\u001b[39m\n                  \u001b[36m/>\u001b[39m\n                \u001b[36m</svg>\u001b[39m\n                \u001b[36m<span>\u001b[39m\n                  \u001b[0mSubmit Results\u001b[0m\n                \u001b[36m</span>\u001b[39m\n              \u001b[36m</button>\u001b[39m\n            \u001b[36m</div>\u001b[39m\n          \u001b[36m</div>\u001b[39m\n        \u001b[36m</div>\u001b[39m\n      \u001b[36m</body>\u001b[39m\n    \u001b[36m</html>\u001b[39m\n\u001b[2m\u001b[22m\n\u001b[2m    \u001b[0m \u001b[90m 174 |\u001b[39m     \u001b[90m// First, verify that the navigation.next function was called\u001b[39m\u001b[22m\n\u001b[2m     \u001b[90m 175 |\u001b[39m     \u001b[36mawait\u001b[39m waitFor(() \u001b[33m=>\u001b[39m {\u001b[22m\n\u001b[2m    \u001b[31m\u001b[1m>\u001b[22m\u001b[2m\u001b[39m\u001b[90m 176 |\u001b[39m       expect(nextMock)\u001b[33m.\u001b[39mtoHaveBeenCalled()\u001b[33m;\u001b[39m\u001b[22m\n\u001b[2m     \u001b[90m     |\u001b[39m                        \u001b[31m\u001b[1m^\u001b[22m\u001b[2m\u001b[39m\u001b[22m\n\u001b[2m     \u001b[90m 177 |\u001b[39m     })\u001b[33m;\u001b[39m\u001b[22m\n\u001b[2m     \u001b[90m 178 |\u001b[39m     \u001b[22m\n\u001b[2m     \u001b[90m 179 |\u001b[39m     \u001b[90m// Then specifically force the submission to happen\u001b[39m\u001b[0m\u001b[22m\n\u001b[2m\u001b[22m\n\u001b[2m      \u001b[2mat toHaveBeenCalled (\u001b[22m\u001b[2m\u001b[0m\u001b[36m__tests__/components/code/CodeQuizWrapper.test.tsx\u001b[39m\u001b[0m\u001b[2m:176:24)\u001b[22m\u001b[2m\u001b[22m\n\u001b[2m      \u001b[2mat runWithExpensiveErrorDiagnosticsDisabled (\u001b[22m\u001b[2mnode_modules/@testing-library/dom/dist/config.js\u001b[2m:47:12)\u001b[22m\u001b[2m\u001b[22m\n\u001b[2m      \u001b[2mat checkCallback (\u001b[22m\u001b[2mnode_modules/@testing-library/dom/dist/wait-for.js\u001b[2m:124:77)\u001b[22m\u001b[2m\u001b[22m\n\u001b[2m      \u001b[2mat checkRealTimersCallback (\u001b[22m\u001b[2mnode_modules/@testing-library/dom/dist/wait-for.js\u001b[2m:118:16)\u001b[22m\u001b[2m\u001b[22m\n"
    }
  ],
  "wasInterrupted": false
}