{
  "numFailedTestSuites": 0,
  "numFailedTests": 0,
  "numPassedTestSuites": 1,
  "numPassedTests": 6,
  "numPendingTestSuites": 0,
  "numPendingTests": 0,
  "numRuntimeErrorTestSuites": 0,
  "numTodoTests": 0,
  "numTotalTestSuites": 1,
  "numTotalTests": 6,
  "openHandles": [],
  "snapshot": {
    "added": 0,
    "didUpdate": false,
    "failure": false,
    "filesAdded": 0,
    "filesRemoved": 0,
    "filesRemovedList": [],
    "filesUnmatched": 0,
    "filesUpdated": 0,
    "matched": 0,
    "total": 0,
    "unchecked": 0,
    "uncheckedKeysByFile": [],
    "unmatched": 0,
    "updated": 0
  },
  "startTime": 1747564449679,
  "success": false,
  "testResults": [
    {
      "leaks": false,
      "numFailingTests": 0,
      "numPassingTests": 6,
      "numPendingTests": 0,
      "numTodoTests": 0,
      "openHandles": [],
      "perfStats": {
        "end": 1747564453066,
        "runtime": 775,
        "slow": false,
        "start": 1747564452291
      },
      "skipped": false,
      "snapshot": {
        "added": 0,
        "fileDeleted": false,
        "matched": 0,
        "unchecked": 0,
        "uncheckedKeys": [],
        "unmatched": 0,
        "updated": 0
      },
      "testFilePath": "C:\\Work\\Projects\\ai-learning\\__tests__\\utils\\quiz-submission-utils.test.ts",
      "testResults": [
        {
          "ancestorTitles": [
            "Quiz Submission Utilities",
            "prepareSubmissionPayload"
          ],
          "duration": 3,
          "failureDetails": [],
          "failureMessages": [],
          "fullName": "Quiz Submission Utilities prepareSubmissionPayload should prepare a valid MCQ payload with all required fields",
          "invocations": 1,
          "location": null,
          "numPassingAsserts": 1,
          "retryReasons": [],
          "status": "passed",
          "title": "should prepare a valid MCQ payload with all required fields"
        },
        {
          "ancestorTitles": [
            "Quiz Submission Utilities",
            "prepareSubmissionPayload"
          ],
          "duration": 0,
          "failureDetails": [],
          "failureMessages": [],
          "fullName": "Quiz Submission Utilities prepareSubmissionPayload should prepare a valid CODE payload with all required fields",
          "invocations": 1,
          "location": null,
          "numPassingAsserts": 1,
          "retryReasons": [],
          "status": "passed",
          "title": "should prepare a valid CODE payload with all required fields"
        },
        {
          "ancestorTitles": [
            "Quiz Submission Utilities",
            "prepareSubmissionPayload"
          ],
          "duration": 1,
          "failureDetails": [],
          "failureMessages": [],
          "fullName": "Quiz Submission Utilities prepareSubmissionPayload should handle missing isCorrect property gracefully",
          "invocations": 1,
          "location": null,
          "numPassingAsserts": 1,
          "retryReasons": [],
          "status": "passed",
          "title": "should handle missing isCorrect property gracefully"
        },
        {
          "ancestorTitles": [
            "Quiz Submission Utilities",
            "prepareSubmissionPayload"
          ],
          "duration": 1,
          "failureDetails": [],
          "failureMessages": [],
          "fullName": "Quiz Submission Utilities prepareSubmissionPayload should calculate score based on correct answers",
          "invocations": 1,
          "location": null,
          "numPassingAsserts": 3,
          "retryReasons": [],
          "status": "passed",
          "title": "should calculate score based on correct answers"
        },
        {
          "ancestorTitles": [
            "Quiz Submission Utilities",
            "validateQuizSubmission"
          ],
          "duration": 0,
          "failureDetails": [],
          "failureMessages": [],
          "fullName": "Quiz Submission Utilities validateQuizSubmission should validate a proper submission payload",
          "invocations": 1,
          "location": null,
          "numPassingAsserts": 1,
          "retryReasons": [],
          "status": "passed",
          "title": "should validate a proper submission payload"
        },
        {
          "ancestorTitles": [
            "Quiz Submission Utilities",
            "validateQuizSubmission"
          ],
          "duration": 0,
          "failureDetails": [],
          "failureMessages": [],
          "fullName": "Quiz Submission Utilities validateQuizSubmission should reject invalid submission payloads",
          "invocations": 1,
          "location": null,
          "numPassingAsserts": 3,
          "retryReasons": [],
          "status": "passed",
          "title": "should reject invalid submission payloads"
        }
      ],
      "failureMessage": null
    }
  ],
  "wasInterrupted": false
}