{
  "numFailedTestSuites": 6,
  "numFailedTests": 19,
  "numPassedTestSuites": 12,
  "numPassedTests": 93,
  "numPendingTestSuites": 0,
  "numPendingTests": 1,
  "numRuntimeErrorTestSuites": 0,
  "numTodoTests": 0,
  "numTotalTestSuites": 18,
  "numTotalTests": 113,
  "openHandles": [],
  "snapshot": {
    "added": 0,
    "didUpdate": false,
    "failure": false,
    "filesAdded": 0,
    "filesRemoved": 0,
    "filesRemovedList": [],
    "filesUnmatched": 0,
    "filesUpdated": 0,
    "matched": 0,
    "total": 0,
    "unchecked": 0,
    "uncheckedKeysByFile": [],
    "unmatched": 0,
    "updated": 0
  },
  "startTime": 1747998790827,
  "success": false,
  "testResults": [
    {
      "leaks": false,
      "numFailingTests": 5,
      "numPassingTests": 1,
      "numPendingTests": 0,
      "numTodoTests": 0,
      "openHandles": [],
      "perfStats": {
        "end": 1747998831774,
        "runtime": 16068,
        "slow": true,
        "start": 1747998815706
      },
      "skipped": false,
      "snapshot": {
        "added": 0,
        "fileDeleted": false,
        "matched": 0,
        "unchecked": 0,
        "uncheckedKeys": [],
        "unmatched": 0,
        "updated": 0
      },
      "testFilePath": "C:\\Work\\Projects\\ai-learning\\__tests__\\utils\\quiz-submission-utils.test.ts",
      "testResults": [
        {
          "ancestorTitles": [
            "Quiz Submission Utilities",
            "prepareSubmissionPayload"
          ],
          "duration": 77,
          "failureDetails": [
            {
              "matcherResult": {
                "actual": {
                  "slug": "test-mcq-quiz",
                  "type": "mcq",
                  "answers": [],
                  "score": 0,
                  "totalQuestions": 0,
                  "totalTime": 600,
                  "correctAnswers": 0
                },
                "expected": {
                  "quizId": "quiz-123",
                  "slug": "test-mcq-quiz",
                  "type": "mcq",
                  "answers": [
                    {
                      "questionId": "q1",
                      "answer": "Option A",
                      "isCorrect": true,
                      "timeSpent": 30
                    },
                    {
                      "questionId": "q2",
                      "answer": "Option B",
                      "isCorrect": false,
                      "timeSpent": 45
                    },
                    {
                      "questionId": "q3",
                      "answer": "Option C",
                      "isCorrect": true,
                      "timeSpent": 25
                    }
                  ],
                  "score": 2,
                  "totalTime": 100,
                  "totalQuestions": 3,
                  "correctAnswers": 2
                },
                "message": "\u001b[2mexpect(\u001b[22m\u001b[31mreceived\u001b[39m\u001b[2m).\u001b[22mtoEqual\u001b[2m(\u001b[22m\u001b[32mexpected\u001b[39m\u001b[2m) // deep equality\u001b[22m\n\n\u001b[32m- Expected  - 25\u001b[39m\n\u001b[31m+ Received  +  6\u001b[39m\n\n\u001b[2m  Object {\u001b[22m\n\u001b[32m-   \"answers\": Array [\u001b[39m\n\u001b[32m-     Object {\u001b[39m\n\u001b[32m-       \"answer\": \"Option A\",\u001b[39m\n\u001b[32m-       \"isCorrect\": true,\u001b[39m\n\u001b[32m-       \"questionId\": \"q1\",\u001b[39m\n\u001b[32m-       \"timeSpent\": 30,\u001b[39m\n\u001b[32m-     },\u001b[39m\n\u001b[32m-     Object {\u001b[39m\n\u001b[32m-       \"answer\": \"Option B\",\u001b[39m\n\u001b[32m-       \"isCorrect\": false,\u001b[39m\n\u001b[32m-       \"questionId\": \"q2\",\u001b[39m\n\u001b[32m-       \"timeSpent\": 45,\u001b[39m\n\u001b[32m-     },\u001b[39m\n\u001b[32m-     Object {\u001b[39m\n\u001b[32m-       \"answer\": \"Option C\",\u001b[39m\n\u001b[32m-       \"isCorrect\": true,\u001b[39m\n\u001b[32m-       \"questionId\": \"q3\",\u001b[39m\n\u001b[32m-       \"timeSpent\": 25,\u001b[39m\n\u001b[32m-     },\u001b[39m\n\u001b[32m-   ],\u001b[39m\n\u001b[32m-   \"correctAnswers\": 2,\u001b[39m\n\u001b[32m-   \"quizId\": \"quiz-123\",\u001b[39m\n\u001b[32m-   \"score\": 2,\u001b[39m\n\u001b[31m+   \"answers\": Array [],\u001b[39m\n\u001b[31m+   \"correctAnswers\": 0,\u001b[39m\n\u001b[31m+   \"quizId\": undefined,\u001b[39m\n\u001b[31m+   \"score\": 0,\u001b[39m\n\u001b[2m    \"slug\": \"test-mcq-quiz\",\u001b[22m\n\u001b[32m-   \"totalQuestions\": 3,\u001b[39m\n\u001b[32m-   \"totalTime\": 100,\u001b[39m\n\u001b[31m+   \"totalQuestions\": 0,\u001b[39m\n\u001b[31m+   \"totalTime\": 600,\u001b[39m\n\u001b[2m    \"type\": \"mcq\",\u001b[22m\n\u001b[2m  }\u001b[22m",
                "name": "toEqual",
                "pass": false
              }
            }
          ],
          "failureMessages": [
            "Error: \u001b[2mexpect(\u001b[22m\u001b[31mreceived\u001b[39m\u001b[2m).\u001b[22mtoEqual\u001b[2m(\u001b[22m\u001b[32mexpected\u001b[39m\u001b[2m) // deep equality\u001b[22m\n\n\u001b[32m- Expected  - 25\u001b[39m\n\u001b[31m+ Received  +  6\u001b[39m\n\n\u001b[2m  Object {\u001b[22m\n\u001b[32m-   \"answers\": Array [\u001b[39m\n\u001b[32m-     Object {\u001b[39m\n\u001b[32m-       \"answer\": \"Option A\",\u001b[39m\n\u001b[32m-       \"isCorrect\": true,\u001b[39m\n\u001b[32m-       \"questionId\": \"q1\",\u001b[39m\n\u001b[32m-       \"timeSpent\": 30,\u001b[39m\n\u001b[32m-     },\u001b[39m\n\u001b[32m-     Object {\u001b[39m\n\u001b[32m-       \"answer\": \"Option B\",\u001b[39m\n\u001b[32m-       \"isCorrect\": false,\u001b[39m\n\u001b[32m-       \"questionId\": \"q2\",\u001b[39m\n\u001b[32m-       \"timeSpent\": 45,\u001b[39m\n\u001b[32m-     },\u001b[39m\n\u001b[32m-     Object {\u001b[39m\n\u001b[32m-       \"answer\": \"Option C\",\u001b[39m\n\u001b[32m-       \"isCorrect\": true,\u001b[39m\n\u001b[32m-       \"questionId\": \"q3\",\u001b[39m\n\u001b[32m-       \"timeSpent\": 25,\u001b[39m\n\u001b[32m-     },\u001b[39m\n\u001b[32m-   ],\u001b[39m\n\u001b[32m-   \"correctAnswers\": 2,\u001b[39m\n\u001b[32m-   \"quizId\": \"quiz-123\",\u001b[39m\n\u001b[32m-   \"score\": 2,\u001b[39m\n\u001b[31m+   \"answers\": Array [],\u001b[39m\n\u001b[31m+   \"correctAnswers\": 0,\u001b[39m\n\u001b[31m+   \"quizId\": undefined,\u001b[39m\n\u001b[31m+   \"score\": 0,\u001b[39m\n\u001b[2m    \"slug\": \"test-mcq-quiz\",\u001b[22m\n\u001b[32m-   \"totalQuestions\": 3,\u001b[39m\n\u001b[32m-   \"totalTime\": 100,\u001b[39m\n\u001b[31m+   \"totalQuestions\": 0,\u001b[39m\n\u001b[31m+   \"totalTime\": 600,\u001b[39m\n\u001b[2m    \"type\": \"mcq\",\u001b[22m\n\u001b[2m  }\u001b[22m\n    at Object.toEqual (C:\\Work\\Projects\\ai-learning\\__tests__\\utils\\quiz-submission-utils.test.ts:26:22)\n    at Promise.then.completed (C:\\Work\\Projects\\ai-learning\\node_modules\\jest-circus\\build\\utils.js:298:28)\n    at new Promise (<anonymous>)\n    at callAsyncCircusFn (C:\\Work\\Projects\\ai-learning\\node_modules\\jest-circus\\build\\utils.js:231:10)\n    at _callCircusTest (C:\\Work\\Projects\\ai-learning\\node_modules\\jest-circus\\build\\run.js:316:40)\n    at processTicksAndRejections (node:internal/process/task_queues:105:5)\n    at _runTest (C:\\Work\\Projects\\ai-learning\\node_modules\\jest-circus\\build\\run.js:252:3)\n    at _runTestsForDescribeBlock (C:\\Work\\Projects\\ai-learning\\node_modules\\jest-circus\\build\\run.js:126:9)\n    at _runTestsForDescribeBlock (C:\\Work\\Projects\\ai-learning\\node_modules\\jest-circus\\build\\run.js:121:9)\n    at _runTestsForDescribeBlock (C:\\Work\\Projects\\ai-learning\\node_modules\\jest-circus\\build\\run.js:121:9)\n    at run (C:\\Work\\Projects\\ai-learning\\node_modules\\jest-circus\\build\\run.js:71:3)\n    at runAndTransformResultsToJestFormat (C:\\Work\\Projects\\ai-learning\\node_modules\\jest-circus\\build\\legacy-code-todo-rewrite\\jestAdapterInit.js:122:21)\n    at jestAdapter (C:\\Work\\Projects\\ai-learning\\node_modules\\jest-circus\\build\\legacy-code-todo-rewrite\\jestAdapter.js:79:19)\n    at runTestInternal (C:\\Work\\Projects\\ai-learning\\node_modules\\jest-runner\\build\\runTest.js:367:16)\n    at runTest (C:\\Work\\Projects\\ai-learning\\node_modules\\jest-runner\\build\\runTest.js:444:34)\n    at Object.worker (C:\\Work\\Projects\\ai-learning\\node_modules\\jest-runner\\build\\testWorker.js:106:12)"
          ],
          "fullName": "Quiz Submission Utilities prepareSubmissionPayload should prepare a valid MCQ payload with all required fields",
          "invocations": 1,
          "location": null,
          "numPassingAsserts": 0,
          "retryReasons": [],
          "status": "failed",
          "title": "should prepare a valid MCQ payload with all required fields"
        },
        {
          "ancestorTitles": [
            "Quiz Submission Utilities",
            "prepareSubmissionPayload"
          ],
          "duration": 8,
          "failureDetails": [
            {
              "matcherResult": {
                "actual": {
                  "slug": "test-code-quiz",
                  "type": "code",
                  "answers": [],
                  "score": 0,
                  "totalQuestions": 0,
                  "totalTime": 600,
                  "correctAnswers": 0
                },
                "expected": {
                  "quizId": "quiz-456",
                  "slug": "test-code-quiz",
                  "type": "code",
                  "answers": [
                    {
                      "questionId": "q1",
                      "answer": "console.log(\"test\");",
                      "isCorrect": true,
                      "timeSpent": 60
                    },
                    {
                      "questionId": "q2",
                      "answer": "const x = 10;",
                      "isCorrect": true,
                      "timeSpent": 90
                    }
                  ],
                  "score": 2,
                  "totalTime": 150,
                  "totalQuestions": 2,
                  "correctAnswers": 2
                },
                "message": "\u001b[2mexpect(\u001b[22m\u001b[31mreceived\u001b[39m\u001b[2m).\u001b[22mtoEqual\u001b[2m(\u001b[22m\u001b[32mexpected\u001b[39m\u001b[2m) // deep equality\u001b[22m\n\n\u001b[32m- Expected  - 19\u001b[39m\n\u001b[31m+ Received  +  6\u001b[39m\n\n\u001b[2m  Object {\u001b[22m\n\u001b[32m-   \"answers\": Array [\u001b[39m\n\u001b[32m-     Object {\u001b[39m\n\u001b[32m-       \"answer\": \"console.log(\\\"test\\\");\",\u001b[39m\n\u001b[32m-       \"isCorrect\": true,\u001b[39m\n\u001b[32m-       \"questionId\": \"q1\",\u001b[39m\n\u001b[32m-       \"timeSpent\": 60,\u001b[39m\n\u001b[32m-     },\u001b[39m\n\u001b[32m-     Object {\u001b[39m\n\u001b[32m-       \"answer\": \"const x = 10;\",\u001b[39m\n\u001b[32m-       \"isCorrect\": true,\u001b[39m\n\u001b[32m-       \"questionId\": \"q2\",\u001b[39m\n\u001b[32m-       \"timeSpent\": 90,\u001b[39m\n\u001b[32m-     },\u001b[39m\n\u001b[32m-   ],\u001b[39m\n\u001b[32m-   \"correctAnswers\": 2,\u001b[39m\n\u001b[32m-   \"quizId\": \"quiz-456\",\u001b[39m\n\u001b[32m-   \"score\": 2,\u001b[39m\n\u001b[31m+   \"answers\": Array [],\u001b[39m\n\u001b[31m+   \"correctAnswers\": 0,\u001b[39m\n\u001b[31m+   \"quizId\": undefined,\u001b[39m\n\u001b[31m+   \"score\": 0,\u001b[39m\n\u001b[2m    \"slug\": \"test-code-quiz\",\u001b[22m\n\u001b[32m-   \"totalQuestions\": 2,\u001b[39m\n\u001b[32m-   \"totalTime\": 150,\u001b[39m\n\u001b[31m+   \"totalQuestions\": 0,\u001b[39m\n\u001b[31m+   \"totalTime\": 600,\u001b[39m\n\u001b[2m    \"type\": \"code\",\u001b[22m\n\u001b[2m  }\u001b[22m",
                "name": "toEqual",
                "pass": false
              }
            }
          ],
          "failureMessages": [
            "Error: \u001b[2mexpect(\u001b[22m\u001b[31mreceived\u001b[39m\u001b[2m).\u001b[22mtoEqual\u001b[2m(\u001b[22m\u001b[32mexpected\u001b[39m\u001b[2m) // deep equality\u001b[22m\n\n\u001b[32m- Expected  - 19\u001b[39m\n\u001b[31m+ Received  +  6\u001b[39m\n\n\u001b[2m  Object {\u001b[22m\n\u001b[32m-   \"answers\": Array [\u001b[39m\n\u001b[32m-     Object {\u001b[39m\n\u001b[32m-       \"answer\": \"console.log(\\\"test\\\");\",\u001b[39m\n\u001b[32m-       \"isCorrect\": true,\u001b[39m\n\u001b[32m-       \"questionId\": \"q1\",\u001b[39m\n\u001b[32m-       \"timeSpent\": 60,\u001b[39m\n\u001b[32m-     },\u001b[39m\n\u001b[32m-     Object {\u001b[39m\n\u001b[32m-       \"answer\": \"const x = 10;\",\u001b[39m\n\u001b[32m-       \"isCorrect\": true,\u001b[39m\n\u001b[32m-       \"questionId\": \"q2\",\u001b[39m\n\u001b[32m-       \"timeSpent\": 90,\u001b[39m\n\u001b[32m-     },\u001b[39m\n\u001b[32m-   ],\u001b[39m\n\u001b[32m-   \"correctAnswers\": 2,\u001b[39m\n\u001b[32m-   \"quizId\": \"quiz-456\",\u001b[39m\n\u001b[32m-   \"score\": 2,\u001b[39m\n\u001b[31m+   \"answers\": Array [],\u001b[39m\n\u001b[31m+   \"correctAnswers\": 0,\u001b[39m\n\u001b[31m+   \"quizId\": undefined,\u001b[39m\n\u001b[31m+   \"score\": 0,\u001b[39m\n\u001b[2m    \"slug\": \"test-code-quiz\",\u001b[22m\n\u001b[32m-   \"totalQuestions\": 2,\u001b[39m\n\u001b[32m-   \"totalTime\": 150,\u001b[39m\n\u001b[31m+   \"totalQuestions\": 0,\u001b[39m\n\u001b[31m+   \"totalTime\": 600,\u001b[39m\n\u001b[2m    \"type\": \"code\",\u001b[22m\n\u001b[2m  }\u001b[22m\n    at Object.toEqual (C:\\Work\\Projects\\ai-learning\\__tests__\\utils\\quiz-submission-utils.test.ts:57:22)\n    at Promise.then.completed (C:\\Work\\Projects\\ai-learning\\node_modules\\jest-circus\\build\\utils.js:298:28)\n    at new Promise (<anonymous>)\n    at callAsyncCircusFn (C:\\Work\\Projects\\ai-learning\\node_modules\\jest-circus\\build\\utils.js:231:10)\n    at _callCircusTest (C:\\Work\\Projects\\ai-learning\\node_modules\\jest-circus\\build\\run.js:316:40)\n    at processTicksAndRejections (node:internal/process/task_queues:105:5)\n    at _runTest (C:\\Work\\Projects\\ai-learning\\node_modules\\jest-circus\\build\\run.js:252:3)\n    at _runTestsForDescribeBlock (C:\\Work\\Projects\\ai-learning\\node_modules\\jest-circus\\build\\run.js:126:9)\n    at _runTestsForDescribeBlock (C:\\Work\\Projects\\ai-learning\\node_modules\\jest-circus\\build\\run.js:121:9)\n    at _runTestsForDescribeBlock (C:\\Work\\Projects\\ai-learning\\node_modules\\jest-circus\\build\\run.js:121:9)\n    at run (C:\\Work\\Projects\\ai-learning\\node_modules\\jest-circus\\build\\run.js:71:3)\n    at runAndTransformResultsToJestFormat (C:\\Work\\Projects\\ai-learning\\node_modules\\jest-circus\\build\\legacy-code-todo-rewrite\\jestAdapterInit.js:122:21)\n    at jestAdapter (C:\\Work\\Projects\\ai-learning\\node_modules\\jest-circus\\build\\legacy-code-todo-rewrite\\jestAdapter.js:79:19)\n    at runTestInternal (C:\\Work\\Projects\\ai-learning\\node_modules\\jest-runner\\build\\runTest.js:367:16)\n    at runTest (C:\\Work\\Projects\\ai-learning\\node_modules\\jest-runner\\build\\runTest.js:444:34)\n    at Object.worker (C:\\Work\\Projects\\ai-learning\\node_modules\\jest-runner\\build\\testWorker.js:106:12)"
          ],
          "fullName": "Quiz Submission Utilities prepareSubmissionPayload should prepare a valid CODE payload with all required fields",
          "invocations": 1,
          "location": null,
          "numPassingAsserts": 0,
          "retryReasons": [],
          "status": "failed",
          "title": "should prepare a valid CODE payload with all required fields"
        },
        {
          "ancestorTitles": [
            "Quiz Submission Utilities",
            "prepareSubmissionPayload"
          ],
          "duration": 19,
          "failureDetails": [
            {
              "matcherResult": {
                "actual": {
                  "slug": "test-mixed-quiz",
                  "type": "mcq",
                  "answers": [],
                  "score": 0,
                  "totalQuestions": 0,
                  "totalTime": 600,
                  "correctAnswers": 0
                },
                "expected": {
                  "quizId": "quiz-789",
                  "slug": "test-mixed-quiz",
                  "type": "mcq",
                  "answers": {
                    "sample": [
                      {
                        "sample": {
                          "questionId": "q1",
                          "answer": "Option A"
                        },
                        "inverse": false
                      },
                      {
                        "sample": {
                          "questionId": "q2",
                          "answer": "Option B",
                          "isCorrect": false
                        },
                        "inverse": false
                      },
                      {
                        "sample": {
                          "questionId": "q3",
                          "answer": "Option C",
                          "isCorrect": true
                        },
                        "inverse": false
                      }
                    ],
                    "inverse": false
                  },
                  "score": 1,
                  "totalTime": 100,
                  "totalQuestions": 3,
                  "correctAnswers": 1
                },
                "message": "\u001b[2mexpect(\u001b[22m\u001b[31mreceived\u001b[39m\u001b[2m).\u001b[22mtoEqual\u001b[2m(\u001b[22m\u001b[32mexpected\u001b[39m\u001b[2m) // deep equality\u001b[22m\n\n\u001b[32m- Expected  - 21\u001b[39m\n\u001b[31m+ Received  +  6\u001b[39m\n\n\u001b[2m  Object {\u001b[22m\n\u001b[32m-   \"answers\": ArrayContaining [\u001b[39m\n\u001b[32m-     ObjectContaining {\u001b[39m\n\u001b[32m-       \"answer\": \"Option A\",\u001b[39m\n\u001b[32m-       \"questionId\": \"q1\",\u001b[39m\n\u001b[32m-     },\u001b[39m\n\u001b[32m-     ObjectContaining {\u001b[39m\n\u001b[32m-       \"answer\": \"Option B\",\u001b[39m\n\u001b[32m-       \"isCorrect\": false,\u001b[39m\n\u001b[32m-       \"questionId\": \"q2\",\u001b[39m\n\u001b[32m-     },\u001b[39m\n\u001b[32m-     ObjectContaining {\u001b[39m\n\u001b[32m-       \"answer\": \"Option C\",\u001b[39m\n\u001b[32m-       \"isCorrect\": true,\u001b[39m\n\u001b[32m-       \"questionId\": \"q3\",\u001b[39m\n\u001b[32m-     },\u001b[39m\n\u001b[32m-   ],\u001b[39m\n\u001b[32m-   \"correctAnswers\": 1,\u001b[39m\n\u001b[32m-   \"quizId\": \"quiz-789\",\u001b[39m\n\u001b[32m-   \"score\": 1,\u001b[39m\n\u001b[31m+   \"answers\": Array [],\u001b[39m\n\u001b[31m+   \"correctAnswers\": 0,\u001b[39m\n\u001b[31m+   \"quizId\": undefined,\u001b[39m\n\u001b[31m+   \"score\": 0,\u001b[39m\n\u001b[2m    \"slug\": \"test-mixed-quiz\",\u001b[22m\n\u001b[32m-   \"totalQuestions\": 3,\u001b[39m\n\u001b[32m-   \"totalTime\": 100,\u001b[39m\n\u001b[31m+   \"totalQuestions\": 0,\u001b[39m\n\u001b[31m+   \"totalTime\": 600,\u001b[39m\n\u001b[2m    \"type\": \"mcq\",\u001b[22m\n\u001b[2m  }\u001b[22m",
                "name": "toEqual",
                "pass": false
              }
            }
          ],
          "failureMessages": [
            "Error: \u001b[2mexpect(\u001b[22m\u001b[31mreceived\u001b[39m\u001b[2m).\u001b[22mtoEqual\u001b[2m(\u001b[22m\u001b[32mexpected\u001b[39m\u001b[2m) // deep equality\u001b[22m\n\n\u001b[32m- Expected  - 21\u001b[39m\n\u001b[31m+ Received  +  6\u001b[39m\n\n\u001b[2m  Object {\u001b[22m\n\u001b[32m-   \"answers\": ArrayContaining [\u001b[39m\n\u001b[32m-     ObjectContaining {\u001b[39m\n\u001b[32m-       \"answer\": \"Option A\",\u001b[39m\n\u001b[32m-       \"questionId\": \"q1\",\u001b[39m\n\u001b[32m-     },\u001b[39m\n\u001b[32m-     ObjectContaining {\u001b[39m\n\u001b[32m-       \"answer\": \"Option B\",\u001b[39m\n\u001b[32m-       \"isCorrect\": false,\u001b[39m\n\u001b[32m-       \"questionId\": \"q2\",\u001b[39m\n\u001b[32m-     },\u001b[39m\n\u001b[32m-     ObjectContaining {\u001b[39m\n\u001b[32m-       \"answer\": \"Option C\",\u001b[39m\n\u001b[32m-       \"isCorrect\": true,\u001b[39m\n\u001b[32m-       \"questionId\": \"q3\",\u001b[39m\n\u001b[32m-     },\u001b[39m\n\u001b[32m-   ],\u001b[39m\n\u001b[32m-   \"correctAnswers\": 1,\u001b[39m\n\u001b[32m-   \"quizId\": \"quiz-789\",\u001b[39m\n\u001b[32m-   \"score\": 1,\u001b[39m\n\u001b[31m+   \"answers\": Array [],\u001b[39m\n\u001b[31m+   \"correctAnswers\": 0,\u001b[39m\n\u001b[31m+   \"quizId\": undefined,\u001b[39m\n\u001b[31m+   \"score\": 0,\u001b[39m\n\u001b[2m    \"slug\": \"test-mixed-quiz\",\u001b[22m\n\u001b[32m-   \"totalQuestions\": 3,\u001b[39m\n\u001b[32m-   \"totalTime\": 100,\u001b[39m\n\u001b[31m+   \"totalQuestions\": 0,\u001b[39m\n\u001b[31m+   \"totalTime\": 600,\u001b[39m\n\u001b[2m    \"type\": \"mcq\",\u001b[22m\n\u001b[2m  }\u001b[22m\n    at Object.toEqual (C:\\Work\\Projects\\ai-learning\\__tests__\\utils\\quiz-submission-utils.test.ts:89:22)\n    at Promise.then.completed (C:\\Work\\Projects\\ai-learning\\node_modules\\jest-circus\\build\\utils.js:298:28)\n    at new Promise (<anonymous>)\n    at callAsyncCircusFn (C:\\Work\\Projects\\ai-learning\\node_modules\\jest-circus\\build\\utils.js:231:10)\n    at _callCircusTest (C:\\Work\\Projects\\ai-learning\\node_modules\\jest-circus\\build\\run.js:316:40)\n    at processTicksAndRejections (node:internal/process/task_queues:105:5)\n    at _runTest (C:\\Work\\Projects\\ai-learning\\node_modules\\jest-circus\\build\\run.js:252:3)\n    at _runTestsForDescribeBlock (C:\\Work\\Projects\\ai-learning\\node_modules\\jest-circus\\build\\run.js:126:9)\n    at _runTestsForDescribeBlock (C:\\Work\\Projects\\ai-learning\\node_modules\\jest-circus\\build\\run.js:121:9)\n    at _runTestsForDescribeBlock (C:\\Work\\Projects\\ai-learning\\node_modules\\jest-circus\\build\\run.js:121:9)\n    at run (C:\\Work\\Projects\\ai-learning\\node_modules\\jest-circus\\build\\run.js:71:3)\n    at runAndTransformResultsToJestFormat (C:\\Work\\Projects\\ai-learning\\node_modules\\jest-circus\\build\\legacy-code-todo-rewrite\\jestAdapterInit.js:122:21)\n    at jestAdapter (C:\\Work\\Projects\\ai-learning\\node_modules\\jest-circus\\build\\legacy-code-todo-rewrite\\jestAdapter.js:79:19)\n    at runTestInternal (C:\\Work\\Projects\\ai-learning\\node_modules\\jest-runner\\build\\runTest.js:367:16)\n    at runTest (C:\\Work\\Projects\\ai-learning\\node_modules\\jest-runner\\build\\runTest.js:444:34)\n    at Object.worker (C:\\Work\\Projects\\ai-learning\\node_modules\\jest-runner\\build\\testWorker.js:106:12)"
          ],
          "fullName": "Quiz Submission Utilities prepareSubmissionPayload should handle missing isCorrect property gracefully",
          "invocations": 1,
          "location": null,
          "numPassingAsserts": 0,
          "retryReasons": [],
          "status": "failed",
          "title": "should handle missing isCorrect property gracefully"
        },
        {
          "ancestorTitles": [
            "Quiz Submission Utilities",
            "prepareSubmissionPayload"
          ],
          "duration": 6,
          "failureDetails": [
            {
              "matcherResult": {
                "actual": 0,
                "expected": 3,
                "message": "\u001b[2mexpect(\u001b[22m\u001b[31mreceived\u001b[39m\u001b[2m).\u001b[22mtoBe\u001b[2m(\u001b[22m\u001b[32mexpected\u001b[39m\u001b[2m) // Object.is equality\u001b[22m\n\nExpected: \u001b[32m3\u001b[39m\nReceived: \u001b[31m0\u001b[39m",
                "name": "toBe",
                "pass": false
              }
            }
          ],
          "failureMessages": [
            "Error: \u001b[2mexpect(\u001b[22m\u001b[31mreceived\u001b[39m\u001b[2m).\u001b[22mtoBe\u001b[2m(\u001b[22m\u001b[32mexpected\u001b[39m\u001b[2m) // Object.is equality\u001b[22m\n\nExpected: \u001b[32m3\u001b[39m\nReceived: \u001b[31m0\u001b[39m\n    at Object.toBe (C:\\Work\\Projects\\ai-learning\\__tests__\\utils\\quiz-submission-utils.test.ts:127:28)\n    at Promise.then.completed (C:\\Work\\Projects\\ai-learning\\node_modules\\jest-circus\\build\\utils.js:298:28)\n    at new Promise (<anonymous>)\n    at callAsyncCircusFn (C:\\Work\\Projects\\ai-learning\\node_modules\\jest-circus\\build\\utils.js:231:10)\n    at _callCircusTest (C:\\Work\\Projects\\ai-learning\\node_modules\\jest-circus\\build\\run.js:316:40)\n    at processTicksAndRejections (node:internal/process/task_queues:105:5)\n    at _runTest (C:\\Work\\Projects\\ai-learning\\node_modules\\jest-circus\\build\\run.js:252:3)\n    at _runTestsForDescribeBlock (C:\\Work\\Projects\\ai-learning\\node_modules\\jest-circus\\build\\run.js:126:9)\n    at _runTestsForDescribeBlock (C:\\Work\\Projects\\ai-learning\\node_modules\\jest-circus\\build\\run.js:121:9)\n    at _runTestsForDescribeBlock (C:\\Work\\Projects\\ai-learning\\node_modules\\jest-circus\\build\\run.js:121:9)\n    at run (C:\\Work\\Projects\\ai-learning\\node_modules\\jest-circus\\build\\run.js:71:3)\n    at runAndTransformResultsToJestFormat (C:\\Work\\Projects\\ai-learning\\node_modules\\jest-circus\\build\\legacy-code-todo-rewrite\\jestAdapterInit.js:122:21)\n    at jestAdapter (C:\\Work\\Projects\\ai-learning\\node_modules\\jest-circus\\build\\legacy-code-todo-rewrite\\jestAdapter.js:79:19)\n    at runTestInternal (C:\\Work\\Projects\\ai-learning\\node_modules\\jest-runner\\build\\runTest.js:367:16)\n    at runTest (C:\\Work\\Projects\\ai-learning\\node_modules\\jest-runner\\build\\runTest.js:444:34)\n    at Object.worker (C:\\Work\\Projects\\ai-learning\\node_modules\\jest-runner\\build\\testWorker.js:106:12)"
          ],
          "fullName": "Quiz Submission Utilities prepareSubmissionPayload should calculate score based on correct answers",
          "invocations": 1,
          "location": null,
          "numPassingAsserts": 0,
          "retryReasons": [],
          "status": "failed",
          "title": "should calculate score based on correct answers"
        },
        {
          "ancestorTitles": [
            "Quiz Submission Utilities",
            "validateQuizSubmission"
          ],
          "duration": 3,
          "failureDetails": [],
          "failureMessages": [],
          "fullName": "Quiz Submission Utilities validateQuizSubmission should validate a proper submission payload",
          "invocations": 1,
          "location": null,
          "numPassingAsserts": 1,
          "retryReasons": [],
          "status": "passed",
          "title": "should validate a proper submission payload"
        },
        {
          "ancestorTitles": [
            "Quiz Submission Utilities",
            "validateQuizSubmission"
          ],
          "duration": 4,
          "failureDetails": [
            {
              "matcherResult": {
                "actual": {
                  "isValid": false,
                  "error": "Missing required fields: slug, type"
                },
                "expected": {
                  "isValid": false,
                  "errors": {
                    "sample": [
                      "Missing required fields"
                    ],
                    "inverse": false
                  }
                },
                "message": "\u001b[2mexpect(\u001b[22m\u001b[31mreceived\u001b[39m\u001b[2m).\u001b[22mtoEqual\u001b[2m(\u001b[22m\u001b[32mexpected\u001b[39m\u001b[2m) // deep equality\u001b[22m\n\n\u001b[32m- Expected  - 3\u001b[39m\n\u001b[31m+ Received  + 1\u001b[39m\n\n\u001b[2m  Object {\u001b[22m\n\u001b[32m-   \"errors\": ArrayContaining [\u001b[39m\n\u001b[32m-     \"Missing required fields\",\u001b[39m\n\u001b[32m-   ],\u001b[39m\n\u001b[31m+   \"error\": \"Missing required fields: slug, type\",\u001b[39m\n\u001b[2m    \"isValid\": false,\u001b[22m\n\u001b[2m  }\u001b[22m",
                "name": "toEqual",
                "pass": false
              }
            }
          ],
          "failureMessages": [
            "Error: \u001b[2mexpect(\u001b[22m\u001b[31mreceived\u001b[39m\u001b[2m).\u001b[22mtoEqual\u001b[2m(\u001b[22m\u001b[32mexpected\u001b[39m\u001b[2m) // deep equality\u001b[22m\n\n\u001b[32m- Expected  - 3\u001b[39m\n\u001b[31m+ Received  + 1\u001b[39m\n\n\u001b[2m  Object {\u001b[22m\n\u001b[32m-   \"errors\": ArrayContaining [\u001b[39m\n\u001b[32m-     \"Missing required fields\",\u001b[39m\n\u001b[32m-   ],\u001b[39m\n\u001b[31m+   \"error\": \"Missing required fields: slug, type\",\u001b[39m\n\u001b[2m    \"isValid\": false,\u001b[22m\n\u001b[2m  }\u001b[22m\n    at Object.toEqual (C:\\Work\\Projects\\ai-learning\\__tests__\\utils\\quiz-submission-utils.test.ts:196:53)\n    at Promise.then.completed (C:\\Work\\Projects\\ai-learning\\node_modules\\jest-circus\\build\\utils.js:298:28)\n    at new Promise (<anonymous>)\n    at callAsyncCircusFn (C:\\Work\\Projects\\ai-learning\\node_modules\\jest-circus\\build\\utils.js:231:10)\n    at _callCircusTest (C:\\Work\\Projects\\ai-learning\\node_modules\\jest-circus\\build\\run.js:316:40)\n    at processTicksAndRejections (node:internal/process/task_queues:105:5)\n    at _runTest (C:\\Work\\Projects\\ai-learning\\node_modules\\jest-circus\\build\\run.js:252:3)\n    at _runTestsForDescribeBlock (C:\\Work\\Projects\\ai-learning\\node_modules\\jest-circus\\build\\run.js:126:9)\n    at _runTestsForDescribeBlock (C:\\Work\\Projects\\ai-learning\\node_modules\\jest-circus\\build\\run.js:121:9)\n    at _runTestsForDescribeBlock (C:\\Work\\Projects\\ai-learning\\node_modules\\jest-circus\\build\\run.js:121:9)\n    at run (C:\\Work\\Projects\\ai-learning\\node_modules\\jest-circus\\build\\run.js:71:3)\n    at runAndTransformResultsToJestFormat (C:\\Work\\Projects\\ai-learning\\node_modules\\jest-circus\\build\\legacy-code-todo-rewrite\\jestAdapterInit.js:122:21)\n    at jestAdapter (C:\\Work\\Projects\\ai-learning\\node_modules\\jest-circus\\build\\legacy-code-todo-rewrite\\jestAdapter.js:79:19)\n    at runTestInternal (C:\\Work\\Projects\\ai-learning\\node_modules\\jest-runner\\build\\runTest.js:367:16)\n    at runTest (C:\\Work\\Projects\\ai-learning\\node_modules\\jest-runner\\build\\runTest.js:444:34)\n    at Object.worker (C:\\Work\\Projects\\ai-learning\\node_modules\\jest-runner\\build\\testWorker.js:106:12)"
          ],
          "fullName": "Quiz Submission Utilities validateQuizSubmission should reject invalid submission payloads",
          "invocations": 1,
          "location": null,
          "numPassingAsserts": 0,
          "retryReasons": [],
          "status": "failed",
          "title": "should reject invalid submission payloads"
        }
      ],
      "failureMessage": "\u001b[1m\u001b[31m  \u001b[1m● \u001b[22m\u001b[1mQuiz Submission Utilities › prepareSubmissionPayload › should prepare a valid MCQ payload with all required fields\u001b[39m\u001b[22m\n\n    \u001b[2mexpect(\u001b[22m\u001b[31mreceived\u001b[39m\u001b[2m).\u001b[22mtoEqual\u001b[2m(\u001b[22m\u001b[32mexpected\u001b[39m\u001b[2m) // deep equality\u001b[22m\n\n    \u001b[32m- Expected  - 25\u001b[39m\n    \u001b[31m+ Received  +  6\u001b[39m\n\n    \u001b[2m  Object {\u001b[22m\n    \u001b[32m-   \"answers\": Array [\u001b[39m\n    \u001b[32m-     Object {\u001b[39m\n    \u001b[32m-       \"answer\": \"Option A\",\u001b[39m\n    \u001b[32m-       \"isCorrect\": true,\u001b[39m\n    \u001b[32m-       \"questionId\": \"q1\",\u001b[39m\n    \u001b[32m-       \"timeSpent\": 30,\u001b[39m\n    \u001b[32m-     },\u001b[39m\n    \u001b[32m-     Object {\u001b[39m\n    \u001b[32m-       \"answer\": \"Option B\",\u001b[39m\n    \u001b[32m-       \"isCorrect\": false,\u001b[39m\n    \u001b[32m-       \"questionId\": \"q2\",\u001b[39m\n    \u001b[32m-       \"timeSpent\": 45,\u001b[39m\n    \u001b[32m-     },\u001b[39m\n    \u001b[32m-     Object {\u001b[39m\n    \u001b[32m-       \"answer\": \"Option C\",\u001b[39m\n    \u001b[32m-       \"isCorrect\": true,\u001b[39m\n    \u001b[32m-       \"questionId\": \"q3\",\u001b[39m\n    \u001b[32m-       \"timeSpent\": 25,\u001b[39m\n    \u001b[32m-     },\u001b[39m\n    \u001b[32m-   ],\u001b[39m\n    \u001b[32m-   \"correctAnswers\": 2,\u001b[39m\n    \u001b[32m-   \"quizId\": \"quiz-123\",\u001b[39m\n    \u001b[32m-   \"score\": 2,\u001b[39m\n    \u001b[31m+   \"answers\": Array [],\u001b[39m\n    \u001b[31m+   \"correctAnswers\": 0,\u001b[39m\n    \u001b[31m+   \"quizId\": undefined,\u001b[39m\n    \u001b[31m+   \"score\": 0,\u001b[39m\n    \u001b[2m    \"slug\": \"test-mcq-quiz\",\u001b[22m\n    \u001b[32m-   \"totalQuestions\": 3,\u001b[39m\n    \u001b[32m-   \"totalTime\": 100,\u001b[39m\n    \u001b[31m+   \"totalQuestions\": 0,\u001b[39m\n    \u001b[31m+   \"totalTime\": 600,\u001b[39m\n    \u001b[2m    \"type\": \"mcq\",\u001b[22m\n    \u001b[2m  }\u001b[22m\n\n\u001b[1m\u001b[31m  \u001b[1m● \u001b[22m\u001b[1mQuiz Submission Utilities › prepareSubmissionPayload › should prepare a valid CODE payload with all required fields\u001b[39m\u001b[22m\n\n    \u001b[2mexpect(\u001b[22m\u001b[31mreceived\u001b[39m\u001b[2m).\u001b[22mtoEqual\u001b[2m(\u001b[22m\u001b[32mexpected\u001b[39m\u001b[2m) // deep equality\u001b[22m\n\n    \u001b[32m- Expected  - 19\u001b[39m\n    \u001b[31m+ Received  +  6\u001b[39m\n\n    \u001b[2m  Object {\u001b[22m\n    \u001b[32m-   \"answers\": Array [\u001b[39m\n    \u001b[32m-     Object {\u001b[39m\n    \u001b[32m-       \"answer\": \"console.log(\\\"test\\\");\",\u001b[39m\n    \u001b[32m-       \"isCorrect\": true,\u001b[39m\n    \u001b[32m-       \"questionId\": \"q1\",\u001b[39m\n    \u001b[32m-       \"timeSpent\": 60,\u001b[39m\n    \u001b[32m-     },\u001b[39m\n    \u001b[32m-     Object {\u001b[39m\n    \u001b[32m-       \"answer\": \"const x = 10;\",\u001b[39m\n    \u001b[32m-       \"isCorrect\": true,\u001b[39m\n    \u001b[32m-       \"questionId\": \"q2\",\u001b[39m\n    \u001b[32m-       \"timeSpent\": 90,\u001b[39m\n    \u001b[32m-     },\u001b[39m\n    \u001b[32m-   ],\u001b[39m\n    \u001b[32m-   \"correctAnswers\": 2,\u001b[39m\n    \u001b[32m-   \"quizId\": \"quiz-456\",\u001b[39m\n    \u001b[32m-   \"score\": 2,\u001b[39m\n    \u001b[31m+   \"answers\": Array [],\u001b[39m\n    \u001b[31m+   \"correctAnswers\": 0,\u001b[39m\n    \u001b[31m+   \"quizId\": undefined,\u001b[39m\n    \u001b[31m+   \"score\": 0,\u001b[39m\n    \u001b[2m    \"slug\": \"test-code-quiz\",\u001b[22m\n    \u001b[32m-   \"totalQuestions\": 2,\u001b[39m\n    \u001b[32m-   \"totalTime\": 150,\u001b[39m\n    \u001b[31m+   \"totalQuestions\": 0,\u001b[39m\n    \u001b[31m+   \"totalTime\": 600,\u001b[39m\n    \u001b[2m    \"type\": \"code\",\u001b[22m\n    \u001b[2m  }\u001b[22m\n\n\u001b[1m\u001b[31m  \u001b[1m● \u001b[22m\u001b[1mQuiz Submission Utilities › prepareSubmissionPayload › should handle missing isCorrect property gracefully\u001b[39m\u001b[22m\n\n    \u001b[2mexpect(\u001b[22m\u001b[31mreceived\u001b[39m\u001b[2m).\u001b[22mtoEqual\u001b[2m(\u001b[22m\u001b[32mexpected\u001b[39m\u001b[2m) // deep equality\u001b[22m\n\n    \u001b[32m- Expected  - 21\u001b[39m\n    \u001b[31m+ Received  +  6\u001b[39m\n\n    \u001b[2m  Object {\u001b[22m\n    \u001b[32m-   \"answers\": ArrayContaining [\u001b[39m\n    \u001b[32m-     ObjectContaining {\u001b[39m\n    \u001b[32m-       \"answer\": \"Option A\",\u001b[39m\n    \u001b[32m-       \"questionId\": \"q1\",\u001b[39m\n    \u001b[32m-     },\u001b[39m\n    \u001b[32m-     ObjectContaining {\u001b[39m\n    \u001b[32m-       \"answer\": \"Option B\",\u001b[39m\n    \u001b[32m-       \"isCorrect\": false,\u001b[39m\n    \u001b[32m-       \"questionId\": \"q2\",\u001b[39m\n    \u001b[32m-     },\u001b[39m\n    \u001b[32m-     ObjectContaining {\u001b[39m\n    \u001b[32m-       \"answer\": \"Option C\",\u001b[39m\n    \u001b[32m-       \"isCorrect\": true,\u001b[39m\n    \u001b[32m-       \"questionId\": \"q3\",\u001b[39m\n    \u001b[32m-     },\u001b[39m\n    \u001b[32m-   ],\u001b[39m\n    \u001b[32m-   \"correctAnswers\": 1,\u001b[39m\n    \u001b[32m-   \"quizId\": \"quiz-789\",\u001b[39m\n    \u001b[32m-   \"score\": 1,\u001b[39m\n    \u001b[31m+   \"answers\": Array [],\u001b[39m\n    \u001b[31m+   \"correctAnswers\": 0,\u001b[39m\n    \u001b[31m+   \"quizId\": undefined,\u001b[39m\n    \u001b[31m+   \"score\": 0,\u001b[39m\n    \u001b[2m    \"slug\": \"test-mixed-quiz\",\u001b[22m\n    \u001b[32m-   \"totalQuestions\": 3,\u001b[39m\n    \u001b[32m-   \"totalTime\": 100,\u001b[39m\n    \u001b[31m+   \"totalQuestions\": 0,\u001b[39m\n    \u001b[31m+   \"totalTime\": 600,\u001b[39m\n    \u001b[2m    \"type\": \"mcq\",\u001b[22m\n    \u001b[2m  }\u001b[22m\n\n\u001b[1m\u001b[31m  \u001b[1m● \u001b[22m\u001b[1mQuiz Submission Utilities › prepareSubmissionPayload › should calculate score based on correct answers\u001b[39m\u001b[22m\n\n    \u001b[2mexpect(\u001b[22m\u001b[31mreceived\u001b[39m\u001b[2m).\u001b[22mtoBe\u001b[2m(\u001b[22m\u001b[32mexpected\u001b[39m\u001b[2m) // Object.is equality\u001b[22m\n\n    Expected: \u001b[32m3\u001b[39m\n    Received: \u001b[31m0\u001b[39m\n\n\u001b[1m\u001b[31m  \u001b[1m● \u001b[22m\u001b[1mQuiz Submission Utilities › validateQuizSubmission › should reject invalid submission payloads\u001b[39m\u001b[22m\n\n    \u001b[2mexpect(\u001b[22m\u001b[31mreceived\u001b[39m\u001b[2m).\u001b[22mtoEqual\u001b[2m(\u001b[22m\u001b[32mexpected\u001b[39m\u001b[2m) // deep equality\u001b[22m\n\n    \u001b[32m- Expected  - 3\u001b[39m\n    \u001b[31m+ Received  + 1\u001b[39m\n\n    \u001b[2m  Object {\u001b[22m\n    \u001b[32m-   \"errors\": ArrayContaining [\u001b[39m\n    \u001b[32m-     \"Missing required fields\",\u001b[39m\n    \u001b[32m-   ],\u001b[39m\n    \u001b[31m+   \"error\": \"Missing required fields: slug, type\",\u001b[39m\n    \u001b[2m    \"isValid\": false,\u001b[22m\n    \u001b[2m  }\u001b[22m\n"
    },
    {
      "leaks": false,
      "numFailingTests": 0,
      "numPassingTests": 5,
      "numPendingTests": 0,
      "numTodoTests": 0,
      "openHandles": [],
      "perfStats": {
        "end": 1747998832658,
        "runtime": 16961,
        "slow": true,
        "start": 1747998815697
      },
      "skipped": false,
      "snapshot": {
        "added": 0,
        "fileDeleted": false,
        "matched": 0,
        "unchecked": 0,
        "uncheckedKeys": [],
        "unmatched": 0,
        "updated": 0
      },
      "testFilePath": "C:\\Work\\Projects\\ai-learning\\__tests__\\auth-flow.test.tsx",
      "testResults": [
        {
          "ancestorTitles": [
            "Authentication Flow",
            "NonAuthenticatedUserSignInPrompt"
          ],
          "duration": 388,
          "failureDetails": [],
          "failureMessages": [],
          "fullName": "Authentication Flow NonAuthenticatedUserSignInPrompt redirects to sign in with correct callback URL",
          "invocations": 1,
          "location": null,
          "numPassingAsserts": 1,
          "retryReasons": [],
          "status": "passed",
          "title": "redirects to sign in with correct callback URL"
        },
        {
          "ancestorTitles": [
            "Authentication Flow",
            "NonAuthenticatedUserSignInPrompt"
          ],
          "duration": 93,
          "failureDetails": [],
          "failureMessages": [],
          "fullName": "Authentication Flow NonAuthenticatedUserSignInPrompt uses custom return path when provided",
          "invocations": 1,
          "location": null,
          "numPassingAsserts": 1,
          "retryReasons": [],
          "status": "passed",
          "title": "uses custom return path when provided"
        },
        {
          "ancestorTitles": [
            "Authentication Flow",
            "NonAuthenticatedUserSignInPrompt"
          ],
          "duration": 43,
          "failureDetails": [],
          "failureMessages": [],
          "fullName": "Authentication Flow NonAuthenticatedUserSignInPrompt displays score preview when provided",
          "invocations": 1,
          "location": null,
          "numPassingAsserts": 2,
          "retryReasons": [],
          "status": "passed",
          "title": "displays score preview when provided"
        },
        {
          "ancestorTitles": [
            "Authentication Flow",
            "Results Page Authentication"
          ],
          "duration": 45,
          "failureDetails": [],
          "failureMessages": [],
          "fullName": "Authentication Flow Results Page Authentication shows sign in prompt for unauthenticated users",
          "invocations": 1,
          "location": null,
          "numPassingAsserts": 1,
          "retryReasons": [],
          "status": "passed",
          "title": "shows sign in prompt for unauthenticated users"
        },
        {
          "ancestorTitles": [
            "Authentication Flow",
            "Results Page Authentication"
          ],
          "duration": 20,
          "failureDetails": [],
          "failureMessages": [],
          "fullName": "Authentication Flow Results Page Authentication attempts to load results for authenticated users",
          "invocations": 1,
          "location": null,
          "numPassingAsserts": 1,
          "retryReasons": [],
          "status": "passed",
          "title": "attempts to load results for authenticated users"
        }
      ],
      "failureMessage": null
    },
    {
      "leaks": false,
      "numFailingTests": 2,
      "numPassingTests": 6,
      "numPendingTests": 0,
      "numTodoTests": 0,
      "openHandles": [],
      "perfStats": {
        "end": 1747998832792,
        "runtime": 17541,
        "slow": true,
        "start": 1747998815251
      },
      "skipped": false,
      "snapshot": {
        "added": 0,
        "fileDeleted": false,
        "matched": 0,
        "unchecked": 0,
        "uncheckedKeys": [],
        "unmatched": 0,
        "updated": 0
      },
      "testFilePath": "C:\\Work\\Projects\\ai-learning\\store\\slices\\__tests__\\quizSlice.test.ts",
      "testResults": [
        {
          "ancestorTitles": [
            "quizSlice"
          ],
          "duration": 245,
          "failureDetails": [
            {
              "matcherResult": {
                "actual": {
                  "quizData": null,
                  "currentQuestion": 0,
                  "userAnswers": [],
                  "isLoading": false,
                  "isSubmitting": false,
                  "isCompleted": false,
                  "timerActive": false,
                  "submissionStateInProgress": false,
                  "results": null,
                  "tempResults": null,
                  "quizHistory": [],
                  "currentQuizId": null,
                  "timeRemaining": null,
                  "error": null,
                  "quizError": null,
                  "submissionError": null,
                  "resultsError": null,
                  "historyError": null,
                  "errors": {
                    "quiz": null,
                    "submission": null,
                    "results": null,
                    "history": null
                  },
                  "currentQuizType": null,
                  "currentQuizSlug": null
                },
                "expected": {
                  "quizData": null,
                  "currentQuestion": 0,
                  "userAnswers": [],
                  "isLoading": false,
                  "isSubmitting": false,
                  "error": null,
                  "quizError": null,
                  "submissionError": null,
                  "resultsError": null,
                  "historyError": null,
                  "results": null,
                  "isCompleted": false,
                  "quizHistory": [],
                  "currentQuizId": null,
                  "timeRemaining": null,
                  "timerActive": false,
                  "submissionStateInProgress": false,
                  "errors": {
                    "quiz": null,
                    "submission": null,
                    "results": null,
                    "history": null
                  },
                  "tempResults": null
                },
                "message": "\u001b[2mexpect(\u001b[22m\u001b[31mreceived\u001b[39m\u001b[2m).\u001b[22mtoEqual\u001b[2m(\u001b[22m\u001b[32mexpected\u001b[39m\u001b[2m) // deep equality\u001b[22m\n\n\u001b[32m- Expected  - 0\u001b[39m\n\u001b[31m+ Received  + 2\u001b[39m\n\n\u001b[33m@@ -1,8 +1,10 @@\u001b[39m\n\u001b[2m  Object {\u001b[22m\n\u001b[2m    \"currentQuestion\": 0,\u001b[22m\n\u001b[2m    \"currentQuizId\": null,\u001b[22m\n\u001b[31m+   \"currentQuizSlug\": null,\u001b[39m\n\u001b[31m+   \"currentQuizType\": null,\u001b[39m\n\u001b[2m    \"error\": null,\u001b[22m\n\u001b[2m    \"errors\": Object {\u001b[22m\n\u001b[2m      \"history\": null,\u001b[22m\n\u001b[2m      \"quiz\": null,\u001b[22m\n\u001b[2m      \"results\": null,\u001b[22m",
                "name": "toEqual",
                "pass": false
              }
            }
          ],
          "failureMessages": [
            "Error: \u001b[2mexpect(\u001b[22m\u001b[31mreceived\u001b[39m\u001b[2m).\u001b[22mtoEqual\u001b[2m(\u001b[22m\u001b[32mexpected\u001b[39m\u001b[2m) // deep equality\u001b[22m\n\n\u001b[32m- Expected  - 0\u001b[39m\n\u001b[31m+ Received  + 2\u001b[39m\n\n\u001b[33m@@ -1,8 +1,10 @@\u001b[39m\n\u001b[2m  Object {\u001b[22m\n\u001b[2m    \"currentQuestion\": 0,\u001b[22m\n\u001b[2m    \"currentQuizId\": null,\u001b[22m\n\u001b[31m+   \"currentQuizSlug\": null,\u001b[39m\n\u001b[31m+   \"currentQuizType\": null,\u001b[39m\n\u001b[2m    \"error\": null,\u001b[22m\n\u001b[2m    \"errors\": Object {\u001b[22m\n\u001b[2m      \"history\": null,\u001b[22m\n\u001b[2m      \"quiz\": null,\u001b[22m\n\u001b[2m      \"results\": null,\u001b[22m\n    at Object.toEqual (C:\\Work\\Projects\\ai-learning\\store\\slices\\__tests__\\quizSlice.test.ts:70:19)\n    at Promise.then.completed (C:\\Work\\Projects\\ai-learning\\node_modules\\jest-circus\\build\\utils.js:298:28)\n    at new Promise (<anonymous>)\n    at callAsyncCircusFn (C:\\Work\\Projects\\ai-learning\\node_modules\\jest-circus\\build\\utils.js:231:10)\n    at _callCircusTest (C:\\Work\\Projects\\ai-learning\\node_modules\\jest-circus\\build\\run.js:316:40)\n    at processTicksAndRejections (node:internal/process/task_queues:105:5)\n    at _runTest (C:\\Work\\Projects\\ai-learning\\node_modules\\jest-circus\\build\\run.js:252:3)\n    at _runTestsForDescribeBlock (C:\\Work\\Projects\\ai-learning\\node_modules\\jest-circus\\build\\run.js:126:9)\n    at _runTestsForDescribeBlock (C:\\Work\\Projects\\ai-learning\\node_modules\\jest-circus\\build\\run.js:121:9)\n    at run (C:\\Work\\Projects\\ai-learning\\node_modules\\jest-circus\\build\\run.js:71:3)\n    at runAndTransformResultsToJestFormat (C:\\Work\\Projects\\ai-learning\\node_modules\\jest-circus\\build\\legacy-code-todo-rewrite\\jestAdapterInit.js:122:21)\n    at jestAdapter (C:\\Work\\Projects\\ai-learning\\node_modules\\jest-circus\\build\\legacy-code-todo-rewrite\\jestAdapter.js:79:19)\n    at runTestInternal (C:\\Work\\Projects\\ai-learning\\node_modules\\jest-runner\\build\\runTest.js:367:16)\n    at runTest (C:\\Work\\Projects\\ai-learning\\node_modules\\jest-runner\\build\\runTest.js:444:34)\n    at Object.worker (C:\\Work\\Projects\\ai-learning\\node_modules\\jest-runner\\build\\testWorker.js:106:12)"
          ],
          "fullName": "quizSlice should return the initial state",
          "invocations": 1,
          "location": null,
          "numPassingAsserts": 0,
          "retryReasons": [],
          "status": "failed",
          "title": "should return the initial state"
        },
        {
          "ancestorTitles": [
            "quizSlice"
          ],
          "duration": 7,
          "failureDetails": [
            {
              "matcherResult": {
                "actual": {
                  "quizData": null,
                  "currentQuestion": 0,
                  "userAnswers": [],
                  "isLoading": false,
                  "isSubmitting": false,
                  "isCompleted": false,
                  "timerActive": false,
                  "submissionStateInProgress": false,
                  "results": null,
                  "tempResults": null,
                  "quizHistory": [],
                  "currentQuizId": null,
                  "timeRemaining": null,
                  "error": null,
                  "quizError": null,
                  "submissionError": null,
                  "resultsError": null,
                  "historyError": null,
                  "errors": {
                    "quiz": null,
                    "submission": null,
                    "results": null,
                    "history": null
                  },
                  "currentQuizType": null,
                  "currentQuizSlug": null
                },
                "expected": {
                  "quizData": null,
                  "currentQuestion": 0,
                  "userAnswers": [],
                  "isLoading": false,
                  "isSubmitting": false,
                  "error": null,
                  "quizError": null,
                  "submissionError": null,
                  "resultsError": null,
                  "historyError": null,
                  "results": null,
                  "isCompleted": false,
                  "quizHistory": [
                    {
                      "id": "1",
                      "quizTitle": "Past Quiz",
                      "completedAt": "2023-01-01"
                    }
                  ],
                  "currentQuizId": null,
                  "timeRemaining": null,
                  "timerActive": false,
                  "submissionStateInProgress": false,
                  "errors": {
                    "quiz": null,
                    "submission": null,
                    "results": null,
                    "history": null
                  },
                  "tempResults": null
                },
                "message": "\u001b[2mexpect(\u001b[22m\u001b[31mreceived\u001b[39m\u001b[2m).\u001b[22mtoEqual\u001b[2m(\u001b[22m\u001b[32mexpected\u001b[39m\u001b[2m) // deep equality\u001b[22m\n\n\u001b[32m- Expected  - 7\u001b[39m\n\u001b[31m+ Received  + 3\u001b[39m\n\n\u001b[33m@@ -1,8 +1,10 @@\u001b[39m\n\u001b[2m  Object {\u001b[22m\n\u001b[2m    \"currentQuestion\": 0,\u001b[22m\n\u001b[2m    \"currentQuizId\": null,\u001b[22m\n\u001b[31m+   \"currentQuizSlug\": null,\u001b[39m\n\u001b[31m+   \"currentQuizType\": null,\u001b[39m\n\u001b[2m    \"error\": null,\u001b[22m\n\u001b[2m    \"errors\": Object {\u001b[22m\n\u001b[2m      \"history\": null,\u001b[22m\n\u001b[2m      \"quiz\": null,\u001b[22m\n\u001b[2m      \"results\": null,\u001b[22m\n\u001b[33m@@ -12,17 +14,11 @@\u001b[39m\n\u001b[2m    \"isCompleted\": false,\u001b[22m\n\u001b[2m    \"isLoading\": false,\u001b[22m\n\u001b[2m    \"isSubmitting\": false,\u001b[22m\n\u001b[2m    \"quizData\": null,\u001b[22m\n\u001b[2m    \"quizError\": null,\u001b[22m\n\u001b[32m-   \"quizHistory\": Array [\u001b[39m\n\u001b[32m-     Object {\u001b[39m\n\u001b[32m-       \"completedAt\": \"2023-01-01\",\u001b[39m\n\u001b[32m-       \"id\": \"1\",\u001b[39m\n\u001b[32m-       \"quizTitle\": \"Past Quiz\",\u001b[39m\n\u001b[32m-     },\u001b[39m\n\u001b[32m-   ],\u001b[39m\n\u001b[31m+   \"quizHistory\": Array [],\u001b[39m\n\u001b[2m    \"results\": null,\u001b[22m\n\u001b[2m    \"resultsError\": null,\u001b[22m\n\u001b[2m    \"submissionError\": null,\u001b[22m\n\u001b[2m    \"submissionStateInProgress\": false,\u001b[22m\n\u001b[2m    \"tempResults\": null,\u001b[22m",
                "name": "toEqual",
                "pass": false
              }
            }
          ],
          "failureMessages": [
            "Error: \u001b[2mexpect(\u001b[22m\u001b[31mreceived\u001b[39m\u001b[2m).\u001b[22mtoEqual\u001b[2m(\u001b[22m\u001b[32mexpected\u001b[39m\u001b[2m) // deep equality\u001b[22m\n\n\u001b[32m- Expected  - 7\u001b[39m\n\u001b[31m+ Received  + 3\u001b[39m\n\n\u001b[33m@@ -1,8 +1,10 @@\u001b[39m\n\u001b[2m  Object {\u001b[22m\n\u001b[2m    \"currentQuestion\": 0,\u001b[22m\n\u001b[2m    \"currentQuizId\": null,\u001b[22m\n\u001b[31m+   \"currentQuizSlug\": null,\u001b[39m\n\u001b[31m+   \"currentQuizType\": null,\u001b[39m\n\u001b[2m    \"error\": null,\u001b[22m\n\u001b[2m    \"errors\": Object {\u001b[22m\n\u001b[2m      \"history\": null,\u001b[22m\n\u001b[2m      \"quiz\": null,\u001b[22m\n\u001b[2m      \"results\": null,\u001b[22m\n\u001b[33m@@ -12,17 +14,11 @@\u001b[39m\n\u001b[2m    \"isCompleted\": false,\u001b[22m\n\u001b[2m    \"isLoading\": false,\u001b[22m\n\u001b[2m    \"isSubmitting\": false,\u001b[22m\n\u001b[2m    \"quizData\": null,\u001b[22m\n\u001b[2m    \"quizError\": null,\u001b[22m\n\u001b[32m-   \"quizHistory\": Array [\u001b[39m\n\u001b[32m-     Object {\u001b[39m\n\u001b[32m-       \"completedAt\": \"2023-01-01\",\u001b[39m\n\u001b[32m-       \"id\": \"1\",\u001b[39m\n\u001b[32m-       \"quizTitle\": \"Past Quiz\",\u001b[39m\n\u001b[32m-     },\u001b[39m\n\u001b[32m-   ],\u001b[39m\n\u001b[31m+   \"quizHistory\": Array [],\u001b[39m\n\u001b[2m    \"results\": null,\u001b[22m\n\u001b[2m    \"resultsError\": null,\u001b[22m\n\u001b[2m    \"submissionError\": null,\u001b[22m\n\u001b[2m    \"submissionStateInProgress\": false,\u001b[22m\n\u001b[2m    \"tempResults\": null,\u001b[22m\n    at Object.toEqual (C:\\Work\\Projects\\ai-learning\\store\\slices\\__tests__\\quizSlice.test.ts:88:22)\n    at Promise.then.completed (C:\\Work\\Projects\\ai-learning\\node_modules\\jest-circus\\build\\utils.js:298:28)\n    at new Promise (<anonymous>)\n    at callAsyncCircusFn (C:\\Work\\Projects\\ai-learning\\node_modules\\jest-circus\\build\\utils.js:231:10)\n    at _callCircusTest (C:\\Work\\Projects\\ai-learning\\node_modules\\jest-circus\\build\\run.js:316:40)\n    at processTicksAndRejections (node:internal/process/task_queues:105:5)\n    at _runTest (C:\\Work\\Projects\\ai-learning\\node_modules\\jest-circus\\build\\run.js:252:3)\n    at _runTestsForDescribeBlock (C:\\Work\\Projects\\ai-learning\\node_modules\\jest-circus\\build\\run.js:126:9)\n    at _runTestsForDescribeBlock (C:\\Work\\Projects\\ai-learning\\node_modules\\jest-circus\\build\\run.js:121:9)\n    at run (C:\\Work\\Projects\\ai-learning\\node_modules\\jest-circus\\build\\run.js:71:3)\n    at runAndTransformResultsToJestFormat (C:\\Work\\Projects\\ai-learning\\node_modules\\jest-circus\\build\\legacy-code-todo-rewrite\\jestAdapterInit.js:122:21)\n    at jestAdapter (C:\\Work\\Projects\\ai-learning\\node_modules\\jest-circus\\build\\legacy-code-todo-rewrite\\jestAdapter.js:79:19)\n    at runTestInternal (C:\\Work\\Projects\\ai-learning\\node_modules\\jest-runner\\build\\runTest.js:367:16)\n    at runTest (C:\\Work\\Projects\\ai-learning\\node_modules\\jest-runner\\build\\runTest.js:444:34)\n    at Object.worker (C:\\Work\\Projects\\ai-learning\\node_modules\\jest-runner\\build\\testWorker.js:106:12)"
          ],
          "fullName": "quizSlice should handle resetQuizState",
          "invocations": 1,
          "location": null,
          "numPassingAsserts": 0,
          "retryReasons": [],
          "status": "failed",
          "title": "should handle resetQuizState"
        },
        {
          "ancestorTitles": [
            "quizSlice"
          ],
          "duration": 3,
          "failureDetails": [],
          "failureMessages": [],
          "fullName": "quizSlice should handle setCurrentQuestion",
          "invocations": 1,
          "location": null,
          "numPassingAsserts": 1,
          "retryReasons": [],
          "status": "passed",
          "title": "should handle setCurrentQuestion"
        },
        {
          "ancestorTitles": [
            "quizSlice"
          ],
          "duration": 4,
          "failureDetails": [],
          "failureMessages": [],
          "fullName": "quizSlice should handle setUserAnswer for new answer",
          "invocations": 1,
          "location": null,
          "numPassingAsserts": 1,
          "retryReasons": [],
          "status": "passed",
          "title": "should handle setUserAnswer for new answer"
        },
        {
          "ancestorTitles": [
            "quizSlice"
          ],
          "duration": 8,
          "failureDetails": [],
          "failureMessages": [],
          "fullName": "quizSlice should handle setUserAnswer for existing answer",
          "invocations": 1,
          "location": null,
          "numPassingAsserts": 3,
          "retryReasons": [],
          "status": "passed",
          "title": "should handle setUserAnswer for existing answer"
        },
        {
          "ancestorTitles": [
            "quizSlice"
          ],
          "duration": 7,
          "failureDetails": [],
          "failureMessages": [],
          "fullName": "quizSlice should handle timer actions",
          "invocations": 1,
          "location": null,
          "numPassingAsserts": 5,
          "retryReasons": [],
          "status": "passed",
          "title": "should handle timer actions"
        },
        {
          "ancestorTitles": [
            "quizSlice"
          ],
          "duration": 3,
          "failureDetails": [],
          "failureMessages": [],
          "fullName": "quizSlice should handle markQuizCompleted",
          "invocations": 1,
          "location": null,
          "numPassingAsserts": 3,
          "retryReasons": [],
          "status": "passed",
          "title": "should handle markQuizCompleted"
        },
        {
          "ancestorTitles": [
            "quizSlice"
          ],
          "duration": 48,
          "failureDetails": [],
          "failureMessages": [],
          "fullName": "quizSlice should handle submitQuiz action",
          "invocations": 1,
          "location": null,
          "numPassingAsserts": 4,
          "retryReasons": [],
          "status": "passed",
          "title": "should handle submitQuiz action"
        }
      ],
      "failureMessage": "\u001b[1m\u001b[31m  \u001b[1m● \u001b[22m\u001b[1mquizSlice › should return the initial state\u001b[39m\u001b[22m\n\n    \u001b[2mexpect(\u001b[22m\u001b[31mreceived\u001b[39m\u001b[2m).\u001b[22mtoEqual\u001b[2m(\u001b[22m\u001b[32mexpected\u001b[39m\u001b[2m) // deep equality\u001b[22m\n\n    \u001b[32m- Expected  - 0\u001b[39m\n    \u001b[31m+ Received  + 2\u001b[39m\n\n    \u001b[33m@@ -1,8 +1,10 @@\u001b[39m\n    \u001b[2m  Object {\u001b[22m\n    \u001b[2m    \"currentQuestion\": 0,\u001b[22m\n    \u001b[2m    \"currentQuizId\": null,\u001b[22m\n    \u001b[31m+   \"currentQuizSlug\": null,\u001b[39m\n    \u001b[31m+   \"currentQuizType\": null,\u001b[39m\n    \u001b[2m    \"error\": null,\u001b[22m\n    \u001b[2m    \"errors\": Object {\u001b[22m\n    \u001b[2m      \"history\": null,\u001b[22m\n    \u001b[2m      \"quiz\": null,\u001b[22m\n    \u001b[2m      \"results\": null,\u001b[22m\n\n\u001b[1m\u001b[31m  \u001b[1m● \u001b[22m\u001b[1mquizSlice › should handle resetQuizState\u001b[39m\u001b[22m\n\n    \u001b[2mexpect(\u001b[22m\u001b[31mreceived\u001b[39m\u001b[2m).\u001b[22mtoEqual\u001b[2m(\u001b[22m\u001b[32mexpected\u001b[39m\u001b[2m) // deep equality\u001b[22m\n\n    \u001b[32m- Expected  - 7\u001b[39m\n    \u001b[31m+ Received  + 3\u001b[39m\n\n    \u001b[33m@@ -1,8 +1,10 @@\u001b[39m\n    \u001b[2m  Object {\u001b[22m\n    \u001b[2m    \"currentQuestion\": 0,\u001b[22m\n    \u001b[2m    \"currentQuizId\": null,\u001b[22m\n    \u001b[31m+   \"currentQuizSlug\": null,\u001b[39m\n    \u001b[31m+   \"currentQuizType\": null,\u001b[39m\n    \u001b[2m    \"error\": null,\u001b[22m\n    \u001b[2m    \"errors\": Object {\u001b[22m\n    \u001b[2m      \"history\": null,\u001b[22m\n    \u001b[2m      \"quiz\": null,\u001b[22m\n    \u001b[2m      \"results\": null,\u001b[22m\n    \u001b[33m@@ -12,17 +14,11 @@\u001b[39m\n    \u001b[2m    \"isCompleted\": false,\u001b[22m\n    \u001b[2m    \"isLoading\": false,\u001b[22m\n    \u001b[2m    \"isSubmitting\": false,\u001b[22m\n    \u001b[2m    \"quizData\": null,\u001b[22m\n    \u001b[2m    \"quizError\": null,\u001b[22m\n    \u001b[32m-   \"quizHistory\": Array [\u001b[39m\n    \u001b[32m-     Object {\u001b[39m\n    \u001b[32m-       \"completedAt\": \"2023-01-01\",\u001b[39m\n    \u001b[32m-       \"id\": \"1\",\u001b[39m\n    \u001b[32m-       \"quizTitle\": \"Past Quiz\",\u001b[39m\n    \u001b[32m-     },\u001b[39m\n    \u001b[32m-   ],\u001b[39m\n    \u001b[31m+   \"quizHistory\": Array [],\u001b[39m\n    \u001b[2m    \"results\": null,\u001b[22m\n    \u001b[2m    \"resultsError\": null,\u001b[22m\n    \u001b[2m    \"submissionError\": null,\u001b[22m\n    \u001b[2m    \"submissionStateInProgress\": false,\u001b[22m\n    \u001b[2m    \"tempResults\": null,\u001b[22m\n"
    },
    {
      "leaks": false,
      "numFailingTests": 0,
      "numPassingTests": 5,
      "numPendingTests": 0,
      "numTodoTests": 0,
      "openHandles": [],
      "perfStats": {
        "end": 1747998833492,
        "runtime": 18585,
        "slow": true,
        "start": 1747998814907
      },
      "skipped": false,
      "snapshot": {
        "added": 0,
        "fileDeleted": false,
        "matched": 0,
        "unchecked": 0,
        "uncheckedKeys": [],
        "unmatched": 0,
        "updated": 0
      },
      "testFilePath": "C:\\Work\\Projects\\ai-learning\\app\\dashboard\\(quiz)\\mcq\\[slug]\\results\\results-page.test.tsx",
      "testResults": [
        {
          "ancestorTitles": [
            "McqResultsPage"
          ],
          "duration": 146,
          "failureDetails": [],
          "failureMessages": [],
          "fullName": "McqResultsPage shows loading state when fetching results",
          "invocations": 1,
          "location": null,
          "numPassingAsserts": 1,
          "retryReasons": [],
          "status": "passed",
          "title": "shows loading state when fetching results"
        },
        {
          "ancestorTitles": [
            "McqResultsPage"
          ],
          "duration": 9,
          "failureDetails": [],
          "failureMessages": [],
          "fullName": "McqResultsPage shows sign in prompt for unauthenticated users",
          "invocations": 1,
          "location": null,
          "numPassingAsserts": 1,
          "retryReasons": [],
          "status": "passed",
          "title": "shows sign in prompt for unauthenticated users"
        },
        {
          "ancestorTitles": [
            "McqResultsPage"
          ],
          "duration": 44,
          "failureDetails": [],
          "failureMessages": [],
          "fullName": "McqResultsPage shows saved results when available",
          "invocations": 1,
          "location": null,
          "numPassingAsserts": 2,
          "retryReasons": [],
          "status": "passed",
          "title": "shows saved results when available"
        },
        {
          "ancestorTitles": [
            "McqResultsPage"
          ],
          "duration": 72,
          "failureDetails": [],
          "failureMessages": [],
          "fullName": "McqResultsPage shows temporary results with save button after quiz completion",
          "invocations": 1,
          "location": null,
          "numPassingAsserts": 3,
          "retryReasons": [],
          "status": "passed",
          "title": "shows temporary results with save button after quiz completion"
        },
        {
          "ancestorTitles": [
            "McqResultsPage"
          ],
          "duration": 9,
          "failureDetails": [],
          "failureMessages": [],
          "fullName": "McqResultsPage shows error message when results loading fails",
          "invocations": 1,
          "location": null,
          "numPassingAsserts": 1,
          "retryReasons": [],
          "status": "passed",
          "title": "shows error message when results loading fails"
        }
      ],
      "failureMessage": null
    },
    {
      "leaks": false,
      "numFailingTests": 0,
      "numPassingTests": 13,
      "numPendingTests": 0,
      "numTodoTests": 0,
      "openHandles": [],
      "perfStats": {
        "end": 1747998834859,
        "runtime": 19568,
        "slow": true,
        "start": 1747998815291
      },
      "skipped": false,
      "snapshot": {
        "added": 0,
        "fileDeleted": false,
        "matched": 0,
        "unchecked": 0,
        "uncheckedKeys": [],
        "unmatched": 0,
        "updated": 0
      },
      "testFilePath": "C:\\Work\\Projects\\ai-learning\\app\\dashboard\\(quiz)\\components\\__tests__\\NonAuthenticatedUserSignInPrompt.test.tsx",
      "testResults": [
        {
          "ancestorTitles": [
            "NonAuthenticatedUserSignInPrompt"
          ],
          "duration": 382,
          "failureDetails": [],
          "failureMessages": [],
          "fullName": "NonAuthenticatedUserSignInPrompt renders with default props",
          "invocations": 1,
          "location": null,
          "numPassingAsserts": 4,
          "retryReasons": [],
          "status": "passed",
          "title": "renders with default props"
        },
        {
          "ancestorTitles": [
            "NonAuthenticatedUserSignInPrompt"
          ],
          "duration": 89,
          "failureDetails": [],
          "failureMessages": [],
          "fullName": "NonAuthenticatedUserSignInPrompt calls onSignIn when sign-in button is clicked",
          "invocations": 1,
          "location": null,
          "numPassingAsserts": 1,
          "retryReasons": [],
          "status": "passed",
          "title": "calls onSignIn when sign-in button is clicked"
        },
        {
          "ancestorTitles": [
            "NonAuthenticatedUserSignInPrompt"
          ],
          "duration": 19,
          "failureDetails": [],
          "failureMessages": [],
          "fullName": "NonAuthenticatedUserSignInPrompt displays save message when showSaveMessage is true",
          "invocations": 1,
          "location": null,
          "numPassingAsserts": 1,
          "retryReasons": [],
          "status": "passed",
          "title": "displays save message when showSaveMessage is true"
        },
        {
          "ancestorTitles": [
            "NonAuthenticatedUserSignInPrompt"
          ],
          "duration": 35,
          "failureDetails": [],
          "failureMessages": [],
          "fullName": "NonAuthenticatedUserSignInPrompt does not display save message when showSaveMessage is false",
          "invocations": 1,
          "location": null,
          "numPassingAsserts": 1,
          "retryReasons": [],
          "status": "passed",
          "title": "does not display save message when showSaveMessage is false"
        },
        {
          "ancestorTitles": [
            "NonAuthenticatedUserSignInPrompt"
          ],
          "duration": 17,
          "failureDetails": [],
          "failureMessages": [],
          "fullName": "NonAuthenticatedUserSignInPrompt displays custom message when provided",
          "invocations": 1,
          "location": null,
          "numPassingAsserts": 1,
          "retryReasons": [],
          "status": "passed",
          "title": "displays custom message when provided"
        },
        {
          "ancestorTitles": [
            "NonAuthenticatedUserSignInPrompt"
          ],
          "duration": 59,
          "failureDetails": [],
          "failureMessages": [],
          "fullName": "NonAuthenticatedUserSignInPrompt redirects to default route when onSignIn not provided",
          "invocations": 1,
          "location": null,
          "numPassingAsserts": 1,
          "retryReasons": [],
          "status": "passed",
          "title": "redirects to default route when onSignIn not provided"
        },
        {
          "ancestorTitles": [
            "NonAuthenticatedUserSignInPrompt"
          ],
          "duration": 40,
          "failureDetails": [],
          "failureMessages": [],
          "fullName": "NonAuthenticatedUserSignInPrompt shows quiz type specific title",
          "invocations": 1,
          "location": null,
          "numPassingAsserts": 2,
          "retryReasons": [],
          "status": "passed",
          "title": "shows quiz type specific title"
        },
        {
          "ancestorTitles": [
            "NonAuthenticatedUserSignInPrompt"
          ],
          "duration": 27,
          "failureDetails": [],
          "failureMessages": [],
          "fullName": "NonAuthenticatedUserSignInPrompt displays score preview when provided",
          "invocations": 1,
          "location": null,
          "numPassingAsserts": 3,
          "retryReasons": [],
          "status": "passed",
          "title": "displays score preview when provided"
        },
        {
          "ancestorTitles": [
            "NonAuthenticatedUserSignInPrompt"
          ],
          "duration": 22,
          "failureDetails": [],
          "failureMessages": [],
          "fullName": "NonAuthenticatedUserSignInPrompt uses returnPath for custom callback when provided",
          "invocations": 1,
          "location": null,
          "numPassingAsserts": 1,
          "retryReasons": [],
          "status": "passed",
          "title": "uses returnPath for custom callback when provided"
        },
        {
          "ancestorTitles": [
            "NonAuthenticatedUserSignInPrompt"
          ],
          "duration": 31,
          "failureDetails": [],
          "failureMessages": [],
          "fullName": "NonAuthenticatedUserSignInPrompt displays score preview correctly when provided",
          "invocations": 1,
          "location": null,
          "numPassingAsserts": 3,
          "retryReasons": [],
          "status": "passed",
          "title": "displays score preview correctly when provided"
        },
        {
          "ancestorTitles": [
            "NonAuthenticatedUserSignInPrompt"
          ],
          "duration": 68,
          "failureDetails": [],
          "failureMessages": [],
          "fullName": "NonAuthenticatedUserSignInPrompt displays appropriate feedback for low scores",
          "invocations": 1,
          "location": null,
          "numPassingAsserts": 3,
          "retryReasons": [],
          "status": "passed",
          "title": "displays appropriate feedback for low scores"
        },
        {
          "ancestorTitles": [
            "NonAuthenticatedUserSignInPrompt"
          ],
          "duration": 23,
          "failureDetails": [],
          "failureMessages": [],
          "fullName": "NonAuthenticatedUserSignInPrompt handles sign in button click with loading state",
          "invocations": 1,
          "location": null,
          "numPassingAsserts": 1,
          "retryReasons": [],
          "status": "passed",
          "title": "handles sign in button click with loading state"
        },
        {
          "ancestorTitles": [
            "NonAuthenticatedUserSignInPrompt"
          ],
          "duration": 34,
          "failureDetails": [],
          "failureMessages": [],
          "fullName": "NonAuthenticatedUserSignInPrompt renders with custom return path",
          "invocations": 1,
          "location": null,
          "numPassingAsserts": 1,
          "retryReasons": [],
          "status": "passed",
          "title": "renders with custom return path"
        }
      ],
      "failureMessage": null
    },
    {
      "leaks": false,
      "numFailingTests": 2,
      "numPassingTests": 3,
      "numPendingTests": 0,
      "numTodoTests": 0,
      "openHandles": [],
      "perfStats": {
        "end": 1747998834897,
        "runtime": 18816,
        "slow": true,
        "start": 1747998816081
      },
      "skipped": false,
      "snapshot": {
        "added": 0,
        "fileDeleted": false,
        "matched": 0,
        "unchecked": 0,
        "uncheckedKeys": [],
        "unmatched": 0,
        "updated": 0
      },
      "testFilePath": "C:\\Work\\Projects\\ai-learning\\app\\dashboard\\(quiz)\\mcq\\[slug]\\mcq-quiz-wrapper.test.tsx",
      "testResults": [
        {
          "ancestorTitles": [
            "McqQuizWrapper"
          ],
          "duration": 267,
          "failureDetails": [],
          "failureMessages": [],
          "fullName": "McqQuizWrapper renders the current question",
          "invocations": 1,
          "location": null,
          "numPassingAsserts": 1,
          "retryReasons": [],
          "status": "passed",
          "title": "renders the current question"
        },
        {
          "ancestorTitles": [
            "McqQuizWrapper"
          ],
          "duration": 52,
          "failureDetails": [],
          "failureMessages": [],
          "fullName": "McqQuizWrapper moves to the next question when answering",
          "invocations": 1,
          "location": null,
          "numPassingAsserts": 1,
          "retryReasons": [],
          "status": "passed",
          "title": "moves to the next question when answering"
        },
        {
          "ancestorTitles": [
            "McqQuizWrapper"
          ],
          "duration": 63,
          "failureDetails": [
            {
              "name": "TestingLibraryElementError"
            }
          ],
          "failureMessages": [
            "TestingLibraryElementError: Unable to find an element by: [data-testid=\"option-0\"]\n\nIgnored nodes: comments, script, style\n\u001b[36m<body>\u001b[39m\n  \u001b[36m<div>\u001b[39m\n    \u001b[36m<div\u001b[39m\n      \u001b[33mclass\u001b[39m=\u001b[32m\"container max-w-4xl mx-auto p-4\"\u001b[39m\n    \u001b[36m>\u001b[39m\n      \u001b[36m<div\u001b[39m\n        \u001b[33mdata-testid\u001b[39m=\u001b[32m\"mock-mcq-quiz\"\u001b[39m\n      \u001b[36m>\u001b[39m\n        \u001b[36m<div\u001b[39m\n          \u001b[33mdata-testid\u001b[39m=\u001b[32m\"question\"\u001b[39m\n        \u001b[36m>\u001b[39m\n          \u001b[0mWhat is React?\u001b[0m\n        \u001b[36m</div>\u001b[39m\n        \u001b[36m<button\u001b[39m\n          \u001b[33mdata-testid\u001b[39m=\u001b[32m\"submit-answer\"\u001b[39m\n        \u001b[36m>\u001b[39m\n          \u001b[0mNext\u001b[0m\n        \u001b[36m</button>\u001b[39m\n      \u001b[36m</div>\u001b[39m\n    \u001b[36m</div>\u001b[39m\n  \u001b[36m</div>\u001b[39m\n\u001b[36m</body>\u001b[39m\n    at Object.getElementError (C:\\Work\\Projects\\ai-learning\\node_modules\\@testing-library\\dom\\dist\\config.js:37:19)\n    at C:\\Work\\Projects\\ai-learning\\node_modules\\@testing-library\\dom\\dist\\query-helpers.js:76:38\n    at C:\\Work\\Projects\\ai-learning\\node_modules\\@testing-library\\dom\\dist\\query-helpers.js:52:17\n    at C:\\Work\\Projects\\ai-learning\\node_modules\\@testing-library\\dom\\dist\\query-helpers.js:95:19\n    at Object.getByTestId (C:\\Work\\Projects\\ai-learning\\app\\dashboard\\(quiz)\\mcq\\[slug]\\mcq-quiz-wrapper.test.tsx:151:34)\n    at Promise.then.completed (C:\\Work\\Projects\\ai-learning\\node_modules\\jest-circus\\build\\utils.js:298:28)\n    at new Promise (<anonymous>)\n    at callAsyncCircusFn (C:\\Work\\Projects\\ai-learning\\node_modules\\jest-circus\\build\\utils.js:231:10)\n    at _callCircusTest (C:\\Work\\Projects\\ai-learning\\node_modules\\jest-circus\\build\\run.js:316:40)\n    at _runTest (C:\\Work\\Projects\\ai-learning\\node_modules\\jest-circus\\build\\run.js:252:3)\n    at _runTestsForDescribeBlock (C:\\Work\\Projects\\ai-learning\\node_modules\\jest-circus\\build\\run.js:126:9)\n    at _runTestsForDescribeBlock (C:\\Work\\Projects\\ai-learning\\node_modules\\jest-circus\\build\\run.js:121:9)\n    at run (C:\\Work\\Projects\\ai-learning\\node_modules\\jest-circus\\build\\run.js:71:3)\n    at runAndTransformResultsToJestFormat (C:\\Work\\Projects\\ai-learning\\node_modules\\jest-circus\\build\\legacy-code-todo-rewrite\\jestAdapterInit.js:122:21)\n    at jestAdapter (C:\\Work\\Projects\\ai-learning\\node_modules\\jest-circus\\build\\legacy-code-todo-rewrite\\jestAdapter.js:79:19)\n    at runTestInternal (C:\\Work\\Projects\\ai-learning\\node_modules\\jest-runner\\build\\runTest.js:367:16)\n    at runTest (C:\\Work\\Projects\\ai-learning\\node_modules\\jest-runner\\build\\runTest.js:444:34)\n    at Object.worker (C:\\Work\\Projects\\ai-learning\\node_modules\\jest-runner\\build\\testWorker.js:106:12)"
          ],
          "fullName": "McqQuizWrapper completes the quiz on last question and navigates to results",
          "invocations": 1,
          "location": null,
          "numPassingAsserts": 0,
          "retryReasons": [],
          "status": "failed",
          "title": "completes the quiz on last question and navigates to results"
        },
        {
          "ancestorTitles": [
            "McqQuizWrapper"
          ],
          "duration": 24,
          "failureDetails": [],
          "failureMessages": [],
          "fullName": "McqQuizWrapper handles quiz with no questions properly",
          "invocations": 1,
          "location": null,
          "numPassingAsserts": 1,
          "retryReasons": [],
          "status": "passed",
          "title": "handles quiz with no questions properly"
        },
        {
          "ancestorTitles": [
            "McqQuizWrapper"
          ],
          "duration": 21,
          "failureDetails": [
            {
              "name": "TestingLibraryElementError"
            }
          ],
          "failureMessages": [
            "TestingLibraryElementError: Unable to find an element by: [data-testid=\"option-0\"]\n\nIgnored nodes: comments, script, style\n\u001b[36m<body>\u001b[39m\n  \u001b[36m<div>\u001b[39m\n    \u001b[36m<div\u001b[39m\n      \u001b[33mclass\u001b[39m=\u001b[32m\"container max-w-4xl mx-auto p-4\"\u001b[39m\n    \u001b[36m>\u001b[39m\n      \u001b[36m<div\u001b[39m\n        \u001b[33mdata-testid\u001b[39m=\u001b[32m\"mock-mcq-quiz\"\u001b[39m\n      \u001b[36m>\u001b[39m\n        \u001b[36m<div\u001b[39m\n          \u001b[33mdata-testid\u001b[39m=\u001b[32m\"question\"\u001b[39m\n        \u001b[36m>\u001b[39m\n          \u001b[0mWhat is React?\u001b[0m\n        \u001b[36m</div>\u001b[39m\n        \u001b[36m<button\u001b[39m\n          \u001b[33mdata-testid\u001b[39m=\u001b[32m\"submit-answer\"\u001b[39m\n        \u001b[36m>\u001b[39m\n          \u001b[0mNext\u001b[0m\n        \u001b[36m</button>\u001b[39m\n      \u001b[36m</div>\u001b[39m\n    \u001b[36m</div>\u001b[39m\n  \u001b[36m</div>\u001b[39m\n\u001b[36m</body>\u001b[39m\n    at Object.getElementError (C:\\Work\\Projects\\ai-learning\\node_modules\\@testing-library\\dom\\dist\\config.js:37:19)\n    at C:\\Work\\Projects\\ai-learning\\node_modules\\@testing-library\\dom\\dist\\query-helpers.js:76:38\n    at C:\\Work\\Projects\\ai-learning\\node_modules\\@testing-library\\dom\\dist\\query-helpers.js:52:17\n    at C:\\Work\\Projects\\ai-learning\\node_modules\\@testing-library\\dom\\dist\\query-helpers.js:95:19\n    at Object.getByTestId (C:\\Work\\Projects\\ai-learning\\app\\dashboard\\(quiz)\\mcq\\[slug]\\mcq-quiz-wrapper.test.tsx:192:34)\n    at Promise.then.completed (C:\\Work\\Projects\\ai-learning\\node_modules\\jest-circus\\build\\utils.js:298:28)\n    at new Promise (<anonymous>)\n    at callAsyncCircusFn (C:\\Work\\Projects\\ai-learning\\node_modules\\jest-circus\\build\\utils.js:231:10)\n    at _callCircusTest (C:\\Work\\Projects\\ai-learning\\node_modules\\jest-circus\\build\\run.js:316:40)\n    at _runTest (C:\\Work\\Projects\\ai-learning\\node_modules\\jest-circus\\build\\run.js:252:3)\n    at _runTestsForDescribeBlock (C:\\Work\\Projects\\ai-learning\\node_modules\\jest-circus\\build\\run.js:126:9)\n    at _runTestsForDescribeBlock (C:\\Work\\Projects\\ai-learning\\node_modules\\jest-circus\\build\\run.js:121:9)\n    at run (C:\\Work\\Projects\\ai-learning\\node_modules\\jest-circus\\build\\run.js:71:3)\n    at runAndTrans
[...]
-center text-white text-3xl font-bold bg-gradient-to-br from-green-500 to-green-600\"\u001b[39m\n              \u001b[36m>\u001b[39m\n                \u001b[0m100\u001b[0m\n                \u001b[0m%\u001b[0m\n              \u001b[36m</div>\u001b[39m\n              \u001b[36m<div\u001b[39m\n                \u001b[33mclass\u001b[39m=\u001b[32m\"absolute -top-2 -right-2 bg-background border-4 border-background rounded-full p-2\"\u001b[39m\n                \u001b[33mstyle\u001b[39m=\u001b[32m\"transform: scale(0);\"\u001b[39m\n              \u001b[36m>\u001b[39m\n                \u001b[36m<svg\u001b[39m\n                  \u001b[33mclass\u001b[39m=\u001b[32m\"lucide lucide-award h-6 w-6 text-primary\"\u001b[39m\n                  \u001b[33mfill\u001b[39m=\u001b[32m\"none\"\u001b[39m\n                  \u001b[33mheight\u001b[39m=\u001b[32m\"24\"\u001b[39m\n                  \u001b[33mstroke\u001b[39m=\u001b[32m\"currentColor\"\u001b[39m\n                  \u001b[33mstroke-linecap\u001b[39m=\u001b[32m\"round\"\u001b[39m\n                  \u001b[33mstroke-linejoin\u001b[39m=\u001b[32m\"round\"\u001b[39m\n                  \u001b[33mstroke-width\u001b[39m=\u001b[32m\"2\"\u001b[39m\n                  \u001b[33mviewBox\u001b[39m=\u001b[32m\"0 0 24 24\"\u001b[39m\n                  \u001b[33mwidth\u001b[39m=\u001b[32m\"24\"\u001b[39m\n                  \u001b[33mxmlns\u001b[39m=\u001b[32m\"http://www.w3.org/2000/svg\"\u001b[39m\n                \u001b[36m>\u001b[39m\n                  \u001b[36m<path\u001b[39m\n                    \u001b[33md\u001b[39m=\u001b[32m\"m15.477 12.89 1.515 8.526a.5.5 0 0 1-.81.47l-3.58-2.687a1 1 0 0 0-1.197 0l-3.586 2.686a.5.5 0 0 1-.81-.469l1.514-8.526\"\u001b[39m\n                  \u001b[36m/>\u001b[39m\n                  \u001b[36m<circle\u001b[39m\n                    \u001b[33mcx\u001b[39m=\u001b[32m\"12\"\u001b[39m\n                    \u001b[33mcy\u001b[39m=\u001b[32m\"8\"\u001b[39m\n                    \u001b[33mr\u001b[39m=\u001b[32m\"6\"\u001b[39m\n                  \u001b[36m/>\u001b[39m\n                \u001b[36m</svg>\u001b[39m\n              \u001b[36m</div>\u001b[39m\n            \u001b[36m</div>\u001b[39m\n          \u001b[36m</div>\u001b[39m\n          \u001b[36m<div\u001b[39m\n            \u001b[33mclass\u001b[39m=\u001b[32m\"flex flex-wrap gap-2 justify-center lg:justify-start mt-6\"\u001b[39m\n          \u001b[36m>\u001b[39m\n            \u001b[36m<button\u001b[39m\n              \u001b[33mclass\u001b[39m=\u001b[32m\"inline-flex items-center justify-center whitespace-nowrap text-sm font-medium ring-offset-background transition-colors focus-visible:outline-none focus-visible:ring-2 focus-visible:ring-ring focus-visible:ring-offset-2 disabled:pointer-events-none disabled:opacity-50 [&_svg]:pointer-events-none [&_svg]:size-4 [&_svg]:shrink-0 border border-input bg-background hover:bg-accent hover:text-accent-foreground h-9 rounded-md px-3 gap-2\"\u001b[39m\n            \u001b[36m>\u001b[39m\n              \u001b[36m<svg\u001b[39m\n                \u001b[33mclass\u001b[39m=\u001b[32m\"lucide lucide-download h-4 w-4\"\u001b[39m\n                \u001b[33mfill\u001b[39m=\u001b[32m\"none\"\u001b[39m\n                \u001b[33mheight\u001b[39m=\u001b[32m\"24\"\u001b[39m\n                \u001b[33mstroke\u001b[39m=\u001b[32m\"currentColor\"\u001b[39m\n                \u001b[33mstroke-linecap\u001b[39m=...\n    at Object.getElementError (C:\\Work\\Projects\\ai-learning\\node_modules\\@testing-library\\dom\\dist\\config.js:37:19)\n    at C:\\Work\\Projects\\ai-learning\\node_modules\\@testing-library\\dom\\dist\\query-helpers.js:76:38\n    at C:\\Work\\Projects\\ai-learning\\node_modules\\@testing-library\\dom\\dist\\query-helpers.js:52:17\n    at C:\\Work\\Projects\\ai-learning\\node_modules\\@testing-library\\dom\\dist\\query-helpers.js:95:19\n    at Object.getByText (C:\\Work\\Projects\\ai-learning\\__tests__\\e2e\\blanks-quiz-flow.test.tsx:288:21)"
          ],
          "fullName": "Blanks Quiz Flow End-to-End Test Authenticated User Flow should allow user to complete blanks quiz and see immediate results",
          "invocations": 1,
          "location": null,
          "numPassingAsserts": 4,
          "retryReasons": [],
          "status": "failed",
          "title": "should allow user to complete blanks quiz and see immediate results"
        },
        {
          "ancestorTitles": [
            "Blanks Quiz Flow End-to-End Test",
            "Authenticated User Flow"
          ],
          "duration": 86,
          "failureDetails": [],
          "failureMessages": [],
          "fullName": "Blanks Quiz Flow End-to-End Test Authenticated User Flow should handle hint usage and track it in results",
          "invocations": 1,
          "location": null,
          "numPassingAsserts": 3,
          "retryReasons": [],
          "status": "passed",
          "title": "should handle hint usage and track it in results"
        },
        {
          "ancestorTitles": [
            "Blanks Quiz Flow End-to-End Test",
            "Authenticated User Flow"
          ],
          "duration": 47,
          "failureDetails": [],
          "failureMessages": [],
          "fullName": "Blanks Quiz Flow End-to-End Test Authenticated User Flow should properly reset quiz state",
          "invocations": 1,
          "location": null,
          "numPassingAsserts": 2,
          "retryReasons": [],
          "status": "passed",
          "title": "should properly reset quiz state"
        },
        {
          "ancestorTitles": [
            "Blanks Quiz Flow End-to-End Test",
            "Unauthenticated User Flow"
          ],
          "duration": 250,
          "failureDetails": [],
          "failureMessages": [],
          "fullName": "Blanks Quiz Flow End-to-End Test Unauthenticated User Flow should allow unauthenticated users to take the quiz",
          "invocations": 1,
          "location": null,
          "numPassingAsserts": 3,
          "retryReasons": [],
          "status": "passed",
          "title": "should allow unauthenticated users to take the quiz"
        },
        {
          "ancestorTitles": [
            "Blanks Quiz Flow End-to-End Test",
            "Unauthenticated User Flow"
          ],
          "duration": 13,
          "failureDetails": [],
          "failureMessages": [],
          "fullName": "Blanks Quiz Flow End-to-End Test Unauthenticated User Flow should show sign-in prompt on results page for unauthenticated users",
          "invocations": 1,
          "location": null,
          "numPassingAsserts": 1,
          "retryReasons": [],
          "status": "passed",
          "title": "should show sign-in prompt on results page for unauthenticated users"
        },
        {
          "ancestorTitles": [
            "Blanks Quiz Flow End-to-End Test",
            "Unauthenticated User Flow"
          ],
          "duration": 151,
          "failureDetails": [],
          "failureMessages": [],
          "fullName": "Blanks Quiz Flow End-to-End Test Unauthenticated User Flow should save answer with correct/incorrect status",
          "invocations": 1,
          "location": null,
          "numPassingAsserts": 6,
          "retryReasons": [],
          "status": "passed",
          "title": "should save answer with correct/incorrect status"
        },
        {
          "ancestorTitles": [
            "Blanks Quiz Flow End-to-End Test",
            "Error Handling"
          ],
          "duration": 21,
          "failureDetails": [],
          "failureMessages": [],
          "fullName": "Blanks Quiz Flow End-to-End Test Error Handling should handle quiz data loading errors",
          "invocations": 1,
          "location": null,
          "numPassingAsserts": 1,
          "retryReasons": [],
          "status": "passed",
          "title": "should handle quiz data loading errors"
        },
        {
          "ancestorTitles": [
            "Blanks Quiz Flow End-to-End Test",
            "Error Handling"
          ],
          "duration": 89,
          "failureDetails": [],
          "failureMessages": [],
          "fullName": "Blanks Quiz Flow End-to-End Test Error Handling should handle edge cases like empty questions array",
          "invocations": 1,
          "location": null,
          "numPassingAsserts": 1,
          "retryReasons": [],
          "status": "passed",
          "title": "should handle edge cases like empty questions array"
        },
        {
          "ancestorTitles": [
            "Blanks Quiz Flow End-to-End Test",
            "UI Features"
          ],
          "duration": 81,
          "failureDetails": [],
          "failureMessages": [],
          "fullName": "Blanks Quiz Flow End-to-End Test UI Features should show correct question number indicator",
          "invocations": 1,
          "location": null,
          "numPassingAsserts": 3,
          "retryReasons": [],
          "status": "passed",
          "title": "should show correct question number indicator"
        },
        {
          "ancestorTitles": [
            "Blanks Quiz Flow End-to-End Test",
            "UI Features"
          ],
          "duration": null,
          "failureDetails": [],
          "failureMessages": [],
          "fullName": "Blanks Quiz Flow End-to-End Test UI Features should change submit button text on last question",
          "invocations": 1,
          "location": null,
          "numPassingAsserts": 0,
          "retryReasons": [],
          "status": "pending",
          "title": "should change submit button text on last question"
        }
      ],
      "failureMessage": "\u001b[1m\u001b[31m  \u001b[1m● \u001b[22m\u001b[1mBlanks Quiz Flow End-to-End Test › Authenticated User Flow › should allow user to complete blanks quiz and see immediate results\u001b[39m\u001b[22m\n\n    TestingLibraryElementError: Unable to find an element with the text: /quiz results/i. This could be because the text is broken up by multiple elements. In this case, you can provide a function for your text matcher to make your matcher more flexible.\n\n    Ignored nodes: comments, script, style\n    \u001b[36m<body>\u001b[39m\n      \u001b[36m<div>\u001b[39m\n        \u001b[36m<div>\u001b[39m\n          \u001b[36m<div\u001b[39m\n            \u001b[33mdata-testid\u001b[39m=\u001b[32m\"blanks-quiz-wrapper\"\u001b[39m\n          \u001b[36m>\u001b[39m\n            \u001b[36m<div\u001b[39m\n              \u001b[33mdata-testid\u001b[39m=\u001b[32m\"blanks-quiz-component\"\u001b[39m\n            \u001b[36m>\u001b[39m\n              \u001b[36m<h2\u001b[39m\n                \u001b[33mdata-testid\u001b[39m=\u001b[32m\"question-text\"\u001b[39m\n              \u001b[36m>\u001b[39m\n                \u001b[0mReact is a [[library]] for building user interfaces.\u001b[0m\n              \u001b[36m</h2>\u001b[39m\n              \u001b[36m<p>\u001b[39m\n                \u001b[0mQuestion \u001b[0m\n                \u001b[0m2\u001b[0m\n                \u001b[0m of \u001b[0m\n                \u001b[0m2\u001b[0m\n              \u001b[36m</p>\u001b[39m\n              \u001b[36m<input\u001b[39m\n                \u001b[33mdata-testid\u001b[39m=\u001b[32m\"answer-input\"\u001b[39m\n                \u001b[33mplaceholder\u001b[39m=\u001b[32m\"Type your answer here...\"\u001b[39m\n              \u001b[36m/>\u001b[39m\n              \u001b[36m<button\u001b[39m\n                \u001b[33mdata-testid\u001b[39m=\u001b[32m\"hint-button\"\u001b[39m\n              \u001b[36m>\u001b[39m\n                \u001b[0mNeed a hint?\u001b[0m\n              \u001b[36m</button>\u001b[39m\n              \u001b[36m<button\u001b[39m\n                \u001b[33mdata-testid\u001b[39m=\u001b[32m\"submit-button\"\u001b[39m\n              \u001b[36m>\u001b[39m\n                \u001b[0mFinish Quiz\u001b[0m\n              \u001b[36m</button>\u001b[39m\n            \u001b[36m</div>\u001b[39m\n          \u001b[36m</div>\u001b[39m\n        \u001b[36m</div>\u001b[39m\n      \u001b[36m</div>\u001b[39m\n      \u001b[36m<div>\u001b[39m\n        \u001b[36m<div>\u001b[39m\n          \u001b[36m<div\u001b[39m\n            \u001b[33mclass\u001b[39m=\u001b[32m\"space-y-6\"\u001b[39m\n            \u001b[33mstyle\u001b[39m=\u001b[32m\"opacity: 0; transform: translateY(20px);\"\u001b[39m\n          \u001b[36m>\u001b[39m\n            \u001b[36m<div\u001b[39m\n              \u001b[33mclass\u001b[39m=\u001b[32m\"bg-gradient-to-br from-primary/10 via-background to-secondary/10 rounded-2xl p-8 border\"\u001b[39m\n              \u001b[33mstyle\u001b[39m=\u001b[32m\"opacity: 0; transform: scale(0.95);\"\u001b[39m\n            \u001b[36m>\u001b[39m\n              \u001b[36m<div\u001b[39m\n                \u001b[33mclass\u001b[39m=\u001b[32m\"flex flex-col lg:flex-row justify-between items-center gap-6\"\u001b[39m\n              \u001b[36m>\u001b[39m\n                \u001b[36m<div\u001b[39m\n                  \u001b[33mclass\u001b[39m=\u001b[32m\"text-center lg:text-left\"\u001b[39m\n                \u001b[36m>\u001b[39m\n                  \u001b[36m<div\u001b[39m\n                    \u001b[33mclass\u001b[39m=\u001b[32m\"flex items-center gap-2 justify-center lg:justify-start mb-2\"\u001b[39m\n                    \u001b[33mstyle\u001b[39m=\u001b[32m\"opacity: 0; transform: translateY(10px);\"\u001b[39m\n                  \u001b[36m>\u001b[39m\n                    \u001b[36m<svg\u001b[39m\n                      \u001b[33mclass\u001b[39m=\u001b[32m\"lucide lucide-star h-6 w-6 text-green-600\"\u001b[39m\n                      \u001b[33mfill\u001b[39m=\u001b[32m\"none\"\u001b[39m\n                      \u001b[33mheight\u001b[39m=\u001b[32m\"24\"\u001b[39m\n                      \u001b[33mstroke\u001b[39m=\u001b[32m\"currentColor\"\u001b[39m\n                      \u001b[33mstroke-linecap\u001b[39m=\u001b[32m\"round\"\u001b[39m\n                      \u001b[33mstroke-linejoin\u001b[39m=\u001b[32m\"round\"\u001b[39m\n                      \u001b[33mstroke-width\u001b[39m=\u001b[32m\"2\"\u001b[39m\n                      \u001b[33mviewBox\u001b[39m=\u001b[32m\"0 0 24 24\"\u001b[39m\n                      \u001b[33mwidth\u001b[39m=\u001b[32m\"24\"\u001b[39m\n                      \u001b[33mxmlns\u001b[39m=\u001b[32m\"http://www.w3.org/2000/svg\"\u001b[39m\n                    \u001b[36m>\u001b[39m\n                      \u001b[36m<path\u001b[39m\n                        \u001b[33md\u001b[39m=\u001b[32m\"M11.525 2.295a.53.53 0 0 1 .95 0l2.31 4.679a2.123 2.123 0 0 0 1.595 1.16l5.166.756a.53.53 0 0 1 .294.904l-3.736 3.638a2.123 2.123 0 0 0-.611 1.878l.882 5.14a.53.53 0 0 1-.771.56l-4.618-2.428a2.122 2.122 0 0 0-1.973 0L6.396 21.01a.53.53 0 0 1-.77-.56l.881-5.139a2.122 2.122 0 0 0-.611-1.879L2.16 9.795a.53.53 0 0 1 .294-.906l5.165-.755a2.122 2.122 0 0 0 1.597-1.16z\"\u001b[39m\n                      \u001b[36m/>\u001b[39m\n                    \u001b[36m</svg>\u001b[39m\n                    \u001b[36m<span\u001b[39m\n                      \u001b[33mclass\u001b[39m=\u001b[32m\"text-lg font-semibold text-green-600\"\u001b[39m\n                    \u001b[36m>\u001b[39m\n                      \u001b[0mExcellent\u001b[0m\n                    \u001b[36m</span>\u001b[39m\n                  \u001b[36m</div>\u001b[39m\n                  \u001b[36m<h1\u001b[39m\n                    \u001b[33mclass\u001b[39m=\u001b[32m\"text-3xl font-bold mb-2\"\u001b[39m\n                  \u001b[36m>\u001b[39m\n                    \u001b[0mQuiz Completed!\u001b[0m\n                  \u001b[36m</h1>\u001b[39m\n                  \u001b[36m<p\u001b[39m\n                    \u001b[33mclass\u001b[39m=\u001b[32m\"text-muted-foreground text-lg\"\u001b[39m\n                  \u001b[36m>\u001b[39m\n                    \u001b[0mTest Blanks Quiz\u001b[0m\n                    \u001b[0m • \u001b[0m\n                    \u001b[0m5/23/2025\u001b[0m\n                  \u001b[36m</p>\u001b[39m\n                \u001b[36m</div>\u001b[39m\n                \u001b[36m<div\u001b[39m\n                  \u001b[33mclass\u001b[39m=\u001b[32m\"relative\"\u001b[39m\n                  \u001b[33mstyle\u001b[39m=\u001b[32m\"transform: scale(0);\"\u001b[39m\n                \u001b[36m>\u001b[39m\n                  \u001b[36m<div\u001b[39m\n                    \u001b[33mclass\u001b[39m=\u001b[32m\"w-32 h-32 rounded-full flex items-center justify-center text-white text-3xl font-bold bg-gradient-to-br from-green-500 to-green-600\"\u001b[39m\n                  \u001b[36m>\u001b[39m\n                    \u001b[0m100\u001b[0m\n                    \u001b[0m%\u001b[0m\n                  \u001b[36m</div>\u001b[39m\n                  \u001b[36m<div\u001b[39m\n                    \u001b[33mclass\u001b[39m=\u001b[32m\"absolute -top-2 -right-2 bg-background border-4 border-background rounded-full p-2\"\u001b[39m\n                    \u001b[33mstyle\u001b[39m=\u001b[32m\"transform: scale(0);\"\u001b[39m\n                  \u001b[36m>\u001b[39m\n                    \u001b[36m<svg\u001b[39m\n                      \u001b[33mclass\u001b[39m=\u001b[32m\"lucide lucide-award h-6 w-6 text-primary\"\u001b[39m\n                      \u001b[33mfill\u001b[39m=\u001b[32m\"none\"\u001b[39m\n                      \u001b[33mheight\u001b[39m=\u001b[32m\"24\"\u001b[39m\n                      \u001b[33mstroke\u001b[39m=\u001b[32m\"currentColor\"\u001b[39m\n                      \u001b[33mstroke-linecap\u001b[39m=\u001b[32m\"round\"\u001b[39m\n                      \u001b[33mstroke-linejoin\u001b[39m=\u001b[32m\"round\"\u001b[39m\n                      \u001b[33mstroke-width\u001b[39m=\u001b[32m\"2\"\u001b[39m\n                      \u001b[33mviewBox\u001b[39m=\u001b[32m\"0 0 24 24\"\u001b[39m\n                      \u001b[33mwidth\u001b[39m=\u001b[32m\"24\"\u001b[39m\n                      \u001b[33mxmlns\u001b[39m=\u001b[32m\"http://www.w3.org/2000/svg\"\u001b[39m\n                    \u001b[36m>\u001b[39m\n                      \u001b[36m<path\u001b[39m\n                        \u001b[33md\u001b[39m=\u001b[32m\"m15.477 12.89 1.515 8.526a.5.5 0 0 1-.81.47l-3.58-2.687a1 1 0 0 0-1.197 0l-3.586 2.686a.5.5 0 0 1-.81-.469l1.514-8.526\"\u001b[39m\n                      \u001b[36m/>\u001b[39m\n                      \u001b[36m<circle\u001b[39m\n                        \u001b[33mcx\u001b[39m=\u001b[32m\"12\"\u001b[39m\n                        \u001b[33mcy\u001b[39m=\u001b[32m\"8\"\u001b[39m\n                        \u001b[33mr\u001b[39m=\u001b[32m\"6\"\u001b[39m\n                      \u001b[36m/>\u001b[39m\n                    \u001b[36m</svg>\u001b[39m\n                  \u001b[36m</div>\u001b[39m\n                \u001b[36m</div>\u001b[39m\n              \u001b[36m</div>\u001b[39m\n              \u001b[36m<div\u001b[39m\n                \u001b[33mclass\u001b[39m=\u001b[32m\"flex flex-wrap gap-2 justify-center lg:justify-start mt-6\"\u001b[39m\n              \u001b[36m>\u001b[39m\n                \u001b[36m<button\u001b[39m\n                  \u001b[33mclass\u001b[39m=\u001b[32m\"inline-flex items-center justify-center whitespace-nowrap text-sm font-medium ring-offset-background transition-colors focus-visible:outline-none focus-visible:ring-2 focus-visible:ring-ring focus-visible:ring-offset-2 disabled:pointer-events-none disabled:opacity-50 [&_svg]:pointer-events-none [&_svg]:size-4 [&_svg]:shrink-0 border border-input bg-background hover:bg-accent hover:text-accent-foreground h-9 rounded-md px-3 gap-2\"\u001b[39m\n                \u001b[36m>\u001b[39m\n                  \u001b[36m<svg\u001b[39m\n                    \u001b[33mclass\u001b[39m=\u001b[32m\"lucide lucide-download h-4 w-4\"\u001b[39m\n                    \u001b[33mfill\u001b[39m=\u001b[32m\"none\"\u001b[39m\n                    \u001b[33mheight\u001b[39m=\u001b[32m\"24\"\u001b[39m\n                    \u001b[33mstroke\u001b[39m=\u001b[32m\"currentColor\"\u001b[39m\n                    \u001b[33mstroke-linecap\u001b[39m=...\n"
    }
  ],
  "wasInterrupted": false
}