{
  "numFailedTestSuites": 2,
  "numFailedTests": 1,
  "numPassedTestSuites": 6,
  "numPassedTests": 77,
  "numPendingTestSuites": 0,
  "numPendingTests": 0,
  "numRuntimeErrorTestSuites": 1,
  "numTodoTests": 0,
  "numTotalTestSuites": 8,
  "numTotalTests": 78,
  "openHandles": [],
  "snapshot": {
    "added": 0,
    "didUpdate": false,
    "failure": false,
    "filesAdded": 0,
    "filesRemoved": 0,
    "filesRemovedList": [],
    "filesUnmatched": 0,
    "filesUpdated": 0,
    "matched": 0,
    "total": 0,
    "unchecked": 0,
    "uncheckedKeysByFile": [],
    "unmatched": 0,
    "updated": 0
  },
  "startTime": 1747484559314,
  "success": false,
  "testResults": [
    {
      "leaks": false,
      "numFailingTests": 0,
      "numPassingTests": 4,
      "numPendingTests": 0,
      "numTodoTests": 0,
      "openHandles": [],
      "perfStats": {
        "end": 1747484591320,
        "runtime": 4481,
        "slow": false,
        "start": 1747484586839
      },
      "skipped": false,
      "snapshot": {
        "added": 0,
        "fileDeleted": false,
        "matched": 0,
        "unchecked": 0,
        "uncheckedKeys": [],
        "unmatched": 0,
        "updated": 0
      },
      "testFilePath": "C:\\Work\\Projects\\ai-learning\\app\\__tests__\\persistQuizMiddleware.test.ts",
      "testResults": [
        {
          "ancestorTitles": [
            "persistQuizMiddleware"
          ],
          "duration": 97,
          "failureDetails": [],
          "failureMessages": [],
          "fullName": "persistQuizMiddleware should persist quiz state when actions are dispatched",
          "invocations": 1,
          "location": null,
          "numPassingAsserts": 4,
          "retryReasons": [],
          "status": "passed",
          "title": "should persist quiz state when actions are dispatched"
        },
        {
          "ancestorTitles": [
            "persistQuizMiddleware"
          ],
          "duration": 7,
          "failureDetails": [],
          "failureMessages": [],
          "fullName": "persistQuizMiddleware should remove quiz state from localStorage when quiz is completed",
          "invocations": 1,
          "location": null,
          "numPassingAsserts": 2,
          "retryReasons": [],
          "status": "passed",
          "title": "should remove quiz state from localStorage when quiz is completed"
        },
        {
          "ancestorTitles": [
            "persistQuizMiddleware"
          ],
          "duration": 5,
          "failureDetails": [],
          "failureMessages": [],
          "fullName": "persistQuizMiddleware loadPersistedQuizState should return persisted state",
          "invocations": 1,
          "location": null,
          "numPassingAsserts": 1,
          "retryReasons": [],
          "status": "passed",
          "title": "loadPersistedQuizState should return persisted state"
        },
        {
          "ancestorTitles": [
            "persistQuizMiddleware"
          ],
          "duration": 1,
          "failureDetails": [],
          "failureMessages": [],
          "fullName": "persistQuizMiddleware clearPersistedQuizState should remove state from localStorage",
          "invocations": 1,
          "location": null,
          "numPassingAsserts": 1,
          "retryReasons": [],
          "status": "passed",
          "title": "clearPersistedQuizState should remove state from localStorage"
        }
      ],
      "failureMessage": null
    },
    {
      "leaks": false,
      "numFailingTests": 0,
      "numPassingTests": 8,
      "numPendingTests": 0,
      "numTodoTests": 0,
      "openHandles": [],
      "perfStats": {
        "end": 1747484595613,
        "runtime": 6434,
        "slow": true,
        "start": 1747484589179
      },
      "skipped": false,
      "snapshot": {
        "added": 0,
        "fileDeleted": false,
        "matched": 0,
        "unchecked": 0,
        "uncheckedKeys": [],
        "unmatched": 0,
        "updated": 0
      },
      "testFilePath": "C:\\Work\\Projects\\ai-learning\\store\\slices\\__tests__\\quizSlice.test.ts",
      "testResults": [
        {
          "ancestorTitles": [
            "quizSlice"
          ],
          "duration": 39,
          "failureDetails": [],
          "failureMessages": [],
          "fullName": "quizSlice should return the initial state",
          "invocations": 1,
          "location": null,
          "numPassingAsserts": 1,
          "retryReasons": [],
          "status": "passed",
          "title": "should return the initial state"
        },
        {
          "ancestorTitles": [
            "quizSlice"
          ],
          "duration": 6,
          "failureDetails": [],
          "failureMessages": [],
          "fullName": "quizSlice should handle resetQuizState",
          "invocations": 1,
          "location": null,
          "numPassingAsserts": 1,
          "retryReasons": [],
          "status": "passed",
          "title": "should handle resetQuizState"
        },
        {
          "ancestorTitles": [
            "quizSlice"
          ],
          "duration": 1,
          "failureDetails": [],
          "failureMessages": [],
          "fullName": "quizSlice should handle setCurrentQuestion",
          "invocations": 1,
          "location": null,
          "numPassingAsserts": 1,
          "retryReasons": [],
          "status": "passed",
          "title": "should handle setCurrentQuestion"
        },
        {
          "ancestorTitles": [
            "quizSlice"
          ],
          "duration": 3,
          "failureDetails": [],
          "failureMessages": [],
          "fullName": "quizSlice should handle setUserAnswer for new answer",
          "invocations": 1,
          "location": null,
          "numPassingAsserts": 1,
          "retryReasons": [],
          "status": "passed",
          "title": "should handle setUserAnswer for new answer"
        },
        {
          "ancestorTitles": [
            "quizSlice"
          ],
          "duration": 5,
          "failureDetails": [],
          "failureMessages": [],
          "fullName": "quizSlice should handle setUserAnswer for existing answer",
          "invocations": 1,
          "location": null,
          "numPassingAsserts": 3,
          "retryReasons": [],
          "status": "passed",
          "title": "should handle setUserAnswer for existing answer"
        },
        {
          "ancestorTitles": [
            "quizSlice"
          ],
          "duration": 5,
          "failureDetails": [],
          "failureMessages": [],
          "fullName": "quizSlice should handle timer actions",
          "invocations": 1,
          "location": null,
          "numPassingAsserts": 5,
          "retryReasons": [],
          "status": "passed",
          "title": "should handle timer actions"
        },
        {
          "ancestorTitles": [
            "quizSlice"
          ],
          "duration": 3,
          "failureDetails": [],
          "failureMessages": [],
          "fullName": "quizSlice should handle markQuizCompleted",
          "invocations": 1,
          "location": null,
          "numPassingAsserts": 3,
          "retryReasons": [],
          "status": "passed",
          "title": "should handle markQuizCompleted"
        },
        {
          "ancestorTitles": [
            "quizSlice"
          ],
          "duration": 25,
          "failureDetails": [],
          "failureMessages": [],
          "fullName": "quizSlice should handle submitQuiz action",
          "invocations": 1,
          "location": null,
          "numPassingAsserts": 4,
          "retryReasons": [],
          "status": "passed",
          "title": "should handle submitQuiz action"
        }
      ],
      "failureMessage": null
    },
    {
      "failureMessage": "  \u001b[1m● \u001b[22mTest suite failed to run\n\n    Your test suite must contain at least one test.\n\n      \u001b[2mat onResult (\u001b[22mnode_modules/@jest/core/build/TestScheduler.js\u001b[2m:133:18)\u001b[22m\n      \u001b[2mat \u001b[22mnode_modules/@jest/core/build/TestScheduler.js\u001b[2m:254:19\u001b[22m\n      \u001b[2mat \u001b[22mnode_modules/emittery/index.js\u001b[2m:363:13\u001b[22m\n          at Array.map (<anonymous>)\n      \u001b[2mat Emittery.emit (\u001b[22mnode_modules/emittery/index.js\u001b[2m:361:23)\u001b[22m\n",
      "leaks": false,
      "numFailingTests": 0,
      "numPassingTests": 0,
      "numPendingTests": 0,
      "numTodoTests": 0,
      "openHandles": [],
      "perfStats": {
        "end": 0,
        "runtime": 0,
        "slow": false,
        "start": 0
      },
      "skipped": false,
      "snapshot": {
        "added": 0,
        "fileDeleted": false,
        "matched": 0,
        "unchecked": 0,
        "uncheckedKeys": [],
        "unmatched": 0,
        "updated": 0
      },
      "testExecError": {
        "message": "Your test suite must contain at least one test.",
        "stack": "Error: Your test suite must contain at least one test.\n    at onResult (c:\\Work\\Projects\\ai-learning\\node_modules\\@jest\\core\\build\\TestScheduler.js:133:18)\n    at c:\\Work\\Projects\\ai-learning\\node_modules\\@jest\\core\\build\\TestScheduler.js:254:19\n    at c:\\Work\\Projects\\ai-learning\\node_modules\\emittery\\index.js:363:13\n    at Array.map (<anonymous>)\n    at Emittery.emit (c:\\Work\\Projects\\ai-learning\\node_modules\\emittery\\index.js:361:23)\n    at process.processTicksAndRejections (node:internal/process/task_queues:105:5)"
      },
      "testFilePath": "C:\\Work\\Projects\\ai-learning\\app\\__tests__\\CodeQuizTest.test.tsx",
      "testResults": []
    },
    {
      "leaks": false,
      "numFailingTests": 0,
      "numPassingTests": 36,
      "numPendingTests": 0,
      "numTodoTests": 0,
      "openHandles": [],
      "perfStats": {
        "end": 1747484602415,
        "runtime": 7400,
        "slow": true,
        "start": 1747484595015
      },
      "skipped": false,
      "snapshot": {
        "added": 0,
        "fileDeleted": false,
        "matched": 0,
        "unchecked": 0,
        "uncheckedKeys": [],
        "unmatched": 0,
        "updated": 0
      },
      "testFilePath": "C:\\Work\\Projects\\ai-learning\\app\\__tests__\\quiz-utils.test.ts",
      "testResults": [
        {
          "ancestorTitles": [
            "Quiz Utilities",
            "formatTime"
          ],
          "duration": 72,
          "failureDetails": [],
          "failureMessages": [],
          "fullName": "Quiz Utilities formatTime formats seconds correctly",
          "invocations": 1,
          "location": null,
          "numPassingAsserts": 3,
          "retryReasons": [],
          "status": "passed",
          "title": "formats seconds correctly"
        },
        {
          "ancestorTitles": [
            "Quiz Utilities",
            "formatTime"
          ],
          "duration": 1,
          "failureDetails": [],
          "failureMessages": [],
          "fullName": "Quiz Utilities formatTime handles null or undefined",
          "invocations": 1,
          "location": null,
          "numPassingAsserts": 2,
          "retryReasons": [],
          "status": "passed",
          "title": "handles null or undefined"
        },
        {
          "ancestorTitles": [
            "Quiz Utilities",
            "formatDuration"
          ],
          "duration": 3,
          "failureDetails": [],
          "failureMessages": [],
          "fullName": "Quiz Utilities formatDuration formats duration correctly",
          "invocations": 1,
          "location": null,
          "numPassingAsserts": 4,
          "retryReasons": [],
          "status": "passed",
          "title": "formats duration correctly"
        },
        {
          "ancestorTitles": [
            "Quiz Utilities",
            "formatDate"
          ],
          "duration": 76,
          "failureDetails": [],
          "failureMessages": [],
          "fullName": "Quiz Utilities formatDate formats date correctly",
          "invocations": 1,
          "location": null,
          "numPassingAsserts": 2,
          "retryReasons": [],
          "status": "passed",
          "title": "formats date correctly"
        },
        {
          "ancestorTitles": [
            "Quiz Utilities",
            "formatDate"
          ],
          "duration": 1,
          "failureDetails": [],
          "failureMessages": [],
          "fullName": "Quiz Utilities formatDate handles empty input",
          "invocations": 1,
          "location": null,
          "numPassingAsserts": 1,
          "retryReasons": [],
          "status": "passed",
          "title": "handles empty input"
        },
        {
          "ancestorTitles": [
            "Quiz Utilities",
            "truncateString"
          ],
          "duration": 2,
          "failureDetails": [],
          "failureMessages": [],
          "fullName": "Quiz Utilities truncateString truncates string correctly",
          "invocations": 1,
          "location": null,
          "numPassingAsserts": 3,
          "retryReasons": [],
          "status": "passed",
          "title": "truncates string correctly"
        },
        {
          "ancestorTitles": [
            "Quiz Utilities",
            "calculatePercentage"
          ],
          "duration": 1,
          "failureDetails": [],
          "failureMessages": [],
          "fullName": "Quiz Utilities calculatePercentage calculates percentage correctly",
          "invocations": 1,
          "location": null,
          "numPassingAsserts": 3,
          "retryReasons": [],
          "status": "passed",
          "title": "calculates percentage correctly"
        },
        {
          "ancestorTitles": [
            "Quiz Utilities",
            "calculatePercentage"
          ],
          "duration": 7,
          "failureDetails": [],
          "failureMessages": [],
          "fullName": "Quiz Utilities calculatePercentage handles zero or negative maxScore",
          "invocations": 1,
          "location": null,
          "numPassingAsserts": 2,
          "retryReasons": [],
          "status": "passed",
          "title": "handles zero or negative maxScore"
        },
        {
          "ancestorTitles": [
            "Quiz Utilities",
            "isPassed"
          ],
          "duration": 3,
          "failureDetails": [],
          "failureMessages": [],
          "fullName": "Quiz Utilities isPassed determines if score passes threshold",
          "invocations": 1,
          "location": null,
          "numPassingAsserts": 3,
          "retryReasons": [],
          "status": "passed",
          "title": "determines if score passes threshold"
        },
        {
          "ancestorTitles": [
            "Quiz Utilities",
            "isPassed"
          ],
          "duration": 3,
          "failureDetails": [],
          "failureMessages": [],
          "fullName": "Quiz Utilities isPassed works with custom threshold",
          "invocations": 1,
          "location": null,
          "numPassingAsserts": 2,
          "retryReasons": [],
          "status": "passed",
          "title": "works with custom threshold"
        },
        {
          "ancestorTitles": [
            "Quiz Utilities",
            "generateFeedback"
          ],
          "duration": 3,
          "failureDetails": [],
          "failureMessages": [],
          "fullName": "Quiz Utilities generateFeedback generates appropriate feedback based on percentage",
          "invocations": 1,
          "location": null,
          "numPassingAsserts": 5,
          "retryReasons": [],
          "status": "passed",
          "title": "generates appropriate feedback based on percentage"
        },
        {
          "ancestorTitles": [
            "Quiz Utilities",
            "calculateStringSimilarity"
          ],
          "duration": 7,
          "failureDetails": [],
          "failureMessages": [],
          "fullName": "Quiz Utilities calculateStringSimilarity calculates string similarity correctly",
          "invocations": 1,
          "location": null,
          "numPassingAsserts": 3,
          "retryReasons": [],
          "status": "passed",
          "title": "calculates string similarity correctly"
        },
        {
          "ancestorTitles": [
            "Quiz Utilities",
            "calculateStringSimilarity"
          ],
          "duration": 1,
          "failureDetails": [],
          "failureMessages": [],
          "fullName": "Quiz Utilities calculateStringSimilarity handles empty strings",
          "invocations": 1,
          "location": null,
          "numPassingAsserts": 3,
          "retryReasons": [],
          "status": "passed",
          "title": "handles empty strings"
        },
        {
          "ancestorTitles": [
            "Quiz Utilities",
            "calculateStringSimilarity"
          ],
          "duration": 1,
          "failureDetails": [],
          "failureMessages": [],
          "fullName": "Quiz Utilities calculateStringSimilarity is case insensitive",
          "invocations": 1,
          "location": null,
          "numPassingAsserts": 2,
          "retryReasons": [],
          "status": "passed",
          "title": "is case insensitive"
        },
        {
          "ancestorTitles": [
            "Quiz Utilities",
            "evaluateOpenEndedAnswer"
          ],
          "duration": 11,
          "failureDetails": [],
          "failureMessages": [],
          "fullName": "Quiz Utilities evaluateOpenEndedAnswer evaluates open-ended answers based on keywords",
          "invocations": 1,
          "location": null,
          "numPassingAsserts": 3,
          "retryReasons": [],
          "status": "passed",
          "title": "evaluates open-ended answers based on keywords"
        },
        {
          "ancestorTitles": [
            "Quiz Utilities",
            "evaluateOpenEndedAnswer"
          ],
          "duration": 15,
          "failureDetails": [],
          "failureMessages": [],
          "fullName": "Quiz Utilities evaluateOpenEndedAnswer handles empty inputs",
          "invocations": 1,
          "location": null,
          "numPassingAsserts": 2,
          "retryReasons": [],
          "status": "passed",
          "title": "handles empty inputs"
        },
        {
          "ancestorTitles": [
            "Quiz Utilities",
            "evaluateOpenEndedAnswer"
          ],
          "duration": 1,
          "failureDetails": [],
          "failureMessages": [],
          "fullName": "Quiz Utilities evaluateOpenEndedAnswer matches similar words",
          "invocations": 1,
          "location": null,
          "numPassingAsserts": 1,
          "retryReasons": [],
          "status": "passed",
          "title": "matches similar words"
        },
        {
          "ancestorTitles": [
            "Quiz Utilities",
            "evaluateCode"
          ],
          "duration": 9,
          "failureDetails": [],
          "failureMessages": [],
          "fullName": "Quiz Utilities evaluateCode evaluates code against test cases",
          "invocations": 1,
          "location": null,
          "numPassingAsserts": 4,
          "retryReasons": [],
          "status": "passed",
          "title": "evaluates code against test cases"
        },
        {
          "ancestorTitles": [
            "Quiz Utilities",
            "evaluateCode"
          ],
          "duration": 1,
          "failureDetails": [],
          "failureMessages": [],
          "fullName": "Quiz Utilities evaluateCode handles empty test cases",
          "invocations": 1,
          "location": null,
          "numPassingAsserts": 4,
          "retryReasons": [],
          "status": "passed",
          "title": "handles empty test cases"
        },
        {
          "ancestorTitles": [
            "Quiz Utilities",
            "getDifficultyColor"
          ],
          "duration": 1,
          "failureDetails": [],
          "failureMessages": [],
          "fullName": "Quiz Utilities getDifficultyColor returns correct color classes for different difficulty levels",
          "invocations": 1,
          "location": null,
          "numPassingAsserts": 4,
          "retryReasons": [],
          "status": "passed",
          "title": "returns correct color classes for different difficulty levels"
        },
        {
          "ancestorTitles": [
            "Quiz Utilities",
            "getDifficultyColor"
          ],
          "duration": 3,
          "failureDetails": [],
          "failureMessages": [],
          "fullName": "Quiz Utilities getDifficultyColor handles unknown difficulty and undefined",
          "invocations": 1,
          "location": null,
          "numPassingAsserts": 2,
          "retryReasons": [],
          "status": "passed",
          "title": "handles unknown difficulty and undefined"
        },
        {
          "ancestorTitles": [
            "Quiz Utilities",
            "getDifficultyColor"
          ],
          "duration": 0,
          "failureDetails": [],
          "failureMessages": [],
          "fullName": "Quiz Utilities getDifficultyColor is case insensitive",
          "invocations": 1,
          "location": null,
          "numPassingAsserts": 2,
          "retryReasons": [],
          "status": "passed",
          "title": "is case insensitive"
        },
        {
          "ancestorTitles": [
            "Quiz Utilities",
            "calculateEstimatedTime"
          ],
          "duration": 1,
          "failureDetails": [],
          "failureMessages": [],
          "fullName": "Quiz Utilities calculateEstimatedTime calculates estimated time based on question types",
          "invocations": 1,
          "location": null,
          "numPassingAsserts": 1,
          "retryReasons": [],
          "status": "passed",
          "title": "calculates estimated time based on question types"
        },
        {
          "ancestorTitles": [
            "Quiz Utilities",
            "calculateEstimatedTime"
          ],
          "duration": 1,
          "failureDetails": [],
          "failureMessages": [],
          "fullName": "Quiz Utilities calculateEstimatedTime handles empty questions array",
          "invocations": 1,
          "location": null,
          "numPassingAsserts": 1,
          "retryReasons": [],
          "status": "passed",
          "title": "handles empty questions array"
        },
        {
          "ancestorTitles": [
            "Quiz Utilities",
            "calculateEstimatedTime"
          ],
          "duration": 1,
          "failureDetails": [],
          "failureMessages": [],
          "fullName": "Quiz Utilities calculateEstimatedTime handles unknown question types",
          "invocations": 1,
          "location": null,
          "numPassingAsserts": 1,
          "retryReasons": [],
          "status": "passed",
          "title": "handles unknown question types"
        },
        {
          "ancestorTitles": [
            "Quiz Utilities",
            "areAllRequiredQuestionsAnswered"
          ],
          "duration": 1,
          "failureDetails": [],
          "failureMessages": [],
          "fullName": "Quiz Utilities areAllRequiredQuestionsAnswered checks if all required questions are answered",
          "invocations": 1,
          "location": null,
          "numPassingAsserts": 1,
          "retryReasons": [],
          "status": "passed",
          "title": "checks if all required questions are answered"
        },
        {
          "ancestorTitles": [
            "Quiz Utilities",
            "areAllRequiredQuestionsAnswered"
          ],
          "duration": 1,
          "failureDetails": [],
          "failureMessages": [],
          "fullName": "Quiz Utilities areAllRequiredQuestionsAnswered detects missing answers",
          "invocations": 1,
          "location": null,
          "numPassingAsserts": 1,
          "retryReasons": [],
          "status": "passed",
          "title": "detects missing answers"
        },
        {
          "ancestorTitles": [
            "Quiz Utilities",
            "areAllRequiredQuestionsAnswered"
          ],
          "duration": 1,
          "failureDetails": [],
          "failureMessages": [],
          "fullName": "Quiz Utilities areAllRequiredQuestionsAnswered skips optional questions",
          "invocations": 1,
          "location": null,
          "numPassingAsserts": 1,
          "retryReasons": [],
          "status": "passed",
          "title": "skips optional questions"
        },
        {
          "ancestorTitles": [
            "Quiz Utilities",
            "areAllRequiredQuestionsAnswered"
          ],
          "duration": 1,
          "failureDetails": [],
          "failureMessages": [],
          "fullName": "Quiz Utilities areAllRequiredQuestionsAnswered validates fill-in-the-blanks answers",
          "invocations": 1,
          "location": null,
          "numPassingAsserts": 3,
          "retryReasons": [],
          "status": "passed",
          "title": "validates fill-in-the-blanks answers"
        },
        {
          "ancestorTitles": [
            "Quiz Utilities",
            "areAllRequiredQuestionsAnswered"
          ],
          "duration": 1,
          "failureDetails": [],
          "failureMessages": [],
          "fullName": "Quiz Utilities areAllRequiredQuestionsAnswered validates open-ended answers with minimum length",
          "invocations": 1,
          "location": null,
          "numPassingAsserts": 2,
          "retryReasons": [],
          "status": "passed",
          "title": "validates open-ended answers with minimum length"
        },
        {
          "ancestorTitles": [
            "Quiz Utilities",
            "generateId"
          ],
          "duration": 3,
          "failureDetails": [],
          "failureMessages": [],
          "fullName": "Quiz Utilities generateId generates unique IDs",
          "invocations": 1,
          "location": null,
          "numPassingAsserts": 3,
          "retryReasons": [],
          "status": "passed",
          "title": "generates unique IDs"
        },
        {
          "ancestorTitles": [
            "Quiz Utilities",
            "shuffleArray"
          ],
          "duration": 3,
          "failureDetails": [],
          "failureMessages": [],
          "fullName": "Quiz Utilities shuffleArray shuffles array elements",
          "invocations": 1,
          "location": null,
          "numPassingAsserts": 2,
          "retryReasons": [],
          "status": "passed",
          "title": "shuffles array elements"
        },
        {
          "ancestorTitles": [
            "Quiz Utilities",
            "shuffleArray"
          ],
          "duration": 1,
          "failureDetails": [],
          "failureMessages": [],
          "fullName": "Quiz Utilities shuffleArray handles empty arrays",
          "invocations": 1,
          "location": null,
          "numPassingAsserts": 1,
          "retryReasons": [],
          "status": "passed",
          "title": "handles empty arrays"
        },
        {
          "ancestorTitles": [
            "Quiz Utilities",
            "capitalizeFirstLetter"
          ],
          "duration": 6,
          "failureDetails": [],
          "failureMessages": [],
          "fullName": "Quiz Utilities capitalizeFirstLetter capitalizes first letter",
          "invocations": 1,
          "location": null,
          "numPassingAsserts": 3,
          "retryReasons": [],
          "status": "passed",
          "title": "capitalizes first letter"
        },
        {
          "ancestorTitles": [
            "Quiz Utilities",
            "capitalizeFirstLetter"
          ],
          "duration": 2,
          "failureDetails": [],
          "failureMessages": [],
          "fullName": "Quiz Utilities capitalizeFirstLetter handles empty strings",
          "invocations": 1,
          "location": null,
          "numPassingAsserts": 1,
          "retryReasons": [],
          "status": "passed",
          "title": "handles empty strings"
        },
        {
          "ancestorTitles": [
            "Quiz Utilities",
            "debounce"
          ],
          "duration": 25,
          "failureDetails": [],
          "failureMessages": [],
          "fullName": "Quiz Utilities debounce debounces function calls",
          "invocations": 1,
          "location": null,
          "numPassingAsserts": 2,
          "retryReasons": [],
          "status": "passed",
          "title": "debounces function calls"
        }
      ],
      "failureMessage": null
    },
    {
      "leaks": false,
      "numFailingTests": 0,
      "numPassingTests": 10,
      "numPendingTests": 0,
      "numTodoTests": 0,
      "openHandles": [],
      "perfStats": {
        "end": 1747484603883,
        "runtime": 8770,
        "slow": true,
        "start": 1747484595113
      },
      "skipped": false,
      "snapshot": {
        "added": 0,
        "fileDeleted": false,
        "matched": 0,
        "unchecked": 0,
        "uncheckedKeys": [],
        "unmatched": 0,
        "updated": 0
      },
      "testFilePath": "C:\\Work\\Projects\\ai-learning\\hooks\\__tests__\\useAuth.test.tsx",
      "testResults": [
        {
          "ancestorTitles": [
            "useAuth hook"
          ],
          "duration": 502,
          "failureDetails": [],
          "failureMessages": [],
          "fullName": "useAuth hook should return authenticated status when session exists",
          "invocations": 1,
          "location": null,
          "numPassingAsserts": 2,
          "retryReasons": [],
          "status": "passed",
          "title": "should return authenticated status when session exists"
        },
        {
          "ancestorTitles": [
            "useAuth hook"
          ],
          "duration": 42,
          "failureDetails": [],
          "failureMessages": [],
          "fullName": "useAuth hook should return unauthenticated status when session is missing",
          "invocations": 1,
          "location": null,
          "numPassingAsserts": 1,
          "retryReasons": [],
          "status": "passed",
          "title": "should return unauthenticated status when session is missing"
        },
        {
          "ancestorTitles": [
            "useAuth hook"
          ],
          "duration": 31,
          "failureDetails": [],
          "failureMessages": [],
          "fullName": "useAuth hook should detect fromAuth parameter in URL",
          "invocations": 1,
          "location": null,
          "numPassingAsserts": 1,
          "retryReasons": [],
          "status": "passed",
          "title": "should detect fromAuth parameter in URL"
        },
        {
          "ancestorTitles": [
            "useAuth hook"
          ],
          "duration": 36,
          "failureDetails": [],
          "failureMessages": [],
          "fullName": "useAuth hook should not detect fromAuth when parameter is missing",
          "invocations": 1,
          "location": null,
          "numPassingAsserts": 1,
          "retryReasons": [],
          "status": "passed",
          "title": "should not detect fromAuth when parameter is missing"
        },
        {
          "ancestorTitles": [
            "useAuth hook"
          ],
          "duration": 73,
          "failureDetails": [],
          "failureMessages": [],
          "fullName": "useAuth hook should call signIn when requireAuth is called and user is unauthenticated",
          "invocations": 1,
          "location": null,
          "numPassingAsserts": 1,
          "retryReasons": [],
          "status": "passed",
          "title": "should call signIn when requireAuth is called and user is unauthenticated"
        },
        {
          "ancestorTitles": [
            "useAuth hook"
          ],
          "duration": 23,
          "failureDetails": [],
          "failureMessages": [],
          "fullName": "useAuth hook should not call signIn when requireAuth is called but user is authenticated",
          "invocations": 1,
          "location": null,
          "numPassingAsserts": 1,
          "retryReasons": [],
          "status": "passed",
          "title": "should not call signIn when requireAuth is called but user is authenticated"
        },
        {
          "ancestorTitles": [
            "useAuth hook"
          ],
          "duration": 25,
          "failureDetails": [],
          "failureMessages": [],
          "fullName": "useAuth hook should parse redirect info from URL",
          "invocations": 1,
          "location": null,
          "numPassingAsserts": 1,
          "retryReasons": [],
          "status": "passed",
          "title": "should parse redirect info from URL"
        },
        {
          "ancestorTitles": [
            "useAuth hook"
          ],
          "duration": 16,
          "failureDetails": [],
          "failureMessages": [],
          "fullName": "useAuth hook should handle missing redirect info",
          "invocations": 1,
          "location": null,
          "numPassingAsserts": 1,
          "retryReasons": [],
          "status": "passed",
          "title": "should handle missing redirect info"
        },
        {
          "ancestorTitles": [
            "_createMockUseAuth"
          ],
          "duration": 13,
          "failureDetails": [],
          "failureMessages": [],
          "fullName": "_createMockUseAuth should create default mock",
          "invocations": 1,
          "location": null,
          "numPassingAsserts": 8,
          "retryReasons": [],
          "status": "passed",
          "title": "should create default mock"
        },
        {
          "ancestorTitles": [
            "_createMockUseAuth"
          ],
          "duration": 1,
          "failureDetails": [],
          "failureMessages": [],
          "fullName": "_createMockUseAuth should override defaults",
          "invocations": 1,
          "location": null,
          "numPassingAsserts": 3,
          "retryReasons": [],
          "status": "passed",
          "title": "should override defaults"
        }
      ],
      "failureMessage": null
    },
    {
      "leaks": false,
      "numFailingTests": 1,
      "numPassingTests": 1,
      "numPendingTests": 0,
      "numTodoTests": 0,
      "openHandles": [],
      "perfStats": {
        "end": 1747484604278,
        "runtime": 9019,
        "slow": true,
        "start": 1747484595259
      },
      "skipped": false,
      "snapshot": {
        "added": 0,
        "fileDeleted": false,
        "matched": 0,
        "unchecked": 0,
        "uncheckedKeys": [],
        "unmatched": 0,
        "updated": 0
      },
      "testFilePath": "C:\\Work\\Projects\\ai-learning\\app\\__tests__\\useQuizAuthFlow.test.tsx",
      "testResults": [
        {
          "ancestorTitles": [
            "useQuiz hook auth flow"
          ],
          "duration": 125,
          "failureDetails": [
            {
              "matcherResult": {
                "message": "\u001b[2mexpect(\u001b[22m\u001b[31mjest.fn()\u001b[39m\u001b[2m).\u001b[22mtoHaveBeenCalledWith\u001b[2m(\u001b[22m\u001b[32m...expected\u001b[39m\u001b[2m)\u001b[22m\n\nExpected: \u001b[32mundefined\u001b[39m, \u001b[32mObjectContaining {\"callbackUrl\": StringContaining \"/dashboard/code/protected-quiz\"}\u001b[39m\n\nNumber of calls: \u001b[31m0\u001b[39m",
                "pass": false
              }
            }
          ],
          "failureMessages": [
            "Error: \u001b[2mexpect(\u001b[22m\u001b[31mjest.fn()\u001b[39m\u001b[2m).\u001b[22mtoHaveBeenCalledWith\u001b[2m(\u001b[22m\u001b[32m...expected\u001b[39m\u001b[2m)\u001b[22m\n\nExpected: \u001b[32mundefined\u001b[39m, \u001b[32mObjectContaining {\"callbackUrl\": StringContaining \"/dashboard/code/protected-quiz\"}\u001b[39m\n\nNumber of calls: \u001b[31m0\u001b[39m\n    at Object.toHaveBeenCalledWith (C:\\Work\\Projects\\ai-learning\\app\\__tests__\\useQuizAuthFlow.test.tsx:186:24)"
          ],
          "fullName": "useQuiz hook auth flow should redirect to sign-in on authentication error",
          "invocations": 1,
          "location": null,
          "numPassingAsserts": 0,
          "retryReasons": [],
          "status": "failed",
          "title": "should redirect to sign-in on authentication error"
        },
        {
          "ancestorTitles": [
            "useQuiz hook auth flow"
          ],
          "duration": 34,
          "failureDetails": [],
          "failureMessages": [],
          "fullName": "useQuiz hook auth flow should redirect to sign-in on auth error during submission",
          "invocations": 1,
          "location": null,
          "numPassingAsserts": 1,
          "retryReasons": [],
          "status": "passed",
          "title": "should redirect to sign-in on auth error during submission"
        }
      ],
      "failureMessage": "\u001b[1m\u001b[31m  \u001b[1m● \u001b[22m\u001b[1museQuiz hook auth flow › should redirect to sign-in on authentication error\u001b[39m\u001b[22m\n\n    \u001b[2mexpect(\u001b[22m\u001b[31mjest.fn()\u001b[39m\u001b[2m).\u001b[22mtoHaveBeenCalledWith\u001b[2m(\u001b[22m\u001b[32m...expected\u001b[39m\u001b[2m)\u001b[22m\n\n    Expected: \u001b[32mundefined\u001b[39m, \u001b[32mObjectContaining {\"callbackUrl\": StringContaining \"/dashboard/code/protected-quiz\"}\u001b[39m\n\n    Number of calls: \u001b[31m0\u001b[39m\n\u001b[2m\u001b[22m\n\u001b[2m    \u001b[0m \u001b[90m 184 |\u001b[39m     \u001b[22m\n\u001b[2m     \u001b[90m 185 |\u001b[39m     \u001b[90m// Verify that signIn was called as expected\u001b[39m\u001b[22m\n\u001b[2m    \u001b[31m\u001b[1m>\u001b[22m\u001b[2m\u001b[39m\u001b[90m 186 |\u001b[39m     expect(mockSignIn)\u001b[33m.\u001b[39mtoHaveBeenCalledWith(\u001b[22m\n\u001b[2m     \u001b[90m     |\u001b[39m                        \u001b[31m\u001b[1m^\u001b[22m\u001b[2m\u001b[39m\u001b[22m\n\u001b[2m     \u001b[90m 187 |\u001b[39m       undefined\u001b[33m,\u001b[39m\u001b[22m\n\u001b[2m     \u001b[90m 188 |\u001b[39m       expect\u001b[33m.\u001b[39mobjectContaining({\u001b[22m\n\u001b[2m     \u001b[90m 189 |\u001b[39m         callbackUrl\u001b[33m:\u001b[39m expect\u001b[33m.\u001b[39mstringContaining(\u001b[32m\"/dashboard/code/protected-quiz\"\u001b[39m)\u001b[0m\u001b[22m\n\u001b[2m\u001b[22m\n\u001b[2m      \u001b[2mat Object.toHaveBeenCalledWith (\u001b[22m\u001b[2m\u001b[0m\u001b[36mapp/__tests__/useQuizAuthFlow.test.tsx\u001b[39m\u001b[0m\u001b[2m:186:24)\u001b[22m\u001b[2m\u001b[22m\n"
    },
    {
      "leaks": false,
      "numFailingTests": 0,
      "numPassingTests": 12,
      "numPendingTests": 0,
      "numTodoTests": 0,
      "openHandles": [],
      "perfStats": {
        "end": 1747484604504,
        "runtime": 9348,
        "slow": true,
        "start": 1747484595156
      },
      "skipped": false,
      "snapshot": {
        "added": 0,
        "fileDeleted": false,
        "matched": 0,
        "unchecked": 0,
        "uncheckedKeys": [],
        "unmatched": 0,
        "updated": 0
      },
      "testFilePath": "C:\\Work\\Projects\\ai-learning\\app\\__tests__\\useQuizHook.test.tsx",
      "testResults": [
        {
          "ancestorTitles": [
            "useQuiz Hook"
          ],
          "duration": 98,
          "failureDetails": [],
          "failureMessages": [],
          "fullName": "useQuiz Hook should return initial state",
          "invocations": 1,
          "location": null,
          "numPassingAsserts": 16,
          "retryReasons": [],
          "status": "passed",
          "title": "should return initial state"
        },
        {
          "ancestorTitles": [
            "useQuiz Hook"
          ],
          "duration": 24,
          "failureDetails": [],
          "failureMessages": [],
          "fullName": "useQuiz Hook should reset quiz state",
          "invocations": 1,
          "location": null,
          "numPassingAsserts": 2,
          "retryReasons": [],
          "status": "passed",
          "title": "should reset quiz state"
        },
        {
          "ancestorTitles": [
            "useQuiz Hook"
          ],
          "duration": 21,
          "failureDetails": [],
          "failureMessages": [],
          "fullName": "useQuiz Hook should navigate to next question",
          "invocations": 1,
          "location": null,
          "numPassingAsserts": 2,
          "retryReasons": [],
          "status": "passed",
          "title": "should navigate to next question"
        },
        {
          "ancestorTitles": [
            "useQuiz Hook"
          ],
          "duration": 9,
          "failureDetails": [],
          "failureMessages": [],
          "fullName": "useQuiz Hook should navigate to previous question",
          "invocations": 1,
          "location": null,
          "numPassingAsserts": 2,
          "retryReasons": [],
          "status": "passed",
          "title": "should navigate to previous question"
        },
        {
          "ancestorTitles": [
            "useQuiz Hook"
          ],
          "duration": 11,
          "failureDetails": [],
          "failureMessages": [],
          "fullName": "useQuiz Hook should save user answer",
          "invocations": 1,
          "location": null,
          "numPassingAsserts": 2,
          "retryReasons": [],
          "status": "passed",
          "title": "should save user answer"
        },
        {
          "ancestorTitles": [
            "useQuiz Hook"
          ],
          "duration": 6,
          "failureDetails": [],
          "failureMessages": [],
          "fullName": "useQuiz Hook should format remaining time correctly",
          "invocations": 1,
          "location": null,
          "numPassingAsserts": 1,
          "retryReasons": [],
          "status": "passed",
          "title": "should format remaining time correctly"
        },
        {
          "ancestorTitles": [
            "useQuiz Hook"
          ],
          "duration": 9,
          "failureDetails": [],
          "failureMessages": [],
          "fullName": "useQuiz Hook should get current question",
          "invocations": 1,
          "location": null,
          "numPassingAsserts": 1,
          "retryReasons": [],
          "status": "passed",
          "title": "should get current question"
        },
        {
          "ancestorTitles": [
            "useQuiz Hook"
          ],
          "duration": 9,
          "failureDetails": [],
          "failureMessages": [],
          "fullName": "useQuiz Hook should check if current question is last",
          "invocations": 1,
          "location": null,
          "numPassingAsserts": 1,
          "retryReasons": [],
          "status": "passed",
          "title": "should check if current question is last"
        },
        {
          "ancestorTitles": [
            "useQuiz Hook"
          ],
          "duration": 9,
          "failureDetails": [],
          "failureMessages": [],
          "fullName": "useQuiz Hook should handle authentication requirement",
          "invocations": 1,
          "location": null,
          "numPassingAsserts": 1,
          "retryReasons": [],
          "status": "passed",
          "title": "should handle authentication requirement"
        },
        {
          "ancestorTitles": [
            "useQuiz Hook"
          ],
          "duration": 7,
          "failureDetails": [],
          "failureMessages": [],
          "fullName": "useQuiz Hook should handle undefined quiz data",
          "invocations": 1,
          "location": null,
          "numPassingAsserts": 2,
          "retryReasons": [],
          "status": "passed",
          "title": "should handle undefined quiz data"
        },
        {
          "ancestorTitles": [
            "useQuiz Hook"
          ],
          "duration": 7,
          "failureDetails": [],
          "failureMessages": [],
          "fullName": "useQuiz Hook should handle missing question id",
          "invocations": 1,
          "location": null,
          "numPassingAsserts": 1,
          "retryReasons": [],
          "status": "passed",
          "title": "should handle missing question id"
        },
        {
          "ancestorTitles": [
            "useQuiz Hook"
          ],
          "duration": 29,
          "failureDetails": [],
          "failureMessages": [],
          "fullName": "useQuiz Hook should handle quiz submission",
          "invocations": 1,
          "location": null,
          "numPassingAsserts": 5,
          "retryReasons": [],
          "status": "passed",
          "title": "should handle quiz submission"
        }
      ],
      "failureMessage": null
    },
    {
      "leaks": false,
      "numFailingTests": 0,
      "numPassingTests": 6,
      "numPendingTests": 0,
      "numTodoTests": 0,
      "openHandles": [],
      "perfStats": {
        "end": 1747484604654,
        "runtime": 8901,
        "slow": true,
        "start": 1747484595753
      },
      "skipped": false,
      "snapshot": {
        "added": 0,
        "fileDeleted": false,
        "matched": 0,
        "unchecked": 0,
        "uncheckedKeys": [],
        "unmatched": 0,
        "updated": 0
      },
      "testFilePath": "C:\\Work\\Projects\\ai-learning\\app\\dashboard\\(quiz)\\components\\__tests__\\NonAuthenticatedUserSignInPrompt.test.tsx",
      "testResults": [
        {
          "ancestorTitles": [
            "NonAuthenticatedUserSignInPrompt"
          ],
          "duration": 234,
          "failureDetails": [],
          "failureMessages": [],
          "fullName": "NonAuthenticatedUserSignInPrompt renders with default props",
          "invocations": 1,
          "location": null,
          "numPassingAsserts": 2,
          "retryReasons": [],
          "status": "passed",
          "title": "renders with default props"
        },
        {
          "ancestorTitles": [
            "NonAuthenticatedUserSignInPrompt"
          ],
          "duration": 47,
          "failureDetails": [],
          "failureMessages": [],
          "fullName": "NonAuthenticatedUserSignInPrompt calls onSignIn when sign-in button is clicked",
          "invocations": 1,
          "location": null,
          "numPassingAsserts": 1,
          "retryReasons": [],
          "status": "passed",
          "title": "calls onSignIn when sign-in button is clicked"
        },
        {
          "ancestorTitles": [
            "NonAuthenticatedUserSignInPrompt"
          ],
          "duration": 21,
          "failureDetails": [],
          "failureMessages": [],
          "fullName": "NonAuthenticatedUserSignInPrompt displays save message when showSaveMessage is true",
          "invocations": 1,
          "location": null,
          "numPassingAsserts": 1,
          "retryReasons": [],
          "status": "passed",
          "title": "displays save message when showSaveMessage is true"
        },
        {
          "ancestorTitles": [
            "NonAuthenticatedUserSignInPrompt"
          ],
          "duration": 14,
          "failureDetails": [],
          "failureMessages": [],
          "fullName": "NonAuthenticatedUserSignInPrompt does not display save message when showSaveMessage is false",
          "invocations": 1,
          "location": null,
          "numPassingAsserts": 1,
          "retryReasons": [],
          "status": "passed",
          "title": "does not display save message when showSaveMessage is false"
        },
        {
          "ancestorTitles": [
            "NonAuthenticatedUserSignInPrompt"
          ],
          "duration": 37,
          "failureDetails": [],
          "failureMessages": [],
          "fullName": "NonAuthenticatedUserSignInPrompt displays custom message when provided",
          "invocations": 1,
          "location": null,
          "numPassingAsserts": 1,
          "retryReasons": [],
          "status": "passed",
          "title": "displays custom message when provided"
        },
        {
          "ancestorTitles": [
            "NonAuthenticatedUserSignInPrompt"
          ],
          "duration": 30,
          "failureDetails": [],
          "failureMessages": [],
          "fullName": "NonAuthenticatedUserSignInPrompt redirects to default route when onSignIn not provided",
          "invocations": 1,
          "location": null,
          "numPassingAsserts": 1,
          "retryReasons": [],
          "status": "passed",
          "title": "redirects to default route when onSignIn not provided"
        }
      ],
      "failureMessage": null
    }
  ],
  "wasInterrupted": false
}