{
  "numFailedTestSuites": 5,
  "numFailedTests": 15,
  "numPassedTestSuites": 11,
  "numPassedTests": 92,
  "numPendingTestSuites": 0,
  "numPendingTests": 1,
  "numRuntimeErrorTestSuites": 0,
  "numTodoTests": 0,
  "numTotalTestSuites": 16,
  "numTotalTests": 108,
  "openHandles": [],
  "snapshot": {
    "added": 0,
    "didUpdate": false,
    "failure": false,
    "filesAdded": 0,
    "filesRemoved": 0,
    "filesRemovedList": [],
    "filesUnmatched": 0,
    "filesUpdated": 0,
    "matched": 0,
    "total": 0,
    "unchecked": 0,
    "uncheckedKeysByFile": [],
    "unmatched": 0,
    "updated": 0
  },
  "startTime": 1747974287572,
  "success": false,
  "testResults": [
    {
      "leaks": false,
      "numFailingTests": 6,
      "numPassingTests": 0,
      "numPendingTests": 0,
      "numTodoTests": 0,
      "openHandles": [],
      "perfStats": {
        "end": 1747974333152,
        "runtime": 13847,
        "slow": true,
        "start": 1747974319305
      },
      "skipped": false,
      "snapshot": {
        "added": 0,
        "fileDeleted": false,
        "matched": 0,
        "unchecked": 0,
        "uncheckedKeys": [],
        "unmatched": 0,
        "updated": 0
      },
      "testFilePath": "C:\\Work\\Projects\\ai-learning\\__tests__\\utils\\quiz-submission-utils.test.ts",
      "testResults": [
        {
          "ancestorTitles": [
            "Quiz Submission Utilities",
            "prepareSubmissionPayload"
          ],
          "duration": 63,
          "failureDetails": [
            {}
          ],
          "failureMessages": [
            "TypeError: Cannot read properties of undefined (reading 'filter')\n    at filter (C:\\Work\\Projects\\ai-learning\\lib\\utils\\quiz-submission-utils.ts:44:34)\n    at Object.<anonymous> (C:\\Work\\Projects\\ai-learning\\__tests__\\utils\\quiz-submission-utils.test.ts:23:46)\n    at Promise.then.completed (C:\\Work\\Projects\\ai-learning\\node_modules\\jest-circus\\build\\utils.js:298:28)\n    at new Promise (<anonymous>)\n    at callAsyncCircusFn (C:\\Work\\Projects\\ai-learning\\node_modules\\jest-circus\\build\\utils.js:231:10)\n    at _callCircusTest (C:\\Work\\Projects\\ai-learning\\node_modules\\jest-circus\\build\\run.js:316:40)\n    at processTicksAndRejections (node:internal/process/task_queues:105:5)\n    at _runTest (C:\\Work\\Projects\\ai-learning\\node_modules\\jest-circus\\build\\run.js:252:3)\n    at _runTestsForDescribeBlock (C:\\Work\\Projects\\ai-learning\\node_modules\\jest-circus\\build\\run.js:126:9)\n    at _runTestsForDescribeBlock (C:\\Work\\Projects\\ai-learning\\node_modules\\jest-circus\\build\\run.js:121:9)\n    at _runTestsForDescribeBlock (C:\\Work\\Projects\\ai-learning\\node_modules\\jest-circus\\build\\run.js:121:9)\n    at run (C:\\Work\\Projects\\ai-learning\\node_modules\\jest-circus\\build\\run.js:71:3)\n    at runAndTransformResultsToJestFormat (C:\\Work\\Projects\\ai-learning\\node_modules\\jest-circus\\build\\legacy-code-todo-rewrite\\jestAdapterInit.js:122:21)\n    at jestAdapter (C:\\Work\\Projects\\ai-learning\\node_modules\\jest-circus\\build\\legacy-code-todo-rewrite\\jestAdapter.js:79:19)\n    at runTestInternal (C:\\Work\\Projects\\ai-learning\\node_modules\\jest-runner\\build\\runTest.js:367:16)\n    at runTest (C:\\Work\\Projects\\ai-learning\\node_modules\\jest-runner\\build\\runTest.js:444:34)\n    at Object.worker (C:\\Work\\Projects\\ai-learning\\node_modules\\jest-runner\\build\\testWorker.js:106:12)"
          ],
          "fullName": "Quiz Submission Utilities prepareSubmissionPayload should prepare a valid MCQ payload with all required fields",
          "invocations": 1,
          "location": null,
          "numPassingAsserts": 0,
          "retryReasons": [],
          "status": "failed",
          "title": "should prepare a valid MCQ payload with all required fields"
        },
        {
          "ancestorTitles": [
            "Quiz Submission Utilities",
            "prepareSubmissionPayload"
          ],
          "duration": 1,
          "failureDetails": [
            {}
          ],
          "failureMessages": [
            "TypeError: Cannot read properties of undefined (reading 'filter')\n    at filter (C:\\Work\\Projects\\ai-learning\\lib\\utils\\quiz-submission-utils.ts:44:34)\n    at Object.<anonymous> (C:\\Work\\Projects\\ai-learning\\__tests__\\utils\\quiz-submission-utils.test.ts:54:46)\n    at Promise.then.completed (C:\\Work\\Projects\\ai-learning\\node_modules\\jest-circus\\build\\utils.js:298:28)\n    at new Promise (<anonymous>)\n    at callAsyncCircusFn (C:\\Work\\Projects\\ai-learning\\node_modules\\jest-circus\\build\\utils.js:231:10)\n    at _callCircusTest (C:\\Work\\Projects\\ai-learning\\node_modules\\jest-circus\\build\\run.js:316:40)\n    at processTicksAndRejections (node:internal/process/task_queues:105:5)\n    at _runTest (C:\\Work\\Projects\\ai-learning\\node_modules\\jest-circus\\build\\run.js:252:3)\n    at _runTestsForDescribeBlock (C:\\Work\\Projects\\ai-learning\\node_modules\\jest-circus\\build\\run.js:126:9)\n    at _runTestsForDescribeBlock (C:\\Work\\Projects\\ai-learning\\node_modules\\jest-circus\\build\\run.js:121:9)\n    at _runTestsForDescribeBlock (C:\\Work\\Projects\\ai-learning\\node_modules\\jest-circus\\build\\run.js:121:9)\n    at run (C:\\Work\\Projects\\ai-learning\\node_modules\\jest-circus\\build\\run.js:71:3)\n    at runAndTransformResultsToJestFormat (C:\\Work\\Projects\\ai-learning\\node_modules\\jest-circus\\build\\legacy-code-todo-rewrite\\jestAdapterInit.js:122:21)\n    at jestAdapter (C:\\Work\\Projects\\ai-learning\\node_modules\\jest-circus\\build\\legacy-code-todo-rewrite\\jestAdapter.js:79:19)\n    at runTestInternal (C:\\Work\\Projects\\ai-learning\\node_modules\\jest-runner\\build\\runTest.js:367:16)\n    at runTest (C:\\Work\\Projects\\ai-learning\\node_modules\\jest-runner\\build\\runTest.js:444:34)\n    at Object.worker (C:\\Work\\Projects\\ai-learning\\node_modules\\jest-runner\\build\\testWorker.js:106:12)"
          ],
          "fullName": "Quiz Submission Utilities prepareSubmissionPayload should prepare a valid CODE payload with all required fields",
          "invocations": 1,
          "location": null,
          "numPassingAsserts": 0,
          "retryReasons": [],
          "status": "failed",
          "title": "should prepare a valid CODE payload with all required fields"
        },
        {
          "ancestorTitles": [
            "Quiz Submission Utilities",
            "prepareSubmissionPayload"
          ],
          "duration": 2,
          "failureDetails": [
            {}
          ],
          "failureMessages": [
            "TypeError: Cannot read properties of undefined (reading 'filter')\n    at filter (C:\\Work\\Projects\\ai-learning\\lib\\utils\\quiz-submission-utils.ts:44:34)\n    at Object.<anonymous> (C:\\Work\\Projects\\ai-learning\\__tests__\\utils\\quiz-submission-utils.test.ts:86:46)\n    at Promise.then.completed (C:\\Work\\Projects\\ai-learning\\node_modules\\jest-circus\\build\\utils.js:298:28)\n    at new Promise (<anonymous>)\n    at callAsyncCircusFn (C:\\Work\\Projects\\ai-learning\\node_modules\\jest-circus\\build\\utils.js:231:10)\n    at _callCircusTest (C:\\Work\\Projects\\ai-learning\\node_modules\\jest-circus\\build\\run.js:316:40)\n    at processTicksAndRejections (node:internal/process/task_queues:105:5)\n    at _runTest (C:\\Work\\Projects\\ai-learning\\node_modules\\jest-circus\\build\\run.js:252:3)\n    at _runTestsForDescribeBlock (C:\\Work\\Projects\\ai-learning\\node_modules\\jest-circus\\build\\run.js:126:9)\n    at _runTestsForDescribeBlock (C:\\Work\\Projects\\ai-learning\\node_modules\\jest-circus\\build\\run.js:121:9)\n    at _runTestsForDescribeBlock (C:\\Work\\Projects\\ai-learning\\node_modules\\jest-circus\\build\\run.js:121:9)\n    at run (C:\\Work\\Projects\\ai-learning\\node_modules\\jest-circus\\build\\run.js:71:3)\n    at runAndTransformResultsToJestFormat (C:\\Work\\Projects\\ai-learning\\node_modules\\jest-circus\\build\\legacy-code-todo-rewrite\\jestAdapterInit.js:122:21)\n    at jestAdapter (C:\\Work\\Projects\\ai-learning\\node_modules\\jest-circus\\build\\legacy-code-todo-rewrite\\jestAdapter.js:79:19)\n    at runTestInternal (C:\\Work\\Projects\\ai-learning\\node_modules\\jest-runner\\build\\runTest.js:367:16)\n    at runTest (C:\\Work\\Projects\\ai-learning\\node_modules\\jest-runner\\build\\runTest.js:444:34)\n    at Object.worker (C:\\Work\\Projects\\ai-learning\\node_modules\\jest-runner\\build\\testWorker.js:106:12)"
          ],
          "fullName": "Quiz Submission Utilities prepareSubmissionPayload should handle missing isCorrect property gracefully",
          "invocations": 1,
          "location": null,
          "numPassingAsserts": 0,
          "retryReasons": [],
          "status": "failed",
          "title": "should handle missing isCorrect property gracefully"
        },
        {
          "ancestorTitles": [
            "Quiz Submission Utilities",
            "prepareSubmissionPayload"
          ],
          "duration": 2,
          "failureDetails": [
            {}
          ],
          "failureMessages": [
            "TypeError: Cannot read properties of undefined (reading 'filter')\n    at filter (C:\\Work\\Projects\\ai-learning\\lib\\utils\\quiz-submission-utils.ts:44:34)\n    at Object.<anonymous> (C:\\Work\\Projects\\ai-learning\\__tests__\\utils\\quiz-submission-utils.test.ts:124:46)\n    at Promise.then.completed (C:\\Work\\Projects\\ai-learning\\node_modules\\jest-circus\\build\\utils.js:298:28)\n    at new Promise (<anonymous>)\n    at callAsyncCircusFn (C:\\Work\\Projects\\ai-learning\\node_modules\\jest-circus\\build\\utils.js:231:10)\n    at _callCircusTest (C:\\Work\\Projects\\ai-learning\\node_modules\\jest-circus\\build\\run.js:316:40)\n    at processTicksAndRejections (node:internal/process/task_queues:105:5)\n    at _runTest (C:\\Work\\Projects\\ai-learning\\node_modules\\jest-circus\\build\\run.js:252:3)\n    at _runTestsForDescribeBlock (C:\\Work\\Projects\\ai-learning\\node_modules\\jest-circus\\build\\run.js:126:9)\n    at _runTestsForDescribeBlock (C:\\Work\\Projects\\ai-learning\\node_modules\\jest-circus\\build\\run.js:121:9)\n    at _runTestsForDescribeBlock (C:\\Work\\Projects\\ai-learning\\node_modules\\jest-circus\\build\\run.js:121:9)\n    at run (C:\\Work\\Projects\\ai-learning\\node_modules\\jest-circus\\build\\run.js:71:3)\n    at runAndTransformResultsToJestFormat (C:\\Work\\Projects\\ai-learning\\node_modules\\jest-circus\\build\\legacy-code-todo-rewrite\\jestAdapterInit.js:122:21)\n    at jestAdapter (C:\\Work\\Projects\\ai-learning\\node_modules\\jest-circus\\build\\legacy-code-todo-rewrite\\jestAdapter.js:79:19)\n    at runTestInternal (C:\\Work\\Projects\\ai-learning\\node_modules\\jest-runner\\build\\runTest.js:367:16)\n    at runTest (C:\\Work\\Projects\\ai-learning\\node_modules\\jest-runner\\build\\runTest.js:444:34)\n    at Object.worker (C:\\Work\\Projects\\ai-learning\\node_modules\\jest-runner\\build\\testWorker.js:106:12)"
          ],
          "fullName": "Quiz Submission Utilities prepareSubmissionPayload should calculate score based on correct answers",
          "invocations": 1,
          "location": null,
          "numPassingAsserts": 0,
          "retryReasons": [],
          "status": "failed",
          "title": "should calculate score based on correct answers"
        },
        {
          "ancestorTitles": [
            "Quiz Submission Utilities",
            "validateQuizSubmission"
          ],
          "duration": 31,
          "failureDetails": [
            {}
          ],
          "failureMessages": [
            "TypeError: (0 , _quizsubmissionutils.validateQuizSubmission) is not a function\n    at Object.<anonymous> (C:\\Work\\Projects\\ai-learning\\__tests__\\utils\\quiz-submission-utils.test.ts:150:44)\n    at Promise.then.completed (C:\\Work\\Projects\\ai-learning\\node_modules\\jest-circus\\build\\utils.js:298:28)\n    at new Promise (<anonymous>)\n    at callAsyncCircusFn (C:\\Work\\Projects\\ai-learning\\node_modules\\jest-circus\\build\\utils.js:231:10)\n    at _callCircusTest (C:\\Work\\Projects\\ai-learning\\node_modules\\jest-circus\\build\\run.js:316:40)\n    at processTicksAndRejections (node:internal/process/task_queues:105:5)\n    at _runTest (C:\\Work\\Projects\\ai-learning\\node_modules\\jest-circus\\build\\run.js:252:3)\n    at _runTestsForDescribeBlock (C:\\Work\\Projects\\ai-learning\\node_modules\\jest-circus\\build\\run.js:126:9)\n    at _runTestsForDescribeBlock (C:\\Work\\Projects\\ai-learning\\node_modules\\jest-circus\\build\\run.js:121:9)\n    at _runTestsForDescribeBlock (C:\\Work\\Projects\\ai-learning\\node_modules\\jest-circus\\build\\run.js:121:9)\n    at run (C:\\Work\\Projects\\ai-learning\\node_modules\\jest-circus\\build\\run.js:71:3)\n    at runAndTransformResultsToJestFormat (C:\\Work\\Projects\\ai-learning\\node_modules\\jest-circus\\build\\legacy-code-todo-rewrite\\jestAdapterInit.js:122:21)\n    at jestAdapter (C:\\Work\\Projects\\ai-learning\\node_modules\\jest-circus\\build\\legacy-code-todo-rewrite\\jestAdapter.js:79:19)\n    at runTestInternal (C:\\Work\\Projects\\ai-learning\\node_modules\\jest-runner\\build\\runTest.js:367:16)\n    at runTest (C:\\Work\\Projects\\ai-learning\\node_modules\\jest-runner\\build\\runTest.js:444:34)\n    at Object.worker (C:\\Work\\Projects\\ai-learning\\node_modules\\jest-runner\\build\\testWorker.js:106:12)"
          ],
          "fullName": "Quiz Submission Utilities validateQuizSubmission should validate a proper submission payload",
          "invocations": 1,
          "location": null,
          "numPassingAsserts": 0,
          "retryReasons": [],
          "status": "failed",
          "title": "should validate a proper submission payload"
        },
        {
          "ancestorTitles": [
            "Quiz Submission Utilities",
            "validateQuizSubmission"
          ],
          "duration": 1,
          "failureDetails": [
            {}
          ],
          "failureMessages": [
            "TypeError: (0 , _quizsubmissionutils.validateQuizSubmission) is not a function\n    at Object.<anonymous> (C:\\Work\\Projects\\ai-learning\\__tests__\\utils\\quiz-submission-utils.test.ts:196:36)\n    at Promise.then.completed (C:\\Work\\Projects\\ai-learning\\node_modules\\jest-circus\\build\\utils.js:298:28)\n    at new Promise (<anonymous>)\n    at callAsyncCircusFn (C:\\Work\\Projects\\ai-learning\\node_modules\\jest-circus\\build\\utils.js:231:10)\n    at _callCircusTest (C:\\Work\\Projects\\ai-learning\\node_modules\\jest-circus\\build\\run.js:316:40)\n    at processTicksAndRejections (node:internal/process/task_queues:105:5)\n    at _runTest (C:\\Work\\Projects\\ai-learning\\node_modules\\jest-circus\\build\\run.js:252:3)\n    at _runTestsForDescribeBlock (C:\\Work\\Projects\\ai-learning\\node_modules\\jest-circus\\build\\run.js:126:9)\n    at _runTestsForDescribeBlock (C:\\Work\\Projects\\ai-learning\\node_modules\\jest-circus\\build\\run.js:121:9)\n    at _runTestsForDescribeBlock (C:\\Work\\Projects\\ai-learning\\node_modules\\jest-circus\\build\\run.js:121:9)\n    at run (C:\\Work\\Projects\\ai-learning\\node_modules\\jest-circus\\build\\run.js:71:3)\n    at runAndTransformResultsToJestFormat (C:\\Work\\Projects\\ai-learning\\node_modules\\jest-circus\\build\\legacy-code-todo-rewrite\\jestAdapterInit.js:122:21)\n    at jestAdapter (C:\\Work\\Projects\\ai-learning\\node_modules\\jest-circus\\build\\legacy-code-todo-rewrite\\jestAdapter.js:79:19)\n    at runTestInternal (C:\\Work\\Projects\\ai-learning\\node_modules\\jest-runner\\build\\runTest.js:367:16)\n    at runTest (C:\\Work\\Projects\\ai-learning\\node_modules\\jest-runner\\build\\runTest.js:444:34)\n    at Object.worker (C:\\Work\\Projects\\ai-learning\\node_modules\\jest-runner\\build\\testWorker.js:106:12)"
          ],
          "fullName": "Quiz Submission Utilities validateQuizSubmission should reject invalid submission payloads",
          "invocations": 1,
          "location": null,
          "numPassingAsserts": 0,
          "retryReasons": [],
          "status": "failed",
          "title": "should reject invalid submission payloads"
        }
      ],
      "failureMessage": "\u001b[1m\u001b[31m  \u001b[1m● \u001b[22m\u001b[1mQuiz Submission Utilities › prepareSubmissionPayload › should prepare a valid MCQ payload with all required fields\u001b[39m\u001b[22m\n\n    TypeError: Cannot read properties of undefined (reading 'filter')\n\u001b[2m\u001b[22m\n\u001b[2m    \u001b[0m \u001b[90m 42 |\u001b[39m   \u001b[22m\n\u001b[2m     \u001b[90m 43 |\u001b[39m   \u001b[90m// Count correct answers\u001b[39m\u001b[22m\n\u001b[2m    \u001b[31m\u001b[1m>\u001b[22m\u001b[2m\u001b[39m\u001b[90m 44 |\u001b[39m   \u001b[36mconst\u001b[39m correctAnswers \u001b[33m=\u001b[39m answers\u001b[33m.\u001b[39mfilter(a \u001b[33m=>\u001b[39m \u001b[33mBoolean\u001b[39m(a\u001b[33m.\u001b[39misCorrect))\u001b[33m.\u001b[39mlength\u001b[33m;\u001b[39m\u001b[22m\n\u001b[2m     \u001b[90m    |\u001b[39m                                  \u001b[31m\u001b[1m^\u001b[22m\u001b[2m\u001b[39m\u001b[22m\n\u001b[2m     \u001b[90m 45 |\u001b[39m   \u001b[36mconst\u001b[39m totalQuestions \u001b[33m=\u001b[39m answers\u001b[33m.\u001b[39mlength\u001b[33m;\u001b[39m\u001b[22m\n\u001b[2m     \u001b[90m 46 |\u001b[39m   \u001b[22m\n\u001b[2m     \u001b[90m 47 |\u001b[39m   \u001b[90m// Calculate average time per question\u001b[39m\u001b[0m\u001b[22m\n\u001b[2m\u001b[22m\n\u001b[2m      \u001b[2mat filter (\u001b[22m\u001b[2mlib/utils/quiz-submission-utils.ts\u001b[2m:44:34)\u001b[22m\u001b[2m\u001b[22m\n\u001b[2m      \u001b[2mat Object.<anonymous> (\u001b[22m\u001b[2m\u001b[0m\u001b[36m__tests__/utils/quiz-submission-utils.test.ts\u001b[39m\u001b[0m\u001b[2m:23:46)\u001b[22m\u001b[2m\u001b[22m\n\n\u001b[1m\u001b[31m  \u001b[1m● \u001b[22m\u001b[1mQuiz Submission Utilities › prepareSubmissionPayload › should prepare a valid CODE payload with all required fields\u001b[39m\u001b[22m\n\n    TypeError: Cannot read properties of undefined (reading 'filter')\n\u001b[2m\u001b[22m\n\u001b[2m    \u001b[0m \u001b[90m 42 |\u001b[39m   \u001b[22m\n\u001b[2m     \u001b[90m 43 |\u001b[39m   \u001b[90m// Count correct answers\u001b[39m\u001b[22m\n\u001b[2m    \u001b[31m\u001b[1m>\u001b[22m\u001b[2m\u001b[39m\u001b[90m 44 |\u001b[39m   \u001b[36mconst\u001b[39m correctAnswers \u001b[33m=\u001b[39m answers\u001b[33m.\u001b[39mfilter(a \u001b[33m=>\u001b[39m \u001b[33mBoolean\u001b[39m(a\u001b[33m.\u001b[39misCorrect))\u001b[33m.\u001b[39mlength\u001b[33m;\u001b[39m\u001b[22m\n\u001b[2m     \u001b[90m    |\u001b[39m                                  \u001b[31m\u001b[1m^\u001b[22m\u001b[2m\u001b[39m\u001b[22m\n\u001b[2m     \u001b[90m 45 |\u001b[39m   \u001b[36mconst\u001b[39m totalQuestions \u001b[33m=\u001b[39m answers\u001b[33m.\u001b[39mlength\u001b[33m;\u001b[39m\u001b[22m\n\u001b[2m     \u001b[90m 46 |\u001b[39m   \u001b[22m\n\u001b[2m     \u001b[90m 47 |\u001b[39m   \u001b[90m// Calculate average time per question\u001b[39m\u001b[0m\u001b[22m\n\u001b[2m\u001b[22m\n\u001b[2m      \u001b[2mat filter (\u001b[22m\u001b[2mlib/utils/quiz-submission-utils.ts\u001b[2m:44:34)\u001b[22m\u001b[2m\u001b[22m\n\u001b[2m      \u001b[2mat Object.<anonymous> (\u001b[22m\u001b[2m\u001b[0m\u001b[36m__tests__/utils/quiz-submission-utils.test.ts\u001b[39m\u001b[0m\u001b[2m:54:46)\u001b[22m\u001b[2m\u001b[22m\n\n\u001b[1m\u001b[31m  \u001b[1m● \u001b[22m\u001b[1mQuiz Submission Utilities › prepareSubmissionPayload › should handle missing isCorrect property gracefully\u001b[39m\u001b[22m\n\n    TypeError: Cannot read properties of undefined (reading 'filter')\n\u001b[2m\u001b[22m\n\u001b[2m    \u001b[0m \u001b[90m 42 |\u001b[39m   \u001b[22m\n\u001b[2m     \u001b[90m 43 |\u001b[39m   \u001b[90m// Count correct answers\u001b[39m\u001b[22m\n\u001b[2m    \u001b[31m\u001b[1m>\u001b[22m\u001b[2m\u001b[39m\u001b[90m 44 |\u001b[39m   \u001b[36mconst\u001b[39m correctAnswers \u001b[33m=\u001b[39m answers\u001b[33m.\u001b[39mfilter(a \u001b[33m=>\u001b[39m \u001b[33mBoolean\u001b[39m(a\u001b[33m.\u001b[39misCorrect))\u001b[33m.\u001b[39mlength\u001b[33m;\u001b[39m\u001b[22m\n\u001b[2m     \u001b[90m    |\u001b[39m                                  \u001b[31m\u001b[1m^\u001b[22m\u001b[2m\u001b[39m\u001b[22m\n\u001b[2m     \u001b[90m 45 |\u001b[39m   \u001b[36mconst\u001b[39m totalQuestions \u001b[33m=\u001b[39m answers\u001b[33m.\u001b[39mlength\u001b[33m;\u001b[39m\u001b[22m\n\u001b[2m     \u001b[90m 46 |\u001b[39m   \u001b[22m\n\u001b[2m     \u001b[90m 47 |\u001b[39m   \u001b[90m// Calculate average time per question\u001b[39m\u001b[0m\u001b[22m\n\u001b[2m\u001b[22m\n\u001b[2m      \u001b[2mat filter (\u001b[22m\u001b[2mlib/utils/quiz-submission-utils.ts\u001b[2m:44:34)\u001b[22m\u001b[2m\u001b[22m\n\u001b[2m      \u001b[2mat Object.<anonymous> (\u001b[22m\u001b[2m\u001b[0m\u001b[36m__tests__/utils/quiz-submission-utils.test.ts\u001b[39m\u001b[0m\u001b[2m:86:46)\u001b[22m\u001b[2m\u001b[22m\n\n\u001b[1m\u001b[31m  \u001b[1m● \u001b[22m\u001b[1mQuiz Submission Utilities › prepareSubmissionPayload › should calculate score based on correct answers\u001b[39m\u001b[22m\n\n    TypeError: Cannot read properties of undefined (reading 'filter')\n\u001b[2m\u001b[22m\n\u001b[2m    \u001b[0m \u001b[90m 42 |\u001b[39m   \u001b[22m\n\u001b[2m     \u001b[90m 43 |\u001b[39m   \u001b[90m// Count correct answers\u001b[39m\u001b[22m\n\u001b[2m    \u001b[31m\u001b[1m>\u001b[22m\u001b[2m\u001b[39m\u001b[90m 44 |\u001b[39m   \u001b[36mconst\u001b[39m correctAnswers \u001b[33m=\u001b[39m answers\u001b[33m.\u001b[39mfilter(a \u001b[33m=>\u001b[39m \u001b[33mBoolean\u001b[39m(a\u001b[33m.\u001b[39misCorrect))\u001b[33m.\u001b[39mlength\u001b[33m;\u001b[39m\u001b[22m\n\u001b[2m     \u001b[90m    |\u001b[39m                                  \u001b[31m\u001b[1m^\u001b[22m\u001b[2m\u001b[39m\u001b[22m\n\u001b[2m     \u001b[90m 45 |\u001b[39m   \u001b[36mconst\u001b[39m totalQuestions \u001b[33m=\u001b[39m answers\u001b[33m.\u001b[39mlength\u001b[33m;\u001b[39m\u001b[22m\n\u001b[2m     \u001b[90m 46 |\u001b[39m   \u001b[22m\n\u001b[2m     \u001b[90m 47 |\u001b[39m   \u001b[90m// Calculate average time per question\u001b[39m\u001b[0m\u001b[22m\n\u001b[2m\u001b[22m\n\u001b[2m      \u001b[2mat filter (\u001b[22m\u001b[2mlib/utils/quiz-submission-utils.ts\u001b[2m:44:34)\u001b[22m\u001b[2m\u001b[22m\n\u001b[2m      \u001b[2mat Object.<anonymous> (\u001b[22m\u001b[2m\u001b[0m\u001b[36m__tests__/utils/quiz-submission-utils.test.ts\u001b[39m\u001b[0m\u001b[2m:124:46)\u001b[22m\u001b[2m\u001b[22m\n\n\u001b[1m\u001b[31m  \u001b[1m● \u001b[22m\u001b[1mQuiz Submission Utilities › validateQuizSubmission › should validate a proper submission payload\u001b[39m\u001b[22m\n\n    TypeError: (0 , _quizsubmissionutils.validateQuizSubmission) is not a function\n\u001b[2m\u001b[22m\n\u001b[2m    \u001b[0m \u001b[90m 148 |\u001b[39m       \u001b[22m\n\u001b[2m     \u001b[90m 149 |\u001b[39m       \u001b[90m// Act\u001b[39m\u001b[22m\n\u001b[2m    \u001b[31m\u001b[1m>\u001b[22m\u001b[2m\u001b[39m\u001b[90m 150 |\u001b[39m       \u001b[36mconst\u001b[39m result \u001b[33m=\u001b[39m validateQuizSubmission(validPayload)\u001b[33m;\u001b[39m\u001b[22m\n\u001b[2m     \u001b[90m     |\u001b[39m                                            \u001b[31m\u001b[1m^\u001b[22m\u001b[2m\u001b[39m\u001b[22m\n\u001b[2m     \u001b[90m 151 |\u001b[39m       \u001b[22m\n\u001b[2m     \u001b[90m 152 |\u001b[39m       \u001b[90m// Assert\u001b[39m\u001b[22m\n\u001b[2m     \u001b[90m 153 |\u001b[39m       expect(result)\u001b[33m.\u001b[39mtoEqual({\u001b[0m\u001b[22m\n\u001b[2m\u001b[22m\n\u001b[2m      \u001b[2mat Object.<anonymous> (\u001b[22m\u001b[2m\u001b[0m\u001b[36m__tests__/utils/quiz-submission-utils.test.ts\u001b[39m\u001b[0m\u001b[2m:150:44)\u001b[22m\u001b[2m\u001b[22m\n\n\u001b[1m\u001b[31m  \u001b[1m● \u001b[22m\u001b[1mQuiz Submission Utilities › validateQuizSubmission › should reject invalid submission payloads\u001b[39m\u001b[22m\n\n    TypeError: (0 , _quizsubmissionutils.validateQuizSubmission) is not a function\n\u001b[2m\u001b[22m\n\u001b[2m    \u001b[0m \u001b[90m 194 |\u001b[39m       \u001b[22m\n\u001b[2m     \u001b[90m 195 |\u001b[39m       \u001b[90m// Act & Assert\u001b[39m\u001b[22m\n\u001b[2m    \u001b[31m\u001b[1m>\u001b[22m\u001b[2m\u001b[39m\u001b[90m 196 |\u001b[39m       expect(validateQuizSubmission(missingFields))\u001b[33m.\u001b[39mtoEqual({\u001b[22m\n\u001b[2m     \u001b[90m     |\u001b[39m                                    \u001b[31m\u001b[1m^\u001b[22m\u001b[2m\u001b[39m\u001b[22m\n\u001b[2m     \u001b[90m 197 |\u001b[39m         isValid\u001b[33m:\u001b[39m \u001b[36mfalse\u001b[39m\u001b[33m,\u001b[39m\u001b[22m\n\u001b[2m     \u001b[90m 198 |\u001b[39m         errors\u001b[33m:\u001b[39m expect\u001b[33m.\u001b[39marrayContaining([\u001b[32m'Missing required fields'\u001b[39m])\u001b[22m\n\u001b[2m     \u001b[90m 199 |\u001b[39m       })\u001b[33m;\u001b[39m\u001b[0m\u001b[22m\n\u001b[2m\u001b[22m\n\u001b[2m      \u001b[2mat Object.<anonymous> (\u001b[22m\u001b[2m\u001b[0m\u001b[36m__tests__/utils/quiz-submission-utils.test.ts\u001b[39m\u001b[0m\u001b[2m:196:36)\u001b[22m\u001b[2m\u001b[22m\n"
    },
    {
      "leaks": false,
      "numFailingTests": 0,
      "numPassingTests": 1,
      "numPendingTests": 0,
      "numTodoTests": 0,
      "openHandles": [],
      "perfStats": {
        "end": 1747974335007,
        "runtime": 15607,
        "slow": true,
        "start": 1747974319400
      },
      "skipped": false,
      "snapshot": {
        "added": 0,
        "fileDeleted": false,
        "matched": 0,
        "unchecked": 0,
        "uncheckedKeys": [],
        "unmatched": 0,
        "updated": 0
      },
      "testFilePath": "C:\\Work\\Projects\\ai-learning\\__tests__\\mocks\\mockAnimationProvider.test.tsx",
      "testResults": [
        {
          "ancestorTitles": [
            "Animation Provider Mock"
          ],
          "duration": 166,
          "failureDetails": [],
          "failureMessages": [],
          "fullName": "Animation Provider Mock should provide animation context with animations disabled by default",
          "invocations": 1,
          "location": null,
          "numPassingAsserts": 1,
          "retryReasons": [],
          "status": "passed",
          "title": "should provide animation context with animations disabled by default"
        }
      ],
      "failureMessage": null
    },
    {
      "leaks": false,
      "numFailingTests": 0,
      "numPassingTests": 13,
      "numPendingTests": 0,
      "numTodoTests": 0,
      "openHandles": [],
      "perfStats": {
        "end": 1747974335462,
        "runtime": 16805,
        "slow": true,
        "start": 1747974318657
      },
      "skipped": false,
      "snapshot": {
        "added": 0,
        "fileDeleted": false,
        "matched": 0,
        "unchecked": 0,
        "uncheckedKeys": [],
        "unmatched": 0,
        "updated": 0
      },
      "testFilePath": "C:\\Work\\Projects\\ai-learning\\app\\dashboard\\(quiz)\\components\\__tests__\\NonAuthenticatedUserSignInPrompt.test.tsx",
      "testResults": [
        {
          "ancestorTitles": [
            "NonAuthenticatedUserSignInPrompt"
          ],
          "duration": 337,
          "failureDetails": [],
          "failureMessages": [],
          "fullName": "NonAuthenticatedUserSignInPrompt renders with default props",
          "invocations": 1,
          "location": null,
          "numPassingAsserts": 4,
          "retryReasons": [],
          "status": "passed",
          "title": "renders with default props"
        },
        {
          "ancestorTitles": [
            "NonAuthenticatedUserSignInPrompt"
          ],
          "duration": 68,
          "failureDetails": [],
          "failureMessages": [],
          "fullName": "NonAuthenticatedUserSignInPrompt calls onSignIn when sign-in button is clicked",
          "invocations": 1,
          "location": null,
          "numPassingAsserts": 1,
          "retryReasons": [],
          "status": "passed",
          "title": "calls onSignIn when sign-in button is clicked"
        },
        {
          "ancestorTitles": [
            "NonAuthenticatedUserSignInPrompt"
          ],
          "duration": 14,
          "failureDetails": [],
          "failureMessages": [],
          "fullName": "NonAuthenticatedUserSignInPrompt displays save message when showSaveMessage is true",
          "invocations": 1,
          "location": null,
          "numPassingAsserts": 1,
          "retryReasons": [],
          "status": "passed",
          "title": "displays save message when showSaveMessage is true"
        },
        {
          "ancestorTitles": [
            "NonAuthenticatedUserSignInPrompt"
          ],
          "duration": 16,
          "failureDetails": [],
          "failureMessages": [],
          "fullName": "NonAuthenticatedUserSignInPrompt does not display save message when showSaveMessage is false",
          "invocations": 1,
          "location": null,
          "numPassingAsserts": 1,
          "retryReasons": [],
          "status": "passed",
          "title": "does not display save message when showSaveMessage is false"
        },
        {
          "ancestorTitles": [
            "NonAuthenticatedUserSignInPrompt"
          ],
          "duration": 15,
          "failureDetails": [],
          "failureMessages": [],
          "fullName": "NonAuthenticatedUserSignInPrompt displays custom message when provided",
          "invocations": 1,
          "location": null,
          "numPassingAsserts": 1,
          "retryReasons": [],
          "status": "passed",
          "title": "displays custom message when provided"
        },
        {
          "ancestorTitles": [
            "NonAuthenticatedUserSignInPrompt"
          ],
          "duration": 32,
          "failureDetails": [],
          "failureMessages": [],
          "fullName": "NonAuthenticatedUserSignInPrompt redirects to default route when onSignIn not provided",
          "invocations": 1,
          "location": null,
          "numPassingAsserts": 1,
          "retryReasons": [],
          "status": "passed",
          "title": "redirects to default route when onSignIn not provided"
        },
        {
          "ancestorTitles": [
            "NonAuthenticatedUserSignInPrompt"
          ],
          "duration": 31,
          "failureDetails": [],
          "failureMessages": [],
          "fullName": "NonAuthenticatedUserSignInPrompt shows quiz type specific title",
          "invocations": 1,
          "location": null,
          "numPassingAsserts": 2,
          "retryReasons": [],
          "status": "passed",
          "title": "shows quiz type specific title"
        },
        {
          "ancestorTitles": [
            "NonAuthenticatedUserSignInPrompt"
          ],
          "duration": 26,
          "failureDetails": [],
          "failureMessages": [],
          "fullName": "NonAuthenticatedUserSignInPrompt displays score preview when provided",
          "invocations": 1,
          "location": null,
          "numPassingAsserts": 3,
          "retryReasons": [],
          "status": "passed",
          "title": "displays score preview when provided"
        },
        {
          "ancestorTitles": [
            "NonAuthenticatedUserSignInPrompt"
          ],
          "duration": 23,
          "failureDetails": [],
          "failureMessages": [],
          "fullName": "NonAuthenticatedUserSignInPrompt uses returnPath for custom callback when provided",
          "invocations": 1,
          "location": null,
          "numPassingAsserts": 1,
          "retryReasons": [],
          "status": "passed",
          "title": "uses returnPath for custom callback when provided"
        },
        {
          "ancestorTitles": [
            "NonAuthenticatedUserSignInPrompt"
          ],
          "duration": 21,
          "failureDetails": [],
          "failureMessages": [],
          "fullName": "NonAuthenticatedUserSignInPrompt displays score preview correctly when provided",
          "invocations": 1,
          "location": null,
          "numPassingAsserts": 3,
          "retryReasons": [],
          "status": "passed",
          "title": "displays score preview correctly when provided"
        },
        {
          "ancestorTitles": [
            "NonAuthenticatedUserSignInPrompt"
          ],
          "duration": 58,
          "failureDetails": [],
          "failureMessages": [],
          "fullName": "NonAuthenticatedUserSignInPrompt displays appropriate feedback for low scores",
          "invocations": 1,
          "location": null,
          "numPassingAsserts": 3,
          "retryReasons": [],
          "status": "passed",
          "title": "displays appropriate feedback for low scores"
        },
        {
          "ancestorTitles": [
            "NonAuthenticatedUserSignInPrompt"
          ],
          "duration": 22,
          "failureDetails": [],
          "failureMessages": [],
          "fullName": "NonAuthenticatedUserSignInPrompt handles sign in button click with loading state",
          "invocations": 1,
          "location": null,
          "numPassingAsserts": 1,
          "retryReasons": [],
          "status": "passed",
          "title": "handles sign in button click with loading state"
        },
        {
          "ancestorTitles": [
            "NonAuthenticatedUserSignInPrompt"
          ],
          "duration": 18,
          "failureDetails": [],
          "failureMessages": [],
          "fullName": "NonAuthenticatedUserSignInPrompt renders with custom return path",
          "invocations": 1,
          "location": null,
          "numPassingAsserts": 1,
          "retryReasons": [],
          "status": "passed",
          "title": "renders with custom return path"
        }
      ],
      "failureMessage": null
    },
    {
      "leaks": false,
      "numFailingTests": 1,
      "numPassingTests": 3,
      "numPendingTests": 0,
      "numTodoTests": 0,
      "openHandles": [],
      "perfStats": {
        "end": 1747974335506,
        "runtime": 16047,
        "slow": true,
        "start": 1747974319459
      },
      "skipped": false,
      "snapshot": {
        "added": 0,
        "fileDeleted": false,
        "matched": 0,
        "unchecked": 0,
        "uncheckedKeys": [],
        "unmatched": 0,
        "updated": 0
      },
      "testFilePath": "C:\\Work\\Projects\\ai-learning\\app\\dashboard\\(quiz)\\mcq\\[slug]\\mcq-quiz-wrapper.test.tsx",
      "testResults": [
        {
          "ancestorTitles": [
            "McqQuizWrapper"
          ],
          "duration": 227,
          "failureDetails": [],
          "failureMessages": [],
          "fullName": "McqQuizWrapper renders the current question",
          "invocations": 1,
          "location": null,
          "numPassingAsserts": 1,
          "retryReasons": [],
          "status": "passed",
          "title": "renders the current question"
        },
        {
          "ancestorTitles": [
            "McqQuizWrapper"
          ],
          "duration": 46,
          "failureDetails": [],
          "failureMessages": [],
          "fullName": "McqQuizWrapper moves to the next question when answering",
          "invocations": 1,
          "location": null,
          "numPassingAsserts": 1,
          "retryReasons": [],
          "status": "passed",
          "title": "moves to the next question when answering"
        },
        {
          "ancestorTitles": [
            "McqQuizWrapper"
          ],
          "duration": 27,
          "failureDetails": [
            {
              "matcherResult": {
                "message": "\u001b[2mexpect(\u001b[22m\u001b[31mjest.fn()\u001b[39m\u001b[2m).\u001b[22mtoHaveBeenCalledWith\u001b[2m(\u001b[22m\u001b[32m...expected\u001b[39m\u001b[2m)\u001b[22m\n\nExpected: \u001b[32mObjectContaining {\"type\": \"quiz/submitQuiz\"}\u001b[39m\nReceived: \u001b[31m{\"payload\": {\"answer\": \"A library\", \"isCorrect\": true, \"questionId\": \"q1\", \"timeSpent\": 10}, \"type\": \"quiz/setUserAnswer\"}\u001b[39m\n\nNumber of calls: \u001b[31m1\u001b[39m",
                "pass": false
              }
            }
          ],
          "failureMessages": [
            "Error: \u001b[2mexpect(\u001b[22m\u001b[31mjest.fn()\u001b[39m\u001b[2m).\u001b[22mtoHaveBeenCalledWith\u001b[2m(\u001b[22m\u001b[32m...expected\u001b[39m\u001b[2m)\u001b[22m\n\nExpected: \u001b[32mObjectContaining {\"type\": \"quiz/submitQuiz\"}\u001b[39m\nReceived: \u001b[31m{\"payload\": {\"answer\": \"A library\", \"isCorrect\": true, \"questionId\": \"q1\", \"timeSpent\": 10}, \"type\": \"quiz/setUserAnswer\"}\u001b[39m\n\nNumber of calls: \u001b[31m1\u001b[39m\n    at Object.toHaveBeenCalledWith (C:\\Work\\Projects\\ai-learning\\app\\dashboard\\(quiz)\\mcq\\[slug]\\mcq-quiz-wrapper.test.tsx:156:26)"
          ],
          "fullName": "McqQuizWrapper completes the quiz on last question and navigates to results",
          "invocations": 1,
          "location": null,
          "numPassingAsserts": 0,
          "retryReasons": [],
          "status": "failed",
          "title": "completes the quiz on last question and navigates to results"
        },
        {
          "ancestorTitles": [
            "McqQuizWrapper"
          ],
          "duration": 24,
          "failureDetails": [],
          "failureMessages": [],
          "fullName": "McqQuizWrapper handles quiz with no questions properly",
          "invocations": 1,
          "location": null,
          "numPassingAsserts": 1,
          "retryReasons": [],
          "status": "passed",
          "title": "handles quiz with no questions properly"
        }
      ],
      "failureMessage": "\u001b[1m\u001b[31m  \u001b[1m● \u001b[22m\u001b[1mMcqQuizWrapper › completes the quiz on last question and navigates to results\u001b[39m\u001b[22m\n\n    \u001b[2mexpect(\u001b[22m\u001b[31mjest.fn()\u001b[39m\u001b[2m).\u001b[22mtoHaveBeenCalledWith\u001b[2m(\u001b[22m\u001b[32m...expected\u001b[39m\u001b[2m)\u001b[22m\n\n    Expected: \u001b[32mObjectContaining {\"type\": \"quiz/submitQuiz\"}\u001b[39m\n    Received: \u001b[31m{\"payload\": {\"answer\": \"A library\", \"isCorrect\": true, \"questionId\": \"q1\", \"timeSpent\": 10}, \"type\": \"quiz/setUserAnswer\"}\u001b[39m\n\n    Number of calls: \u001b[31m1\u001b[39m\n\u001b[2m\u001b[22m\n\u001b[2m    \u001b[0m \u001b[90m 154 |\u001b[39m     \u001b[22m\n\u001b[2m     \u001b[90m 155 |\u001b[39m     \u001b[90m// Check for quiz submit action\u001b[39m\u001b[22m\n\u001b[2m    \u001b[31m\u001b[1m>\u001b[22m\u001b[2m\u001b[39m\u001b[90m 156 |\u001b[39m     expect(mockDispatch)\u001b[33m.\u001b[39mtoHaveBeenCalledWith(expect\u001b[33m.\u001b[39mobjectContaining({\u001b[22m\n\u001b[2m     \u001b[90m     |\u001b[39m                          \u001b[31m\u001b[1m^\u001b[22m\u001b[2m\u001b[39m\u001b[22m\n\u001b[2m     \u001b[90m 157 |\u001b[39m       type\u001b[33m:\u001b[39m \u001b[32m\"quiz/submitQuiz\"\u001b[39m\u001b[22m\n\u001b[2m     \u001b[90m 158 |\u001b[39m     }))\u001b[22m\n\u001b[2m     \u001b[90m 159 |\u001b[39m     \u001b[0m\u001b[22m\n\u001b[2m\u001b[22m\n\u001b[2m      \u001b[2mat Object.toHaveBeenCalledWith (C:\\Work\\Projects\\ai-learning\\app\\dashboard\\(quiz)\u001b[22m\u001b[2m../../../mcq/[slug]/mcq-quiz-wrapper.test.tsx\u001b[2m:156:26)\u001b[22m\u001b[2m\u001b[22m\n"
    },
    {
      "leaks": false,
      "numFailingTests": 0,
      "numPassingTests": 9,
      "numPendingTests": 0,
      "numTodoTests": 0,
      "openHandles": [],
      "perfStats": {
        "end": 1747974335939,
        "runtime": 17399,
        "slow": true,
        "start": 1747974318540
      },
      "skipped": false,
      "snapshot": {
        "added": 0,
        "fileDeleted": false,
        "matched": 0,
        "unchecked": 0,
        "uncheckedKeys": [],
        "unmatched": 0,
        "updated": 0
      },
      "testFilePath": "C:\\Work\\Projects\\ai-learning\\__tests__\\e2e\\mcq-quiz-flow.test.tsx",
      "testResults": [
        {
          "ancestorTitles": [
            "MCQ Quiz Flow End-to-End Test",
            "Authenticated User Flow"
          ],
          "duration": 290,
          "failureDetails": [],
          "failureMessages": [],
          "fullName": "MCQ Quiz Flow End-to-End Test Authenticated User Flow should allow user to complete MCQ quiz and see results",
          "invocations": 1,
          "location": null,
          "numPassingAsserts": 6,
          "retryReasons": [],
          "status": "passed",
          "title": "should allow user to complete MCQ quiz and see results"
        },
        {
          "ancestorTitles": [
            "MCQ Quiz Flow End-to-End Test",
            "Authenticated User Flow"
          ],
          "duration": 32,
          "failureDetails": [],
          "failureMessages": [],
          "fullName": "MCQ Quiz Flow End-to-End Test Authenticated User Flow should track correct/incorrect answers",
          "invocations": 1,
          "location": null,
          "numPassingAsserts": 2,
          "retryReasons": [],
          "status": "passed",
          "title": "should track correct/incorrect answers"
        },
        {
          "ancestorTitles": [
            "MCQ Quiz Flow End-to-End Test",
            "Authenticated User Flow"
          ],
          "duration": 25,
          "failureDetails": [],
          "failureMessages": [],
          "fullName": "MCQ Quiz Flow End-to-End Test Authenticated User Flow should handle quiz reset when requested",
          "invocations": 1,
          "location": null,
          "numPassingAsserts": 1,
          "retryReasons": [],
          "status": "passed",
          "title": "should handle quiz reset when requested"
        },
        {
          "ancestorTitles": [
            "MCQ Quiz Flow End-to-End Test",
            "Authenticated User Flow"
          ],
          "duration": 24,
          "failureDetails": [],
          "failureMessages": [],
          "fullName": "MCQ Quiz Flow End-to-End Test Authenticated User Flow should verify quiz submission action is dispatched with correct payload",
          "invocations": 1,
          "location": null,
          "numPassingAsserts": 2,
          "retryReasons": [],
          "status": "passed",
          "title": "should verify quiz submission action is dispatched with correct payload"
        },
        {
          "ancestorTitles": [
            "MCQ Quiz Flow End-to-End Test",
            "Unauthenticated User Flow"
          ],
          "duration": 19,
          "failureDetails": [],
          "failureMessages": [],
          "fullName": "MCQ Quiz Flow End-to-End Test Unauthenticated User Flow should allow unauthenticated users to take the quiz",
          "invocations": 1,
          "location": null,
          "numPassingAsserts": 2,
          "retryReasons": [],
          "status": "passed",
          "title": "should allow unauthenticated users to take the quiz"
        },
        {
          "ancestorTitles": [
            "MCQ Quiz Flow End-to-End Test",
            "Unauthenticated User Flow"
          ],
          "duration": 12,
          "failureDetails": [],
          "failureMessages": [],
          "fullName": "MCQ Quiz Flow End-to-End Test Unauthenticated User Flow should show authentication prompt on certain actions",
          "invocations": 1,
          "location": null,
          "numPassingAsserts": 2,
          "retryReasons": [],
          "status": "passed",
          "title": "should show authentication prompt on certain actions"
        },
        {
          "ancestorTitles": [
            "MCQ Quiz Flow End-to-End Test",
            "Error Handling"
          ],
          "duration": 38,
          "failureDetails": [],
          "failureMessages": [],
          "fullName": "MCQ Quiz Flow End-to-End Test Error Handling should handle quiz data loading errors",
          "invocations": 1,
          "location": null,
          "numPassingAsserts": 2,
          "retryReasons": [],
          "status": "passed",
          "title": "should handle quiz data loading errors"
        },
        {
          "ancestorTitles": [
            "MCQ Quiz Flow End-to-End Test",
            "Error Handling"
          ],
          "duration": 17,
          "failureDetails": [],
          "failureMessages": [],
          "fullName": "MCQ Quiz Flow End-to-End Test Error Handling should handle invalid quiz data with missing questions",
          "invocations": 1,
          "location": null,
          "numPassingAsserts": 1,
          "retryReasons": [],
          "status": "passed",
          "title": "should handle invalid quiz data with missing questions"
        },
        {
          "ancestorTitles": [
            "MCQ Quiz Flow End-to-End Test",
            "UI Features"
          ],
          "duration": 19,
          "failureDetails": [],
          "failureMessages": [],
          "fullName": "MCQ Quiz Flow End-to-End Test UI Features should display correct question number and options",
          "invocations": 1,
          "location": null,
          "numPassingAsserts": 7,
          "retryReasons": [],
          "status": "passed",
          "title": "should display correct question number and options"
        }
      ],
      "failureMessage": null
    },
    {
      "leaks": false,
      "numFailingTests": 0,
      "numPassingTests": 5,
      "numPendingTests": 0,
      "numTodoTests": 0,
      "openHandles": [],
      "perfStats": {
        "end": 1747974336104,
        "runtime": 18572,
        "slow": true,
        "start": 1747974317532
      },
      "skipped": false,
      "snapshot": {
        "added": 0,
        "fileDeleted": false,
        "matched": 0,
        "unchecked": 0,
        "uncheckedKeys": [],
        "unmatched": 0,
        "updated": 0
      },
      "testFilePath": "C:\\Work\\Projects\\ai-learning\\app\\dashboard\\(quiz)\\mcq\\[slug]\\results\\results-page.test.tsx",
      "testResults": [
        {
          "ancestorTitles": [
            "McqResultsPage"
          ],
          "duration": 991,
          "failureDetails": [],
          "failureMessages": [],
          "fullName": "McqResultsPage shows loading state when fetching results",
          "invocations": 1,
          "location": null,
          "numPassingAsserts": 1,
          "retryReasons": [],
          "status": "passed",
          "title": "shows loading state when fetching results"
        },
        {
          "ancestorTitles": [
            "McqResultsPage"
          ],
          "duration": 19,
          "failureDetails": [],
          "failureMessages": [],
          "fullName": "McqResultsPage shows sign in prompt for unauthenticated users",
          "invocations": 1,
          "location": null,
          "numPassingAsserts": 1,
          "retryReasons": [],
          "status": "passed",
          "title": "shows sign in prompt for unauthenticated users"
        },
        {
          "ancestorTitles": [
            "McqResultsPage"
          ],
          "duration": 108,
          "failureDetails": [],
          "failureMessages": [],
          "fullName": "McqResultsPage shows saved results when available",
          "invocations": 1,
          "location": null,
          "numPassingAsserts": 2,
          "retryReasons": [],
          "status": "passed",
          "title": "shows saved results when available"
        },
        {
          "ancestorTitles": [
            "McqResultsPage"
          ],
          "duration": 187,
          "failureDetails": [],
          "failureMessages": [],
          "fullName": "McqResultsPage shows temporary results with save button after quiz completion",
          "invocations": 1,
          "location": null,
          "numPassingAsserts": 3,
          "retryReasons": [],
          "status": "passed",
          "title": "shows temporary results with save button after quiz completion"
        },
        {
          "ancestorTitles": [
            "McqResultsPage"
          ],
          "duration": 18,
          "failureDetails": [],
          "failureMessages": [],
          "fullName": "McqResultsPage shows error message when results loading fails",
          "invocations": 1,
          "location": null,
          "numPassingAsserts": 1,
          "retryReasons": [],
          "status": "passed",
          "title": "shows error message when results loading fails"
        }
      ],
      "failureMessage": null
    },
    {
      "leaks": false,
      "numFailingTests": 0,
      "numPassingTests": 7,
      "numPendingTests": 0,
      "numTodoTests": 0,
      "openHandles": [],
      "perfStats": {
        "end": 1747974337257,
        "runtime": 2047,
        "slow": false,
        "start": 1747974335210
      },
      "skipped": false,
      "snapshot": {
        "added": 0,
        "fileDeleted": false,
        "matched": 0,
        "unchecked": 0,
        "uncheckedKeys": [],
        "unmatched": 0,
        "updated": 0
      },
      "testFilePath": "C:\\Work\\Projects\\ai-learning\\__tests__\\slices\\textQuizSlice.test.ts",
      "testResults": [
        {
          "ancestorTitles": [
            "textQuizSlice"
          ],
          "duration": 38,
          "failureDetails": [],
          "failureMessages": [],
          "fullName": "textQuizSlice should initialize quiz correctly",
          "invocations": 1,
          "location": null,
          "numPassingAsserts": 5,
          "retryReasons": [],
          "status": "passed",
          "title": "should initialize quiz correctly"
        },
        {
          "ancestorTitles": [
            "textQuizSlice"
          ],
          "duration": 6,
          "failureDetails": [],
          "failureMessages": [],
          "fullName": "textQuizSlice should submit an answer locally",
          "invocations": 1,
          "location": null,
          "numPassingAsserts": 3,
          "retryReasons": [],
          "status": "passed",
          "title": "should submit an answer locally"
        },
        {
          "ancestorTitles": [
            "textQuizSlice"
          ],
          "duration": 4,
          "failureDetails": [],
          "failureMessages": [],
          "fullName": "textQuizSlice should replace existing answer when submitting for same question",
          "invocations": 1,
          "location": null,
          "numPassingAsserts": 3,
          "retryReasons": [],
          "status": "passed",
          "title": "should replace existing answer when submitting for same question"
        },
        {
          "ancestorTitles": [
            "textQuizSlice"
          ],
          "duration": 3,
          "failureDetails": [],
          "failureMessages": [],
          "fullName": "textQuizSlice should complete quiz properly",
          "invocations": 1,
          "location": null,
          "numPassingAsserts": 5,
          "retryReasons": [],
          "status": "passed",
          "title": "should complete quiz properly"
        },
        {
          "ancestorTitles": [
            "textQuizSlice"
          ],
          "duration": 3,
          "failureDetails": [],
          "failureMessages": [],
          "fullName": "textQuizSlice should update current question index",
          "invocations": 1,
          "location": null,
          "numPassingAsserts": 1,
          "retryReasons": [],
          "status": "passed",
          "title": "should update current question index"
        },
        {
          "ancestorTitles": [
            "textQuizSlice"
          ],
          "duration": 24,
          "failureDetails": [],
          "failureMessages": [],
          "fullName": "textQuizSlice should save and restore quiz state",
          "invocations": 1,
          "location": null,
          "numPassingAsserts": 2,
          "retryReasons": [],
          "status": "passed",
          "title": "should save and restore quiz state"
        },
        {
          "ancestorTitles": [
            "textQuizSlice"
          ],
          "duration": 18,
          "failureDetails": [],
          "failureMessages": [],
          "fullName": "textQuizSlice should clear saved state",
          "invocations": 1,
          "location": null,
          "numPassingAsserts": 1,
          "retryReasons": [],
          "status": "passed",
          "title": "should clear saved state"
        }
      ],
      "failureMessage": null
    },
    {
      "leaks": false,
      "numFailingTests": 0,
      "numPassingTests": 9,
      "numPendingTests": 0,
      "numTodoTests": 0,
      "openHandles": [],
      "perfStats": {
        "end": 1747974336687,
        "runtime": 17133,
        "slow": true,
        "start": 1747974319554
      },
      "skipped": false,
      "snapshot": {
        "added": 0,
        "fileDeleted": false,
        "matched": 0,
        "unchecked": 0,
        "uncheckedKeys": [],
        "unmatched": 0,
        "updated": 0
      },
      "testFilePath": "C:\\Work\\Projects\\ai-learning\\__tests__\\e2e\\code-quiz-flow.test.tsx",
      "testResults": [
        {
          "ancestorTitles": [
            "Code Quiz Flow End-to-End Test",
            "Authenticated User Flow"
          ],
          "duration": 214,
          "failureDetails": [],
          "failureMessages": [],
          "fullName": "Code Quiz Flow End-to-End Test Authenticated User Flow should allow user to complete code quiz and see results",
          "invocations": 1,
          "location": null,
          "numPassingAsserts": 6,
          "retryReasons": [],
          "status": "passed",
          "title": "should allow user to complete code quiz and see results"
        },
        {
          "ancestorTitles": [
            "Code Quiz Flow End-to-End Test",
            "Authenticated User Flow"
          ],
          "duration": 27,
          "failureDetails": [],
          "failureMessages": [],
          "fullName": "Code Quiz Flow End-to-End Test Authenticated User Flow should track code submissions for each question",
          "invocations": 1,
          "location": null,
          "numPassingAsserts": 1,
          "retryReasons": [],
          "status": "passed",
          "title": "should track code submissions for each question"
        },
        {
          "ancestorTitles": [
            "Code Quiz Flow End-to-End Test",
            "Authenticated User Flow"
          ],
          "duration": 19,
          "failureDetails": [],
          "failureMessages": [],
          "fullName": "Code Quiz Flow End-to-End Test Authenticated User Flow should handle quiz reset when requested",
          "invocations": 1,
          "location": null,
          "numPassingAsserts": 1,
          "retryReasons": [],
          "status": "passed",
          "title": "should handle quiz reset when requested"
        },
        {
          "ancestorTitles": [
            "Code Quiz Flow End-to-End Test",
            "Unauthenticated User Flow"
          ],
          "duration": 18,
          "failureDetails": [],
          "failureMessages": [],
          "fullName": "Code Quiz Flow End-to-End Test Unauthenticated User Flow should allow unauthenticated users to take the quiz",
          "invocations": 1,
          "location": null,
          "numPassingAsserts": 2,
          "retryReasons": [],
          "status": "passed",
          "title": "should allow unauthenticated users to take the quiz"
        },
        {
          "ancestorTitles": [
            "Code Quiz Flow End-to-End Test",
            "Unauthenticated User Flow"
          ],
          "duration": 13,
          "failureDetails": [],
          "failureMessages": [],
          "fullName": "Code Quiz Flow End-to-End Test Unauthenticated User Flow should prompt for authentication when saving results",
          "invocations": 1,
          "location": null,
          "numPassingAsserts": 2,
          "retryReasons": [],
          "status": "passed",
          "title": "should prompt for authentication when saving results"
        },
        {
          "ancestorTitles": [
            "Code Quiz Flow End-to-End Test",
            "Error Handling"
          ],
          "duration": 27,
          "failureDetails": [],
          "failureMessages": [],
          "fullName": "Code Quiz Flow End-to-End Test Error Handling should handle quiz data loading errors",
          "invocations": 1,
          "location": null,
          "numPassingAsserts": 4,
          "retryReasons": [],
          "status": "passed",
          "title": "should handle quiz data loading errors"
        },
        {
          "ancestorTitles": [
            "Code Quiz Flow End-to-End Test",
            "Error Handling"
          ],
          "duration": 11,
          "failureDetails": [],
          "failureMessages": [],
          "fullName": "Code Quiz Flow End-to-End Test Error Handling should handle invalid quiz data with missing questions",
          "invocations": 1,
          "location": null,
          "numPassingAsserts": 2,
          "retryReasons": [],
          "status": "passed",
          "title": "should handle invalid quiz data with missing questions"
        },
        {
          "ancestorTitles": [
            "Code Quiz Flow End-to-End Test",
            "UI and Interaction"
          ],
          "duration": 18,
          "failureDetails": [],
          "failureMessages": [],
          "fullName": "Code Quiz Flow End-to-End Test UI and Interaction should display code editor with initial code",
          "invocations": 1,
          "location": null,
          "numPassingAsserts": 4,
          "retryReasons": [],
          "status": "passed",
          "title": "should display code editor with initial code"
        },
        {
          "ancestorTitles": [
            "Code Quiz Flow End-to-End Test",
            "UI and Interaction"
          ],
          "duration": 25,
          "failureDetails": [],
          "failureMessages": [],
          "fullName": "Code Quiz Flow End-to-End Test UI and Interaction should allow code typing and submission",
          "invocations": 1,
          "location": null,
          "numPassingAsserts": 1,
          "retryReasons": [],
          "status": "passed",
          "title": "should allow code typing and submission"
        }
      ],
      "failureMessage": null
    },
    {
      "leaks": false,
      "numFailingTests": 0,
      "numPassingTests": 10,
      "numPendingTests": 0,
      "numTodoTests": 0,
      "openHandles": [],
      "perfStats": {
        "end": 1747974337200,
        "runtime": 17430,
        "slow": true,
        "start": 1747974319770
      },
      "skipped": false,
      "snapshot": {
        "added": 0,
        "fileDeleted": false,
        "matched": 0,
        "unchecked": 0,
        "uncheckedKeys": [],
        "unmatched": 0,
        "updated": 0
      },
      "testFilePath": "C:\\Work\\Projects\\ai-learning\\app\\dashboard\\(quiz)\\mcq\\components\\mcq-quiz.test.tsx",
      "testResults": [
        {
          "ancestorTitles": [
            "McqQuiz Component"
          ],
          "duration": 672,
          "failureDetails": [],
          "failureMessages": [],
          "fullName": "McqQuiz Component renders the question and options correctly",
          "invocations": 1,
          "location": null,
          "numPassingAsserts": 4,
          "retryReasons": [],
          "status": "passed",
          "title": "renders the question and options correctly"
        },
        {
          "ancestorTitles": [
            "McqQuiz Component"
          ],
          "duration": 81,
          "failureDetails": [],
          "failureMessages": [],
          "fullName": "McqQuiz Component allows selecting an option",
          "invocations": 1,
          "location": null,
          "numPassingAsserts": 1,
          "retryReasons": [],
          "status": "passed",
          "title": "allows selecting an option"
        },
        {
          "ancestorTitles": [
            "McqQuiz Component"
          ],
          "duration": 153,
          "failureDetails": [],
          "failureMessages": [],
          "fullName": "McqQuiz Component shows warning when trying to submit without selecting an option",
          "invocations": 1,
          "location": null,
          "numPassingAsserts": 4,
          "retryReasons": [],
          "status": "passed",
          "title": "shows warning when trying to submit without selecting an option"
        },
        {
          "ancestorTitles": [
            "McqQuiz Component"
          ],
          "duration": 72,
          "failureDetails": [],
          "failureMessages": [],
          "fullName": "McqQuiz Component handles correct answer submission",
          "invocations": 1,
          "location": null,
          "numPassingAsserts": 1,
          "retryReasons": [],
          "status": "passed",
          "title": "handles correct answer submission"
        },
        {
          "ancestorTitles": [
            "McqQuiz Component"
          ],
          "duration": 69,
          "failureDetails": [],
          "failureMessages": [],
          "fullName": "McqQuiz Component handles incorrect answer submission",
          "invocations": 1,
          "location": null,
          "numPassingAsserts": 1,
          "retryReasons": [],
          "status": "passed",
          "title": "handles incorrect answer submission"
        },
        {
          "ancestorTitles": [
            "McqQuiz Component"
          ],
          "duration": 64,
          "failureDetails": [],
          "failureMessages": [],
          "fullName": "McqQuiz Component shows submitting state when submitting an answer",
          "invocations": 1,
          "location": null,
          "numPassingAsserts": 2,
          "retryReasons": [],
          "status": "passed",
          "title": "shows submitting state when submitting an answer"
        },
        {
          "ancestorTitles": [
            "McqQuiz Component"
          ],
          "duration": 17,
          "failureDetails": [],
          "failureMessages": [],
          "fullName": "McqQuiz Component shows \"Submit Quiz\" when on last question",
          "invocations": 1,
          "location": null,
          "numPassingAsserts": 1,
          "retryReasons": [],
          "status": "passed",
          "title": "shows \"Submit Quiz\" when on last question"
        },
        {
          "ancestorTitles": [
            "McqQuiz Component"
          ],
          "duration": 42,
          "failureDetails": [],
          "failureMessages": [],
          "fullName": "McqQuiz Component shows \"Submitting Quiz...\" when submitting last question",
          "invocations": 1,
          "location": null,
          "numPassingAsserts": 1,
          "retryReasons": [],
          "status": "passed",
          "title": "shows \"Submitting Quiz...\" when submitting last question"
        },
        {
          "ancestorTitles": [
            "McqQuiz Component"
          ],
          "duration": 60,
          "failureDetails": [],
          "failureMessages": [],
          "fullName": "McqQuiz Component disables multi-submission for the same question",
          "invocations": 1,
          "location": null,
          "numPassingAsserts": 1,
          "retryReasons": [],
          "status": "passed",
          "title": "disables multi-submission for the same question"
        },
        {
          "ancestorTitles": [
            "McqQuiz Component"
          ],
          "duration": 111,
          "failureDetails": [],
          "failureMessages": [],
          "fullName": "McqQuiz Component resets state when question changes",
          "invocations": 1,
          "location": null,
          "numPassingAsserts": 3,
          "retryReasons": [],
          "status": "passed",
          "title": "resets state when question changes"
        }
      ],
      "failureMessage": null
    },
    {
      "leaks": false,
      "numFailingTests": 2,
      "numPassingTests": 6,
      "numPendingTests": 0,
      "numTodoTests": 0,
      "openHandles": [],
      "perfStats": {
        "end": 1747974337508,
        "runtime": 4021,
        "slow": false,
        "start": 1747974333487
      },
      "skipped": false,
      "snapshot": {
        "added": 0,
        "fileDeleted": false,
        "matched": 0,
        "unchecked": 0,
        "uncheckedKeys": [],
        "unmatched": 0,
        "updated": 0
      },
      "testFilePath": "C:\\Work\\Projects\\ai-learning\\store\\slices\\__tests__\\quizSlice.test.ts",
      "testResults": [
        {
          "ancestorTitles": [
            "quizSlice"
          ],
          "duration": 32,
          "failureDetails": [
            {
              "matcherResult": {
                "actual": {
                  "quizData": null,
                  "currentQuestion": 0,
                  "userAnswers": [],
                  "isLoading": false,
                  "isSubmitting": false,
                  "isCompleted": false,
                  "timerActive": false,
                  "submissionStateInProgress": false,
                  "results": null,
                  "tempResults": null,
                  "quizHistory": [],
                  "currentQuizId": null,
                  "timeRemaining": null,
                  "error": null,
                  "quizError": null,
                  "submissionError": null,
                  "resultsError": null,
                  "historyError": null,
                  "errors": {
                    "quiz": null,
                    "submission": null,
                    "results": null,
                    "history": null
                  },
                  "currentQuizType": null,
                  "currentQuizSlug": null
                },
                "expected": {
                  "quizData": null,
                  "currentQuestion": 0,
                  "userAnswers": [],
                  "isLoading": false,
                  "isSubmitting": false,
                  "error": null,
                  "quizError": null,
                  "submissionError": null,
                  "resultsError": null,
                  "historyError": null,
                  "results": null,
                  "isCompleted": false,
                  "quizHistory": [],
                  "currentQuizId": null,
                  "timeRemaining": null,
                  "timerActive": false,
                  "submissionStateInProgress": false,
                  "errors": {
                    "quiz": null,
                    "submission": null,
                    "results": null,
                    "history": null
                  },
                  "tempResults": null
                },
                "message": "\u001b[2mexpect(\u001b[22m\u001b[31mreceived\u001b[39m\u001b[2m).\u001b[22mtoEqual\u001b[2m(\u001b[22m\u001b[32mexpected\u001b[39m\u001b[2m) // deep equality\u001b[22m\n\n\u001b[32m- Expected  - 0\u001b[39m\n\u001b[31m+ Received  + 2\u001b[39m\n\n\u001b[33m@@ -1,8 +1,10 @@\u001b[39m\n\u001b[2m  Object {\u001b[22m\n\u001b[2m    \"currentQuestion\": 0,\u001b[22m\n\u001b[2m    \"currentQuizId\": null,\u001b[22m\n\u001b[31m+   \"currentQuizSlug\": null,\u001b[39m\n\u001b[31m+   \"currentQuizType\": null,\u001b[39m\n\u001b[2m    \"error\": null,\u001b[22m\n\u001b[2m    \"errors\": Object {\u001b[22m\n\u001b[2m      \"history\": null,\u001b[22m\n\u001b[2m      \"quiz\": null,\u001b[22m\n\u001b[2m      \"results\": null,\u001b[22m",
                "name": "toEqual",
                "pass": false
              }
            }
          ],
          "failureMessages": [
            "Error: \u001b[2mexpect(\u001b[22m\u001b[31mreceived\u001b[39m\u001b[2m).\u001b[22mtoEqual\u001b[2m(\u001b[22m\u001b[32mexpected\u001b[39m\u001b[2m) // deep equality\u001b[22m\n\n\u001b[32m- Expected  - 0\u001b[39m\n\u001b[31m+ Received  + 2\u001b[39m\n\n\u001b[33m@@ -1,8 +1,10 @@\u001b[39m\n\u001b[2m  Object {\u001b[22m\n\u001b[2m    \"currentQuestion\": 0,\u001b[22m\n\u001b[2m    \"currentQuizId\": null,\u001b[22m\n\u001b[31m+   \"currentQuizSlug\": null,\u001b[39m\n\u001b[31m+   \"currentQuizType\": null,\u001b[39m\n\u001b[2m    \"error\": null,\u001b[22m\n\u001b[2m    \"errors\": Object {\u001b[22m\n\u001b[2m      \"history\": null,\u001b[22m\n\u001b[2m      \"quiz\": null,\u001b[22m\n\u001b[2m      \"results\": null,\u001b[22m\n    at Object.toEqual (C:\\Work\\Projects\\ai-learning\\store\\slices\\__tests__\\quizSlice.test.ts:70:19)\n    at Promise.then.completed (C:\\Work\\Projects\\ai-learning\\node_modules\\jest-circus\\build\\utils.js:298:28)\n    at new Promise (<anonymous>)\n    at callAsyncCircusFn (C:\\Work\\Projects\\ai-learning\\node_modules\\jest-circus\\build\\utils.js:231:10)\n    at _callCircusTest (C:\\Work\\Projects\\ai-learning\\node_modules\\jest-circus\\build\\run.js:316:40)\n    at processTicksAndRejections (node:internal/process/task_queues:105:5)\n    at _runTest (C:\\Work\\Projects\\ai-learning\\node_modules\\jest-circus\\build\\run.js:252:3)\n    at _runTestsForDescribeBlock (C:\\Work\\Projects\\ai-learning\\node_modules\\jest-circus\\build\\run.js:126:9)\n    at _runTestsForDescribeBlock (C:\\Work\\Projects\\ai-learning\\node_modules\\jest-circus\\build\\run.js:121:9)\n    at run (C:\\Work\\Projects\\ai-learning\\node_modules\\jest-circus\\build\\run.js:71:3)\n    at runAndTransformResultsToJestFormat (C:\\Work\\Projects\\ai-learning\\node_modules\\jest-circus\\build\\legacy-code-todo-rewrite\\jestAdapterInit.js:122:21)\n    at jestAdapter (C:\\Work\\Projects\\ai-learning\\node_modules\\jest-circus\\build\\legacy-code-todo-rewrite\\jestAdapter.js:79:19)\n    at runTestInternal (C:\\Work\\Projects\\ai-learning\\node_modules\\jest-runner\\build\\runTest.js:367:16)\n    at runTest (C:\\Work\\Projects\\ai-learning\\node_modules\\jest-runner\\build\\runTest.js:444:34)\n    at Object.worker (C:\\Work\\Projects\\ai-learning\\node_modules\\jest-runner\\build\\testWorker.js:106:12)"
          ],
          "fullName": "quizSlice should return the initial state",
          "invocations": 1,
          "location": null,
          "numPassingAsserts": 0,
          "retryReasons": [],
          "status": "failed",
          "title": "should return the initial state"
        },
        {
          "ancestorTitles": [
            "quizSlice"
          ],
          "duration": 6,
          "failureDetails": [
            {
              "matcherResult": {
                "actual": {
                  "quizData": null,
                  "currentQuestion": 0,
                  "userAnswers": [],
                  "isLoading": false,
                  "isSubmitting": false,
                  "error": null,
                  "quizError": null,
                  "submissionError": null,
                  "resultsError": null,
                  "historyError": null,
                  "results": null,
                  "isCompleted": false,
                  "quizHistory": [
                    {
                      "id": "1",
                      "quizTitle": "Past Quiz",
                      "completedAt": "2023-01-01"
                    }
                  ],
                  "currentQuizId": null,
                  "timeRemaining": null,
                  "timerActive": false,
                  "submissionStateInProgress": false,
                  "errors": {
                    "quiz": null,
                    "submission": null,
                    "results": null,
                    "history": null
                  },
                  "tempResults": null,
                  "currentQuizType": null,
                  "currentQuizSlug": null
                },
                "expected": {
                  "quizData": null,
                  "currentQuestion": 0,
                  "userAnswers": [],
                  "isLoading": false,
                  "isSubmitting": false,
                  "error": null,
                  "quizError": null,
                  "submissionError": null,
                  "resultsError": null,
                  "historyError": null,
                  "results": null,
                  "isCompleted": false,
                  "quizHistory": [
                    {
                      "id": "1",
                      "quizTitle": "Past Quiz",
                      "completedAt": "2023-01-01"
                    }
                  ],
                  "currentQuizId": null,
                  "timeRemaining": null,
                  "timerActive": false,
                  "submissionStateInProgress": false,
                  "errors": {
                    "quiz": null,
                    "submission": null,
                    "results": null,
                    "history": null
                  },
                  "tempResults": null
                },
                "message": "\u001b[2mexpect(\u001b[22m\u001b[31mreceived\u001b[39m\u001b[2m).\u001b[22mtoEqual\u001b[2m(\u001b[22m\u001b[32mexpected\u001b[39m\u001b[2m) // deep equality\u001b[22m\n\n\u001b[32m- Expected  - 0\u001b[39m\n\u001b[31m+ Received  + 2\u001b[39m\n\n\u001b[33m@@ -1,8 +1,10 @@\u001b[39m\n\u001b[2m  Object {\u001b[22m\n\u001b[2m    \"currentQuestion\": 0,\u001b[22m\n\u001b[2m    \"currentQuizId\": null,\u001b[22m\n\u001b[31m+   \"currentQuizSlug\": null,\u001b[39m\n\u001b[31m+   \"currentQuizType\": null,\u001b[39m\n\u001b[2m    \"error\": null,\u001b[22m\n\u001b[2m    \"errors\": Object {\u001b[22m\n\u001b[2m      \"history\": null,\u001b[22m\n\u001b[2m      \"quiz\": null,\u001b[22m\n\u001b[2m      \"results\": null,\u001b[22m",
                "name": "toEqual",
                "pass": false
              }
            }
          ],
          "failureMessages": [
            "Error: \u001b[2mexpect(\u001b[22m\u001b[31mreceived\u001b[39m\u001b[2m).\u001b[22mtoEqual\u001b[2m(\u001b[22m\u001b[32mexpected\u001b[39m\u001b[2m) // deep equality\u001b[22m\n\n\u001b[32m- Expected  - 0\u001b[39m\n\u001b[31m+ Received  + 2\u001b[39m\n\n\u001b[33m@@ -1,8 +1,10 @@\u001b[39m\n\u001b[2m  Object {\u001b[22m\n\u001b[2m    \"currentQuestion\": 0,\u001b[22m\n\u001b[2m    \"currentQuizId\": null,\u001b[22m\n\u001b[31m+   \"currentQuizSlug\": null,\u001b[39m\n\u001b[31m+   \"currentQuizType\": null,\u001b[39m\n\u001b[2m    \"error\": null,\u001b[22m\n\u001b[2m    \"errors\": Object {\u001b[22m\n\u001b[2m      \"history\": null,\u001b[22m\n\u001b[2m      \"quiz\": null,\u001b[22m\n\u001b[2m      \"results\": null,\u001b[22m\n    at Object.toEqual (C:\\Work\\Projects\\ai-learning\\store\\slices\\__tests__\\quizSlice.test.ts:88:22)\n    at Promise.then.completed (C:\\Work\\Projects\\ai-learning\\node_modules\\jest-circus\\build\\utils.js:298:28)\n    at new Promise (<anonymous>)\n    at callAsyncCircusFn (C:\\Work\\Projects\\ai-learning\\node_modules\\jest-circus\\build\\utils.js:231:10)\n    at _callCircusTest (C:\\Work\\Projects\\ai-learning\\node_modules\\jest-circus\\build\\run.js:316:40)\n    at processTicksAndRejections (node:internal/process/task_queues:105:5)\n    at _runTest (C:\\Work\\Projects\\ai-learning\\node_modules\\jest-circus\\build\\run.js:252:3)\n    at _runTestsForDescribeBlock (C:\\Work\\Projects\\ai-learning\\node_modules\\jest-circus\\build\\run.js:126:9)\n    at _runTestsForDescribeBlock (C:\\Work\\Projects\\ai-learning\\node_modules\\jest-circus\\build\\run.js:121:9)\n    at run (C:\\Work\\Projects\\ai-learning\\node_modules\\jest-circus\\build\\run.js:71:3)\n    at runAndTransformResultsToJestFormat (C:\\Work\\Projects\\ai-learning\\node_modules\\jest-circus\\build\\legacy-code-todo-rewrite\\jestAdapterInit.js:122:21)\n    at jestAdapter (C:\\Work\\Projects\\ai-learning\\node_modules\\jest-circus\\build\\legacy-code-todo-rewrite\\jestAdapter.js:79:19)\n    at runTestInternal (C:\\Work\\Projects\\ai-learning\\node_modules\\jest-runner\\build\\runTest.js:367:16)\n    at runTest (C:\\Work\\Projects\\ai-learning\\node_modules\\jest-runner\\build\\runTest.js:444:34)\n    at Object.worker (C:\\Work\\Projects\\ai-learning\\node_modules\\jest-runner\\build\\testWorker.js:106:12)"
          ],
          "fullName": "quizSlice should handle resetQuizState",
          "invocations": 1,
          "location": null,
          "numPassingAsserts": 0,
          "retryReasons": [],
          "status": "failed",
          "title": "should handle resetQuizState"
        },
        {
          "ancestorTitles": [
            "quizSlice"
          ],
          "duration": 1,
          "failureDetails": [],
          "failureMessages": [],
          "fullName": "quizSlice should handle setCurrentQuestion",
          "invocations": 1,
          "location": null,
          "numPassingAsserts": 1,
          "retryReasons": [],
          "status": "passed",
          "title": "should handle setCurrentQuestion"
        },
        {
          "ancestorTitles": [
            "quizSlice"
          ],
          "duration": 1,
          "failureDetails": [],
          "failureMessages": [],
          "fullName": "quizSlice should handle setUserAnswer for new answer",
          "invocations": 1,
          "location": null,
          "numPassingAsserts": 1,
          "retryReasons": [],
          "status": "passed",
          "title": "should handle setUserAnswer for new answer"
        },
        {
          "ancestorTitles": [
            "quizSlice"
          ],
          "duration": 3,
          "failureDetails": [],
          "failureMessages": [],
          "fullName": "quizSlice should handle setUserAnswer for existing answer",
          "invocations": 1,
          "location": null,
          "numPassingAsserts": 3,
          "retryReasons": [],
          "status": "passed",
          "title": "should handle setUserAnswer for existing answer"
        },
        {
          "ancestorTitles": [
            "quizSlice"
          ],
          "duration": 3,
          "failureDetails": [],
          "failureMessages": [],
          "fullName": "quizSlice should handle timer actions",
          "invocations": 1,
          "location": null,
          "numPassingAsserts": 5,
          "retryReasons": [],
          "status": "passed",
          "title": "should handle timer actions"
        },
        {
          "ancestorTitles": [
            "quizSlice"
          ],
          "duration": 2,
          "failureDetails": [],
          "failureMessages": [],
          "fullName": "quizSlice should handle markQuizCompleted",
          "invocations": 1,
          "location": null,
          "numPassingAsserts": 3,
          "retryReasons": [],
          "status": "passed",
          "title": "should handle markQuizCompleted"
        },
        {
          "ancestorTitles": [
            "quizSlice"
          ],
          "duration": 683,
          "failureDetails": [],
          "failureMessages": [],
          "fullName": "quizSlice should handle submitQuiz action",
          "invocations": 1,
          "location": null,
          "numPassingAsserts": 4,
          "retryReasons": [],
          "status": "passed",
          "title": "should handle submitQuiz action"
        }
      ],
[...]
          ],
          "fullName": "Blanks Quiz Flow End-to-End Test Authenticated User Flow should allow user to complete blanks quiz and see immediate results",
          "invocations": 1,
          "location": null,
          "numPassingAsserts": 4,
          "retryReasons": [],
          "status": "failed",
          "title": "should allow user to complete blanks quiz and see immediate results"
        },
        {
          "ancestorTitles": [
            "Blanks Quiz Flow End-to-End Test",
            "Authenticated User Flow"
          ],
          "duration": 134,
          "failureDetails": [],
          "failureMessages": [],
          "fullName": "Blanks Quiz Flow End-to-End Test Authenticated User Flow should handle hint usage and track it in results",
          "invocations": 1,
          "location": null,
          "numPassingAsserts": 3,
          "retryReasons": [],
          "status": "passed",
          "title": "should handle hint usage and track it in results"
        },
        {
          "ancestorTitles": [
            "Blanks Quiz Flow End-to-End Test",
            "Authenticated User Flow"
          ],
          "duration": 56,
          "failureDetails": [],
          "failureMessages": [],
          "fullName": "Blanks Quiz Flow End-to-End Test Authenticated User Flow should properly reset quiz state",
          "invocations": 1,
          "location": null,
          "numPassingAsserts": 2,
          "retryReasons": [],
          "status": "passed",
          "title": "should properly reset quiz state"
        },
        {
          "ancestorTitles": [
            "Blanks Quiz Flow End-to-End Test",
            "Unauthenticated User Flow"
          ],
          "duration": 245,
          "failureDetails": [],
          "failureMessages": [],
          "fullName": "Blanks Quiz Flow End-to-End Test Unauthenticated User Flow should allow unauthenticated users to take the quiz",
          "invocations": 1,
          "location": null,
          "numPassingAsserts": 3,
          "retryReasons": [],
          "status": "passed",
          "title": "should allow unauthenticated users to take the quiz"
        },
        {
          "ancestorTitles": [
            "Blanks Quiz Flow End-to-End Test",
            "Unauthenticated User Flow"
          ],
          "duration": 14,
          "failureDetails": [],
          "failureMessages": [],
          "fullName": "Blanks Quiz Flow End-to-End Test Unauthenticated User Flow should show sign-in prompt on results page for unauthenticated users",
          "invocations": 1,
          "location": null,
          "numPassingAsserts": 1,
          "retryReasons": [],
          "status": "passed",
          "title": "should show sign-in prompt on results page for unauthenticated users"
        },
        {
          "ancestorTitles": [
            "Blanks Quiz Flow End-to-End Test",
            "Unauthenticated User Flow"
          ],
          "duration": 139,
          "failureDetails": [],
          "failureMessages": [],
          "fullName": "Blanks Quiz Flow End-to-End Test Unauthenticated User Flow should save answer with correct/incorrect status",
          "invocations": 1,
          "location": null,
          "numPassingAsserts": 6,
          "retryReasons": [],
          "status": "passed",
          "title": "should save answer with correct/incorrect status"
        },
        {
          "ancestorTitles": [
            "Blanks Quiz Flow End-to-End Test",
            "Error Handling"
          ],
          "duration": 21,
          "failureDetails": [],
          "failureMessages": [],
          "fullName": "Blanks Quiz Flow End-to-End Test Error Handling should handle quiz data loading errors",
          "invocations": 1,
          "location": null,
          "numPassingAsserts": 1,
          "retryReasons": [],
          "status": "passed",
          "title": "should handle quiz data loading errors"
        },
        {
          "ancestorTitles": [
            "Blanks Quiz Flow End-to-End Test",
            "Error Handling"
          ],
          "duration": 96,
          "failureDetails": [],
          "failureMessages": [],
          "fullName": "Blanks Quiz Flow End-to-End Test Error Handling should handle edge cases like empty questions array",
          "invocations": 1,
          "location": null,
          "numPassingAsserts": 1,
          "retryReasons": [],
          "status": "passed",
          "title": "should handle edge cases like empty questions array"
        },
        {
          "ancestorTitles": [
            "Blanks Quiz Flow End-to-End Test",
            "UI Features"
          ],
          "duration": 93,
          "failureDetails": [],
          "failureMessages": [],
          "fullName": "Blanks Quiz Flow End-to-End Test UI Features should show correct question number indicator",
          "invocations": 1,
          "location": null,
          "numPassingAsserts": 3,
          "retryReasons": [],
          "status": "passed",
          "title": "should show correct question number indicator"
        },
        {
          "ancestorTitles": [
            "Blanks Quiz Flow End-to-End Test",
            "UI Features"
          ],
          "duration": null,
          "failureDetails": [],
          "failureMessages": [],
          "fullName": "Blanks Quiz Flow End-to-End Test UI Features should change submit button text on last question",
          "invocations": 1,
          "location": null,
          "numPassingAsserts": 0,
          "retryReasons": [],
          "status": "pending",
          "title": "should change submit button text on last question"
        }
      ],
      "failureMessage": "\u001b[1m\u001b[31m  \u001b[1m● \u001b[22m\u001b[1mBlanks Quiz Flow End-to-End Test › Authenticated User Flow › should allow user to complete blanks quiz and see immediate results\u001b[39m\u001b[22m\n\n    TestingLibraryElementError: Unable to find an element with the text: /quiz results/i. This could be because the text is broken up by multiple elements. In this case, you can provide a function for your text matcher to make your matcher more flexible.\n\n    Ignored nodes: comments, script, style\n    \u001b[36m<body>\u001b[39m\n      \u001b[36m<div>\u001b[39m\n        \u001b[36m<div>\u001b[39m\n          \u001b[36m<div\u001b[39m\n            \u001b[33mdata-testid\u001b[39m=\u001b[32m\"blanks-quiz-component\"\u001b[39m\n          \u001b[36m>\u001b[39m\n            \u001b[36m<h2\u001b[39m\n              \u001b[33mdata-testid\u001b[39m=\u001b[32m\"question-text\"\u001b[39m\n            \u001b[36m>\u001b[39m\n              \u001b[0mReact is a [[library]] for building user interfaces.\u001b[0m\n            \u001b[36m</h2>\u001b[39m\n            \u001b[36m<p>\u001b[39m\n              \u001b[0mQuestion \u001b[0m\n              \u001b[0m2\u001b[0m\n              \u001b[0m of \u001b[0m\n              \u001b[0m2\u001b[0m\n            \u001b[36m</p>\u001b[39m\n            \u001b[36m<input\u001b[39m\n              \u001b[33mdata-testid\u001b[39m=\u001b[32m\"answer-input\"\u001b[39m\n              \u001b[33mplaceholder\u001b[39m=\u001b[32m\"Type your answer here...\"\u001b[39m\n            \u001b[36m/>\u001b[39m\n            \u001b[36m<button\u001b[39m\n              \u001b[33mdata-testid\u001b[39m=\u001b[32m\"hint-button\"\u001b[39m\n            \u001b[36m>\u001b[39m\n              \u001b[0mNeed a hint?\u001b[0m\n            \u001b[36m</button>\u001b[39m\n            \u001b[36m<button\u001b[39m\n              \u001b[33mdata-testid\u001b[39m=\u001b[32m\"submit-button\"\u001b[39m\n            \u001b[36m>\u001b[39m\n              \u001b[0mFinish Quiz\u001b[0m\n            \u001b[36m</button>\u001b[39m\n          \u001b[36m</div>\u001b[39m\n        \u001b[36m</div>\u001b[39m\n      \u001b[36m</div>\u001b[39m\n      \u001b[36m<div>\u001b[39m\n        \u001b[36m<div>\u001b[39m\n          \u001b[36m<div\u001b[39m\n            \u001b[33mclass\u001b[39m=\u001b[32m\"space-y-6\"\u001b[39m\n            \u001b[33mstyle\u001b[39m=\u001b[32m\"opacity: 0; transform: translateY(20px);\"\u001b[39m\n          \u001b[36m>\u001b[39m\n            \u001b[36m<div\u001b[39m\n              \u001b[33mclass\u001b[39m=\u001b[32m\"bg-gradient-to-br from-primary/10 via-background to-secondary/10 rounded-2xl p-8 border\"\u001b[39m\n              \u001b[33mstyle\u001b[39m=\u001b[32m\"opacity: 0; transform: scale(0.95);\"\u001b[39m\n            \u001b[36m>\u001b[39m\n              \u001b[36m<div\u001b[39m\n                \u001b[33mclass\u001b[39m=\u001b[32m\"flex flex-col lg:flex-row justify-between items-center gap-6\"\u001b[39m\n              \u001b[36m>\u001b[39m\n                \u001b[36m<div\u001b[39m\n                  \u001b[33mclass\u001b[39m=\u001b[32m\"text-center lg:text-left\"\u001b[39m\n                \u001b[36m>\u001b[39m\n                  \u001b[36m<div\u001b[39m\n                    \u001b[33mclass\u001b[39m=\u001b[32m\"flex items-center gap-2 justify-center lg:justify-start mb-2\"\u001b[39m\n                    \u001b[33mstyle\u001b[39m=\u001b[32m\"opacity: 0; transform: translateY(10px);\"\u001b[39m\n                  \u001b[36m>\u001b[39m\n                    \u001b[36m<svg\u001b[39m\n                      \u001b[33mclass\u001b[39m=\u001b[32m\"lucide lucide-star h-6 w-6 text-green-600\"\u001b[39m\n                      \u001b[33mfill\u001b[39m=\u001b[32m\"none\"\u001b[39m\n                      \u001b[33mheight\u001b[39m=\u001b[32m\"24\"\u001b[39m\n                      \u001b[33mstroke\u001b[39m=\u001b[32m\"currentColor\"\u001b[39m\n                      \u001b[33mstroke-linecap\u001b[39m=\u001b[32m\"round\"\u001b[39m\n                      \u001b[33mstroke-linejoin\u001b[39m=\u001b[32m\"round\"\u001b[39m\n                      \u001b[33mstroke-width\u001b[39m=\u001b[32m\"2\"\u001b[39m\n                      \u001b[33mviewBox\u001b[39m=\u001b[32m\"0 0 24 24\"\u001b[39m\n                      \u001b[33mwidth\u001b[39m=\u001b[32m\"24\"\u001b[39m\n                      \u001b[33mxmlns\u001b[39m=\u001b[32m\"http://www.w3.org/2000/svg\"\u001b[39m\n                    \u001b[36m>\u001b[39m\n                      \u001b[36m<path\u001b[39m\n                        \u001b[33md\u001b[39m=\u001b[32m\"M11.525 2.295a.53.53 0 0 1 .95 0l2.31 4.679a2.123 2.123 0 0 0 1.595 1.16l5.166.756a.53.53 0 0 1 .294.904l-3.736 3.638a2.123 2.123 0 0 0-.611 1.878l.882 5.14a.53.53 0 0 1-.771.56l-4.618-2.428a2.122 2.122 0 0 0-1.973 0L6.396 21.01a.53.53 0 0 1-.77-.56l.881-5.139a2.122 2.122 0 0 0-.611-1.879L2.16 9.795a.53.53 0 0 1 .294-.906l5.165-.755a2.122 2.122 0 0 0 1.597-1.16z\"\u001b[39m\n                      \u001b[36m/>\u001b[39m\n                    \u001b[36m</svg>\u001b[39m\n                    \u001b[36m<span\u001b[39m\n                      \u001b[33mclass\u001b[39m=\u001b[32m\"text-lg font-semibold text-green-600\"\u001b[39m\n                    \u001b[36m>\u001b[39m\n                      \u001b[0mExcellent\u001b[0m\n                    \u001b[36m</span>\u001b[39m\n                  \u001b[36m</div>\u001b[39m\n                  \u001b[36m<h1\u001b[39m\n                    \u001b[33mclass\u001b[39m=\u001b[32m\"text-3xl font-bold mb-2\"\u001b[39m\n                  \u001b[36m>\u001b[39m\n                    \u001b[0mQuiz Completed!\u001b[0m\n                  \u001b[36m</h1>\u001b[39m\n                  \u001b[36m<p\u001b[39m\n                    \u001b[33mclass\u001b[39m=\u001b[32m\"text-muted-foreground text-lg\"\u001b[39m\n                  \u001b[36m>\u001b[39m\n                    \u001b[0mTest Blanks Quiz\u001b[0m\n                    \u001b[0m • \u001b[0m\n                    \u001b[0m5/23/2025\u001b[0m\n                  \u001b[36m</p>\u001b[39m\n                \u001b[36m</div>\u001b[39m\n                \u001b[36m<div\u001b[39m\n                  \u001b[33mclass\u001b[39m=\u001b[32m\"relative\"\u001b[39m\n                  \u001b[33mstyle\u001b[39m=\u001b[32m\"transform: scale(0);\"\u001b[39m\n                \u001b[36m>\u001b[39m\n                  \u001b[36m<div\u001b[39m\n                    \u001b[33mclass\u001b[39m=\u001b[32m\"w-32 h-32 rounded-full flex items-center justify-center text-white text-3xl font-bold bg-gradient-to-br from-green-500 to-green-600\"\u001b[39m\n                  \u001b[36m>\u001b[39m\n                    \u001b[0m100\u001b[0m\n                    \u001b[0m%\u001b[0m\n                  \u001b[36m</div>\u001b[39m\n                  \u001b[36m<div\u001b[39m\n                    \u001b[33mclass\u001b[39m=\u001b[32m\"absolute -top-2 -right-2 bg-background border-4 border-background rounded-full p-2\"\u001b[39m\n                    \u001b[33mstyle\u001b[39m=\u001b[32m\"transform: scale(0);\"\u001b[39m\n                  \u001b[36m>\u001b[39m\n                    \u001b[36m<svg\u001b[39m\n                      \u001b[33mclass\u001b[39m=\u001b[32m\"lucide lucide-award h-6 w-6 text-primary\"\u001b[39m\n                      \u001b[33mfill\u001b[39m=\u001b[32m\"none\"\u001b[39m\n                      \u001b[33mheight\u001b[39m=\u001b[32m\"24\"\u001b[39m\n                      \u001b[33mstroke\u001b[39m=\u001b[32m\"currentColor\"\u001b[39m\n                      \u001b[33mstroke-linecap\u001b[39m=\u001b[32m\"round\"\u001b[39m\n                      \u001b[33mstroke-linejoin\u001b[39m=\u001b[32m\"round\"\u001b[39m\n                      \u001b[33mstroke-width\u001b[39m=\u001b[32m\"2\"\u001b[39m\n                      \u001b[33mviewBox\u001b[39m=\u001b[32m\"0 0 24 24\"\u001b[39m\n                      \u001b[33mwidth\u001b[39m=\u001b[32m\"24\"\u001b[39m\n                      \u001b[33mxmlns\u001b[39m=\u001b[32m\"http://www.w3.org/2000/svg\"\u001b[39m\n                    \u001b[36m>\u001b[39m\n                      \u001b[36m<path\u001b[39m\n                        \u001b[33md\u001b[39m=\u001b[32m\"m15.477 12.89 1.515 8.526a.5.5 0 0 1-.81.47l-3.58-2.687a1 1 0 0 0-1.197 0l-3.586 2.686a.5.5 0 0 1-.81-.469l1.514-8.526\"\u001b[39m\n                      \u001b[36m/>\u001b[39m\n                      \u001b[36m<circle\u001b[39m\n                        \u001b[33mcx\u001b[39m=\u001b[32m\"12\"\u001b[39m\n                        \u001b[33mcy\u001b[39m=\u001b[32m\"8\"\u001b[39m\n                        \u001b[33mr\u001b[39m=\u001b[32m\"6\"\u001b[39m\n                      \u001b[36m/>\u001b[39m\n                    \u001b[36m</svg>\u001b[39m\n                  \u001b[36m</div>\u001b[39m\n                \u001b[36m</div>\u001b[39m\n              \u001b[36m</div>\u001b[39m\n              \u001b[36m<div\u001b[39m\n                \u001b[33mclass\u001b[39m=\u001b[32m\"flex flex-wrap gap-2 justify-center lg:justify-start mt-6\"\u001b[39m\n              \u001b[36m>\u001b[39m\n                \u001b[36m<button\u001b[39m\n                  \u001b[33mclass\u001b[39m=\u001b[32m\"inline-flex items-center justify-center whitespace-nowrap text-sm font-medium ring-offset-background transition-colors focus-visible:outline-none focus-visible:ring-2 focus-visible:ring-ring focus-visible:ring-offset-2 disabled:pointer-events-none disabled:opacity-50 [&_svg]:pointer-events-none [&_svg]:size-4 [&_svg]:shrink-0 border border-input bg-background hover:bg-accent hover:text-accent-foreground h-9 rounded-md px-3 gap-2\"\u001b[39m\n                \u001b[36m>\u001b[39m\n                  \u001b[36m<svg\u001b[39m\n                    \u001b[33mclass\u001b[39m=\u001b[32m\"lucide lucide-download h-4 w-4\"\u001b[39m\n                    \u001b[33mfill\u001b[39m=\u001b[32m\"none\"\u001b[39m\n                    \u001b[33mheight\u001b[39m=\u001b[32m\"24\"\u001b[39m\n                    \u001b[33mstroke\u001b[39m=\u001b[32m\"currentColor\"\u001b[39m\n                    \u001b[33mstroke-linecap\u001b[39m=\u001b[32m\"round\"\u001b[39m\n                    \u001b[33mstroke-linejoin\u001b[39m=\u001b[32m\"round\"\u001b[39m\n                    \u001b[33mstroke-width\u001b[39m=\u001b[32m\"2\"\u001b[39m\n                    \u001b[33mviewBox\u001b[39m=\u001b[32m\"0 0 24 24\"\u001b...\n\u001b[2m\u001b[22m\n\u001b[2m    \u001b[0m \u001b[90m 286 |\u001b[39m       \u001b[22m\n\u001b[2m     \u001b[90m 287 |\u001b[39m       \u001b[90m// Check that results are shown\u001b[39m\u001b[22m\n\u001b[2m    \u001b[31m\u001b[1m>\u001b[22m\u001b[2m\u001b[39m\u001b[90m 288 |\u001b[39m       expect(screen\u001b[33m.\u001b[39mgetByText(\u001b[35m/quiz results/i\u001b[39m\u001b[33m,\u001b[39m { exact\u001b[33m:\u001b[39m \u001b[36mfalse\u001b[39m }))\u001b[33m.\u001b[39mtoBeInTheDocument()\u001b[33m;\u001b[39m\u001b[22m\n\u001b[2m     \u001b[90m     |\u001b[39m                     \u001b[31m\u001b[1m^\u001b[22m\u001b[2m\u001b[39m\u001b[22m\n\u001b[2m     \u001b[90m 289 |\u001b[39m       expect(screen\u001b[33m.\u001b[39mgetByText(\u001b[35m/accuracy/i\u001b[39m))\u001b[33m.\u001b[39mtoBeInTheDocument()\u001b[33m;\u001b[39m\u001b[22m\n\u001b[2m     \u001b[90m 290 |\u001b[39m       expect(screen\u001b[33m.\u001b[39mgetByText(\u001b[35m/completion rate/i\u001b[39m))\u001b[33m.\u001b[39mtoBeInTheDocument()\u001b[33m;\u001b[39m\u001b[22m\n\u001b[2m     \u001b[90m 291 |\u001b[39m     })\u001b[33m;\u001b[39m\u001b[0m\u001b[22m\n\u001b[2m\u001b[22m\n\u001b[2m      \u001b[2mat Object.getElementError (\u001b[22m\u001b[2mnode_modules/@testing-library/dom/dist/config.js\u001b[2m:37:19)\u001b[22m\u001b[2m\u001b[22m\n\u001b[2m      \u001b[2mat \u001b[22m\u001b[2mnode_modules/@testing-library/dom/dist/query-helpers.js\u001b[2m:76:38\u001b[22m\u001b[2m\u001b[22m\n\u001b[2m      \u001b[2mat \u001b[22m\u001b[2mnode_modules/@testing-library/dom/dist/query-helpers.js\u001b[2m:52:17\u001b[22m\u001b[2m\u001b[22m\n\u001b[2m      \u001b[2mat \u001b[22m\u001b[2mnode_modules/@testing-library/dom/dist/query-helpers.js\u001b[2m:95:19\u001b[22m\u001b[2m\u001b[22m\n\u001b[2m      \u001b[2mat Object.getByText (\u001b[22m\u001b[2m\u001b[0m\u001b[36m__tests__/e2e/blanks-quiz-flow.test.tsx\u001b[39m\u001b[0m\u001b[2m:288:21)\u001b[22m\u001b[2m\u001b[22m\n"
    }
  ],
  "wasInterrupted": false
}