{
  "numFailedTestSuites": 2,
  "numFailedTests": 3,
  "numPassedTestSuites": 11,
  "numPassedTests": 81,
  "numPendingTestSuites": 0,
  "numPendingTests": 0,
  "numRuntimeErrorTestSuites": 0,
  "numTodoTests": 0,
  "numTotalTestSuites": 13,
  "numTotalTests": 84,
  "openHandles": [],
  "snapshot": {
    "added": 0,
    "didUpdate": false,
    "failure": false,
    "filesAdded": 0,
    "filesRemoved": 0,
    "filesRemovedList": [],
    "filesUnmatched": 0,
    "filesUpdated": 0,
    "matched": 0,
    "total": 0,
    "unchecked": 0,
    "uncheckedKeysByFile": [],
    "unmatched": 0,
    "updated": 0
  },
  "startTime": 1747705467642,
  "success": false,
  "testResults": [
    {
      "leaks": false,
      "numFailingTests": 0,
      "numPassingTests": 6,
      "numPendingTests": 0,
      "numTodoTests": 0,
      "openHandles": [],
      "perfStats": {
        "end": 1747705497842,
        "runtime": 6511,
        "slow": true,
        "start": 1747705491331
      },
      "skipped": false,
      "snapshot": {
        "added": 0,
        "fileDeleted": false,
        "matched": 0,
        "unchecked": 0,
        "uncheckedKeys": [],
        "unmatched": 0,
        "updated": 0
      },
      "testFilePath": "C:\\Work\\Projects\\ai-learning\\__tests__\\api\\quizzes\\common\\slug\\complete\\route.test.ts",
      "testResults": [
        {
          "ancestorTitles": [
            "Quiz Complete API Route"
          ],
          "duration": 368,
          "failureDetails": [],
          "failureMessages": [],
          "fullName": "Quiz Complete API Route should handle MCQ quiz completion correctly",
          "invocations": 1,
          "location": null,
          "numPassingAsserts": 9,
          "retryReasons": [],
          "status": "passed",
          "title": "should handle MCQ quiz completion correctly"
        },
        {
          "ancestorTitles": [
            "Quiz Complete API Route"
          ],
          "duration": 23,
          "failureDetails": [],
          "failureMessages": [],
          "fullName": "Quiz Complete API Route should handle CODE quiz completion correctly",
          "invocations": 1,
          "location": null,
          "numPassingAsserts": 7,
          "retryReasons": [],
          "status": "passed",
          "title": "should handle CODE quiz completion correctly"
        },
        {
          "ancestorTitles": [
            "Quiz Complete API Route"
          ],
          "duration": 10,
          "failureDetails": [],
          "failureMessages": [],
          "fullName": "Quiz Complete API Route should validate required fields",
          "invocations": 1,
          "location": null,
          "numPassingAsserts": 4,
          "retryReasons": [],
          "status": "passed",
          "title": "should validate required fields"
        },
        {
          "ancestorTitles": [
            "Quiz Complete API Route"
          ],
          "duration": 7,
          "failureDetails": [],
          "failureMessages": [],
          "fullName": "Quiz Complete API Route should validate answer format",
          "invocations": 1,
          "location": null,
          "numPassingAsserts": 3,
          "retryReasons": [],
          "status": "passed",
          "title": "should validate answer format"
        },
        {
          "ancestorTitles": [
            "Quiz Complete API Route"
          ],
          "duration": 9,
          "failureDetails": [],
          "failureMessages": [],
          "fullName": "Quiz Complete API Route should handle case where quiz is not found",
          "invocations": 1,
          "location": null,
          "numPassingAsserts": 3,
          "retryReasons": [],
          "status": "passed",
          "title": "should handle case where quiz is not found"
        },
        {
          "ancestorTitles": [
            "Quiz Complete API Route"
          ],
          "duration": 2,
          "failureDetails": [],
          "failureMessages": [],
          "fullName": "Quiz Complete API Route should require authentication",
          "invocations": 1,
          "location": null,
          "numPassingAsserts": 3,
          "retryReasons": [],
          "status": "passed",
          "title": "should require authentication"
        }
      ],
      "failureMessage": null
    },
    {
      "leaks": false,
      "numFailingTests": 0,
      "numPassingTests": 2,
      "numPendingTests": 0,
      "numTodoTests": 0,
      "openHandles": [],
      "perfStats": {
        "end": 1747705498451,
        "runtime": 6233,
        "slow": true,
        "start": 1747705492218
      },
      "skipped": false,
      "snapshot": {
        "added": 0,
        "fileDeleted": false,
        "matched": 0,
        "unchecked": 0,
        "uncheckedKeys": [],
        "unmatched": 0,
        "updated": 0
      },
      "testFilePath": "C:\\Work\\Projects\\ai-learning\\__tests__\\utils\\QuizHelpers.test.tsx",
      "testResults": [
        {
          "ancestorTitles": [
            "QuizHelpers",
            "createResultsPreview"
          ],
          "duration": 27,
          "failureDetails": [],
          "failureMessages": [],
          "fullName": "QuizHelpers createResultsPreview calculates scores correctly",
          "invocations": 1,
          "location": null,
          "numPassingAsserts": 6,
          "retryReasons": [],
          "status": "passed",
          "title": "calculates scores correctly"
        },
        {
          "ancestorTitles": [
            "QuizHelpers",
            "prepareSubmissionPayload"
          ],
          "duration": 3,
          "failureDetails": [],
          "failureMessages": [],
          "fullName": "QuizHelpers prepareSubmissionPayload formats answers correctly",
          "invocations": 1,
          "location": null,
          "numPassingAsserts": 6,
          "retryReasons": [],
          "status": "passed",
          "title": "formats answers correctly"
        }
      ],
      "failureMessage": null
    },
    {
      "leaks": false,
      "numFailingTests": 0,
      "numPassingTests": 6,
      "numPendingTests": 0,
      "numTodoTests": 0,
      "openHandles": [],
      "perfStats": {
        "end": 1747705498469,
        "runtime": 6353,
        "slow": true,
        "start": 1747705492116
      },
      "skipped": false,
      "snapshot": {
        "added": 0,
        "fileDeleted": false,
        "matched": 0,
        "unchecked": 0,
        "uncheckedKeys": [],
        "unmatched": 0,
        "updated": 0
      },
      "testFilePath": "C:\\Work\\Projects\\ai-learning\\__tests__\\utils\\quiz-submission-utils.test.ts",
      "testResults": [
        {
          "ancestorTitles": [
            "Quiz Submission Utilities",
            "prepareSubmissionPayload"
          ],
          "duration": 26,
          "failureDetails": [],
          "failureMessages": [],
          "fullName": "Quiz Submission Utilities prepareSubmissionPayload should prepare a valid MCQ payload with all required fields",
          "invocations": 1,
          "location": null,
          "numPassingAsserts": 1,
          "retryReasons": [],
          "status": "passed",
          "title": "should prepare a valid MCQ payload with all required fields"
        },
        {
          "ancestorTitles": [
            "Quiz Submission Utilities",
            "prepareSubmissionPayload"
          ],
          "duration": 1,
          "failureDetails": [],
          "failureMessages": [],
          "fullName": "Quiz Submission Utilities prepareSubmissionPayload should prepare a valid CODE payload with all required fields",
          "invocations": 1,
          "location": null,
          "numPassingAsserts": 1,
          "retryReasons": [],
          "status": "passed",
          "title": "should prepare a valid CODE payload with all required fields"
        },
        {
          "ancestorTitles": [
            "Quiz Submission Utilities",
            "prepareSubmissionPayload"
          ],
          "duration": 1,
          "failureDetails": [],
          "failureMessages": [],
          "fullName": "Quiz Submission Utilities prepareSubmissionPayload should handle missing isCorrect property gracefully",
          "invocations": 1,
          "location": null,
          "numPassingAsserts": 1,
          "retryReasons": [],
          "status": "passed",
          "title": "should handle missing isCorrect property gracefully"
        },
        {
          "ancestorTitles": [
            "Quiz Submission Utilities",
            "prepareSubmissionPayload"
          ],
          "duration": 2,
          "failureDetails": [],
          "failureMessages": [],
          "fullName": "Quiz Submission Utilities prepareSubmissionPayload should calculate score based on correct answers",
          "invocations": 1,
          "location": null,
          "numPassingAsserts": 3,
          "retryReasons": [],
          "status": "passed",
          "title": "should calculate score based on correct answers"
        },
        {
          "ancestorTitles": [
            "Quiz Submission Utilities",
            "validateQuizSubmission"
          ],
          "duration": 1,
          "failureDetails": [],
          "failureMessages": [],
          "fullName": "Quiz Submission Utilities validateQuizSubmission should validate a proper submission payload",
          "invocations": 1,
          "location": null,
          "numPassingAsserts": 1,
          "retryReasons": [],
          "status": "passed",
          "title": "should validate a proper submission payload"
        },
        {
          "ancestorTitles": [
            "Quiz Submission Utilities",
            "validateQuizSubmission"
          ],
          "duration": 2,
          "failureDetails": [],
          "failureMessages": [],
          "fullName": "Quiz Submission Utilities validateQuizSubmission should reject invalid submission payloads",
          "invocations": 1,
          "location": null,
          "numPassingAsserts": 3,
          "retryReasons": [],
          "status": "passed",
          "title": "should reject invalid submission payloads"
        }
      ],
      "failureMessage": null
    },
    {
      "leaks": false,
      "numFailingTests": 0,
      "numPassingTests": 8,
      "numPendingTests": 0,
      "numTodoTests": 0,
      "openHandles": [],
      "perfStats": {
        "end": 1747705498868,
        "runtime": 7205,
        "slow": true,
        "start": 1747705491663
      },
      "skipped": false,
      "snapshot": {
        "added": 0,
        "fileDeleted": false,
        "matched": 0,
        "unchecked": 0,
        "uncheckedKeys": [],
        "unmatched": 0,
        "updated": 0
      },
      "testFilePath": "C:\\Work\\Projects\\ai-learning\\store\\slices\\__tests__\\quizSlice.test.ts",
      "testResults": [
        {
          "ancestorTitles": [
            "quizSlice"
          ],
          "duration": 35,
          "failureDetails": [],
          "failureMessages": [],
          "fullName": "quizSlice should return the initial state",
          "invocations": 1,
          "location": null,
          "numPassingAsserts": 1,
          "retryReasons": [],
          "status": "passed",
          "title": "should return the initial state"
        },
        {
          "ancestorTitles": [
            "quizSlice"
          ],
          "duration": 3,
          "failureDetails": [],
          "failureMessages": [],
          "fullName": "quizSlice should handle resetQuizState",
          "invocations": 1,
          "location": null,
          "numPassingAsserts": 1,
          "retryReasons": [],
          "status": "passed",
          "title": "should handle resetQuizState"
        },
        {
          "ancestorTitles": [
            "quizSlice"
          ],
          "duration": 1,
          "failureDetails": [],
          "failureMessages": [],
          "fullName": "quizSlice should handle setCurrentQuestion",
          "invocations": 1,
          "location": null,
          "numPassingAsserts": 1,
          "retryReasons": [],
          "status": "passed",
          "title": "should handle setCurrentQuestion"
        },
        {
          "ancestorTitles": [
            "quizSlice"
          ],
          "duration": 2,
          "failureDetails": [],
          "failureMessages": [],
          "fullName": "quizSlice should handle setUserAnswer for new answer",
          "invocations": 1,
          "location": null,
          "numPassingAsserts": 1,
          "retryReasons": [],
          "status": "passed",
          "title": "should handle setUserAnswer for new answer"
        },
        {
          "ancestorTitles": [
            "quizSlice"
          ],
          "duration": 2,
          "failureDetails": [],
          "failureMessages": [],
          "fullName": "quizSlice should handle setUserAnswer for existing answer",
          "invocations": 1,
          "location": null,
          "numPassingAsserts": 3,
          "retryReasons": [],
          "status": "passed",
          "title": "should handle setUserAnswer for existing answer"
        },
        {
          "ancestorTitles": [
            "quizSlice"
          ],
          "duration": 8,
          "failureDetails": [],
          "failureMessages": [],
          "fullName": "quizSlice should handle timer actions",
          "invocations": 1,
          "location": null,
          "numPassingAsserts": 5,
          "retryReasons": [],
          "status": "passed",
          "title": "should handle timer actions"
        },
        {
          "ancestorTitles": [
            "quizSlice"
          ],
          "duration": 2,
          "failureDetails": [],
          "failureMessages": [],
          "fullName": "quizSlice should handle markQuizCompleted",
          "invocations": 1,
          "location": null,
          "numPassingAsserts": 3,
          "retryReasons": [],
          "status": "passed",
          "title": "should handle markQuizCompleted"
        },
        {
          "ancestorTitles": [
            "quizSlice"
          ],
          "duration": 468,
          "failureDetails": [],
          "failureMessages": [],
          "fullName": "quizSlice should handle submitQuiz action",
          "invocations": 1,
          "location": null,
          "numPassingAsserts": 4,
          "retryReasons": [],
          "status": "passed",
          "title": "should handle submitQuiz action"
        }
      ],
      "failureMessage": null
    },
    {
      "leaks": false,
      "numFailingTests": 0,
      "numPassingTests": 7,
      "numPendingTests": 0,
      "numTodoTests": 0,
      "openHandles": [],
      "perfStats": {
        "end": 1747705499329,
        "runtime": 6510,
        "slow": true,
        "start": 1747705492819
      },
      "skipped": false,
      "snapshot": {
        "added": 0,
        "fileDeleted": false,
        "matched": 0,
        "unchecked": 0,
        "uncheckedKeys": [],
        "unmatched": 0,
        "updated": 0
      },
      "testFilePath": "C:\\Work\\Projects\\ai-learning\\__tests__\\slices\\textQuizSlice.test.ts",
      "testResults": [
        {
          "ancestorTitles": [
            "textQuizSlice"
          ],
          "duration": 51,
          "failureDetails": [],
          "failureMessages": [],
          "fullName": "textQuizSlice should initialize quiz correctly",
          "invocations": 1,
          "location": null,
          "numPassingAsserts": 5,
          "retryReasons": [],
          "status": "passed",
          "title": "should initialize quiz correctly"
        },
        {
          "ancestorTitles": [
            "textQuizSlice"
          ],
          "duration": 7,
          "failureDetails": [],
          "failureMessages": [],
          "fullName": "textQuizSlice should submit an answer locally",
          "invocations": 1,
          "location": null,
          "numPassingAsserts": 3,
          "retryReasons": [],
          "status": "passed",
          "title": "should submit an answer locally"
        },
        {
          "ancestorTitles": [
            "textQuizSlice"
          ],
          "duration": 7,
          "failureDetails": [],
          "failureMessages": [],
          "fullName": "textQuizSlice should replace existing answer when submitting for same question",
          "invocations": 1,
          "location": null,
          "numPassingAsserts": 3,
          "retryReasons": [],
          "status": "passed",
          "title": "should replace existing answer when submitting for same question"
        },
        {
          "ancestorTitles": [
            "textQuizSlice"
          ],
          "duration": 6,
          "failureDetails": [],
          "failureMessages": [],
          "fullName": "textQuizSlice should complete quiz properly",
          "invocations": 1,
          "location": null,
          "numPassingAsserts": 5,
          "retryReasons": [],
          "status": "passed",
          "title": "should complete quiz properly"
        },
        {
          "ancestorTitles": [
            "textQuizSlice"
          ],
          "duration": 4,
          "failureDetails": [],
          "failureMessages": [],
          "fullName": "textQuizSlice should update current question index",
          "invocations": 1,
          "location": null,
          "numPassingAsserts": 1,
          "retryReasons": [],
          "status": "passed",
          "title": "should update current question index"
        },
        {
          "ancestorTitles": [
            "textQuizSlice"
          ],
          "duration": 5,
          "failureDetails": [],
          "failureMessages": [],
          "fullName": "textQuizSlice should save and restore quiz state",
          "invocations": 1,
          "location": null,
          "numPassingAsserts": 2,
          "retryReasons": [],
          "status": "passed",
          "title": "should save and restore quiz state"
        },
        {
          "ancestorTitles": [
            "textQuizSlice"
          ],
          "duration": 3,
          "failureDetails": [],
          "failureMessages": [],
          "fullName": "textQuizSlice should clear saved state",
          "invocations": 1,
          "location": null,
          "numPassingAsserts": 1,
          "retryReasons": [],
          "status": "passed",
          "title": "should clear saved state"
        }
      ],
      "failureMessage": null
    },
    {
      "leaks": false,
      "numFailingTests": 0,
      "numPassingTests": 1,
      "numPendingTests": 0,
      "numTodoTests": 0,
      "openHandles": [],
      "perfStats": {
        "end": 1747705500286,
        "runtime": 1552,
        "slow": false,
        "start": 1747705498734
      },
      "skipped": false,
      "snapshot": {
        "added": 0,
        "fileDeleted": false,
        "matched": 0,
        "unchecked": 0,
        "uncheckedKeys": [],
        "unmatched": 0,
        "updated": 0
      },
      "testFilePath": "C:\\Work\\Projects\\ai-learning\\__tests__\\api\\quiz\\quizRoutes.test.ts",
      "testResults": [
        {
          "ancestorTitles": [
            "Quiz API Routes"
          ],
          "duration": 2,
          "failureDetails": [],
          "failureMessages": [],
          "fullName": "Quiz API Routes should be set up for testing",
          "invocations": 1,
          "location": null,
          "numPassingAsserts": 1,
          "retryReasons": [],
          "status": "passed",
          "title": "should be set up for testing"
        }
      ],
      "failureMessage": null
    },
    {
      "leaks": false,
      "numFailingTests": 0,
      "numPassingTests": 9,
      "numPendingTests": 0,
      "numTodoTests": 0,
      "openHandles": [],
      "perfStats": {
        "end": 1747705500498,
        "runtime": 9232,
        "slow": true,
        "start": 1747705491266
      },
      "skipped": false,
      "snapshot": {
        "added": 0,
        "fileDeleted": false,
        "matched": 0,
        "unchecked": 0,
        "uncheckedKeys": [],
        "unmatched": 0,
        "updated": 0
      },
      "testFilePath": "C:\\Work\\Projects\\ai-learning\\app\\dashboard\\(quiz)\\components\\__tests__\\NonAuthenticatedUserSignInPrompt.test.tsx",
      "testResults": [
        {
          "ancestorTitles": [
            "NonAuthenticatedUserSignInPrompt"
          ],
          "duration": 693,
          "failureDetails": [],
          "failureMessages": [],
          "fullName": "NonAuthenticatedUserSignInPrompt renders with default props",
          "invocations": 1,
          "location": null,
          "numPassingAsserts": 4,
          "retryReasons": [],
          "status": "passed",
          "title": "renders with default props"
        },
        {
          "ancestorTitles": [
            "NonAuthenticatedUserSignInPrompt"
          ],
          "duration": 52,
          "failureDetails": [],
          "failureMessages": [],
          "fullName": "NonAuthenticatedUserSignInPrompt calls onSignIn when sign-in button is clicked",
          "invocations": 1,
          "location": null,
          "numPassingAsserts": 1,
          "retryReasons": [],
          "status": "passed",
          "title": "calls onSignIn when sign-in button is clicked"
        },
        {
          "ancestorTitles": [
            "NonAuthenticatedUserSignInPrompt"
          ],
          "duration": 22,
          "failureDetails": [],
          "failureMessages": [],
          "fullName": "NonAuthenticatedUserSignInPrompt displays save message when showSaveMessage is true",
          "invocations": 1,
          "location": null,
          "numPassingAsserts": 1,
          "retryReasons": [],
          "status": "passed",
          "title": "displays save message when showSaveMessage is true"
        },
        {
          "ancestorTitles": [
            "NonAuthenticatedUserSignInPrompt"
          ],
          "duration": 74,
          "failureDetails": [],
          "failureMessages": [],
          "fullName": "NonAuthenticatedUserSignInPrompt does not display save message when showSaveMessage is false",
          "invocations": 1,
          "location": null,
          "numPassingAsserts": 1,
          "retryReasons": [],
          "status": "passed",
          "title": "does not display save message when showSaveMessage is false"
        },
        {
          "ancestorTitles": [
            "NonAuthenticatedUserSignInPrompt"
          ],
          "duration": 14,
          "failureDetails": [],
          "failureMessages": [],
          "fullName": "NonAuthenticatedUserSignInPrompt displays custom message when provided",
          "invocations": 1,
          "location": null,
          "numPassingAsserts": 1,
          "retryReasons": [],
          "status": "passed",
          "title": "displays custom message when provided"
        },
        {
          "ancestorTitles": [
            "NonAuthenticatedUserSignInPrompt"
          ],
          "duration": 21,
          "failureDetails": [],
          "failureMessages": [],
          "fullName": "NonAuthenticatedUserSignInPrompt redirects to default route when onSignIn not provided",
          "invocations": 1,
          "location": null,
          "numPassingAsserts": 1,
          "retryReasons": [],
          "status": "passed",
          "title": "redirects to default route when onSignIn not provided"
        },
        {
          "ancestorTitles": [
            "NonAuthenticatedUserSignInPrompt"
          ],
          "duration": 43,
          "failureDetails": [],
          "failureMessages": [],
          "fullName": "NonAuthenticatedUserSignInPrompt shows quiz type specific title",
          "invocations": 1,
          "location": null,
          "numPassingAsserts": 2,
          "retryReasons": [],
          "status": "passed",
          "title": "shows quiz type specific title"
        },
        {
          "ancestorTitles": [
            "NonAuthenticatedUserSignInPrompt"
          ],
          "duration": 30,
          "failureDetails": [],
          "failureMessages": [],
          "fullName": "NonAuthenticatedUserSignInPrompt displays score preview when provided",
          "invocations": 1,
          "location": null,
          "numPassingAsserts": 3,
          "retryReasons": [],
          "status": "passed",
          "title": "displays score preview when provided"
        },
        {
          "ancestorTitles": [
            "NonAuthenticatedUserSignInPrompt"
          ],
          "duration": 22,
          "failureDetails": [],
          "failureMessages": [],
          "fullName": "NonAuthenticatedUserSignInPrompt uses returnPath for custom callback when provided",
          "invocations": 1,
          "location": null,
          "numPassingAsserts": 1,
          "retryReasons": [],
          "status": "passed",
          "title": "uses returnPath for custom callback when provided"
        }
      ],
      "failureMessage": null
    },
    {
      "leaks": false,
      "numFailingTests": 0,
      "numPassingTests": 9,
      "numPendingTests": 0,
      "numTodoTests": 0,
      "openHandles": [],
      "perfStats": {
        "end": 1747705501088,
        "runtime": 8557,
        "slow": true,
        "start": 1747705492531
      },
      "skipped": false,
      "snapshot": {
        "added": 0,
        "fileDeleted": false,
        "matched": 0,
        "unchecked": 0,
        "uncheckedKeys": [],
        "unmatched": 0,
        "updated": 0
      },
      "testFilePath": "C:\\Work\\Projects\\ai-learning\\__tests__\\e2e\\code-quiz-flow.test.tsx",
      "testResults": [
        {
          "ancestorTitles": [
            "Code Quiz Flow End-to-End Test",
            "Authenticated User Flow"
          ],
          "duration": 236,
          "failureDetails": [],
          "failureMessages": [],
          "fullName": "Code Quiz Flow End-to-End Test Authenticated User Flow should allow user to complete code quiz and see results",
          "invocations": 1,
          "location": null,
          "numPassingAsserts": 6,
          "retryReasons": [],
          "status": "passed",
          "title": "should allow user to complete code quiz and see results"
        },
        {
          "ancestorTitles": [
            "Code Quiz Flow End-to-End Test",
            "Authenticated User Flow"
          ],
          "duration": 23,
          "failureDetails": [],
          "failureMessages": [],
          "fullName": "Code Quiz Flow End-to-End Test Authenticated User Flow should track code submissions for each question",
          "invocations": 1,
          "location": null,
          "numPassingAsserts": 1,
          "retryReasons": [],
          "status": "passed",
          "title": "should track code submissions for each question"
        },
        {
          "ancestorTitles": [
            "Code Quiz Flow End-to-End Test",
            "Authenticated User Flow"
          ],
          "duration": 17,
          "failureDetails": [],
          "failureMessages": [],
          "fullName": "Code Quiz Flow End-to-End Test Authenticated User Flow should handle quiz reset when requested",
          "invocations": 1,
          "location": null,
          "numPassingAsserts": 1,
          "retryReasons": [],
          "status": "passed",
          "title": "should handle quiz reset when requested"
        },
        {
          "ancestorTitles": [
            "Code Quiz Flow End-to-End Test",
            "Unauthenticated User Flow"
          ],
          "duration": 17,
          "failureDetails": [],
          "failureMessages": [],
          "fullName": "Code Quiz Flow End-to-End Test Unauthenticated User Flow should allow unauthenticated users to take the quiz",
          "invocations": 1,
          "location": null,
          "numPassingAsserts": 2,
          "retryReasons": [],
          "status": "passed",
          "title": "should allow unauthenticated users to take the quiz"
        },
        {
          "ancestorTitles": [
            "Code Quiz Flow End-to-End Test",
            "Unauthenticated User Flow"
          ],
          "duration": 15,
          "failureDetails": [],
          "failureMessages": [],
          "fullName": "Code Quiz Flow End-to-End Test Unauthenticated User Flow should prompt for authentication when saving results",
          "invocations": 1,
          "location": null,
          "numPassingAsserts": 2,
          "retryReasons": [],
          "status": "passed",
          "title": "should prompt for authentication when saving results"
        },
        {
          "ancestorTitles": [
            "Code Quiz Flow End-to-End Test",
            "Error Handling"
          ],
          "duration": 22,
          "failureDetails": [],
          "failureMessages": [],
          "fullName": "Code Quiz Flow End-to-End Test Error Handling should handle quiz data loading errors",
          "invocations": 1,
          "location": null,
          "numPassingAsserts": 4,
          "retryReasons": [],
          "status": "passed",
          "title": "should handle quiz data loading errors"
        },
        {
          "ancestorTitles": [
            "Code Quiz Flow End-to-End Test",
            "Error Handling"
          ],
          "duration": 8,
          "failureDetails": [],
          "failureMessages": [],
          "fullName": "Code Quiz Flow End-to-End Test Error Handling should handle invalid quiz data with missing questions",
          "invocations": 1,
          "location": null,
          "numPassingAsserts": 2,
          "retryReasons": [],
          "status": "passed",
          "title": "should handle invalid quiz data with missing questions"
        },
        {
          "ancestorTitles": [
            "Code Quiz Flow End-to-End Test",
            "UI and Interaction"
          ],
          "duration": 13,
          "failureDetails": [],
          "failureMessages": [],
          "fullName": "Code Quiz Flow End-to-End Test UI and Interaction should display code editor with initial code",
          "invocations": 1,
          "location": null,
          "numPassingAsserts": 4,
          "retryReasons": [],
          "status": "passed",
          "title": "should display code editor with initial code"
        },
        {
          "ancestorTitles": [
            "Code Quiz Flow End-to-End Test",
            "UI and Interaction"
          ],
          "duration": 18,
          "failureDetails": [],
          "failureMessages": [],
          "fullName": "Code Quiz Flow End-to-End Test UI and Interaction should allow code typing and submission",
          "invocations": 1,
          "location": null,
          "numPassingAsserts": 1,
          "retryReasons": [],
          "status": "passed",
          "title": "should allow code typing and submission"
        }
      ],
      "failureMessage": null
    },
    {
      "leaks": false,
      "numFailingTests": 0,
      "numPassingTests": 8,
      "numPendingTests": 0,
      "numTodoTests": 0,
      "openHandles": [],
      "perfStats": {
        "end": 1747705501654,
        "runtime": 8704,
        "slow": true,
        "start": 1747705492950
      },
      "skipped": false,
      "snapshot": {
        "added": 0,
        "fileDeleted": false,
        "matched": 0,
        "unchecked": 0,
        "uncheckedKeys": [],
        "unmatched": 0,
        "updated": 0
      },
      "testFilePath": "C:\\Work\\Projects\\ai-learning\\__tests__\\e2e\\mcq-quiz-flow.test.tsx",
      "testResults": [
        {
          "ancestorTitles": [
            "MCQ Quiz Flow End-to-End Test",
            "Authenticated User Flow"
          ],
          "duration": 260,
          "failureDetails": [],
          "failureMessages": [],
          "fullName": "MCQ Quiz Flow End-to-End Test Authenticated User Flow should allow user to complete MCQ quiz and see results",
          "invocations": 1,
          "location": null,
          "numPassingAsserts": 6,
          "retryReasons": [],
          "status": "passed",
          "title": "should allow user to complete MCQ quiz and see results"
        },
        {
          "ancestorTitles": [
            "MCQ Quiz Flow End-to-End Test",
            "Authenticated User Flow"
          ],
          "duration": 41,
          "failureDetails": [],
          "failureMessages": [],
          "fullName": "MCQ Quiz Flow End-to-End Test Authenticated User Flow should track correct/incorrect answers",
          "invocations": 1,
          "location": null,
          "numPassingAsserts": 2,
          "retryReasons": [],
          "status": "passed",
          "title": "should track correct/incorrect answers"
        },
        {
          "ancestorTitles": [
            "MCQ Quiz Flow End-to-End Test",
            "Authenticated User Flow"
          ],
          "duration": 30,
          "failureDetails": [],
          "failureMessages": [],
          "fullName": "MCQ Quiz Flow End-to-End Test Authenticated User Flow should handle quiz reset when requested",
          "invocations": 1,
          "location": null,
          "numPassingAsserts": 1,
          "retryReasons": [],
          "status": "passed",
          "title": "should handle quiz reset when requested"
        },
        {
          "ancestorTitles": [
            "MCQ Quiz Flow End-to-End Test",
            "Unauthenticated User Flow"
          ],
          "duration": 24,
          "failureDetails": [],
          "failureMessages": [],
          "fullName": "MCQ Quiz Flow End-to-End Test Unauthenticated User Flow should allow unauthenticated users to take the quiz",
          "invocations": 1,
          "location": null,
          "numPassingAsserts": 2,
          "retryReasons": [],
          "status": "passed",
          "title": "should allow unauthenticated users to take the quiz"
        },
        {
          "ancestorTitles": [
            "MCQ Quiz Flow End-to-End Test",
            "Unauthenticated User Flow"
          ],
          "duration": 12,
          "failureDetails": [],
          "failureMessages": [],
          "fullName": "MCQ Quiz Flow End-to-End Test Unauthenticated User Flow should show authentication prompt on certain actions",
          "invocations": 1,
          "location": null,
          "numPassingAsserts": 2,
          "retryReasons": [],
          "status": "passed",
          "title": "should show authentication prompt on certain actions"
        },
        {
          "ancestorTitles": [
            "MCQ Quiz Flow End-to-End Test",
            "Error Handling"
          ],
          "duration": 26,
          "failureDetails": [],
          "failureMessages": [],
          "fullName": "MCQ Quiz Flow End-to-End Test Error Handling should handle quiz data loading errors",
          "invocations": 1,
          "location": null,
          "numPassingAsserts": 2,
          "retryReasons": [],
          "status": "passed",
          "title": "should handle quiz data loading errors"
        },
        {
          "ancestorTitles": [
            "MCQ Quiz Flow End-to-End Test",
            "Error Handling"
          ],
          "duration": 10,
          "failureDetails": [],
          "failureMessages": [],
          "fullName": "MCQ Quiz Flow End-to-End Test Error Handling should handle invalid quiz data with missing questions",
          "invocations": 1,
          "location": null,
          "numPassingAsserts": 1,
          "retryReasons": [],
          "status": "passed",
          "title": "should handle invalid quiz data with missing questions"
        },
        {
          "ancestorTitles": [
            "MCQ Quiz Flow End-to-End Test",
            "UI Features"
          ],
          "duration": 34,
          "failureDetails": [],
          "failureMessages": [],
          "fullName": "MCQ Quiz Flow End-to-End Test UI Features should display correct question number and options",
          "invocations": 1,
          "location": null,
          "numPassingAsserts": 7,
          "retryReasons": [],
          "status": "passed",
          "title": "should display correct question number and options"
        }
      ],
      "failureMessage": null
    },
    {
      "leaks": false,
      "numFailingTests": 0,
      "numPassingTests": 1,
      "numPendingTests": 0,
      "numTodoTests": 0,
      "openHandles": [],
      "perfStats": {
        "end": 1747705501797,
        "runtime": 3735,
        "slow": false,
        "start": 1747705498062
      },
      "skipped": false,
      "snapshot": {
        "added": 0,
        "fileDeleted": false,
        "matched": 0,
        "unchecked": 0,
        "uncheckedKeys": [],
        "unmatched": 0,
        "updated": 0
      },
      "testFilePath": "C:\\Work\\Projects\\ai-learning\\__tests__\\mocks\\mockAnimationProvider.test.tsx",
      "testResults": [
        {
          "ancestorTitles": [
            "Animation Provider Mock"
          ],
          "duration": 105,
          "failureDetails": [],
          "failureMessages": [],
          "fullName": "Animation Provider Mock should provide animation context with animations disabled by default",
          "invocations": 1,
          "location": null,
          "numPassingAsserts": 1,
          "retryReasons": [],
          "status": "passed",
          "title": "should provide animation context with animations disabled by default"
        }
      ],
      "failureMessage": null
    },
    {
      "leaks": false,
      "numFailingTests": 0,
      "numPassingTests": 10,
      "numPendingTests": 0,
      "numTodoTests": 0,
      "openHandles": [],
      "perfStats": {
        "end": 1747705503024,
        "runtime": 11315,
        "slow": true,
        "start": 1747705491709
      },
      "skipped": false,
      "snapshot": {
        "added": 0,
        "fileDeleted": false,
        "matched": 0,
        "unchecked": 0,
        "uncheckedKeys": [],
        "unmatched": 0,
        "updated": 0
      },
      "testFilePath": "C:\\Work\\Projects\\ai-learning\\__tests__\\hooks\\useAuth.test.tsx",
      "testResults": [
        {
          "ancestorTitles": [
            "useAuth hook"
          ],
          "duration": 93,
          "failureDetails": [],
          "failureMessages": [],
          "fullName": "useAuth hook should return authenticated status when session exists",
          "invocations": 1,
          "location": null,
          "numPassingAsserts": 2,
          "retryReasons": [],
          "status": "passed",
          "title": "should return authenticated status when session exists"
        },
        {
          "ancestorTitles": [
            "useAuth hook"
          ],
          "duration": 11,
          "failureDetails": [],
          "failureMessages": [],
          "fullName": "useAuth hook should return unauthenticated status when session is missing",
          "invocations": 1,
          "location": null,
          "numPassingAsserts": 1,
          "retryReasons": [],
          "status": "passed",
          "title": "should return unauthenticated status when session is missing"
        },
        {
          "ancestorTitles": [
            "useAuth hook"
          ],
          "duration": 11,
          "failureDetails": [],
          "failureMessages": [],
          "fullName": "useAuth hook should detect fromAuth parameter in URL",
          "invocations": 1,
          "location": null,
          "numPassingAsserts": 1,
          "retryReasons": [],
          "status": "passed",
          "title": "should detect fromAuth parameter in URL"
        },
        {
          "ancestorTitles": [
            "useAuth hook"
          ],
          "duration": 9,
          "failureDetails": [],
          "failureMessages": [],
          "fullName": "useAuth hook should not detect fromAuth when parameter is missing",
          "invocations": 1,
          "location": null,
          "numPassingAsserts": 1,
          "retryReasons": [],
          "status": "passed",
          "title": "should not detect fromAuth when parameter is missing"
        },
        {
          "ancestorTitles": [
            "useAuth hook"
          ],
          "duration": 18,
          "failureDetails": [],
          "failureMessages": [],
          "fullName": "useAuth hook should call signIn when requireAuth is called and user is unauthenticated",
          "invocations": 1,
          "location": null,
          "numPassingAsserts": 1,
          "retryReasons": [],
          "status": "passed",
          "title": "should call signIn when requireAuth is called and user is unauthenticated"
        },
        {
          "ancestorTitles": [
            "useAuth hook"
          ],
          "duration": 6,
          "failureDetails": [],
          "failureMessages": [],
          "fullName": "useAuth hook should not call signIn when requireAuth is called but user is authenticated",
          "invocations": 1,
          "location": null,
          "numPassingAsserts": 1,
          "retryReasons": [],
          "status": "passed",
          "title": "should not call signIn when requireAuth is called but user is authenticated"
        },
        {
          "ancestorTitles": [
            "useAuth hook"
          ],
          "duration": 7,
          "failureDetails": [],
          "failureMessages": [],
          "fullName": "useAuth hook should parse redirect info from URL",
          "invocations": 1,
          "location": null,
          "numPassingAsserts": 1,
          "retryReasons": [],
          "status": "passed",
          "title": "should parse redirect info from URL"
        },
        {
          "ancestorTitles": [
            "useAuth hook"
          ],
          "duration": 6,
          "failureDetails": [],
          "failureMessages": [],
          "fullName": "useAuth hook should handle missing redirect info",
          "invocations": 1,
          "location": null,
          "numPassingAsserts": 1,
          "retryReasons": [],
          "status": "passed",
          "title": "should handle missing redirect info"
        },
        {
          "ancestorTitles": [
            "_createMockUseAuth"
          ],
          "duration": 4,
          "failureDetails": [],
          "failureMessages": [],
          "fullName": "_createMockUseAuth should create default mock",
          "invocations": 1,
          "location": null,
          "numPassingAsserts": 8,
          "retryReasons": [],
          "status": "passed",
          "title": "should create default mock"
        },
        {
          "ancestorTitles": [
            "_createMockUseAuth"
          ],
          "duration": 1,
          "failureDetails": [],
          "failureMessages": [],
          "fullName": "_createMockUseAuth should override defaults",
          "invocations": 1,
          "location": null,
          "numPassingAsserts": 3,
          "retryReasons": [],
          "status": "passed",
          "title": "should override defaults"
        }
      ],
      "failureMessage": null
    },
    {
      "leaks": false,
      "numFailingTests": 1,
      "numPassingTests": 6,
      "numPendingTests": 0,
      "numTodoTests": 0,
      "openHandles": [],
      "perfStats": {
        "end": 1747705507174,
        "runtime": 14612,
        "slow": true,
        "start": 1747705492562
      },
      "skipped": false,
      "snapshot": {
        "added": 0,
        "fileDeleted": false,
        "matched": 0,
        "unchecked": 0,
        "uncheckedKeys": [],
        "unmatched": 0,
        "updated": 0
      },
      "testFilePath": "C:\\Work\\Projects\\ai-learning\\__tests__\\e2e\\openended-quiz-flow.test.tsx",
      "testResults": [
        {
          "ancestorTitles": [
            "OpenEnded Quiz Flow End-to-End Test",
            "Authenticated User Flow"
          ],
          "duration": 1692,
          "failureDetails": [
            {
              "name": "TestingLibraryElementError"
            }
          ],
          "failureMessages": [
            "TestingLibraryElementError: Unable to find an element with the text: /You completed 2 out of 2 questions/i. This could be because the text is broken up by multiple elements. In this case, you can provide a function for your text matcher to make your matcher more flexible.\n\nIgnored nodes: comments, script, style\n\u001b[36m<body>\u001b[39m\n  \u001b[36m<div>\u001b[39m\n    \u001b[36m<div>\u001b[39m\n      \u001b[36m<div\u001b[39m\n        \u001b[33mdata-testid\u001b[39m=\u001b[32m\"quiz-question\"\u001b[39m\n      \u001b[36m>\u001b[39m\n        \u001b[36m<h2\u001b[39m\n          \u001b[33mdata-testid\u001b[39m=\u001b[32m\"question-text\"\u001b[39m\n        \u001b[36m>\u001b[39m\n          \u001b[0mWhat is Redux?\u001b[0m\n        \u001b[36m</h2>\u001b[39m\n        \u001b[36m<p>\u001b[39m\n          \u001b[0mQuestion \u001b[0m\n          \u001b[0m2\u001b[0m\n          \u001b[0m of \u001b[0m\n          \u001b[0m2\u001b[0m\n        \u001b[36m</p>\u001b[39m\n        \u001b[36m<textarea\u001b[39m\n          \u001b[33mdata-testid\u001b[39m=\u001b[32m\"answer-textarea\"\u001b[39m\n        \u001b[36m/>\u001b[39m\n        \u001b[36m<button\u001b[39m\n          \u001b[33mdata-testid\u001b[39m=\u001b[32m\"submit-button\"\u001b[39m\n        \u001b[36m>\u001b[39m\n          \u001b[0mFinish Quiz\u001b[0m\n        \u001b[36m</button>\u001b[39m\n      \u001b[36m</div>\u001b[39m\n    \u001b[36m</div>\u001b[39m\n  \u001b[36m</div>\u001b[39m\n  \u001b[36m<div>\u001b[39m\n    \u001b[36m<div>\u001b[39m\n      \u001b[36m<div\u001b[39m\n        \u001b[33mclass\u001b[39m=\u001b[32m\"space-y-6\"\u001b[39m\n        \u001b[33mstyle\u001b[39m=\u001b[32m\"opacity: 0;\"\u001b[39m\n      \u001b[36m>\u001b[39m\n        \u001b[36m<div\u001b[39m\n          \u001b[33mclass\u001b[39m=\u001b[32m\"flex flex-col sm:flex-row justify-between items-center gap-4 mb-6\"\u001b[39m\n        \u001b[36m>\u001b[39m\n          \u001b[36m<div>\u001b[39m\n            \u001b[36m<h1\u001b[39m\n              \u001b[33mclass\u001b[39m=\u001b[32m\"text-2xl font-bold\"\u001b[39m\n            \u001b[36m>\u001b[39m\n              \u001b[0mQuiz Results\u001b[0m\n            \u001b[36m</h1>\u001b[39m\n            \u001b[36m<p\u001b[39m\n              \u001b[33mclass\u001b[39m=\u001b[32m\"text-muted-foreground\"\u001b[39m\n            \u001b[36m>\u001b[39m\n              \u001b[0mOpen Ended Quiz\u001b[0m\n              \u001b[0m • Completed \u001b[0m\n              \u001b[0m5/20/2025\u001b[0m\n            \u001b[36m</p>\u001b[39m\n          \u001b[36m</div>\u001b[39m\n          \u001b[36m<div\u001b[39m\n            \u001b[33mclass\u001b[39m=\u001b[32m\"flex gap-2\"\u001b[39m\n          \u001b[36m>\u001b[39m\n            \u001b[36m<button\u001b[39m\n              \u001b[33mclass\u001b[39m=\u001b[32m\"inline-flex items-center justify-center gap-2 whitespace-nowrap text-sm font-medium ring-offset-background transition-colors focus-visible:outline-none focus-visible:ring-2 focus-visible:ring-ring focus-visible:ring-offset-2 disabled:pointer-events-none disabled:opacity-50 [&_svg]:pointer-events-none [&_svg]:size-4 [&_svg]:shrink-0 border border-input bg-background hover:bg-accent hover:text-accent-foreground h-9 rounded-md px-3\"\u001b[39m\n              \u001b[33mtitle\u001b[39m=\u001b[32m\"Save results\"\u001b[39m\n            \u001b[36m>\u001b[39m\n              \u001b[36m<svg\u001b[39m\n                \u001b[33mclass\u001b[39m=\u001b[32m\"lucide lucide-download h-4 w-4 mr-2\"\u001b[39m\n                \u001b[33mfill\u001b[39m=\u001b[32m\"none\"\u001b[39m\n                \u001b[33mheight\u001b[39m=\u001b[32m\"24\"\u001b[39m\n                \u001b[33mstroke\u001b[39m=\u001b[32m\"currentColor\"\u001b[39m\n                \u001b[33mstroke-linecap\u001b[39m=\u001b[32m\"round\"\u001b[39m\n                \u001b[33mstroke-linejoin\u001b[39m=\u001b[32m\"round\"\u001b[39m\n                \u001b[33mstroke-width\u001b[39m=\u001b[32m\"2\"\u001b[39m\n                \u001b[33mviewBox\u001b[39m=\u001b[32m\"0 0 24 24\"\u001b[39m\n                \u001b[33mwidth\u001b[39m=\u001b[32m\"24\"\u001b[39m\n                \u001b[33mxmlns\u001b[39m=\u001b[32m\"http://www.w3.org/2000/svg\"\u001b[39m\n              \u001b[36m>\u001b[39m\n                \u001b[36m<path\u001b[39m\n                  \u001b[33md\u001b[39m=\u001b[32m\"M21 15v4a2 2 0 0 1-2 2H5a2 2 0 0 1-2-2v-4\"\u001b[39m\n                \u001b[36m/>\u001b[39m\n                \u001b[36m<polyline\u001b[39m\n                  \u001b[33mpoints\u001b[39m=\u001b[32m\"7 10 12 15 17 10\"\u001b[39m\n                \u001b[36m/>\u001b[39m\n                \u001b[36m<line\u001b[39m\n                  \u001b[33mx1\u001b[39m=\u001b[32m\"12\"\u001b[39m\n                  \u001b[33mx2\u001b[39m=\u001b[32m\"12\"\u001b[39m\n                  \u001b[33my1\u001b[39m=\u001b[32m\"15\"\u001b[39m\n                  \u001b[33my2\u001b[39m=\u001b[32m\"3\"\u001b[39m\n                \u001b[36m/>\u001b[39m\n              \u001b[36m</svg>\u001b[39m\n              \u001b[36m<span\u001b[39m\n                \u001b[33mclass\u001b[39m=\u001b[32m\"hidden sm:inline\"\u001b[39m\n              \u001b[36m>\u001b[39m\n                \u001b[0mSave Results\u001b[0m\n              \u001b[36m</span>\u001b[39m\n            \u001b[36m</button>\u001b[39m\n            \u001b[36m<button\u001b[39m\n              \u001b[33mclass\u001b[39m=\u001b[32m\"inline-flex items-center justify-center gap-2 whitespace-nowrap text-sm font-medium ring-offset-background transition-colors focus-visible:outline-none focus-visible:ring-2 focus-visible:ring-ring focus-visible:ring-offset-2 disabled:pointer-events-none disabled:opacity-50 [&_svg]:pointer-events-none [&_svg]:size-4 [&_svg]:shrink-0 border border-input bg-background hover:bg-accent hover:text-accent-foreground h-9 rounded-md px-3\"\u001b[39m\n              \u001b[33mtitle\u001b[39m=\u001b[32m\"Try again\"\u001b[39m\n            \u001b[36m>\u001b[39m\n              \u001b[36m<svg\u001b[39m\n                \u001b[33mclass\u001b[39m=\u001b[32m\"lucide lucide-refresh-cw h-4 w-4 mr-0 sm:mr-2\"\u001b[39m\n                \u001b[33mfill\u001b[39m=\u001b[32m\"none\"\u001b[39m\n                \u001b[33mheight\u001b[39m=\u001b[32m\"24\"\u001b[39m\n                \u001b[33mstroke\u001b[39m=\u001b[32m\"currentColor\"\u001b[39m\n                \u001b[33mstroke-linecap\u001b[39m=\u001b[32m\"round\"\u001b[39m\n                \u001b[33mstroke-linejoin\u001b[39m=\u001b[32m\"round\"\u001b[39m\n                \u001b[33mstroke-width\u001b[39m=\u001b[32m\"2\"\u001b[39m\n                \u001b[33mviewBox\u001b[39m=\u001b[32m\"0 0 24 24\"\u001b[39m\n                \u001b[33mwidth\u001b[39m=\u001b[32m\"24\"\u001b[39m\n                \u001b[33mxmlns\u001b[39m=\u001b[32m\"http://www.w3.org/2000/svg\"\u001b[39m\n              \u001b[36m>\u001b[39m\n                \u001b[36m<path\u001b[39m\n                  \u001b[33md\u001b[39m=\u001b[32m\"M3 12a9 9 0 0 1 9-9 9.75 9.75 0 0 1 6.74 2.74L21 8\"\u001b[39m\n                \u001b[36m/>\u001b[39m\n                \u001b[36m<path\u001b[39m\n                  \u001b[33md\u001b[39m=\u001b[32m\"M21 3v5h-5\"\u001b[39m\n                \u001b[36m/>\u001b[39m\n                \u001b[36m<path\u001b[39m\n                  \u001b[33md\u001b[39m=\u001b[32m\"M21 12a9 9 0 0 1-9 9 9.75 9.75 0 0 1-6.74-2.74L3 16\"\u001b[39m\n                \u001b[36m/>\u001b[39m\n                \u001b[36m<path\u001b[39m\n                  \u001b[33md\u001b[39m=\u001b[32m\"M8 16H3v5\"\u001b[39m\n                \u001b[36m/>\u001b[39m\n              \u001b[36m</svg>\u001b[39m\n              \u001b[36m<span\u001b[39m\n                \u001b[33mclass\u001b[39m=\u001b[32m\"hidden sm:inline\"\u001b[39m\n              \u001b[36m>\u001b[39m\n                \u001b[0mTry Again\u001b[0m\n              \u001b[36m</span>\u001b[39m\n            \u001b[36m</button>\u001b[39m\n          \u001b[36m</div>\u001b[39m\n        \u001b[36m</div>\u001b[39m\n        \u001b[36m<div\u001b[39m\n          \u001b[33mclass\u001b[39m=\u001b[32m\"grid grid-cols-1 md:grid-cols-3 gap-4 mb-6\"\u001b[39m\n        \u001b[36m>\u001b[39m\n          \u001b[36m<div\u001b[39m\n            \u001b[33mclass\u001b[39m=\u001b[32m\"rounded-lg border bg-card text-card-foreground shadow-sm col-span-1\"\u001b[39m\n          \u001b[36m>\u001b[39m\n            \u001b[36m<div\u001b[39m\n              \u001b[33mclass\u001b[39m=\u001b[32m\"p-4 flex items-center gap-4\"\u001b[39m\n            \u001b[36m>\u001b[39m\n              \u001b[36m<div\u001b[39m\n                \u001b[33mclass\u001b[39m=\u001b[32m\"rounded-full w-16 h-16 flex items-center justify-center text-white text-xl font-bold bg-yellow-500\"\u001b[39m\n              \u001b[36m>\u001b[39m\n                \u001b[0m60\u001b[0m\n                \u001b[0m%\u001b[0m\n              \u001b[36m</div>\u001b[39m\n              \u001b[36m<div>\u001b[39m\n                \u001b[36m<h3\u001b[39m\n                  \u001b[33mclass\u001b[39m=\u001b[32m\"font-medium\"\u001b[39m\n                \u001b[36m>\u001b[39m\n                  \u001b[0mAverage Score\u001b[0m\n                \u001b[36m</h3>\u001b[39m\n                \u001b[36m<p\u001b[39m\n                  \u001b[33mclass\u001b[39m=\u001b[32m\"text-sm text-muted-foreground\"\u001b[39m\n                \u001b[36m>\u001b[39m\n                  \u001b[0mBased on similarity to reference answers\u001b[0m\n                \u001b[36m</p>\u001b[39m\n              \u001b[36m</div>\u001b[39m\n            \u001b[36m</div>\u001b[39m\n          \u001b[36m</div>\u001b[39m\n          \u001b[36m<div\u001b[39m\n            \u001b[33mclass\u001b[39m=\u001b[32m\"rounded-lg ...\n    at Object.getElementError (C:\\Work\\Projects\\ai-learning\\node_modules\\@testing-library\\dom\\dist\\config.js:37:19)\n    at C:\\Work\\Projects\\ai-learning\\node_modules\\@testing-library\\dom\\dist\\query-helpers.js:76:38\n    at C:\\Work\\Projects\\ai-learning\\node_modules\\@testing-library\\dom\\dist\\query-helpers.js:52:17\n    at C:\\Work\\Projects\\ai-learning\\node_modules\\@testing-library\\dom\\dist\\query-helpers.js:95:19\n    at Object.getByText (C:\\Work\\Projects\\ai-learning\\__tests__\\e2e\\openended-quiz-flow.test.tsx:231:21)"
          ],
          "fullName": "OpenEnded Quiz Flow End-to-End Test Authenticated User Flow should allow user to complete quiz and see immediate results",
          "invocations": 1,
          "location": null,
          "numPassingAsserts": 5,
          "retryReasons": [],
          "status": "failed",
          "title": "should allow user to complete quiz and see immediate results"
        },
        {
          "ancestorTitles": [
            "OpenEnded Quiz Flow End-to-End Test",
            "Authenticated User Flow"
          ],
          "duration": 547,
          "failureDetails": [],
          "failureMessages": [],
          "fullName": "OpenEnded Quiz Flow End-to-End Test Authenticated User Flow should handle quiz with empty answers",
          "invocations": 1,
          "location": null,
          "numPassingAsserts": 2,
          "retryReasons": [],
          "status": "passed",
          "title": "should handle quiz with empty answers"
        },
        {
          "ancestorTitles": [
            "OpenEnded Quiz Flow End-to-End Test",
            "Authenticated User Flow"
          ],
          "duration": 565,
          "failureDetails": [],
          "failureMessages": [],
          "fullName": "OpenEnded Quiz Flow End-to-End Test Authenticated User Flow should properly reset quiz state",
          "invocations": 1,
          "location": null,
          "numPassingAsserts": 2,
          "retryReasons": [],
          "status": "passed",
          "title": "should properly reset quiz state"
        },
        {
          "ancestorTitles": [
            "OpenEnded Quiz Flow End-to-End Test",
            "Unauthenticated User Flow"
          ],
          "duration": 877,
          "failureDetails": [],
          "failureMessages": [],
          "fullName": "OpenEnded Quiz Flow End-to-End Test Unauthenticated User Flow should allow unauthenticated users to take the quiz",
          "invocations": 1,
          "location": null,
          "numPassingAsserts": 2,
          "retryReasons": [],
          "status": "passed",
          "title": "should allow unauthenticated users to take the quiz"
        },
        {
          "ancestorTitles": [
            "OpenEnded Quiz Flow End-to-End Test",
            "Unauthenticated User Flow"
          ],
          "duration": 15,
          "failureDetails": [],
          "failureMessages": [],
          "fullName": "OpenEnded Quiz Flow End-to-End Test Unauthenticated User Flow should show sign-in prompt on results page for unauthenticated users",
          "invocations": 1,
          "location": null,
          "numPassingAsserts": 1,
          "retryReasons": [],
          "status": "passed",
          "title": "should show sign-in prompt on results page for unauthenticated users"
        },
        {
          "ancestorTitles": [
            "OpenEnded Quiz Flow End-to-End Test",
            "Error Handling"
          ],
          "duration": 9,
          "failureDetails": [],
          "failureMessages": [],
          "fullName": "OpenEnded Quiz Flow End-to-End Test Error Handling should handle quiz data loading errors",
          "invocations": 1,
          "location": null,
          "numPassingAsserts": 1,
          "retryReasons": [],
          "status": "passed",
          "title": "should handle quiz data loading errors"
        },
        {
          "ancestorTitles": [
            "OpenEnded Quiz Flow End-to-End Test",
            "Error Handling"
          ],
          "duration": 585,
          "failureDetails": [],
          "failureMessages": [],
          "fullName": "OpenEnded Quiz Flow End-to-End Test Error Handling should handle network errors during quiz submission",
          "invocations": 1,
          "location": null,
          "numPassingAsserts": 2,
          "retryReasons": [],
          "status": "passed",
          "title": "should handle network errors during quiz submission"
        }
      ],
      "failureMessage": "\u001b[1m\u001b[31m  \u001b[1m● \u001b[22m\u001b[1mOpenEnded Quiz Flow End-to-End Test › Authenticated User Flow › should allow user to complete quiz and see immediate results\u001b[39m\u001b[22m\n\n    TestingLibraryElementError: Unable to find an element with the text: /You completed 2 out of 2 questions/i. This could be because the text is broken up by multiple elements. In this case, you can provide a function for your text matcher to make your matcher more flexible.\n\n    Ignored nodes: comments, script, style\n    \u001b[36m<body>\u001b[39m\n      \u001b[36m<div>\u001b[39m\n        \u001b[36m<div>\u001b[39m\n          \u001b[36m<div\u001b[39m\n            \u001b[33mdata-testid\u001b[39m=\u001b[32m\"quiz-question\"\u001b[39m\n          \u001b[36m>\u001b[39m\n            \u001b[36m<h2\u001b[39m\n              \u001b[33mdata-testid\u001b[39m=\u001b[32m\"question-text\"\u001b[39m\n            \u001b[36m>\u001b[39m\n              \u001b[0mWhat is Redux?\u001b[0m\n            \u001b[36m</h2>\u001b[39m\n            \u001b[36m<p>\u001b[39m\n              \u001b[0mQuestion \u001b[0m\n              \u001b[0m2\u001b[0m\n              \u001b[0m of \u001b[0m\n              \u001b[0m2\u001b[0m\n            \u001b[36m</p>\u001b[39m\n            \u001b[36m<textarea\u001b[39m\n              \u001b[33mdata-testid\u001b[39m=\u001b[32m\"answer-textarea\"\u001b[39m\n            \u001b[36m/>\u001b[39m\n            \u001b[36m<button\u001b[39m\n              \u001b[33mdata-testid\u001b[39m=\u001b[32m\"submit-button\"\u001b[39m\n            \u001b[36m>\u001b[39m\n              \u001b[0mFinish Quiz\u001b[0m\n            \u001b[36m</button>\u001b[39m\n          \u001b[36m</div>\u001b[39m\n        \u001b[36m</div>\u001b[39m\n      \u001b[36m</div>\u001b[39m\n      \u001b[36m<div>\u001b[39m\n        \u001b[36m<div>\u001b[39m\n          \u001b[36m<div\u001b[39m\n            \u001b[33mclass\u001b[39m=\u001b[32m\"space-y-6\"\u001b[39m\n            \u001b[33mstyle\u001b[39m=\u001b[32m\"opacity: 0;\"\u001b[39m\n          \u001b[36m>\u001b[39m\n            \u001b[36m<div\u001b[39m\n              \u001b[33mclass\u001b[39m=\u001b[32m\"flex flex-col sm:flex-row justify-between items-center gap-4 mb-6\"\u001b[39m\n            \u001b[36m>\u001b[39m\n              \u001b[36m<div>\u001b[39m\n                \u001b[36m<h1\u001b[39m\n                  \u001b[33mclass\u001b[39m=\u001b[32m\"text-2xl font-bold\"\u001b[39m\n                \u001b[36m>\u001b[39m\n                  \u001b[0mQuiz Results\u001b[0m\n                \u001b[36m</h1>\u001b[39m\n                \u001b[36m<p\u001b[39m\n                  \u001b[33mclass\u001b[39m=\u001b[32m\"text-muted-foreground\"\u001b[39m\n                \u001b[36m>\u001b[39m\n                  \u001b[0mOpen Ended Quiz\u001b[0m\n                  \u001b[0m • Completed \u001b[0m\n                  \u001b[0m5/20/2025\u001b[0m\n                \u001b[36m</p>\u001b[39m\n              \u001b[36m</div>\u001b[39m\n              \u001b[36m<div\u001b[39m\n                \u001b[33mclass\u001b[39m=\u001b[32m\"flex gap-2\"\u001b[39m\n              \u001b[36m>\u001b[39m\n                \u001b[36m<button\u001b[39m\n                  \u001b[33mclass\u001b[39m=\u001b[32m\"inline-flex items-center justify-center gap-2 whitespace-nowrap text-sm font-medium ring-offset-background transition-colors focus-visible:outline-none focus-visible:ring-2 focus-visible:ring-ring focus-visible:ring-offset-2 disabled:pointer-events-none disabled:opacity-50 [&_svg]:pointer-events-none [&_svg]:size-4 [&_svg]:shrink-0 border border-input bg-background hover:bg-accent hover:text-accent-foreground h-9 rounded-md px-3\"\u001b[39m\n                  \u001b[33mtitle\u001b[39m=\u001b[32m\"Save results\"\u001b[39m\n                \u001b[36m>\u001b[39m\n                  \u001b[36m<svg\u001b[39m\n                    \u001b[33mclass\u001b[39m=\u001b[32m\"lucide lucide-download h-4 w-4 mr-2\"\u001b[39m\n                    \u001b[33mfill\u001b[39m=\u001b[32m\"none\"\u001b[39m\n                    \u001b[33mheight\u001b[39m=\u001b[32m\"24\"\u001b[39m\n                    \u001b[33mstroke\u001b[39m=\u001b[32m\"currentColor\"\u001b[39m\n                    \u001b[33mstroke-linecap\u001b[39m=\u001b[32m\"round\"\u001b[39m\n                    \u001b[33mstroke-linejoin\u001b[39m=\u001b[32m\"round\"\u001b[39m\n                    \u001b[33mstroke-width\u001b[39m=\u001b[32m\"2\"\u001b[39m\n                    \u001b[33mviewBox\u001b[39m=\u001b[32m\"0 0 24 24\"\u001b[39m\n                    \u001b[33mwidth\u001b[39m=\u001b[32m\"24\"\u001b[39m\n                    \u001b[33mxmlns\u001b[39m=\u001b[32m\"http://www.w3.org/2000/svg\"\u001b[39m\n                  \u001b[36m>\u001b[39m\n                    \u001b[36m<path\u001b[39m\n                      \u001b[33md\u001b[39m=\u001b[32m\"M21 15v4a2 2 0 0 1-2 2H5a2 2 0 0 1-2-2v-4\"\u001b[39m\n                    \u001b[36m/>\u001b[39m\n                    \u001b[36m<polyline\u001b[39m\n                      \u001b[33mpoints\u001b[39m=\u001b[32m\"7 10 12 15 17 10\"\u001b[39m\n                    \u001b[36m/>\u001b[39m\n                    \u001b[36m<line\u001b[39m\n                      \u001b[33mx1\u001b[39m=\u001b[32m\"12\"\u001b[39m\n                      \u001b[33mx2\u001b[39m=\u001b[32m\"12\"\u001b[39m\n                      \u001b[33my1\u001b[39m=\u001b[32m\"15\"\u001b[39m\n                      \u001b[33my2\u001b[39m=\u001b[32m\"3\"\u001b[39m\n                    \u001b[36m/>\u001b[39m\n                  \u001b[36m</svg>\u001b[39m\n                  \u001b[36m<span\u001b[39m\n                    \u001b[33mclass\u001b[39m=\u001b[32m\"hidden sm:inline\"\u001b[39m\n                  \u001b[36m>\u001b[39m\n                    \u001b[0mSave Results\u001b[0m\n                  \u001b[36m</span>\u001b[39m\n                \u001b[36m</button>\u001b[39m\n                \u001b[36m<button\u001b[39m\n                  \u001b[33mclass\u001b[39m=\u001b[32m\"inline-flex items-center justify-center gap-2 whitespace-nowrap text-sm font-medium ring-offset-background transition-colors focus-visible:outline-none focus-visible:ring-2 focus-visible:ring-ring focus-visible:ring-offset-2 disabled:pointer-events-none disabled:opacity-50 [&_svg]:pointer-events-none [&_svg]:size-4 [&_svg]:shrink-0 border border-input bg-background hover:bg-accent hover:text-accent-foreground h-9 rounded-md px-3\"\u001b[39m\n                  \u001b[33mtitle\u001b[39m=\u001b[32m\"Try again\"\u001b[39m\n                \u001b[36m>\u001b[39m\n                  \u001b[36m<svg\u001b[39m\n                    \u001b[33mclass\u001b[39m=\u001b[32m\"lucide lucide-refresh-cw h-4 w-4 mr-0 sm:mr-2\"\u001b[39m\n                    \u001b[33mfill\u001b[39m=\u001b[32m\"none\"\u001b[39m\n                    \u001b[33mheight\u001b[39m=\u001b[32m\"24\"\u001b[39m\n                    \u001b[33mstroke\u001b[39m=\u001b[32m\"currentColor\"\u001b[39m\n                    \u001b[33mstroke-linecap\u001b[39m=\u001b[32m\"round\"\u001b[39m\n                    \u001b[33mstroke-linejoin\u001b[39m=\u001b[32m\"round\"\u001b[39m\n                    \u001b[33mstroke-width\u001b[39m=\u001b[32m\"2\"\u001b[39m\n                    \u001b[33mviewBox\u001b[39m=\u001b[32m\"0 0 24 24\"\u001b[39m\n                    \u001b[33mwidth\u001b[39m=\u001b[32m\"24\"\u001b[39m\n                    \u001b[33mxmlns\u001b[39m=\u001b[32m\"http://www.w3.org/2000/svg\"\u001b[39m\n                  \u001b[36m>\u001b[39m\n                    \u001b[36m<path\u001b[39m\n                      \u001b[33md\u001b[39m=\u001b[32m\"M3 12a9 9 0 0 1 9-9 9.75 9.75 0 0 1 6.74 2.74L21 8\"\u001b[39m\n                    \u001b[36m/>\u001b[39m\n                    \u001b[36m<path\u001b[39m\n                      \u001b[33md\u001b[39m=\u001b[32m\"M21 3v5h-5\"\u001b[39m\n                    \u001b[36m/>\u001b[39m\n                    \u001b[36m<path\u001b[39m\n                      \u001b[33md\u001b[39m=\u001b[32m\"M21 12a9 9 0 0 1-9 9 9.75 9.75 0 0 1-6.74-2.74L3 16\"\u001b[39m\n                    \u001b[36m/>\u001b[39m\n                    \u001b[36m<path\u001b[39m\n                      \u001b[33md\u001b[39m=\u001b[32m\"M8 16H3v5\"\u001b[39m\n                    \u001b[36m/>\u001b[39m\n                  \u001b[36m</svg>\u001b[39m\n                  \u001b[36m<span\u001b[39m\n                    \u001b[33mclass\u001b[39m=\u001b[32m\"hidden sm:inline\"\u001b[39m\n                  \u001b[36m>\u001b[39m\n                    \u001b[0mTry Again\u001b[0m\n                  \u001b[36m</span>\u001b[39m\n                \u001b[36m</button>\u001b[39m\n              \u001b[36m</div>\u001b[39m\n            \u001b[36m</div>\u001b[39m\n            \u001b[36m<div\u001b[39m\n              \u001b[33mclass\u001b[39m=\u001b[32m\"grid grid-cols-1 md:grid-cols-3 gap-4 mb-6\"\u001b[39m\n            \u001b[36m>\u001b[39m\n              \u001b[36m<div\u001b[39m\n                \u001b[33mclass\u001b[39m=\u001b[32m\"rounded-lg border bg-card text-card-foreground shadow-sm col-span-1\"\u001b[39m\n              \u001b[36m>\u001b[39m\n                \u001b[36m<div\u001b[39m\n                  \u001b[33mclass\u001b[39m=\u001b[32m\"p-4 flex items-center gap-4\"\u001b[39m\n                \u001b[36m>\u001b[39m\n                  \u001b[36m<div\u001b[39m\n                    \u001b[33mclass\u001b[39m=\u001b[32m\"rounded-full w-16 h-16 flex items-center justify-center text-white text-xl font-bold bg-yellow-500\"\u001b[39m\n                  \u001b[36m>\u001b[39m\n                    \u001b[0m60\u001b[0m\n                    \u001b[0m%\u001b[0m\n                  \u001b[36m</div>\u001b[39m\n                  \u001b[36m<div>\u001b[39m\n                    \u001b[36m<h3\u001b[39m\n                      \u001b[33mclass\u001b[39m=\u001b[32m\"font-medium\"\u001b[39m\n                    \u001b[36m>\u001b[39m\n                      \u001b[0mAverage Score\u001b[0m\n                    \u001b[36m</h3>\u001b[39m\n                    \u001b[36m<p\u001b[39m\n                      \u001b[33mclass\u001b[39m=\u001b[32m\"text-sm text-muted-foreground\"\u001b[39m\n                    \u001b[36m>\u001b[39m\n                      \u001b[0mBased on similarity to reference answers\u001b[0m\n                    \u001b[36m</p>\u001b[39m\n                  \u001b[36m</div>\u001b[39m\n                \u001b[36m</div>\u001b[39m\n              \u001b[36m</div>\u001b[39m\n              \u001b[36m<div\u001b[39m\n                \u001b[33mclass\u001b[39m=\u001b[32m\"rounded-lg ...\n\u001b[2m\u001b[22m\n\u001b[2m    \u001b[0m \u001b[90m 229 |\u001b[39m       \u001b[90m// Check that results are shown\u001b[39m\u001b[22m\n\u001b[2m     \u001b[90m 230 |\u001b[39m       expect(screen\u001b[33m.\u001b[39mgetByText(\u001b[35m/Quiz Results/i\u001b[39m))\u001b[33m.\u001b[39mtoBeInTheDocument()\u001b[33m;\u001b[39m\u001b[22m\n\u001b[2m    \u001b[31m\u001b[1m>\u001b[22m\u001b[2m\u001b[39m\u001b[90m 231 |\u001b[39m       expect(screen\u001b[33m.\u001b[39mgetByText(\u001b[35m/You completed 2 out of 2 questions/i\u001b[39m))\u001b[33m.\u001b[39mtoBeInTheDocument()\u001b[33m;\u001b[39m\u001b[22m\n\u001b[2m     \u001b[90m     |\u001b[39m                     \u001b[31m\u001b[1m^\u001b[22m\u001b[2m\u001b[39m\u001b[22m\n\u001b[2m     \u001b[90m 232 |\u001b[39m     })\u001b[33m;\u001b[39m\u001b[22m\n\u001b[2m     \u001b[90m 233 |\u001b[39m\u001b[22m\n\u001b[2m     \u001b[90m 234 |\u001b[39m     test(\u001b[32m'should handle quiz with empty answers'\u001b[39m\u001b[33m,\u001b[39m \u001b[36masync\u001b[39m () \u001b[33m=>\u001b[39m {\u001b[0m\u001b[22m\n\u001b[2m\u001b[22m\n\u001b[2m      \u001b[2mat Object.getElementError (\u001b[22m\u001b[2mnode_modules/@testing-library/dom/dist/config.js\u001b[2m:37:19)\u001b[22m\u001b[2m\u001b[22m\n\u001b[2m      \u001b[2mat \u001b[22m\u001b[2mnode_modules/@testing-library/dom/dist/query-helpers.js\u001b[2m:76:38\u001b[22m\u001b[2m\u001b[22m\n\u001b[2m      \u001b[2mat \u001b[22m\u001b[2mnode_modules/@testing-library/dom/dist/query-helpers.js\u001b[2m:52:17\u001b[22m\u001b[2m\u001b[22m\n\u001b[2m      \u001b[2mat \u001b[22m\u001b[2mnode_modules/@testing-library/dom/dist/query-helpers.js\u001b[2m:95:19\u001b[22m\u001b[2m\u001b[22m\n\u001b[2m      \u001b[2mat Object.getByText (\u001b[22m\u001b[2m\u001b[0m\u001b[36m__tests__/e2e/openended-quiz-flow.test.tsx\u001b[39m\u001b[0m\u001b[2m:231:21)\u001b[22m\u001b[2m\u001b[22m\n"
    },
    {
      "leaks": false,
      "numFailingTests": 2,
      "numPassingTests": 8,
      "numPendingTests": 0,
      "numTodoTests": 0,
      "openHandles": [],
      "perfStats": {
        "end": 1747705510832,
        "runtime": 17941,
        "slow": true,
        "start": 1747705492891
      },
      "skipped": false,
      "snapshot": {
        "added": 0,
        "fileDeleted": false,
        "matched": 0,
        "unchecked": 0,
        "uncheckedKeys": [],
        "unmatched": 0,
        "updated": 0
      },
      "testFilePath": "C:\\Work\\Projects\\ai-learning\\__tests__\\e2e\\blanks-quiz-flow.test.tsx",
      "testResults": [
        {
          "ancestorTitles": [
            "Blanks Quiz Flow End-to-End Test",
            "Authenticated User Flow"
          ],
          "duration": 1548,
          "failureDetails": [],
          "failureMessages": [],
          "fullName": "Blanks Quiz Flow End-to-End Test Authenticated User Flow should allow user to complete blanks quiz and see immediate results",
          "invocations": 1,
          "location": null,
          "numPassingAsserts": 7,
          "retryReasons": [],
          "status": "passed",
          "title": "should allow user to complete blanks quiz and see immediate results"
        },
        {
          "ancestorTitles": [
            "Blanks Quiz Flow End-to-End Test",
            "Authenticated User Flow"
          ],
          "duration": 573,
          "failureDetails": [],
          "failureMessages": [],
          "fullName": "Blanks Quiz Flow End-to-End Test Authenticated User Flow should handle hint usage and track it in results",
          "invocations": 1,
          "location": null,
          "numPassingAsserts": 3,
          "retryReasons": [],
          "status": "passed",
          "title": "should handle hint usage and track it in results"
        },
        {
          "ancestorTitles": [
            "Blanks Quiz Flow End-to-End Test",
            "Authenticated User Flow"
          ],
          "duration": 572,
          "failureDetails": [],
          "failureMessages": [],
          "fullName": "Blanks Quiz Flow End-to-End Test Authenticated User Flow should properly reset quiz state",
          "invocations": 1,
          "location": null,
          "numPassingAsserts": 2,
          "retryReasons": [],
          "status": "passed",
          "title": "should properly reset quiz state"
        },
        {
          "ancestorTitles": [
            "Blanks Quiz Flow End-to-End Test",
            "Unauthenticated User Flow"
          ],
          "duration": 962,
          "failureDetails": [],
          "failureMessages": [],
          "fullName": "Blanks Quiz Flow End-to-End Test Unauthenticated User Flow should allow unauthenticated users to take the quiz",
          "invocations": 1,
          "location": null,
          "numPassingAsserts": 2,
          "retryReasons": [],
          "status": "passed",
          "title": "should allow unauthenticated users to take the quiz"
        },
        {
          "ancestorTitles": [
            "Blanks Quiz Flow End-to-End Test",
            "Unauthenticated User Flow"
          ],
          "duration": 20,
          "failureDetails": [],
          "failureMessages": [],
          "fullName": "Blanks Quiz Flow End-to-End Test Unauthenticated User Flow should show sign-in prompt on results page for unauthenticated users",
          "invocations": 1,
          "location": null,
          "numPassingAsserts": 1,
          "retryReasons": [],
          "status": "passed",
          "title": "should show sign-in prompt on results page for unauthenticated users"
        },
        {
          "ancestorTitles": [
            "Blanks Quiz Flow End-to-End Test",
            "Unauthenticated User Flow"
          ],
          "duration": 579,
          "failureDetails": [
            {
              "matcherResult": {
                "actual": 0,
                "expected": 1,
                "message": "\u001b[2mexpect(\u001b[22m\u001b[31mreceived\u001b[39m\u001b[2m).\u001b[22mtoBe\u001b[2m(\u001b[22m\u001b[32mexpected\u001b[39m\u001b[2m) // Object.is equality\u001b[22m\n\nExpected: \u001b[32m1\u001b[39m\nReceived: \u001b[31m0\u001b[39m",
                "name": "toBe",
                "pass": false
              }
            }
          ],
          "failureMessages": [
            "Error: \u001b[2mexpect(\u001b[22m\u001b[31mreceived\u001b[39m\u001b[2m).\u001b[22mtoBe\u001b[2m(\u001b[22m\u001b[32mexpected\u001b[39m\u001b[2m) // Object.is equality\u001b[22m\n\nExpected: \u001b[32m1\u001b[39m\nReceived: \u001b[31m0\u001b[39m\n    at Object.toBe (C:\\Work\\Projects\\ai-learning\\__tests__\\e2e\\blanks-quiz-flow.test.tsx:472:36)"
          ],
          "fullName": "Blanks Quiz Flow End-to-End Test Unauthenticated User Flow should save answer with correct/incorrect status",
          "invocations": 1,
          "location": null,
          "numPassingAsserts": 1,
          "retryReasons": [],
          "status": "failed",
          "title": "should save answer with correct/incorrect status"
        },
        {
          "ancestorTitles": [
            "Blanks Quiz Flow End-to-End Test",
            "Error Handling"
          ],
          "duration": 542,
          "failureDetails": [],
          "failureMessages": [],
          "fullName": "Blanks Quiz Flow End-to-End Test Error Handling should handle quiz data loading errors",
          "invocations": 1,
          "location": null,
          "numPassingAsserts": 1,
          "retryReasons": [],
          "status": "passed",
          "title": "should handle quiz data loading errors"
        },
        {
          "ancestorTitles": [
            "Blanks Quiz Flow End-to-End Test",
            "Error Handling"
          ],
          "duration": 557,
          "failureDetails": [],
          "failureMessages": [],
          "fullName": "Blanks Quiz Flow End-to-End Test Error Handling should handle edge cases like empty questions array",
          "invocations": 1,
          "location": null,
          "numPassingAsserts": 1,
          "retryReasons": [],
          "status": "passed",
          "title": "should handle edge cases like empty questions array"
        },
        {
          "ancestorTitles": [
            "Blanks Quiz Flow End-to-End Test",
            "UI Features"
          ],
          "duration": 595,
          "failureDetails": [],
          "failureMessages": [],
          "fullName": "Blanks Quiz Flow End-to-End Test UI Features should show correct question number indicator",
          "invocations": 1,
          "location": null,
          "numPassingAsserts": 3,
          "retryReasons": [],
          "status": "passed",
          "title": "should show correct question number indicator"
        },
        {
          "ancestorTitles": [
            "Blanks Quiz Flow End-to-End Test",
            "UI Features"
          ],
          "duration": 554,
          "failureDetails": [
            {
              "matcherResult": {
                "actual": "Next Question",
                "expected": "Finish Quiz",
                "message": "\u001b[2mexpect(\u001b[22m\u001b[31mreceived\u001b[39m\u001b[2m).\u001b[22mtoBe\u001b[2m(\u001b[22m\u001b[32mexpected\u001b[39m\u001b[2m) // Object.is equality\u001b[22m\n\nExpected: \u001b[32m\"Finish Quiz\"\u001b[39m\nReceived: \u001b[31m\"Next Question\"\u001b[39m",
                "name": "toBe",
                "pass": false
              }
            }
          ],
          "failureMessages": [
            "Error: \u001b[2mexpect(\u001b[22m\u001b[31mreceived\u001b[39m\u001b[2m).\u001b[22mtoBe\u001b[2m(\u001b[22m\u001b[32mexpected\u001b[39m\u001b[2m) // Object.is equality\u001b[22m\n\nExpected: \u001b[32m\"Finish Quiz\"\u001b[39m\nReceived: \u001b[31m\"Next Question\"\u001b[39m\n    at Object.toBe (C:\\Work\\Projects\\ai-learning\\__tests__\\e2e\\blanks-quiz-flow.test.tsx:626:40)"
          ],
          "fullName": "Blanks Quiz Flow End-to-End Test UI Features should change submit button text on last question",
          "invocations": 1,
          "location": null,
          "numPassingAsserts": 1,
          "retryReasons": [],
          "status": "failed",
          "title": "should change submit button text on last question"
        }
      ],
      "failureMessage": "\u001b[1m\u001b[31m  \u001b[1m● \u001b[22m\u001b[1mBlanks Quiz Flow End-to-End Test › Unauthenticated User Flow › should save answer with correct/incorrect status\u001b[39m\u001b[22m\n\n    \u001b[2mexpect(\u001b[22m\u001b[31mreceived\u001b[39m\u001b[2m).\u001b[22mtoBe\u001b[2m(\u001b[22m\u001b[32mexpected\u001b[39m\u001b[2m) // Object.is equality\u001b[22m\n\n    Expected: \u001b[32m1\u001b[39m\n    Received: \u001b[31m0\u001b[39m\n\u001b[2m\u001b[22m\n\u001b[2m    \u001b[0m \u001b[90m 470 |\u001b[39m       \u001b[90m// Check the store state to see if answer was stored with isCorrect=false\u001b[39m\u001b[22m\n\u001b[2m     \u001b[90m 471 |\u001b[39m       \u001b[36mconst\u001b[39m state \u001b[33m=\u001b[39m store\u001b[33m.\u001b[39mgetState()\u001b[33m.\u001b[39mtextQuiz\u001b[33m;\u001b[39m\u001b[22m\n\u001b[2m    \u001b[31m\u001b[1m>\u001b[22m\u001b[2m\u001b[39m\u001b[90m 472 |\u001b[39m       expect(state\u001b[33m.\u001b[39manswers\u001b[33m.\u001b[39mlength)\u001b[33m.\u001b[39mtoBe(\u001b[35m1\u001b[39m)\u001b[33m;\u001b[39m\u001b[22m\n\u001b[2m     \u001b[90m     |\u001b[39m                                    \u001b[31m\u001b[1m^\u001b[22m\u001b[2m\u001b[39m\u001b[22m\n\u001b[2m     \u001b[90m 473 |\u001b[39m       expect(state\u001b[33m.\u001b[39manswers[\u001b[35m0\u001b[39m]\u001b[33m.\u001b[39manswer)\u001b[33m.\u001b[39mtoBe(\u001b[32m'wrong answer'\u001b[39m)\u001b[33m;\u001b[39m\u001b[22m\n\u001b[2m     \u001b[90m 474 |\u001b[39m       expect(state\u001b[33m.\u001b[39manswers[\u001b[35m0\u001b[39m]\u001b[33m.\u001b[39misCorrect)\u001b[33m.\u001b[39mtoBe(\u001b[36mfalse\u001b[39m)\u001b[33m;\u001b[39m\u001b[22m\n\u001b[2m     \u001b[90m 475 |\u001b[39m       \u001b[0m\u001b[22m\n\u001b[2m\u001b[22m\n\u001b[2m      \u001b[2mat Object.toBe (\u001b[22m\u001b[2m\u001b[0m\u001b[36m__tests__/e2e/blanks-quiz-flow.test.tsx\u001b[39m\u001b[0m\u001b[2m:472:36)\u001b[22m\u001b[2m\u001b[22m\n\n\u001b[1m\u001b[31m  \u001b[1m● \u001b[22m\u001b[1mBlanks Quiz Flow End-to-End Test › UI Features › should change submit button text on last question\u001b[39m\u001b[22m\n\n    \u001b[2mexpect(\u001b[22m\u001b[31mreceived\u001b[39m\u001b[2m).\u001b[22mtoBe\u001b[2m(\u001b[22m\u001b[32mexpected\u001b[39m\u001b[2m) // Object.is equality\u001b[22m\n\n    Expected: \u001b[32m\"Finish Quiz\"\u001b[39m\n    Received: \u001b[31m\"Next Question\"\u001b[39m\n\u001b[2m\u001b[22m\n\u001b[2m    \u001b[0m \u001b[90m 624 |\u001b[39m       \u001b[90m// which means we are on the last question (index 1 of 2 questions)\u001b[39m\u001b[22m\n\u001b[2m     \u001b[90m 625 |\u001b[39m       \u001b[36mconst\u001b[39m submitButton \u001b[33m=\u001b[39m \u001b[36mawait\u001b[39m screen\u001b[33m.\u001b[39mfindByTestId(\u001b[32m'submit-button'\u001b[39m)\u001b[33m;\u001b[39m\u001b[22m\n\u001b[2m    \u001b[31m\u001b[1m>\u001b[22m\u001b[2m\u001b[39m\u001b[90m 626 |\u001b[39m       expect(submitButton\u001b[33m.\u001b[39mtextContent)\u001b[33m.\u001b[39mtoBe(\u001b[32m'Finish Quiz'\u001b[39m)\u001b[33m;\u001b[39m\u001b[22m\n\u001b[2m     \u001b[90m     |\u001b[39m                                        \u001b[31m\u001b[1m^\u001b[22m\u001b[2m\u001b[39m\u001b[22m\n\u001b[2m     \u001b[90m 627 |\u001b[39m       \u001b[22m\n\u001b[2m     \u001b[90m 628 |\u001b[39m       \u001b[90m// Restore the original mock for other tests\u001b[39m\u001b[22m\n\u001b[2m     \u001b[90m 629 |\u001b[39m       jest\u001b[33m.\u001b[39mrequireMock(\u001b[32m'@/app/dashboard/(quiz)/blanks/components/BlanksQuiz'\u001b[39m)\u001b[33m.\u001b[39m\u001b[36mdefault\u001b[39m \u001b[33m=\u001b[39m originalMock\u001b[33m;\u001b[39m\u001b[0m\u001b[22m\n\u001b[2m\u001b[22m\n\u001b[2m      \u001b[2mat Object.toBe (\u001b[22m\u001b[2m\u001b[0m\u001b[36m__tests__/e2e/blanks-quiz-flow.test.tsx\u001b[39m\u001b[0m\u001b[2m:626:40)\u001b[22m\u001b[2m\u001b[22m\n"
    }
  ],
  "wasInterrupted": false
}