{
  "numFailedTestSuites": 3,
  "numFailedTests": 12,
  "numPassedTestSuites": 13,
  "numPassedTests": 95,
  "numPendingTestSuites": 0,
  "numPendingTests": 1,
  "numRuntimeErrorTestSuites": 0,
  "numTodoTests": 0,
  "numTotalTestSuites": 16,
  "numTotalTests": 108,
  "openHandles": [],
  "snapshot": {
    "added": 0,
    "didUpdate": false,
    "failure": false,
    "filesAdded": 0,
    "filesRemoved": 0,
    "filesRemovedList": [],
    "filesUnmatched": 0,
    "filesUpdated": 0,
    "matched": 0,
    "total": 0,
    "unchecked": 0,
    "uncheckedKeysByFile": [],
    "unmatched": 0,
    "updated": 0
  },
  "startTime": 1747915922811,
  "success": false,
  "testResults": [
    {
      "leaks": false,
      "numFailingTests": 0,
      "numPassingTests": 7,
      "numPendingTests": 0,
      "numTodoTests": 0,
      "openHandles": [],
      "perfStats": {
        "end": 1747915973757,
        "runtime": 10472,
        "slow": true,
        "start": 1747915963285
      },
      "skipped": false,
      "snapshot": {
        "added": 0,
        "fileDeleted": false,
        "matched": 0,
        "unchecked": 0,
        "uncheckedKeys": [],
        "unmatched": 0,
        "updated": 0
      },
      "testFilePath": "C:\\Work\\Projects\\ai-learning\\__tests__\\slices\\textQuizSlice.test.ts",
      "testResults": [
        {
          "ancestorTitles": [
            "textQuizSlice"
          ],
          "duration": 214,
          "failureDetails": [],
          "failureMessages": [],
          "fullName": "textQuizSlice should initialize quiz correctly",
          "invocations": 1,
          "location": null,
          "numPassingAsserts": 5,
          "retryReasons": [],
          "status": "passed",
          "title": "should initialize quiz correctly"
        },
        {
          "ancestorTitles": [
            "textQuizSlice"
          ],
          "duration": 3,
          "failureDetails": [],
          "failureMessages": [],
          "fullName": "textQuizSlice should submit an answer locally",
          "invocations": 1,
          "location": null,
          "numPassingAsserts": 3,
          "retryReasons": [],
          "status": "passed",
          "title": "should submit an answer locally"
        },
        {
          "ancestorTitles": [
            "textQuizSlice"
          ],
          "duration": 4,
          "failureDetails": [],
          "failureMessages": [],
          "fullName": "textQuizSlice should replace existing answer when submitting for same question",
          "invocations": 1,
          "location": null,
          "numPassingAsserts": 3,
          "retryReasons": [],
          "status": "passed",
          "title": "should replace existing answer when submitting for same question"
        },
        {
          "ancestorTitles": [
            "textQuizSlice"
          ],
          "duration": 4,
          "failureDetails": [],
          "failureMessages": [],
          "fullName": "textQuizSlice should complete quiz properly",
          "invocations": 1,
          "location": null,
          "numPassingAsserts": 5,
          "retryReasons": [],
          "status": "passed",
          "title": "should complete quiz properly"
        },
        {
          "ancestorTitles": [
            "textQuizSlice"
          ],
          "duration": 4,
          "failureDetails": [],
          "failureMessages": [],
          "fullName": "textQuizSlice should update current question index",
          "invocations": 1,
          "location": null,
          "numPassingAsserts": 1,
          "retryReasons": [],
          "status": "passed",
          "title": "should update current question index"
        },
        {
          "ancestorTitles": [
            "textQuizSlice"
          ],
          "duration": 15,
          "failureDetails": [],
          "failureMessages": [],
          "fullName": "textQuizSlice should save and restore quiz state",
          "invocations": 1,
          "location": null,
          "numPassingAsserts": 2,
          "retryReasons": [],
          "status": "passed",
          "title": "should save and restore quiz state"
        },
        {
          "ancestorTitles": [
            "textQuizSlice"
          ],
          "duration": 5,
          "failureDetails": [],
          "failureMessages": [],
          "fullName": "textQuizSlice should clear saved state",
          "invocations": 1,
          "location": null,
          "numPassingAsserts": 1,
          "retryReasons": [],
          "status": "passed",
          "title": "should clear saved state"
        }
      ],
      "failureMessage": null
    },
    {
      "leaks": false,
      "numFailingTests": 0,
      "numPassingTests": 8,
      "numPendingTests": 0,
      "numTodoTests": 0,
      "openHandles": [],
      "perfStats": {
        "end": 1747915975003,
        "runtime": 11658,
        "slow": true,
        "start": 1747915963345
      },
      "skipped": false,
      "snapshot": {
        "added": 0,
        "fileDeleted": false,
        "matched": 0,
        "unchecked": 0,
        "uncheckedKeys": [],
        "unmatched": 0,
        "updated": 0
      },
      "testFilePath": "C:\\Work\\Projects\\ai-learning\\store\\slices\\__tests__\\quizSlice.test.ts",
      "testResults": [
        {
          "ancestorTitles": [
            "quizSlice"
          ],
          "duration": 168,
          "failureDetails": [],
          "failureMessages": [],
          "fullName": "quizSlice should return the initial state",
          "invocations": 1,
          "location": null,
          "numPassingAsserts": 1,
          "retryReasons": [],
          "status": "passed",
          "title": "should return the initial state"
        },
        {
          "ancestorTitles": [
            "quizSlice"
          ],
          "duration": 6,
          "failureDetails": [],
          "failureMessages": [],
          "fullName": "quizSlice should handle resetQuizState",
          "invocations": 1,
          "location": null,
          "numPassingAsserts": 1,
          "retryReasons": [],
          "status": "passed",
          "title": "should handle resetQuizState"
        },
        {
          "ancestorTitles": [
            "quizSlice"
          ],
          "duration": 1,
          "failureDetails": [],
          "failureMessages": [],
          "fullName": "quizSlice should handle setCurrentQuestion",
          "invocations": 1,
          "location": null,
          "numPassingAsserts": 1,
          "retryReasons": [],
          "status": "passed",
          "title": "should handle setCurrentQuestion"
        },
        {
          "ancestorTitles": [
            "quizSlice"
          ],
          "duration": 3,
          "failureDetails": [],
          "failureMessages": [],
          "fullName": "quizSlice should handle setUserAnswer for new answer",
          "invocations": 1,
          "location": null,
          "numPassingAsserts": 1,
          "retryReasons": [],
          "status": "passed",
          "title": "should handle setUserAnswer for new answer"
        },
        {
          "ancestorTitles": [
            "quizSlice"
          ],
          "duration": 3,
          "failureDetails": [],
          "failureMessages": [],
          "fullName": "quizSlice should handle setUserAnswer for existing answer",
          "invocations": 1,
          "location": null,
          "numPassingAsserts": 3,
          "retryReasons": [],
          "status": "passed",
          "title": "should handle setUserAnswer for existing answer"
        },
        {
          "ancestorTitles": [
            "quizSlice"
          ],
          "duration": 5,
          "failureDetails": [],
          "failureMessages": [],
          "fullName": "quizSlice should handle timer actions",
          "invocations": 1,
          "location": null,
          "numPassingAsserts": 5,
          "retryReasons": [],
          "status": "passed",
          "title": "should handle timer actions"
        },
        {
          "ancestorTitles": [
            "quizSlice"
          ],
          "duration": 2,
          "failureDetails": [],
          "failureMessages": [],
          "fullName": "quizSlice should handle markQuizCompleted",
          "invocations": 1,
          "location": null,
          "numPassingAsserts": 3,
          "retryReasons": [],
          "status": "passed",
          "title": "should handle markQuizCompleted"
        },
        {
          "ancestorTitles": [
            "quizSlice"
          ],
          "duration": 682,
          "failureDetails": [],
          "failureMessages": [],
          "fullName": "quizSlice should handle submitQuiz action",
          "invocations": 1,
          "location": null,
          "numPassingAsserts": 4,
          "retryReasons": [],
          "status": "passed",
          "title": "should handle submitQuiz action"
        }
      ],
      "failureMessage": null
    },
    {
      "leaks": false,
      "numFailingTests": 6,
      "numPassingTests": 0,
      "numPendingTests": 0,
      "numTodoTests": 0,
      "openHandles": [],
      "perfStats": {
        "end": 1747915976713,
        "runtime": 11090,
        "slow": true,
        "start": 1747915965623
      },
      "skipped": false,
      "snapshot": {
        "added": 0,
        "fileDeleted": false,
        "matched": 0,
        "unchecked": 0,
        "uncheckedKeys": [],
        "unmatched": 0,
        "updated": 0
      },
      "testFilePath": "C:\\Work\\Projects\\ai-learning\\__tests__\\utils\\quiz-submission-utils.test.ts",
      "testResults": [
        {
          "ancestorTitles": [
            "Quiz Submission Utilities",
            "prepareSubmissionPayload"
          ],
          "duration": 159,
          "failureDetails": [
            {}
          ],
          "failureMessages": [
            "TypeError: Cannot read properties of undefined (reading 'filter')\n    at filter (C:\\Work\\Projects\\ai-learning\\lib\\utils\\quiz-submission-utils.ts:44:34)\n    at Object.<anonymous> (C:\\Work\\Projects\\ai-learning\\__tests__\\utils\\quiz-submission-utils.test.ts:23:46)\n    at Promise.then.completed (C:\\Work\\Projects\\ai-learning\\node_modules\\jest-circus\\build\\utils.js:298:28)\n    at new Promise (<anonymous>)\n    at callAsyncCircusFn (C:\\Work\\Projects\\ai-learning\\node_modules\\jest-circus\\build\\utils.js:231:10)\n    at _callCircusTest (C:\\Work\\Projects\\ai-learning\\node_modules\\jest-circus\\build\\run.js:316:40)\n    at processTicksAndRejections (node:internal/process/task_queues:105:5)\n    at _runTest (C:\\Work\\Projects\\ai-learning\\node_modules\\jest-circus\\build\\run.js:252:3)\n    at _runTestsForDescribeBlock (C:\\Work\\Projects\\ai-learning\\node_modules\\jest-circus\\build\\run.js:126:9)\n    at _runTestsForDescribeBlock (C:\\Work\\Projects\\ai-learning\\node_modules\\jest-circus\\build\\run.js:121:9)\n    at _runTestsForDescribeBlock (C:\\Work\\Projects\\ai-learning\\node_modules\\jest-circus\\build\\run.js:121:9)\n    at run (C:\\Work\\Projects\\ai-learning\\node_modules\\jest-circus\\build\\run.js:71:3)\n    at runAndTransformResultsToJestFormat (C:\\Work\\Projects\\ai-learning\\node_modules\\jest-circus\\build\\legacy-code-todo-rewrite\\jestAdapterInit.js:122:21)\n    at jestAdapter (C:\\Work\\Projects\\ai-learning\\node_modules\\jest-circus\\build\\legacy-code-todo-rewrite\\jestAdapter.js:79:19)\n    at runTestInternal (C:\\Work\\Projects\\ai-learning\\node_modules\\jest-runner\\build\\runTest.js:367:16)\n    at runTest (C:\\Work\\Projects\\ai-learning\\node_modules\\jest-runner\\build\\runTest.js:444:34)\n    at Object.worker (C:\\Work\\Projects\\ai-learning\\node_modules\\jest-runner\\build\\testWorker.js:106:12)"
          ],
          "fullName": "Quiz Submission Utilities prepareSubmissionPayload should prepare a valid MCQ payload with all required fields",
          "invocations": 1,
          "location": null,
          "numPassingAsserts": 0,
          "retryReasons": [],
          "status": "failed",
          "title": "should prepare a valid MCQ payload with all required fields"
        },
        {
          "ancestorTitles": [
            "Quiz Submission Utilities",
            "prepareSubmissionPayload"
          ],
          "duration": 27,
          "failureDetails": [
            {}
          ],
          "failureMessages": [
            "TypeError: Cannot read properties of undefined (reading 'filter')\n    at filter (C:\\Work\\Projects\\ai-learning\\lib\\utils\\quiz-submission-utils.ts:44:34)\n    at Object.<anonymous> (C:\\Work\\Projects\\ai-learning\\__tests__\\utils\\quiz-submission-utils.test.ts:54:46)\n    at Promise.then.completed (C:\\Work\\Projects\\ai-learning\\node_modules\\jest-circus\\build\\utils.js:298:28)\n    at new Promise (<anonymous>)\n    at callAsyncCircusFn (C:\\Work\\Projects\\ai-learning\\node_modules\\jest-circus\\build\\utils.js:231:10)\n    at _callCircusTest (C:\\Work\\Projects\\ai-learning\\node_modules\\jest-circus\\build\\run.js:316:40)\n    at processTicksAndRejections (node:internal/process/task_queues:105:5)\n    at _runTest (C:\\Work\\Projects\\ai-learning\\node_modules\\jest-circus\\build\\run.js:252:3)\n    at _runTestsForDescribeBlock (C:\\Work\\Projects\\ai-learning\\node_modules\\jest-circus\\build\\run.js:126:9)\n    at _runTestsForDescribeBlock (C:\\Work\\Projects\\ai-learning\\node_modules\\jest-circus\\build\\run.js:121:9)\n    at _runTestsForDescribeBlock (C:\\Work\\Projects\\ai-learning\\node_modules\\jest-circus\\build\\run.js:121:9)\n    at run (C:\\Work\\Projects\\ai-learning\\node_modules\\jest-circus\\build\\run.js:71:3)\n    at runAndTransformResultsToJestFormat (C:\\Work\\Projects\\ai-learning\\node_modules\\jest-circus\\build\\legacy-code-todo-rewrite\\jestAdapterInit.js:122:21)\n    at jestAdapter (C:\\Work\\Projects\\ai-learning\\node_modules\\jest-circus\\build\\legacy-code-todo-rewrite\\jestAdapter.js:79:19)\n    at runTestInternal (C:\\Work\\Projects\\ai-learning\\node_modules\\jest-runner\\build\\runTest.js:367:16)\n    at runTest (C:\\Work\\Projects\\ai-learning\\node_modules\\jest-runner\\build\\runTest.js:444:34)\n    at Object.worker (C:\\Work\\Projects\\ai-learning\\node_modules\\jest-runner\\build\\testWorker.js:106:12)"
          ],
          "fullName": "Quiz Submission Utilities prepareSubmissionPayload should prepare a valid CODE payload with all required fields",
          "invocations": 1,
          "location": null,
          "numPassingAsserts": 0,
          "retryReasons": [],
          "status": "failed",
          "title": "should prepare a valid CODE payload with all required fields"
        },
        {
          "ancestorTitles": [
            "Quiz Submission Utilities",
            "prepareSubmissionPayload"
          ],
          "duration": 2,
          "failureDetails": [
            {}
          ],
          "failureMessages": [
            "TypeError: Cannot read properties of undefined (reading 'filter')\n    at filter (C:\\Work\\Projects\\ai-learning\\lib\\utils\\quiz-submission-utils.ts:44:34)\n    at Object.<anonymous> (C:\\Work\\Projects\\ai-learning\\__tests__\\utils\\quiz-submission-utils.test.ts:86:46)\n    at Promise.then.completed (C:\\Work\\Projects\\ai-learning\\node_modules\\jest-circus\\build\\utils.js:298:28)\n    at new Promise (<anonymous>)\n    at callAsyncCircusFn (C:\\Work\\Projects\\ai-learning\\node_modules\\jest-circus\\build\\utils.js:231:10)\n    at _callCircusTest (C:\\Work\\Projects\\ai-learning\\node_modules\\jest-circus\\build\\run.js:316:40)\n    at processTicksAndRejections (node:internal/process/task_queues:105:5)\n    at _runTest (C:\\Work\\Projects\\ai-learning\\node_modules\\jest-circus\\build\\run.js:252:3)\n    at _runTestsForDescribeBlock (C:\\Work\\Projects\\ai-learning\\node_modules\\jest-circus\\build\\run.js:126:9)\n    at _runTestsForDescribeBlock (C:\\Work\\Projects\\ai-learning\\node_modules\\jest-circus\\build\\run.js:121:9)\n    at _runTestsForDescribeBlock (C:\\Work\\Projects\\ai-learning\\node_modules\\jest-circus\\build\\run.js:121:9)\n    at run (C:\\Work\\Projects\\ai-learning\\node_modules\\jest-circus\\build\\run.js:71:3)\n    at runAndTransformResultsToJestFormat (C:\\Work\\Projects\\ai-learning\\node_modules\\jest-circus\\build\\legacy-code-todo-rewrite\\jestAdapterInit.js:122:21)\n    at jestAdapter (C:\\Work\\Projects\\ai-learning\\node_modules\\jest-circus\\build\\legacy-code-todo-rewrite\\jestAdapter.js:79:19)\n    at runTestInternal (C:\\Work\\Projects\\ai-learning\\node_modules\\jest-runner\\build\\runTest.js:367:16)\n    at runTest (C:\\Work\\Projects\\ai-learning\\node_modules\\jest-runner\\build\\runTest.js:444:34)\n    at Object.worker (C:\\Work\\Projects\\ai-learning\\node_modules\\jest-runner\\build\\testWorker.js:106:12)"
          ],
          "fullName": "Quiz Submission Utilities prepareSubmissionPayload should handle missing isCorrect property gracefully",
          "invocations": 1,
          "location": null,
          "numPassingAsserts": 0,
          "retryReasons": [],
          "status": "failed",
          "title": "should handle missing isCorrect property gracefully"
        },
        {
          "ancestorTitles": [
            "Quiz Submission Utilities",
            "prepareSubmissionPayload"
          ],
          "duration": 2,
          "failureDetails": [
            {}
          ],
          "failureMessages": [
            "TypeError: Cannot read properties of undefined (reading 'filter')\n    at filter (C:\\Work\\Projects\\ai-learning\\lib\\utils\\quiz-submission-utils.ts:44:34)\n    at Object.<anonymous> (C:\\Work\\Projects\\ai-learning\\__tests__\\utils\\quiz-submission-utils.test.ts:124:46)\n    at Promise.then.completed (C:\\Work\\Projects\\ai-learning\\node_modules\\jest-circus\\build\\utils.js:298:28)\n    at new Promise (<anonymous>)\n    at callAsyncCircusFn (C:\\Work\\Projects\\ai-learning\\node_modules\\jest-circus\\build\\utils.js:231:10)\n    at _callCircusTest (C:\\Work\\Projects\\ai-learning\\node_modules\\jest-circus\\build\\run.js:316:40)\n    at processTicksAndRejections (node:internal/process/task_queues:105:5)\n    at _runTest (C:\\Work\\Projects\\ai-learning\\node_modules\\jest-circus\\build\\run.js:252:3)\n    at _runTestsForDescribeBlock (C:\\Work\\Projects\\ai-learning\\node_modules\\jest-circus\\build\\run.js:126:9)\n    at _runTestsForDescribeBlock (C:\\Work\\Projects\\ai-learning\\node_modules\\jest-circus\\build\\run.js:121:9)\n    at _runTestsForDescribeBlock (C:\\Work\\Projects\\ai-learning\\node_modules\\jest-circus\\build\\run.js:121:9)\n    at run (C:\\Work\\Projects\\ai-learning\\node_modules\\jest-circus\\build\\run.js:71:3)\n    at runAndTransformResultsToJestFormat (C:\\Work\\Projects\\ai-learning\\node_modules\\jest-circus\\build\\legacy-code-todo-rewrite\\jestAdapterInit.js:122:21)\n    at jestAdapter (C:\\Work\\Projects\\ai-learning\\node_modules\\jest-circus\\build\\legacy-code-todo-rewrite\\jestAdapter.js:79:19)\n    at runTestInternal (C:\\Work\\Projects\\ai-learning\\node_modules\\jest-runner\\build\\runTest.js:367:16)\n    at runTest (C:\\Work\\Projects\\ai-learning\\node_modules\\jest-runner\\build\\runTest.js:444:34)\n    at Object.worker (C:\\Work\\Projects\\ai-learning\\node_modules\\jest-runner\\build\\testWorker.js:106:12)"
          ],
          "fullName": "Quiz Submission Utilities prepareSubmissionPayload should calculate score based on correct answers",
          "invocations": 1,
          "location": null,
          "numPassingAsserts": 0,
          "retryReasons": [],
          "status": "failed",
          "title": "should calculate score based on correct answers"
        },
        {
          "ancestorTitles": [
            "Quiz Submission Utilities",
            "validateQuizSubmission"
          ],
          "duration": 2,
          "failureDetails": [
            {}
          ],
          "failureMessages": [
            "TypeError: (0 , _quizsubmissionutils.validateQuizSubmission) is not a function\n    at Object.<anonymous> (C:\\Work\\Projects\\ai-learning\\__tests__\\utils\\quiz-submission-utils.test.ts:150:44)\n    at Promise.then.completed (C:\\Work\\Projects\\ai-learning\\node_modules\\jest-circus\\build\\utils.js:298:28)\n    at new Promise (<anonymous>)\n    at callAsyncCircusFn (C:\\Work\\Projects\\ai-learning\\node_modules\\jest-circus\\build\\utils.js:231:10)\n    at _callCircusTest (C:\\Work\\Projects\\ai-learning\\node_modules\\jest-circus\\build\\run.js:316:40)\n    at processTicksAndRejections (node:internal/process/task_queues:105:5)\n    at _runTest (C:\\Work\\Projects\\ai-learning\\node_modules\\jest-circus\\build\\run.js:252:3)\n    at _runTestsForDescribeBlock (C:\\Work\\Projects\\ai-learning\\node_modules\\jest-circus\\build\\run.js:126:9)\n    at _runTestsForDescribeBlock (C:\\Work\\Projects\\ai-learning\\node_modules\\jest-circus\\build\\run.js:121:9)\n    at _runTestsForDescribeBlock (C:\\Work\\Projects\\ai-learning\\node_modules\\jest-circus\\build\\run.js:121:9)\n    at run (C:\\Work\\Projects\\ai-learning\\node_modules\\jest-circus\\build\\run.js:71:3)\n    at runAndTransformResultsToJestFormat (C:\\Work\\Projects\\ai-learning\\node_modules\\jest-circus\\build\\legacy-code-todo-rewrite\\jestAdapterInit.js:122:21)\n    at jestAdapter (C:\\Work\\Projects\\ai-learning\\node_modules\\jest-circus\\build\\legacy-code-todo-rewrite\\jestAdapter.js:79:19)\n    at runTestInternal (C:\\Work\\Projects\\ai-learning\\node_modules\\jest-runner\\build\\runTest.js:367:16)\n    at runTest (C:\\Work\\Projects\\ai-learning\\node_modules\\jest-runner\\build\\runTest.js:444:34)\n    at Object.worker (C:\\Work\\Projects\\ai-learning\\node_modules\\jest-runner\\build\\testWorker.js:106:12)"
          ],
          "fullName": "Quiz Submission Utilities validateQuizSubmission should validate a proper submission payload",
          "invocations": 1,
          "location": null,
          "numPassingAsserts": 0,
          "retryReasons": [],
          "status": "failed",
          "title": "should validate a proper submission payload"
        },
        {
          "ancestorTitles": [
            "Quiz Submission Utilities",
            "validateQuizSubmission"
          ],
          "duration": 1,
          "failureDetails": [
            {}
          ],
          "failureMessages": [
            "TypeError: (0 , _quizsubmissionutils.validateQuizSubmission) is not a function\n    at Object.<anonymous> (C:\\Work\\Projects\\ai-learning\\__tests__\\utils\\quiz-submission-utils.test.ts:196:36)\n    at Promise.then.completed (C:\\Work\\Projects\\ai-learning\\node_modules\\jest-circus\\build\\utils.js:298:28)\n    at new Promise (<anonymous>)\n    at callAsyncCircusFn (C:\\Work\\Projects\\ai-learning\\node_modules\\jest-circus\\build\\utils.js:231:10)\n    at _callCircusTest (C:\\Work\\Projects\\ai-learning\\node_modules\\jest-circus\\build\\run.js:316:40)\n    at processTicksAndRejections (node:internal/process/task_queues:105:5)\n    at _runTest (C:\\Work\\Projects\\ai-learning\\node_modules\\jest-circus\\build\\run.js:252:3)\n    at _runTestsForDescribeBlock (C:\\Work\\Projects\\ai-learning\\node_modules\\jest-circus\\build\\run.js:126:9)\n    at _runTestsForDescribeBlock (C:\\Work\\Projects\\ai-learning\\node_modules\\jest-circus\\build\\run.js:121:9)\n    at _runTestsForDescribeBlock (C:\\Work\\Projects\\ai-learning\\node_modules\\jest-circus\\build\\run.js:121:9)\n    at run (C:\\Work\\Projects\\ai-learning\\node_modules\\jest-circus\\build\\run.js:71:3)\n    at runAndTransformResultsToJestFormat (C:\\Work\\Projects\\ai-learning\\node_modules\\jest-circus\\build\\legacy-code-todo-rewrite\\jestAdapterInit.js:122:21)\n    at jestAdapter (C:\\Work\\Projects\\ai-learning\\node_modules\\jest-circus\\build\\legacy-code-todo-rewrite\\jestAdapter.js:79:19)\n    at runTestInternal (C:\\Work\\Projects\\ai-learning\\node_modules\\jest-runner\\build\\runTest.js:367:16)\n    at runTest (C:\\Work\\Projects\\ai-learning\\node_modules\\jest-runner\\build\\runTest.js:444:34)\n    at Object.worker (C:\\Work\\Projects\\ai-learning\\node_modules\\jest-runner\\build\\testWorker.js:106:12)"
          ],
          "fullName": "Quiz Submission Utilities validateQuizSubmission should reject invalid submission payloads",
          "invocations": 1,
          "location": null,
          "numPassingAsserts": 0,
          "retryReasons": [],
          "status": "failed",
          "title": "should reject invalid submission payloads"
        }
      ],
      "failureMessage": "\u001b[1m\u001b[31m  \u001b[1m● \u001b[22m\u001b[1mQuiz Submission Utilities › prepareSubmissionPayload › should prepare a valid MCQ payload with all required fields\u001b[39m\u001b[22m\n\n    TypeError: Cannot read properties of undefined (reading 'filter')\n\u001b[2m\u001b[22m\n\u001b[2m    \u001b[0m \u001b[90m 42 |\u001b[39m   \u001b[22m\n\u001b[2m     \u001b[90m 43 |\u001b[39m   \u001b[90m// Count correct answers\u001b[39m\u001b[22m\n\u001b[2m    \u001b[31m\u001b[1m>\u001b[22m\u001b[2m\u001b[39m\u001b[90m 44 |\u001b[39m   \u001b[36mconst\u001b[39m correctAnswers \u001b[33m=\u001b[39m answers\u001b[33m.\u001b[39mfilter(a \u001b[33m=>\u001b[39m \u001b[33mBoolean\u001b[39m(a\u001b[33m.\u001b[39misCorrect))\u001b[33m.\u001b[39mlength\u001b[33m;\u001b[39m\u001b[22m\n\u001b[2m     \u001b[90m    |\u001b[39m                                  \u001b[31m\u001b[1m^\u001b[22m\u001b[2m\u001b[39m\u001b[22m\n\u001b[2m     \u001b[90m 45 |\u001b[39m   \u001b[36mconst\u001b[39m totalQuestions \u001b[33m=\u001b[39m answers\u001b[33m.\u001b[39mlength\u001b[33m;\u001b[39m\u001b[22m\n\u001b[2m     \u001b[90m 46 |\u001b[39m   \u001b[22m\n\u001b[2m     \u001b[90m 47 |\u001b[39m   \u001b[90m// Calculate average time per question\u001b[39m\u001b[0m\u001b[22m\n\u001b[2m\u001b[22m\n\u001b[2m      \u001b[2mat filter (\u001b[22m\u001b[2mlib/utils/quiz-submission-utils.ts\u001b[2m:44:34)\u001b[22m\u001b[2m\u001b[22m\n\u001b[2m      \u001b[2mat Object.<anonymous> (\u001b[22m\u001b[2m\u001b[0m\u001b[36m__tests__/utils/quiz-submission-utils.test.ts\u001b[39m\u001b[0m\u001b[2m:23:46)\u001b[22m\u001b[2m\u001b[22m\n\n\u001b[1m\u001b[31m  \u001b[1m● \u001b[22m\u001b[1mQuiz Submission Utilities › prepareSubmissionPayload › should prepare a valid CODE payload with all required fields\u001b[39m\u001b[22m\n\n    TypeError: Cannot read properties of undefined (reading 'filter')\n\u001b[2m\u001b[22m\n\u001b[2m    \u001b[0m \u001b[90m 42 |\u001b[39m   \u001b[22m\n\u001b[2m     \u001b[90m 43 |\u001b[39m   \u001b[90m// Count correct answers\u001b[39m\u001b[22m\n\u001b[2m    \u001b[31m\u001b[1m>\u001b[22m\u001b[2m\u001b[39m\u001b[90m 44 |\u001b[39m   \u001b[36mconst\u001b[39m correctAnswers \u001b[33m=\u001b[39m answers\u001b[33m.\u001b[39mfilter(a \u001b[33m=>\u001b[39m \u001b[33mBoolean\u001b[39m(a\u001b[33m.\u001b[39misCorrect))\u001b[33m.\u001b[39mlength\u001b[33m;\u001b[39m\u001b[22m\n\u001b[2m     \u001b[90m    |\u001b[39m                                  \u001b[31m\u001b[1m^\u001b[22m\u001b[2m\u001b[39m\u001b[22m\n\u001b[2m     \u001b[90m 45 |\u001b[39m   \u001b[36mconst\u001b[39m totalQuestions \u001b[33m=\u001b[39m answers\u001b[33m.\u001b[39mlength\u001b[33m;\u001b[39m\u001b[22m\n\u001b[2m     \u001b[90m 46 |\u001b[39m   \u001b[22m\n\u001b[2m     \u001b[90m 47 |\u001b[39m   \u001b[90m// Calculate average time per question\u001b[39m\u001b[0m\u001b[22m\n\u001b[2m\u001b[22m\n\u001b[2m      \u001b[2mat filter (\u001b[22m\u001b[2mlib/utils/quiz-submission-utils.ts\u001b[2m:44:34)\u001b[22m\u001b[2m\u001b[22m\n\u001b[2m      \u001b[2mat Object.<anonymous> (\u001b[22m\u001b[2m\u001b[0m\u001b[36m__tests__/utils/quiz-submission-utils.test.ts\u001b[39m\u001b[0m\u001b[2m:54:46)\u001b[22m\u001b[2m\u001b[22m\n\n\u001b[1m\u001b[31m  \u001b[1m● \u001b[22m\u001b[1mQuiz Submission Utilities › prepareSubmissionPayload › should handle missing isCorrect property gracefully\u001b[39m\u001b[22m\n\n    TypeError: Cannot read properties of undefined (reading 'filter')\n\u001b[2m\u001b[22m\n\u001b[2m    \u001b[0m \u001b[90m 42 |\u001b[39m   \u001b[22m\n\u001b[2m     \u001b[90m 43 |\u001b[39m   \u001b[90m// Count correct answers\u001b[39m\u001b[22m\n\u001b[2m    \u001b[31m\u001b[1m>\u001b[22m\u001b[2m\u001b[39m\u001b[90m 44 |\u001b[39m   \u001b[36mconst\u001b[39m correctAnswers \u001b[33m=\u001b[39m answers\u001b[33m.\u001b[39mfilter(a \u001b[33m=>\u001b[39m \u001b[33mBoolean\u001b[39m(a\u001b[33m.\u001b[39misCorrect))\u001b[33m.\u001b[39mlength\u001b[33m;\u001b[39m\u001b[22m\n\u001b[2m     \u001b[90m    |\u001b[39m                                  \u001b[31m\u001b[1m^\u001b[22m\u001b[2m\u001b[39m\u001b[22m\n\u001b[2m     \u001b[90m 45 |\u001b[39m   \u001b[36mconst\u001b[39m totalQuestions \u001b[33m=\u001b[39m answers\u001b[33m.\u001b[39mlength\u001b[33m;\u001b[39m\u001b[22m\n\u001b[2m     \u001b[90m 46 |\u001b[39m   \u001b[22m\n\u001b[2m     \u001b[90m 47 |\u001b[39m   \u001b[90m// Calculate average time per question\u001b[39m\u001b[0m\u001b[22m\n\u001b[2m\u001b[22m\n\u001b[2m      \u001b[2mat filter (\u001b[22m\u001b[2mlib/utils/quiz-submission-utils.ts\u001b[2m:44:34)\u001b[22m\u001b[2m\u001b[22m\n\u001b[2m      \u001b[2mat Object.<anonymous> (\u001b[22m\u001b[2m\u001b[0m\u001b[36m__tests__/utils/quiz-submission-utils.test.ts\u001b[39m\u001b[0m\u001b[2m:86:46)\u001b[22m\u001b[2m\u001b[22m\n\n\u001b[1m\u001b[31m  \u001b[1m● \u001b[22m\u001b[1mQuiz Submission Utilities › prepareSubmissionPayload › should calculate score based on correct answers\u001b[39m\u001b[22m\n\n    TypeError: Cannot read properties of undefined (reading 'filter')\n\u001b[2m\u001b[22m\n\u001b[2m    \u001b[0m \u001b[90m 42 |\u001b[39m   \u001b[22m\n\u001b[2m     \u001b[90m 43 |\u001b[39m   \u001b[90m// Count correct answers\u001b[39m\u001b[22m\n\u001b[2m    \u001b[31m\u001b[1m>\u001b[22m\u001b[2m\u001b[39m\u001b[90m 44 |\u001b[39m   \u001b[36mconst\u001b[39m correctAnswers \u001b[33m=\u001b[39m answers\u001b[33m.\u001b[39mfilter(a \u001b[33m=>\u001b[39m \u001b[33mBoolean\u001b[39m(a\u001b[33m.\u001b[39misCorrect))\u001b[33m.\u001b[39mlength\u001b[33m;\u001b[39m\u001b[22m\n\u001b[2m     \u001b[90m    |\u001b[39m                                  \u001b[31m\u001b[1m^\u001b[22m\u001b[2m\u001b[39m\u001b[22m\n\u001b[2m     \u001b[90m 45 |\u001b[39m   \u001b[36mconst\u001b[39m totalQuestions \u001b[33m=\u001b[39m answers\u001b[33m.\u001b[39mlength\u001b[33m;\u001b[39m\u001b[22m\n\u001b[2m     \u001b[90m 46 |\u001b[39m   \u001b[22m\n\u001b[2m     \u001b[90m 47 |\u001b[39m   \u001b[90m// Calculate average time per question\u001b[39m\u001b[0m\u001b[22m\n\u001b[2m\u001b[22m\n\u001b[2m      \u001b[2mat filter (\u001b[22m\u001b[2mlib/utils/quiz-submission-utils.ts\u001b[2m:44:34)\u001b[22m\u001b[2m\u001b[22m\n\u001b[2m      \u001b[2mat Object.<anonymous> (\u001b[22m\u001b[2m\u001b[0m\u001b[36m__tests__/utils/quiz-submission-utils.test.ts\u001b[39m\u001b[0m\u001b[2m:124:46)\u001b[22m\u001b[2m\u001b[22m\n\n\u001b[1m\u001b[31m  \u001b[1m● \u001b[22m\u001b[1mQuiz Submission Utilities › validateQuizSubmission › should validate a proper submission payload\u001b[39m\u001b[22m\n\n    TypeError: (0 , _quizsubmissionutils.validateQuizSubmission) is not a function\n\u001b[2m\u001b[22m\n\u001b[2m    \u001b[0m \u001b[90m 148 |\u001b[39m       \u001b[22m\n\u001b[2m     \u001b[90m 149 |\u001b[39m       \u001b[90m// Act\u001b[39m\u001b[22m\n\u001b[2m    \u001b[31m\u001b[1m>\u001b[22m\u001b[2m\u001b[39m\u001b[90m 150 |\u001b[39m       \u001b[36mconst\u001b[39m result \u001b[33m=\u001b[39m validateQuizSubmission(validPayload)\u001b[33m;\u001b[39m\u001b[22m\n\u001b[2m     \u001b[90m     |\u001b[39m                                            \u001b[31m\u001b[1m^\u001b[22m\u001b[2m\u001b[39m\u001b[22m\n\u001b[2m     \u001b[90m 151 |\u001b[39m       \u001b[22m\n\u001b[2m     \u001b[90m 152 |\u001b[39m       \u001b[90m// Assert\u001b[39m\u001b[22m\n\u001b[2m     \u001b[90m 153 |\u001b[39m       expect(result)\u001b[33m.\u001b[39mtoEqual({\u001b[0m\u001b[22m\n\u001b[2m\u001b[22m\n\u001b[2m      \u001b[2mat Object.<anonymous> (\u001b[22m\u001b[2m\u001b[0m\u001b[36m__tests__/utils/quiz-submission-utils.test.ts\u001b[39m\u001b[0m\u001b[2m:150:44)\u001b[22m\u001b[2m\u001b[22m\n\n\u001b[1m\u001b[31m  \u001b[1m● \u001b[22m\u001b[1mQuiz Submission Utilities › validateQuizSubmission › should reject invalid submission payloads\u001b[39m\u001b[22m\n\n    TypeError: (0 , _quizsubmissionutils.validateQuizSubmission) is not a function\n\u001b[2m\u001b[22m\n\u001b[2m    \u001b[0m \u001b[90m 194 |\u001b[39m       \u001b[22m\n\u001b[2m     \u001b[90m 195 |\u001b[39m       \u001b[90m// Act & Assert\u001b[39m\u001b[22m\n\u001b[2m    \u001b[31m\u001b[1m>\u001b[22m\u001b[2m\u001b[39m\u001b[90m 196 |\u001b[39m       expect(validateQuizSubmission(missingFields))\u001b[33m.\u001b[39mtoEqual({\u001b[22m\n\u001b[2m     \u001b[90m     |\u001b[39m                                    \u001b[31m\u001b[1m^\u001b[22m\u001b[2m\u001b[39m\u001b[22m\n\u001b[2m     \u001b[90m 197 |\u001b[39m         isValid\u001b[33m:\u001b[39m \u001b[36mfalse\u001b[39m\u001b[33m,\u001b[39m\u001b[22m\n\u001b[2m     \u001b[90m 198 |\u001b[39m         errors\u001b[33m:\u001b[39m expect\u001b[33m.\u001b[39marrayContaining([\u001b[32m'Missing required fields'\u001b[39m])\u001b[22m\n\u001b[2m     \u001b[90m 199 |\u001b[39m       })\u001b[33m;\u001b[39m\u001b[0m\u001b[22m\n\u001b[2m\u001b[22m\n\u001b[2m      \u001b[2mat Object.<anonymous> (\u001b[22m\u001b[2m\u001b[0m\u001b[36m__tests__/utils/quiz-submission-utils.test.ts\u001b[39m\u001b[0m\u001b[2m:196:36)\u001b[22m\u001b[2m\u001b[22m\n"
    },
    {
      "leaks": false,
      "numFailingTests": 0,
      "numPassingTests": 13,
      "numPendingTests": 0,
      "numTodoTests": 0,
      "openHandles": [],
      "perfStats": {
        "end": 1747915977463,
        "runtime": 17331,
        "slow": true,
        "start": 1747915960132
      },
      "skipped": false,
      "snapshot": {
        "added": 0,
        "fileDeleted": false,
        "matched": 0,
        "unchecked": 0,
        "uncheckedKeys": [],
        "unmatched": 0,
        "updated": 0
      },
      "testFilePath": "C:\\Work\\Projects\\ai-learning\\app\\dashboard\\(quiz)\\components\\__tests__\\NonAuthenticatedUserSignInPrompt.test.tsx",
      "testResults": [
        {
          "ancestorTitles": [
            "NonAuthenticatedUserSignInPrompt"
          ],
          "duration": 587,
          "failureDetails": [],
          "failureMessages": [],
          "fullName": "NonAuthenticatedUserSignInPrompt renders with default props",
          "invocations": 1,
          "location": null,
          "numPassingAsserts": 4,
          "retryReasons": [],
          "status": "passed",
          "title": "renders with default props"
        },
        {
          "ancestorTitles": [
            "NonAuthenticatedUserSignInPrompt"
          ],
          "duration": 126,
          "failureDetails": [],
          "failureMessages": [],
          "fullName": "NonAuthenticatedUserSignInPrompt calls onSignIn when sign-in button is clicked",
          "invocations": 1,
          "location": null,
          "numPassingAsserts": 1,
          "retryReasons": [],
          "status": "passed",
          "title": "calls onSignIn when sign-in button is clicked"
        },
        {
          "ancestorTitles": [
            "NonAuthenticatedUserSignInPrompt"
          ],
          "duration": 21,
          "failureDetails": [],
          "failureMessages": [],
          "fullName": "NonAuthenticatedUserSignInPrompt displays save message when showSaveMessage is true",
          "invocations": 1,
          "location": null,
          "numPassingAsserts": 1,
          "retryReasons": [],
          "status": "passed",
          "title": "displays save message when showSaveMessage is true"
        },
        {
          "ancestorTitles": [
            "NonAuthenticatedUserSignInPrompt"
          ],
          "duration": 23,
          "failureDetails": [],
          "failureMessages": [],
          "fullName": "NonAuthenticatedUserSignInPrompt does not display save message when showSaveMessage is false",
          "invocations": 1,
          "location": null,
          "numPassingAsserts": 1,
          "retryReasons": [],
          "status": "passed",
          "title": "does not display save message when showSaveMessage is false"
        },
        {
          "ancestorTitles": [
            "NonAuthenticatedUserSignInPrompt"
          ],
          "duration": 39,
          "failureDetails": [],
          "failureMessages": [],
          "fullName": "NonAuthenticatedUserSignInPrompt displays custom message when provided",
          "invocations": 1,
          "location": null,
          "numPassingAsserts": 1,
          "retryReasons": [],
          "status": "passed",
          "title": "displays custom message when provided"
        },
        {
          "ancestorTitles": [
            "NonAuthenticatedUserSignInPrompt"
          ],
          "duration": 55,
          "failureDetails": [],
          "failureMessages": [],
          "fullName": "NonAuthenticatedUserSignInPrompt redirects to default route when onSignIn not provided",
          "invocations": 1,
          "location": null,
          "numPassingAsserts": 1,
          "retryReasons": [],
          "status": "passed",
          "title": "redirects to default route when onSignIn not provided"
        },
        {
          "ancestorTitles": [
            "NonAuthenticatedUserSignInPrompt"
          ],
          "duration": 53,
          "failureDetails": [],
          "failureMessages": [],
          "fullName": "NonAuthenticatedUserSignInPrompt shows quiz type specific title",
          "invocations": 1,
          "location": null,
          "numPassingAsserts": 2,
          "retryReasons": [],
          "status": "passed",
          "title": "shows quiz type specific title"
        },
        {
          "ancestorTitles": [
            "NonAuthenticatedUserSignInPrompt"
          ],
          "duration": 45,
          "failureDetails": [],
          "failureMessages": [],
          "fullName": "NonAuthenticatedUserSignInPrompt displays score preview when provided",
          "invocations": 1,
          "location": null,
          "numPassingAsserts": 3,
          "retryReasons": [],
          "status": "passed",
          "title": "displays score preview when provided"
        },
        {
          "ancestorTitles": [
            "NonAuthenticatedUserSignInPrompt"
          ],
          "duration": 44,
          "failureDetails": [],
          "failureMessages": [],
          "fullName": "NonAuthenticatedUserSignInPrompt uses returnPath for custom callback when provided",
          "invocations": 1,
          "location": null,
          "numPassingAsserts": 1,
          "retryReasons": [],
          "status": "passed",
          "title": "uses returnPath for custom callback when provided"
        },
        {
          "ancestorTitles": [
            "NonAuthenticatedUserSignInPrompt"
          ],
          "duration": 74,
          "failureDetails": [],
          "failureMessages": [],
          "fullName": "NonAuthenticatedUserSignInPrompt displays score preview correctly when provided",
          "invocations": 1,
          "location": null,
          "numPassingAsserts": 3,
          "retryReasons": [],
          "status": "passed",
          "title": "displays score preview correctly when provided"
        },
        {
          "ancestorTitles": [
            "NonAuthenticatedUserSignInPrompt"
          ],
          "duration": 38,
          "failureDetails": [],
          "failureMessages": [],
          "fullName": "NonAuthenticatedUserSignInPrompt displays appropriate feedback for low scores",
          "invocations": 1,
          "location": null,
          "numPassingAsserts": 3,
          "retryReasons": [],
          "status": "passed",
          "title": "displays appropriate feedback for low scores"
        },
        {
          "ancestorTitles": [
            "NonAuthenticatedUserSignInPrompt"
          ],
          "duration": 223,
          "failureDetails": [],
          "failureMessages": [],
          "fullName": "NonAuthenticatedUserSignInPrompt handles sign in button click with loading state",
          "invocations": 1,
          "location": null,
          "numPassingAsserts": 1,
          "retryReasons": [],
          "status": "passed",
          "title": "handles sign in button click with loading state"
        },
        {
          "ancestorTitles": [
            "NonAuthenticatedUserSignInPrompt"
          ],
          "duration": 101,
          "failureDetails": [],
          "failureMessages": [],
          "fullName": "NonAuthenticatedUserSignInPrompt renders with custom return path",
          "invocations": 1,
          "location": null,
          "numPassingAsserts": 1,
          "retryReasons": [],
          "status": "passed",
          "title": "renders with custom return path"
        }
      ],
      "failureMessage": null
    },
    {
      "leaks": false,
      "numFailingTests": 1,
      "numPassingTests": 3,
      "numPendingTests": 0,
      "numTodoTests": 0,
      "openHandles": [],
      "perfStats": {
        "end": 1747915979655,
        "runtime": 16053,
        "slow": true,
        "start": 1747915963602
      },
      "skipped": false,
      "snapshot": {
        "added": 0,
        "fileDeleted": false,
        "matched": 0,
        "unchecked": 0,
        "uncheckedKeys": [],
        "unmatched": 0,
        "updated": 0
      },
      "testFilePath": "C:\\Work\\Projects\\ai-learning\\app\\dashboard\\(quiz)\\mcq\\[slug]\\mcq-quiz-wrapper.test.tsx",
      "testResults": [
        {
          "ancestorTitles": [
            "McqQuizWrapper"
          ],
          "duration": 1671,
          "failureDetails": [],
          "failureMessages": [],
          "fullName": "McqQuizWrapper renders the current question",
          "invocations": 1,
          "location": null,
          "numPassingAsserts": 1,
          "retryReasons": [],
          "status": "passed",
          "title": "renders the current question"
        },
        {
          "ancestorTitles": [
            "McqQuizWrapper"
          ],
          "duration": 110,
          "failureDetails": [],
          "failureMessages": [],
          "fullName": "McqQuizWrapper moves to the next question when answering",
          "invocations": 1,
          "location": null,
          "numPassingAsserts": 1,
          "retryReasons": [],
          "status": "passed",
          "title": "moves to the next question when answering"
        },
        {
          "ancestorTitles": [
            "McqQuizWrapper"
          ],
          "duration": 52,
          "failureDetails": [
            {
              "matcherResult": {
                "message": "\u001b[2mexpect(\u001b[22m\u001b[31mjest.fn()\u001b[39m\u001b[2m).\u001b[22mtoHaveBeenCalledWith\u001b[2m(\u001b[22m\u001b[32m...expected\u001b[39m\u001b[2m)\u001b[22m\n\nExpected: \u001b[32mObjectContaining {\"type\": \"quiz/submitQuiz\"}\u001b[39m\nReceived: \u001b[31m{\"payload\": {\"answer\": \"A library\", \"isCorrect\": true, \"questionId\": \"q1\", \"timeSpent\": 10}, \"type\": \"quiz/setUserAnswer\"}\u001b[39m\n\nNumber of calls: \u001b[31m1\u001b[39m",
                "pass": false
              }
            }
          ],
          "failureMessages": [
            "Error: \u001b[2mexpect(\u001b[22m\u001b[31mjest.fn()\u001b[39m\u001b[2m).\u001b[22mtoHaveBeenCalledWith\u001b[2m(\u001b[22m\u001b[32m...expected\u001b[39m\u001b[2m)\u001b[22m\n\nExpected: \u001b[32mObjectContaining {\"type\": \"quiz/submitQuiz\"}\u001b[39m\nReceived: \u001b[31m{\"payload\": {\"answer\": \"A library\", \"isCorrect\": true, \"questionId\": \"q1\", \"timeSpent\": 10}, \"type\": \"quiz/setUserAnswer\"}\u001b[39m\n\nNumber of calls: \u001b[31m1\u001b[39m\n    at Object.toHaveBeenCalledWith (C:\\Work\\Projects\\ai-learning\\app\\dashboard\\(quiz)\\mcq\\[slug]\\mcq-quiz-wrapper.test.tsx:156:26)"
          ],
          "fullName": "McqQuizWrapper completes the quiz on last question and navigates to results",
          "invocations": 1,
          "location": null,
          "numPassingAsserts": 0,
          "retryReasons": [],
          "status": "failed",
          "title": "completes the quiz on last question and navigates to results"
        },
        {
          "ancestorTitles": [
            "McqQuizWrapper"
          ],
          "duration": 34,
          "failureDetails": [],
          "failureMessages": [],
          "fullName": "McqQuizWrapper handles quiz with no questions properly",
          "invocations": 1,
          "location": null,
          "numPassingAsserts": 1,
          "retryReasons": [],
          "status": "passed",
          "title": "handles quiz with no questions properly"
        }
      ],
      "failureMessage": "\u001b[1m\u001b[31m  \u001b[1m● \u001b[22m\u001b[1mMcqQuizWrapper › completes the quiz on last question and navigates to results\u001b[39m\u001b[22m\n\n    \u001b[2mexpect(\u001b[22m\u001b[31mjest.fn()\u001b[39m\u001b[2m).\u001b[22mtoHaveBeenCalledWith\u001b[2m(\u001b[22m\u001b[32m...expected\u001b[39m\u001b[2m)\u001b[22m\n\n    Expected: \u001b[32mObjectContaining {\"type\": \"quiz/submitQuiz\"}\u001b[39m\n    Received: \u001b[31m{\"payload\": {\"answer\": \"A library\", \"isCorrect\": true, \"questionId\": \"q1\", \"timeSpent\": 10}, \"type\": \"quiz/setUserAnswer\"}\u001b[39m\n\n    Number of calls: \u001b[31m1\u001b[39m\n\u001b[2m\u001b[22m\n\u001b[2m    \u001b[0m \u001b[90m 154 |\u001b[39m     \u001b[22m\n\u001b[2m     \u001b[90m 155 |\u001b[39m     \u001b[90m// Check for quiz submit action\u001b[39m\u001b[22m\n\u001b[2m    \u001b[31m\u001b[1m>\u001b[22m\u001b[2m\u001b[39m\u001b[90m 156 |\u001b[39m     expect(mockDispatch)\u001b[33m.\u001b[39mtoHaveBeenCalledWith(expect\u001b[33m.\u001b[39mobjectContaining({\u001b[22m\n\u001b[2m     \u001b[90m     |\u001b[39m                          \u001b[31m\u001b[1m^\u001b[22m\u001b[2m\u001b[39m\u001b[22m\n\u001b[2m     \u001b[90m 157 |\u001b[39m       type\u001b[33m:\u001b[39m \u001b[32m\"quiz/submitQuiz\"\u001b[39m\u001b[22m\n\u001b[2m     \u001b[90m 158 |\u001b[39m     }))\u001b[22m\n\u001b[2m     \u001b[90m 159 |\u001b[39m     \u001b[0m\u001b[22m\n\u001b[2m\u001b[22m\n\u001b[2m      \u001b[2mat Object.toHaveBeenCalledWith (C:\\Work\\Projects\\ai-learning\\app\\dashboard\\(quiz)\u001b[22m\u001b[2m../../../mcq/[slug]/mcq-quiz-wrapper.test.tsx\u001b[2m:156:26)\u001b[22m\u001b[2m\u001b[22m\n"
    },
    {
      "leaks": false,
      "numFailingTests": 0,
      "numPassingTests": 10,
      "numPendingTests": 0,
      "numTodoTests": 0,
      "openHandles": [],
      "perfStats": {
        "end": 1747915980765,
        "runtime": 16863,
        "slow": true,
        "start": 1747915963902
      },
      "skipped": false,
      "snapshot": {
        "added": 0,
        "fileDeleted": false,
        "matched": 0,
        "unchecked": 0,
        "uncheckedKeys": [],
        "unmatched": 0,
        "updated": 0
      },
      "testFilePath": "C:\\Work\\Projects\\ai-learning\\app\\dashboard\\(quiz)\\mcq\\components\\mcq-quiz.test.tsx",
      "testResults": [
        {
          "ancestorTitles": [
            "McqQuiz Component"
          ],
          "duration": 1111,
          "failureDetails": [],
          "failureMessages": [],
          "fullName": "McqQuiz Component renders the question and options correctly",
          "invocations": 1,
          "location": null,
          "numPassingAsserts": 4,
          "retryReasons": [],
          "status": "passed",
          "title": "renders the question and options correctly"
        },
        {
          "ancestorTitles": [
            "McqQuiz Component"
          ],
          "duration": 126,
          "failureDetails": [],
          "failureMessages": [],
          "fullName": "McqQuiz Component allows selecting an option",
          "invocations": 1,
          "location": null,
          "numPassingAsserts": 1,
          "retryReasons": [],
          "status": "passed",
          "title": "allows selecting an option"
        },
        {
          "ancestorTitles": [
            "McqQuiz Component"
          ],
          "duration": 150,
          "failureDetails": [],
          "failureMessages": [],
          "fullName": "McqQuiz Component shows warning when trying to submit without selecting an option",
          "invocations": 1,
          "location": null,
          "numPassingAsserts": 4,
          "retryReasons": [],
          "status": "passed",
          "title": "shows warning when trying to submit without selecting an option"
        },
        {
          "ancestorTitles": [
            "McqQuiz Component"
          ],
          "duration": 105,
          "failureDetails": [],
          "failureMessages": [],
          "fullName": "McqQuiz Component handles correct answer submission",
          "invocations": 1,
          "location": null,
          "numPassingAsserts": 1,
          "retryReasons": [],
          "status": "passed",
          "title": "handles correct answer submission"
        },
        {
          "ancestorTitles": [
            "McqQuiz Component"
          ],
          "duration": 54,
          "failureDetails": [],
          "failureMessages": [],
          "fullName": "McqQuiz Component handles incorrect answer submission",
          "invocations": 1,
          "location": null,
          "numPassingAsserts": 1,
          "retryReasons": [],
          "status": "passed",
          "title": "handles incorrect answer submission"
        },
        {
          "ancestorTitles": [
            "McqQuiz Component"
          ],
          "duration": 52,
          "failureDetails": [],
          "failureMessages": [],
          "fullName": "McqQuiz Component shows submitting state when submitting an answer",
          "invocations": 1,
          "location": null,
          "numPassingAsserts": 2,
          "retryReasons": [],
          "status": "passed",
          "title": "shows submitting state when submitting an answer"
        },
        {
          "ancestorTitles": [
            "McqQuiz Component"
          ],
          "duration": 26,
          "failureDetails": [],
          "failureMessages": [],
          "fullName": "McqQuiz Component shows \"Submit Quiz\" when on last question",
          "invocations": 1,
          "location": null,
          "numPassingAsserts": 1,
          "retryReasons": [],
          "status": "passed",
          "title": "shows \"Submit Quiz\" when on last question"
        },
        {
          "ancestorTitles": [
            "McqQuiz Component"
          ],
          "duration": 52,
          "failureDetails": [],
          "failureMessages": [],
          "fullName": "McqQuiz Component shows \"Submitting Quiz...\" when submitting last question",
          "invocations": 1,
          "location": null,
          "numPassingAsserts": 1,
          "retryReasons": [],
          "status": "passed",
          "title": "shows \"Submitting Quiz...\" when submitting last question"
        },
        {
          "ancestorTitles": [
            "McqQuiz Component"
          ],
          "duration": 70,
          "failureDetails": [],
          "failureMessages": [],
          "fullName": "McqQuiz Component disables multi-submission for the same question",
          "invocations": 1,
          "location": null,
          "numPassingAsserts": 1,
          "retryReasons": [],
          "status": "passed",
          "title": "disables multi-submission for the same question"
        },
        {
          "ancestorTitles": [
            "McqQuiz Component"
          ],
          "duration": 79,
          "failureDetails": [],
          "failureMessages": [],
          "fullName": "McqQuiz Component resets state when question changes",
          "invocations": 1,
          "location": null,
          "numPassingAsserts": 3,
          "retryReasons": [],
          "status": "passed",
          "title": "resets state when question changes"
        }
      ],
      "failureMessage": null
    },
    {
      "leaks": false,
      "numFailingTests": 0,
      "numPassingTests": 9,
      "numPendingTests": 0,
      "numTodoTests": 0,
      "openHandles": [],
      "perfStats": {
        "end": 1747915980730,
        "runtime": 16005,
        "slow": true,
        "start": 1747915964725
      },
      "skipped": false,
      "snapshot": {
        "added": 0,
        "fileDeleted": false,
        "matched": 0,
        "unchecked": 0,
        "uncheckedKeys": [],
        "unmatched": 0,
        "updated": 0
      },
      "testFilePath": "C:\\Work\\Projects\\ai-learning\\__tests__\\e2e\\code-quiz-flow.test.tsx",
      "testResults": [
        {
          "ancestorTitles": [
            "Code Quiz Flow End-to-End Test",
            "Authenticated User Flow"
          ],
          "duration": 403,
          "failureDetails": [],
          "failureMessages": [],
          "fullName": "Code Quiz Flow End-to-End Test Authenticated User Flow should allow user to complete code quiz and see results",
          "invocations": 1,
          "location": null,
          "numPassingAsserts": 6,
          "retryReasons": [],
          "status": "passed",
          "title": "should allow user to complete code quiz and see results"
        },
        {
          "ancestorTitles": [
            "Code Quiz Flow End-to-End Test",
            "Authenticated User Flow"
          ],
          "duration": 33,
          "failureDetails": [],
          "failureMessages": [],
          "fullName": "Code Quiz Flow End-to-End Test Authenticated User Flow should track code submissions for each question",
          "invocations": 1,
          "location": null,
          "numPassingAsserts": 1,
          "retryReasons": [],
          "status": "passed",
          "title": "should track code submissions for each question"
        },
        {
          "ancestorTitles": [
            "Code Quiz Flow End-to-End Test",
            "Authenticated User Flow"
          ],
          "duration": 23,
          "failureDetails": [],
          "failureMessages": [],
          "fullName": "Code Quiz Flow End-to-End Test Authenticated User Flow should handle quiz reset when requested",
          "invocations": 1,
          "location": null,
          "numPassingAsserts": 1,
          "retryReasons": [],
          "status": "passed",
          "title": "should handle quiz reset when requested"
        },
        {
          "ancestorTitles": [
            "Code Quiz Flow End-to-End Test",
            "Unauthenticated User Flow"
          ],
          "duration": 30,
          "failureDetails": [],
          "failureMessages": [],
          "fullName": "Code Quiz Flow End-to-End Test Unauthenticated User Flow should allow unauthenticated users to take the quiz",
          "invocations": 1,
          "location": null,
          "numPassingAsserts": 2,
          "retryReasons": [],
          "status": "passed",
          "title": "should allow unauthenticated users to take the quiz"
        },
        {
          "ancestorTitles": [
            "Code Quiz Flow End-to-End Test",
            "Unauthenticated User Flow"
          ],
          "duration": 27,
          "failureDetails": [],
          "failureMessages": [],
          "fullName": "Code Quiz Flow End-to-End Test Unauthenticated User Flow should prompt for authentication when saving results",
          "invocations": 1,
          "location": null,
          "numPassingAsserts": 2,
          "retryReasons": [],
          "status": "passed",
          "title": "should prompt for authentication when saving results"
        },
        {
          "ancestorTitles": [
            "Code Quiz Flow End-to-End Test",
            "Error Handling"
          ],
          "duration": 59,
          "failureDetails": [],
          "failureMessages": [],
          "fullName": "Code Quiz Flow End-to-End Test Error Handling should handle quiz data loading errors",
          "invocations": 1,
          "location": null,
          "numPassingAsserts": 4,
          "retryReasons": [],
          "status": "passed",
          "title": "should handle quiz data loading errors"
        },
        {
          "ancestorTitles": [
            "Code Quiz Flow End-to-End Test",
            "Error Handling"
          ],
          "duration": 27,
          "failureDetails": [],
          "failureMessages": [],
          "fullName": "Code Quiz Flow End-to-End Test Error Handling should handle invalid quiz data with missing questions",
          "invocations": 1,
          "location": null,
          "numPassingAsserts": 2,
          "retryReasons": [],
          "status": "passed",
          "title": "should handle invalid quiz data with missing questions"
        },
        {
          "ancestorTitles": [
            "Code Quiz Flow End-to-End Test",
            "UI and Interaction"
          ],
          "duration": 14,
          "failureDetails": [],
          "failureMessages": [],
          "fullName": "Code Quiz Flow End-to-End Test UI and Interaction should display code editor with initial code",
          "invocations": 1,
          "location": null,
          "numPassingAsserts": 4,
          "retryReasons": [],
          "status": "passed",
          "title": "should display code editor with initial code"
        },
        {
          "ancestorTitles": [
            "Code Quiz Flow End-to-End Test",
            "UI and Interaction"
          ],
          "duration": 18,
          "failureDetails": [],
          "failureMessages": [],
          "fullName": "Code Quiz Flow End-to-End Test UI and Interaction should allow code typing and submission",
          "invocations": 1,
          "location": null,
          "numPassingAsserts": 1,
          "retryReasons": [],
          "status": "passed",
          "title": "should allow code typing and submission"
        }
      ],
      "failureMessage": null
    },
    {
      "leaks": false,
      "numFailingTests": 0,
      "numPassingTests": 10,
      "numPendingTests": 0,
      "numTodoTests": 0,
      "openHandles": [],
      "perfStats": {
        "end": 1747915981256,
        "runtime": 16603,
        "slow": true,
        "start": 1747915964653
      },
      "skipped": false,
      "snapshot": {
        "added": 0,
        "fileDeleted": false,
        "matched": 0,
        "unchecked": 0,
        "uncheckedKeys": [],
        "unmatched": 0,
        "updated": 0
      },
      "testFilePath": "C:\\Work\\Projects\\ai-learning\\__tests__\\hooks\\useAuth.test.tsx",
      "testResults": [
        {
          "ancestorTitles": [
            "useAuth hook"
          ],
          "duration": 117,
          "failureDetails": [],
          "failureMessages": [],
          "fullName": "useAuth hook should return authenticated status when session exists",
          "invocations": 1,
          "location": null,
          "numPassingAsserts": 2,
          "retryReasons": [],
          "status": "passed",
          "title": "should return authenticated status when session exists"
        },
        {
          "ancestorTitles": [
            "useAuth hook"
          ],
          "duration": 10,
          "failureDetails": [],
          "failureMessages": [],
          "fullName": "useAuth hook should return unauthenticated status when session is missing",
          "invocations": 1,
          "location": null,
          "numPassingAsserts": 1,
          "retryReasons": [],
          "status": "passed",
          "title": "should return unauthenticated status when session is missing"
        },
        {
          "ancestorTitles": [
            "useAuth hook"
          ],
          "duration": 13,
          "failureDetails": [],
          "failureMessages": [],
          "fullName": "useAuth hook should detect fromAuth parameter in URL",
          "invocations": 1,
          "location": null,
          "numPassingAsserts": 1,
          "retryReasons": [],
          "status": "passed",
          "title": "should detect fromAuth parameter in URL"
        },
        {
          "ancestorTitles": [
            "useAuth hook"
          ],
          "duration": 7,
          "failureDetails": [],
          "failureMessages": [],
          "fullName": "useAuth hook should not detect fromAuth when parameter is missing",
          "invocations": 1,
          "location": null,
          "numPassingAsserts": 1,
          "retryReasons": [],
          "status": "passed",
          "title": "should not detect fromAuth when parameter is missing"
        },
        {
          "ancestorTitles": [
            "useAuth hook"
          ],
          "duration": 15,
          "failureDetails": [],
          "failureMessages": [],
          "fullName": "useAuth hook should call signIn when requireAuth is called and user is unauthenticated",
          "invocations": 1,
          "location": null,
          "numPassingAsserts": 1,
          "retryReasons": [],
          "status": "passed",
          "title": "should call signIn when requireAuth is called and user is unauthenticated"
        },
        {
          "ancestorTitles": [
            "useAuth hook"
          ],
          "duration": 10,
          "failureDetails": [],
          "failureMessages": [],
          "fullName": "useAuth hook should not call signIn when requireAuth is called but user is authenticated",
          "invocations": 1,
          "location": null,
          "numPassingAsserts": 1,
          "retryReasons": [],
          "status": "passed",
          "title": "should not call signIn when requireAuth is called but user is authenticated"
        },
        {
          "ancestorTitles": [
            "useAuth hook"
          ],
          "duration": 8,
          "failureDetails": [],
          "failureMessages": [],
          "fullName": "useAuth hook should parse redirect info from URL",
          "invocations": 1,
          "location": null,
          "numPassingAsserts": 1,
          "retryReasons": [],
          "status": "passed",
          "title": "should parse redirect info from URL"
        },
        {
          "ancestorTitles": [
            "useAuth hook"
          ],
          "duration": 7,
          "failureDetails": [],
          "failureMessages": [],
          "fullName": "useAuth hook should handle missing redirect info",
          "invocations": 1,
          "location": null,
          "numPassingAsserts": 1,
          "retryReasons": [],
          "status": "passed",
          "title": "should handle missing redirect info"
        },
        {
          "ancestorTitles": [
            "_createMockUseAuth"
          ],
          "duration": 13,
          "failureDetails": [],
          "failureMessages": [],
          "fullName": "_createMockUseAuth should create default mock",
          "invocations": 1,
          "location": null,
          "numPassingAsserts": 8,
          "retryReasons": [],
          "status": "passed",
          "title": "should create default mock"
        },
        {
          "ancestorTitles": [
            "_createMockUseAuth"
          ],
          "duration": 2,
          "failureDetails": [],
          "failureMessages": [],
          "fullName": "_createMockUseAuth should override defaults",
          "invocations": 1,
          "location": null,
          "numPassingAsserts": 3,
          "retryReasons": [],
          "status": "passed",
          "title": "should override defaults"
        }
      ],
      "failureMessage": null
    },
    {
      "leaks": false,
      "numFailingTests": 0,
      "numPassingTests": 9,
      "numPendingTests": 0,
      "numTodoTests": 0,
      "openHandles": [],
      "perfStats": {
        "end": 1747915981757,
        "runtime": 15396,
        "slow": true,
        "start": 1747915966361
      },
      "skipped": false,
      "snapshot": {
        "added": 0,
        "fileDeleted": false,
        "matched": 0,
        "unchecked": 0,
        "uncheckedKeys": [],
        "unmatched": 0,
        "updated": 0
      },
      "testFilePath": "C:\\Work\\Projects\\ai-learning\\__tests__\\e2e\\mcq-quiz-flow.test.tsx",
      "testResults": [
        {
          "ancestorTitles": [
            "MCQ Quiz Flow End-to-End Test",
            "Authenticated User Flow"
          ],
          "duration": 441,
          "failureDetails": [],
          "failureMessages": [],
          "fullName": "MCQ Quiz Flow End-to-End Test Authenticated User Flow should allow user to complete MCQ quiz and see results",
          "invocations": 1,
          "location": null,
          "numPassingAsserts": 6,
          "retryReasons": [],
          "status": "passed",
          "title": "should allow user to complete MCQ quiz and see results"
        },
        {
          "ancestorTitles": [
            "MCQ Quiz Flow End-to-End Test",
            "Authenticated User Flow"
          ],
          "duration": 72,
          "failureDetails": [],
          "failureMessages": [],
          "fullName": "MCQ Quiz Flow End-to-End Test Authenticated User Flow should track correct/incorrect answers",
          "invocations": 1,
          "location": null,
          "numPassingAsserts": 2,
          "retryReasons": [],
          "status": "passed",
          "title": "should track correct/incorrect answers"
        },
        {
          "ancestorTitles": [
            "MCQ Quiz Flow End-to-End Test",
            "Authenticated User Flow"
          ],
          "duration": 42,
          "failureDetails": [],
          "failureMessages": [],
          "fullName": "MCQ Quiz Flow End-to-End Test Authenticated User Flow should handle quiz reset when requested",
          "invocations": 1,
          "location": null,
          "numPassingAsserts": 1,
          "retryReasons": [],
          "status": "passed",
          "title": "should handle quiz reset when requested"
        },
        {
          "ancestorTitles": [
            "MCQ Quiz Flow End-to-End Test",
            "Authenticated User Flow"
          ],
          "duration": 35,
          "failureDetails": [],
          "failureMessages": [],
          "fullName": "MCQ Quiz Flow End-to-End Test Authenticated User Flow should verify quiz submission action is dispatched with correct payload",
          "invocations": 1,
          "location": null,
          "numPassingAsserts": 2,
          "retryReasons": [],
          "status": "passed",
          "title": "should verify quiz submission action is dispatched with correct payload"
        },
        {
          "ancestorTitles": [
            "MCQ Quiz Flow End-to-End Test",
            "Unauthenticated User Flow"
          ],
          "duration": 26,
          "failureDetails": [],
          "failureMessages": [],
          "fullName": "MCQ Quiz Flow End-to-End Test Unauthenticated User Flow should allow unauthenticated users to take the quiz",
          "invocations": 1,
          "location": null,
          "numPassingAsserts": 2,
          "retryReasons": [],
          "status": "passed",
          "title": "should allow unauthenticated users to take the quiz"
        },
        {
          "ancestorTitles": [
            "MCQ Quiz Flow End-to-End Test",
            "Unauthenticated User Flow"
          ],
          "duration": 19,
          "failureDetails": [],
          "failureMessages": [],
          "fullName": "MCQ Quiz Flow End-to-End Test Unauthenticated User Flow should show authentication prompt on certain actions",
          "invocations": 1,
          "location": null,
          "numPassingAsserts": 2,
          "retryReasons": [],
          "status": "passed",
          "title": "should show authentication prompt on certain actions"
        },
        {
          "ancestorTitles": [
            "MCQ Quiz Flow End-to-End Test",
            "Error Handling"
          ],
          "duration": 35,
          "failureDetails": [],
          "failureMessages": [],
          "fullName": "MCQ Quiz Flow End-to-End Test Error Handling should handle quiz data loading errors",
          "invocations": 1,
          "location": null,
          "numPassingAsserts": 2,
          "retryReasons": [],
          "status": "passed",
          "title": "should handle quiz data loading errors"
        },
        {
          "ancestorTitles": [
            "MCQ Quiz Flow End-to-End Test",
            "Error Handling"
          ],
          "duration": 20,
          "failureDetails": [],
          "failureMessages": [],
          "fullName": "MCQ Quiz Flow End-to-End Test Error Handling should handle invalid quiz data with missing questions",
          "invocations": 1,
          "location": null,
          "numPassingAsserts": 1,
          "retryReasons": [],
          "status": "passed",
          "title": "should handle invalid quiz data with missing questions"
        },
        {
          "ancestorTitles": [
            "MCQ Quiz Flow End-to-End Test",
            "UI Features"
          ],
          "duration": 18,
          "failureDetails": [],
          "failureMessages": [],
          "fullName": "MCQ Quiz Flow End-to-End Test UI Features should display correct question number and options",
          "invocations": 1,
          "location": null,
          "numPassingAsserts": 7,
          "retryReasons": [],
          "status": "passed",
          "title": "should display correct question number and options"
        }
      ],
      "failureMessage": null
    },
    {
      "leaks": false,
      "numFailingTests": 0,
      "numPassingTests": 6,
      "numPendingTests": 0,
      "numTodoTests": 0,
      "openHandles": [],
      "perfStats": {
        "end": 1747915982678,
        "runtime": 4059,
        "slow": false,
        "start": 1747915978619
      },
      "skipped": false,
      "snapshot": {
        "added": 0,
        "fileDeleted": false,
        "matched": 0,
        "unchecked": 0,
        "uncheckedKeys": [],
        "unmatched": 0,
        "updated": 0
      },
      "testFilePath": "C:\\Work\\Projects\\ai-learning\\__tests__\\api\\quizzes\\common\\slug\\complete\\route.test.ts",
      "testResults": [
        {
          "ancestorTitles": [
            "Quiz Complete API Route"
          ],
          "duration": 243,
          "failureDetails": [],
          "failureMessages": [],
          "fullName": "Quiz Complete API Route should handle MCQ quiz completion correctly",
          "invocations": 1,
          "location": null,
          "numPassingAsserts": 9,
          "retryReasons": [],
          "status": "passed",
          "title": "should handle MCQ quiz completion correctly"
        },
        {
          "ancestorTitles": [
            "Quiz Complete API Route"
          ],
          "duration": 23,
          "failureDetails": [],
          "failureMessages": [],
          "fullName": "Quiz Complete API Route should handle CODE quiz completion correctly",
          "invocations": 1,
          "location": null,
          "numPassingAsserts": 7,
          "retryReasons": [],
          "status": "passed",
          "title": "should handle CODE quiz completion correctly"
        },
        {
          "ancestorTitles": [
            "Quiz Complete API Route"
          ],
          "duration": 6,
          "failureDetails": [],
          "failureMessages": [],
          "fullName": "Quiz Complete API Route should validate required fields",
          "invocations": 1,
          "location": null,
          "numPassingAsserts": 4,
          "retryReasons": [],
          "status": "passed",
          "title": "should validate required fields"
        },
        {
          "ancestorTitles": [
            "Quiz Complete API Route"
          ],
          "duration": 5,
          "failureDetails": [],
          "failureMessages": [],
          "fullName": "Quiz Complete API Route should validate answer format",
          "invocations": 1,
          "location": null,
          "numPassingAsserts": 3,
          "retryReasons": [],
          "status": "passed",
          "title": "should validate answer format"
        },
        {
          "ancestorTitles": [
            "Quiz Complete API Route"
          ],
          "duration": 9,
          "failureDetails": [],
          "failureMessages": [],
          "fullName": "Quiz Complete API Route should handle case where quiz is not found",
          "invocations": 1,
          "location": null,
          "numPassingAsserts": 3,
          "retryReasons": [],
          "status": "passed",
          "title": "should handle case where quiz is not found"
        },
        {
          "ancestorTitles": [
            "Quiz Complete API Route"
          ],
          "duration": 2,
          "failureDetails": [],
          "failureMessages": [],
          "fullName": "Quiz Complete API Route should require authentication",
          "invocations": 1,
          "location": null,
          "numPassingAsserts": 3,
          "retryReasons": [],
          "status": "passed",
          "title": "should require authentication"
        }
      ],
      "failureMessage": null
    },
    {
      "leaks": false,
      "numFailingTests": 0,
      "numPassingTests": 1,
      "numPendingTests": 0,
      "numTodoTests": 0,
      "openHandles": [],
      "perfStats": {
        "end": 1747915982753,
        "runtime": 2609,
        "slow": false,
        "start": 1747915980144
      },
      "skipped": false,
      "snapshot": {
        "added": 0,
        "fileDeleted": false,
        "matched": 0,
        "unchecked": 0,
        "uncheckedKeys": [],
        "unmatched": 0,
        "updated": 0
      },
      "testFilePath": "C:\\Work\\Projects\\ai-learning\\__tests__\\api\\quiz\\quizRoutes.test.ts",
      "testResults": [
        {
          "ancestorTitles": [
            "Quiz API Routes"
          ],
          "duration": 1,
          "failureDetails": [],
          "failureMessages": [],
          "fullName": "Quiz API Routes should be set up for testing",
          "invocations": 1,
          "location": null,
          "numPassingAsserts": 1,
          "retryReasons": [],
          "status": "passed",
          "title": "should be set up for testing"
        }
      ],
      "failureMessage": null
    },
    {
      "leaks": false,
      "numFailingTests": 0,
      "numPassingTests": 2,
      "numPendingTests": 0,
      "numTodoTests": 0,
      "openHandles": [],
      "perfStats": {
        "end": 1747915983172,
        "runtime": 1657,
        "slow": false,
        "start": 1747915981515
      },
      "skipped": false,
      "snapshot": {
        "added": 0,
        "fileDeleted": false,
        "matched": 0,
        "unchecked": 0,
        "uncheckedKeys": [],
        "unmatched": 0,
        "updated": 0
      },
      "testFilePath": "C:\\Work\\Projects\\ai-learning\\__tests__\\utils\\QuizHelpers.test.tsx",
      "testResults": [
        {
          "ancestorTitles": [
            "QuizHelpers",
            "createResultsPreview"
          ],
          "duration": 4,
          "failureDetails": [],
          "failureMessages": [],
          "fullName": "QuizHelpers createResultsPreview calculates scores correctly",
          "invocations": 1,
          "location": null,
          "numPassingAsserts": 6,
          "retryReasons": [],
          "status": "passed",
          "title": "calculates scores correctly"
        },
        {
          "ancestorTitles": [
            "QuizHelpers",
            "prepareSubmissionPayload"
          ],
          "duration": 3,
          "failureDetails": [],
          "failureMessages": [],
          "fullName": "QuizHelpers prepareSubmissionPayload formats answers correctly",
          "invocations": 1,
          "location": null,
          "numPassingAsserts": 6,
          "retryReasons": [],
          "status": "passed",
          "title": "formats answers correctly"
        }
      ],
      "failureMessage": null
    },
    {
      "leaks": false,
      "numFailingTests": 0,
      "numPassingTests": 1,
      "numPendingTests": 0,
      "numTodoTests": 0,
      "openHandles": [],
      "perfStats": {
        "end": 1747915983433,
        "runtime": 9260,
        "slow": true,
        "start": 1747915974173
      },
      "skipped": false,
      "snapshot": {
        "added": 0,
        "fileDeleted": false,
        "matched": 0,
        "unchecked": 0,
        "uncheckedKeys": [],
        "unmatched": 0,
        "updated": 0
      },
      "testFilePath": "C:\\Work\\Projects\\ai-learning\\__tests__\\mocks\\mockAnimationProvider.test.tsx",
      "testResults": [
        {
          "ancestorTitles": [
            "Animation Provider Mock"
          ],
          "duration": 68,
          "failureDetails": [],
          "failureMessages": [],
          "fullName": "Animation Provider Mock should provide animation context with animations disabled by default",
          "invocations": 1,
          "location": null,
          "numPassingAsserts": 1,
          "retryReasons": [],
          "status": "passed",
          "title": "should provide animation context with animations disabled by default"
        }
      ],
      "failureMessage": null
    },
    {
      "leaks": false,
      "numFailingTests": 0,
      "numPassingTests": 5,
      "numPendingTests": 0,
      "numTodoTests": 0,
      "openHandles": [],
      "perfStats": {
        "end": 1747915984208,
        "runtime": 9001,
        "slow": true,
        "start": 1747915975207
      },
      "skipped": false,
      "snapshot": {
        "added": 0,
        "fileDeleted": false,
        "matched": 0,
        "unchecked": 0,
        "uncheckedKeys": [],
        "unmatched": 0,
        "updated": 0
      },
      "testFilePath": "C:\\Work\\Projects\\ai-learning\\app\\dashboard\\(quiz)\\mcq\\[slug]\\results\\results-page.test.tsx",
      "testResults": [
        {
          "ancestorTitles": [
            "McqResultsPage"
          ],
          "duration": 77,
          "failureDetails": [],
          "failureMessages": [],
          "fullName": "McqResultsPage shows loading state when fetching results",
          "invocations": 1,
          "location": null,
          "numPassingAsserts": 1,
          "retryReasons": [],
          "status": "passed",
          "title": "shows loading state when fetching results"
        },
        {
          "ancestorTitles": [
            "McqResultsPage"
          ],
          "duration": 11,
          "failureDetails": [],
          "failureMessages": [],
          "fullName": "McqResultsPage shows sign in prompt for unauthenticated users",
          "invocations": 1,
          "location": null,
          "numPassingAsserts": 1,
          "retryReasons": [],
          "status": "passed",
          "title": "shows sign in prompt for unauthenticated users"
        },
        {
          "ancestorTitles": [
            "McqResultsPage"
          ],
          "duration": 53,
          "failureDetails": [],
          "failureMessages": [],
          "fullName": "McqResultsPage shows saved results when available",
          "invocations": 1,
          "location": null,
          "numPassingAsserts": 2,
          "retryReasons": [],
          "status": "passed",
          "title": "shows saved results when available"
        },
        {
          "ancestorTitles": [
            "McqResultsPage"
          ],
          "duration": 123,
          "failureDetails": [],
          "failureMessages": [],
          "fullName": "McqResultsPage shows temporary results with save button after quiz completion",
          "invocations": 1,
          "location": null,
          "numPassingAsserts": 3,
          "retryReasons": [],
          "status": "passed",
[...]
erWithHooks (\u001b[22m\u001b[2mnode_modules/react-dom/cjs/react-dom.development.js\u001b[2m:15486:18)\u001b[22m\u001b[2m\u001b[22m\n\u001b[2m      \u001b[2mat mountIndeterminateComponent (\u001b[22m\u001b[2mnode_modules/react-dom/cjs/react-dom.development.js\u001b[2m:20103:13)\u001b[22m\u001b[2m\u001b[22m\n\u001b[2m      \u001b[2mat beginWork (\u001b[22m\u001b[2mnode_modules/react-dom/cjs/react-dom.development.js\u001b[2m:21626:16)\u001b[22m\u001b[2m\u001b[22m\n\u001b[2m      \u001b[2mat beginWork$1 (\u001b[22m\u001b[2mnode_modules/react-dom/cjs/react-dom.development.js\u001b[2m:27465:14)\u001b[22m\u001b[2m\u001b[22m\n\u001b[2m      \u001b[2mat performUnitOfWork (\u001b[22m\u001b[2mnode_modules/react-dom/cjs/react-dom.development.js\u001b[2m:26599:12)\u001b[22m\u001b[2m\u001b[22m\n\u001b[2m      \u001b[2mat workLoopSync (\u001b[22m\u001b[2mnode_modules/react-dom/cjs/react-dom.development.js\u001b[2m:26505:5)\u001b[22m\u001b[2m\u001b[22m\n\u001b[2m      \u001b[2mat renderRootSync (\u001b[22m\u001b[2mnode_modules/react-dom/cjs/react-dom.development.js\u001b[2m:26473:7)\u001b[22m\u001b[2m\u001b[22m\n\u001b[2m      \u001b[2mat recoverFromConcurrentError (\u001b[22m\u001b[2mnode_modules/react-dom/cjs/react-dom.development.js\u001b[2m:25889:20)\u001b[22m\u001b[2m\u001b[22m\n\u001b[2m      \u001b[2mat performConcurrentWorkOnRoot (\u001b[22m\u001b[2mnode_modules/react-dom/cjs/react-dom.development.js\u001b[2m:25789:22)\u001b[22m\u001b[2m\u001b[22m\n\u001b[2m      \u001b[2mat flushActQueue (\u001b[22m\u001b[2mnode_modules/react/cjs/react.development.js\u001b[2m:2667:24)\u001b[22m\u001b[2m\u001b[22m\n\u001b[2m      \u001b[2mat act (\u001b[22m\u001b[2mnode_modules/react/cjs/react.development.js\u001b[2m:2582:11)\u001b[22m\u001b[2m\u001b[22m\n\u001b[2m      \u001b[2mat \u001b[22m\u001b[2mnode_modules/@testing-library/react/dist/act-compat.js\u001b[2m:47:25\u001b[22m\u001b[2m\u001b[22m\n\u001b[2m      \u001b[2mat renderRoot (\u001b[22m\u001b[2mnode_modules/@testing-library/react/dist/pure.js\u001b[2m:190:26)\u001b[22m\u001b[2m\u001b[22m\n\u001b[2m      \u001b[2mat render (\u001b[22m\u001b[2mnode_modules/@testing-library/react/dist/pure.js\u001b[2m:292:10)\u001b[22m\u001b[2m\u001b[22m\n\u001b[2m      \u001b[2mat Object.<anonymous> (\u001b[22m\u001b[2m\u001b[0m\u001b[36m__tests__/e2e/openended-quiz-flow.test.tsx\u001b[39m\u001b[0m\u001b[2m:267:13)\u001b[22m\u001b[2m\u001b[22m\n\n\u001b[1m\u001b[31m  \u001b[1m● \u001b[22m\u001b[1mOpenEnded Quiz Flow End-to-End Test › Authenticated User Flow › should properly reset quiz state\u001b[39m\u001b[22m\n\n    ReferenceError: Cannot access 'currentQuestion' before initialization\n\u001b[2m\u001b[22m\n\u001b[2m    \u001b[0m \u001b[90m 198 |\u001b[39m     [\u001b[22m\n\u001b[2m     \u001b[90m 199 |\u001b[39m       isSubmitting\u001b[33m,\u001b[39m\u001b[22m\n\u001b[2m    \u001b[31m\u001b[1m>\u001b[22m\u001b[2m\u001b[39m\u001b[90m 200 |\u001b[39m       currentQuestion\u001b[33m,\u001b[39m\u001b[22m\n\u001b[2m     \u001b[90m     |\u001b[39m       \u001b[31m\u001b[1m^\u001b[22m\u001b[2m\u001b[39m\u001b[22m\n\u001b[2m     \u001b[90m 201 |\u001b[39m       dispatch\u001b[33m,\u001b[39m\u001b[22m\n\u001b[2m     \u001b[90m 202 |\u001b[39m       slug\u001b[33m,\u001b[39m\u001b[22m\n\u001b[2m     \u001b[90m 203 |\u001b[39m       quizData\u001b[33m.\u001b[39mid\u001b[33m,\u001b[39m\u001b[0m\u001b[22m\n\u001b[2m\u001b[22m\n\u001b[2m      \u001b[2mat currentQuestion (C:\\Work\\Projects\\ai-learning\\app\\dashboard\\(quiz)\u001b[22m\u001b[2m../../../openended/components/OpenEndedQuizWrapper.tsx\u001b[2m:200:7)\u001b[22m\u001b[2m\u001b[22m\n\u001b[2m      \u001b[2mat renderWithHooks (\u001b[22m\u001b[2mnode_modules/react-dom/cjs/react-dom.development.js\u001b[2m:15486:18)\u001b[22m\u001b[2m\u001b[22m\n\u001b[2m      \u001b[2mat mountIndeterminateComponent (\u001b[22m\u001b[2mnode_modules/react-dom/cjs/react-dom.development.js\u001b[2m:20103:13)\u001b[22m\u001b[2m\u001b[22m\n\u001b[2m      \u001b[2mat beginWork (\u001b[22m\u001b[2mnode_modules/react-dom/cjs/react-dom.development.js\u001b[2m:21626:16)\u001b[22m\u001b[2m\u001b[22m\n\u001b[2m      \u001b[2mat beginWork$1 (\u001b[22m\u001b[2mnode_modules/react-dom/cjs/react-dom.development.js\u001b[2m:27465:14)\u001b[22m\u001b[2m\u001b[22m\n\u001b[2m      \u001b[2mat performUnitOfWork (\u001b[22m\u001b[2mnode_modules/react-dom/cjs/react-dom.development.js\u001b[2m:26599:12)\u001b[22m\u001b[2m\u001b[22m\n\u001b[2m      \u001b[2mat workLoopSync (\u001b[22m\u001b[2mnode_modules/react-dom/cjs/react-dom.development.js\u001b[2m:26505:5)\u001b[22m\u001b[2m\u001b[22m\n\u001b[2m      \u001b[2mat renderRootSync (\u001b[22m\u001b[2mnode_modules/react-dom/cjs/react-dom.development.js\u001b[2m:26473:7)\u001b[22m\u001b[2m\u001b[22m\n\u001b[2m      \u001b[2mat recoverFromConcurrentError (\u001b[22m\u001b[2mnode_modules/react-dom/cjs/react-dom.development.js\u001b[2m:25889:20)\u001b[22m\u001b[2m\u001b[22m\n\u001b[2m      \u001b[2mat performConcurrentWorkOnRoot (\u001b[22m\u001b[2mnode_modules/react-dom/cjs/react-dom.development.js\u001b[2m:25789:22)\u001b[22m\u001b[2m\u001b[22m\n\u001b[2m      \u001b[2mat flushActQueue (\u001b[22m\u001b[2mnode_modules/react/cjs/react.development.js\u001b[2m:2667:24)\u001b[22m\u001b[2m\u001b[22m\n\u001b[2m      \u001b[2mat act (\u001b[22m\u001b[2mnode_modules/react/cjs/react.development.js\u001b[2m:2582:11)\u001b[22m\u001b[2m\u001b[22m\n\u001b[2m      \u001b[2mat \u001b[22m\u001b[2mnode_modules/@testing-library/react/dist/act-compat.js\u001b[2m:47:25\u001b[22m\u001b[2m\u001b[22m\n\u001b[2m      \u001b[2mat renderRoot (\u001b[22m\u001b[2mnode_modules/@testing-library/react/dist/pure.js\u001b[2m:190:26)\u001b[22m\u001b[2m\u001b[22m\n\u001b[2m      \u001b[2mat render (\u001b[22m\u001b[2mnode_modules/@testing-library/react/dist/pure.js\u001b[2m:292:10)\u001b[22m\u001b[2m\u001b[22m\n\u001b[2m      \u001b[2mat Object.<anonymous> (\u001b[22m\u001b[2m\u001b[0m\u001b[36m__tests__/e2e/openended-quiz-flow.test.tsx\u001b[39m\u001b[0m\u001b[2m:309:13)\u001b[22m\u001b[2m\u001b[22m\n\n\u001b[1m\u001b[31m  \u001b[1m● \u001b[22m\u001b[1mOpenEnded Quiz Flow End-to-End Test › Unauthenticated User Flow › should allow unauthenticated users to take the quiz\u001b[39m\u001b[22m\n\n    ReferenceError: Cannot access 'currentQuestion' before initialization\n\u001b[2m\u001b[22m\n\u001b[2m    \u001b[0m \u001b[90m 198 |\u001b[39m     [\u001b[22m\n\u001b[2m     \u001b[90m 199 |\u001b[39m       isSubmitting\u001b[33m,\u001b[39m\u001b[22m\n\u001b[2m    \u001b[31m\u001b[1m>\u001b[22m\u001b[2m\u001b[39m\u001b[90m 200 |\u001b[39m       currentQuestion\u001b[33m,\u001b[39m\u001b[22m\n\u001b[2m     \u001b[90m     |\u001b[39m       \u001b[31m\u001b[1m^\u001b[22m\u001b[2m\u001b[39m\u001b[22m\n\u001b[2m     \u001b[90m 201 |\u001b[39m       dispatch\u001b[33m,\u001b[39m\u001b[22m\n\u001b[2m     \u001b[90m 202 |\u001b[39m       slug\u001b[33m,\u001b[39m\u001b[22m\n\u001b[2m     \u001b[90m 203 |\u001b[39m       quizData\u001b[33m.\u001b[39mid\u001b[33m,\u001b[39m\u001b[0m\u001b[22m\n\u001b[2m\u001b[22m\n\u001b[2m      \u001b[2mat currentQuestion (C:\\Work\\Projects\\ai-learning\\app\\dashboard\\(quiz)\u001b[22m\u001b[2m../../../openended/components/OpenEndedQuizWrapper.tsx\u001b[2m:200:7)\u001b[22m\u001b[2m\u001b[22m\n\u001b[2m      \u001b[2mat renderWithHooks (\u001b[22m\u001b[2mnode_modules/react-dom/cjs/react-dom.development.js\u001b[2m:15486:18)\u001b[22m\u001b[2m\u001b[22m\n\u001b[2m      \u001b[2mat mountIndeterminateComponent (\u001b[22m\u001b[2mnode_modules/react-dom/cjs/react-dom.development.js\u001b[2m:20103:13)\u001b[22m\u001b[2m\u001b[22m\n\u001b[2m      \u001b[2mat beginWork (\u001b[22m\u001b[2mnode_modules/react-dom/cjs/react-dom.development.js\u001b[2m:21626:16)\u001b[22m\u001b[2m\u001b[22m\n\u001b[2m      \u001b[2mat beginWork$1 (\u001b[22m\u001b[2mnode_modules/react-dom/cjs/react-dom.development.js\u001b[2m:27465:14)\u001b[22m\u001b[2m\u001b[22m\n\u001b[2m      \u001b[2mat performUnitOfWork (\u001b[22m\u001b[2mnode_modules/react-dom/cjs/react-dom.development.js\u001b[2m:26599:12)\u001b[22m\u001b[2m\u001b[22m\n\u001b[2m      \u001b[2mat workLoopSync (\u001b[22m\u001b[2mnode_modules/react-dom/cjs/react-dom.development.js\u001b[2m:26505:5)\u001b[22m\u001b[2m\u001b[22m\n\u001b[2m      \u001b[2mat renderRootSync (\u001b[22m\u001b[2mnode_modules/react-dom/cjs/react-dom.development.js\u001b[2m:26473:7)\u001b[22m\u001b[2m\u001b[22m\n\u001b[2m      \u001b[2mat recoverFromConcurrentError (\u001b[22m\u001b[2mnode_modules/react-dom/cjs/react-dom.development.js\u001b[2m:25889:20)\u001b[22m\u001b[2m\u001b[22m\n\u001b[2m      \u001b[2mat performConcurrentWorkOnRoot (\u001b[22m\u001b[2mnode_modules/react-dom/cjs/react-dom.development.js\u001b[2m:25789:22)\u001b[22m\u001b[2m\u001b[22m\n\u001b[2m      \u001b[2mat flushActQueue (\u001b[22m\u001b[2mnode_modules/react/cjs/react.development.js\u001b[2m:2667:24)\u001b[22m\u001b[2m\u001b[22m\n\u001b[2m      \u001b[2mat act (\u001b[22m\u001b[2mnode_modules/react/cjs/react.development.js\u001b[2m:2582:11)\u001b[22m\u001b[2m\u001b[22m\n\u001b[2m      \u001b[2mat \u001b[22m\u001b[2mnode_modules/@testing-library/react/dist/act-compat.js\u001b[2m:47:25\u001b[22m\u001b[2m\u001b[22m\n\u001b[2m      \u001b[2mat renderRoot (\u001b[22m\u001b[2mnode_modules/@testing-library/react/dist/pure.js\u001b[2m:190:26)\u001b[22m\u001b[2m\u001b[22m\n\u001b[2m      \u001b[2mat render (\u001b[22m\u001b[2mnode_modules/@testing-library/react/dist/pure.js\u001b[2m:292:10)\u001b[22m\u001b[2m\u001b[22m\n\u001b[2m      \u001b[2mat Object.<anonymous> (\u001b[22m\u001b[2m\u001b[0m\u001b[36m__tests__/e2e/openended-quiz-flow.test.tsx\u001b[39m\u001b[0m\u001b[2m:341:13)\u001b[22m\u001b[2m\u001b[22m\n\n\u001b[1m\u001b[31m  \u001b[1m● \u001b[22m\u001b[1mOpenEnded Quiz Flow End-to-End Test › Error Handling › should handle network errors during quiz submission\u001b[39m\u001b[22m\n\n    ReferenceError: Cannot access 'currentQuestion' before initialization\n\u001b[2m\u001b[22m\n\u001b[2m    \u001b[0m \u001b[90m 198 |\u001b[39m     [\u001b[22m\n\u001b[2m     \u001b[90m 199 |\u001b[39m       isSubmitting\u001b[33m,\u001b[39m\u001b[22m\n\u001b[2m    \u001b[31m\u001b[1m>\u001b[22m\u001b[2m\u001b[39m\u001b[90m 200 |\u001b[39m       currentQuestion\u001b[33m,\u001b[39m\u001b[22m\n\u001b[2m     \u001b[90m     |\u001b[39m       \u001b[31m\u001b[1m^\u001b[22m\u001b[2m\u001b[39m\u001b[22m\n\u001b[2m     \u001b[90m 201 |\u001b[39m       dispatch\u001b[33m,\u001b[39m\u001b[22m\n\u001b[2m     \u001b[90m 202 |\u001b[39m       slug\u001b[33m,\u001b[39m\u001b[22m\n\u001b[2m     \u001b[90m 203 |\u001b[39m       quizData\u001b[33m.\u001b[39mid\u001b[33m,\u001b[39m\u001b[0m\u001b[22m\n\u001b[2m\u001b[22m\n\u001b[2m      \u001b[2mat currentQuestion (C:\\Work\\Projects\\ai-learning\\app\\dashboard\\(quiz)\u001b[22m\u001b[2m../../../openended/components/OpenEndedQuizWrapper.tsx\u001b[2m:200:7)\u001b[22m\u001b[2m\u001b[22m\n\u001b[2m      \u001b[2mat renderWithHooks (\u001b[22m\u001b[2mnode_modules/react-dom/cjs/react-dom.development.js\u001b[2m:15486:18)\u001b[22m\u001b[2m\u001b[22m\n\u001b[2m      \u001b[2mat mountIndeterminateComponent (\u001b[22m\u001b[2mnode_modules/react-dom/cjs/react-dom.development.js\u001b[2m:20103:13)\u001b[22m\u001b[2m\u001b[22m\n\u001b[2m      \u001b[2mat beginWork (\u001b[22m\u001b[2mnode_modules/react-dom/cjs/react-dom.development.js\u001b[2m:21626:16)\u001b[22m\u001b[2m\u001b[22m\n\u001b[2m      \u001b[2mat beginWork$1 (\u001b[22m\u001b[2mnode_modules/react-dom/cjs/react-dom.development.js\u001b[2m:27465:14)\u001b[22m\u001b[2m\u001b[22m\n\u001b[2m      \u001b[2mat performUnitOfWork (\u001b[22m\u001b[2mnode_modules/react-dom/cjs/react-dom.development.js\u001b[2m:26599:12)\u001b[22m\u001b[2m\u001b[22m\n\u001b[2m      \u001b[2mat workLoopSync (\u001b[22m\u001b[2mnode_modules/react-dom/cjs/react-dom.development.js\u001b[2m:26505:5)\u001b[22m\u001b[2m\u001b[22m\n\u001b[2m      \u001b[2mat renderRootSync (\u001b[22m\u001b[2mnode_modules/react-dom/cjs/react-dom.development.js\u001b[2m:26473:7)\u001b[22m\u001b[2m\u001b[22m\n\u001b[2m      \u001b[2mat recoverFromConcurrentError (\u001b[22m\u001b[2mnode_modules/react-dom/cjs/react-dom.development.js\u001b[2m:25889:20)\u001b[22m\u001b[2m\u001b[22m\n\u001b[2m      \u001b[2mat performConcurrentWorkOnRoot (\u001b[22m\u001b[2mnode_modules/react-dom/cjs/react-dom.development.js\u001b[2m:25789:22)\u001b[22m\u001b[2m\u001b[22m\n\u001b[2m      \u001b[2mat flushActQueue (\u001b[22m\u001b[2mnode_modules/react/cjs/react.development.js\u001b[2m:2667:24)\u001b[22m\u001b[2m\u001b[22m\n\u001b[2m      \u001b[2mat act (\u001b[22m\u001b[2mnode_modules/react/cjs/react.development.js\u001b[2m:2582:11)\u001b[22m\u001b[2m\u001b[22m\n\u001b[2m      \u001b[2mat \u001b[22m\u001b[2mnode_modules/@testing-library/react/dist/act-compat.js\u001b[2m:47:25\u001b[22m\u001b[2m\u001b[22m\n\u001b[2m      \u001b[2mat renderRoot (\u001b[22m\u001b[2mnode_modules/@testing-library/react/dist/pure.js\u001b[2m:190:26)\u001b[22m\u001b[2m\u001b[22m\n\u001b[2m      \u001b[2mat render (\u001b[22m\u001b[2mnode_modules/@testing-library/react/dist/pure.js\u001b[2m:292:10)\u001b[22m\u001b[2m\u001b[22m\n\u001b[2m      \u001b[2mat Object.<anonymous> (\u001b[22m\u001b[2m\u001b[0m\u001b[36m__tests__/e2e/openended-quiz-flow.test.tsx\u001b[39m\u001b[0m\u001b[2m:469:13)\u001b[22m\u001b[2m\u001b[22m\n"
    },
    {
      "leaks": false,
      "numFailingTests": 0,
      "numPassingTests": 9,
      "numPendingTests": 1,
      "numTodoTests": 0,
      "openHandles": [],
      "perfStats": {
        "end": 1747915985157,
        "runtime": 16383,
        "slow": true,
        "start": 1747915968774
      },
      "skipped": false,
      "snapshot": {
        "added": 0,
        "fileDeleted": false,
        "matched": 0,
        "unchecked": 0,
        "uncheckedKeys": [],
        "unmatched": 0,
        "updated": 0
      },
      "testFilePath": "C:\\Work\\Projects\\ai-learning\\__tests__\\e2e\\blanks-quiz-flow.test.tsx",
      "testResults": [
        {
          "ancestorTitles": [
            "Blanks Quiz Flow End-to-End Test",
            "Authenticated User Flow"
          ],
          "duration": 758,
          "failureDetails": [],
          "failureMessages": [],
          "fullName": "Blanks Quiz Flow End-to-End Test Authenticated User Flow should allow user to complete blanks quiz and see immediate results",
          "invocations": 1,
          "location": null,
          "numPassingAsserts": 7,
          "retryReasons": [],
          "status": "passed",
          "title": "should allow user to complete blanks quiz and see immediate results"
        },
        {
          "ancestorTitles": [
            "Blanks Quiz Flow End-to-End Test",
            "Authenticated User Flow"
          ],
          "duration": 82,
          "failureDetails": [],
          "failureMessages": [],
          "fullName": "Blanks Quiz Flow End-to-End Test Authenticated User Flow should handle hint usage and track it in results",
          "invocations": 1,
          "location": null,
          "numPassingAsserts": 3,
          "retryReasons": [],
          "status": "passed",
          "title": "should handle hint usage and track it in results"
        },
        {
          "ancestorTitles": [
            "Blanks Quiz Flow End-to-End Test",
            "Authenticated User Flow"
          ],
          "duration": 32,
          "failureDetails": [],
          "failureMessages": [],
          "fullName": "Blanks Quiz Flow End-to-End Test Authenticated User Flow should properly reset quiz state",
          "invocations": 1,
          "location": null,
          "numPassingAsserts": 2,
          "retryReasons": [],
          "status": "passed",
          "title": "should properly reset quiz state"
        },
        {
          "ancestorTitles": [
            "Blanks Quiz Flow End-to-End Test",
            "Unauthenticated User Flow"
          ],
          "duration": 223,
          "failureDetails": [],
          "failureMessages": [],
          "fullName": "Blanks Quiz Flow End-to-End Test Unauthenticated User Flow should allow unauthenticated users to take the quiz",
          "invocations": 1,
          "location": null,
          "numPassingAsserts": 3,
          "retryReasons": [],
          "status": "passed",
          "title": "should allow unauthenticated users to take the quiz"
        },
        {
          "ancestorTitles": [
            "Blanks Quiz Flow End-to-End Test",
            "Unauthenticated User Flow"
          ],
          "duration": 9,
          "failureDetails": [],
          "failureMessages": [],
          "fullName": "Blanks Quiz Flow End-to-End Test Unauthenticated User Flow should show sign-in prompt on results page for unauthenticated users",
          "invocations": 1,
          "location": null,
          "numPassingAsserts": 1,
          "retryReasons": [],
          "status": "passed",
          "title": "should show sign-in prompt on results page for unauthenticated users"
        },
        {
          "ancestorTitles": [
            "Blanks Quiz Flow End-to-End Test",
            "Unauthenticated User Flow"
          ],
          "duration": 133,
          "failureDetails": [],
          "failureMessages": [],
          "fullName": "Blanks Quiz Flow End-to-End Test Unauthenticated User Flow should save answer with correct/incorrect status",
          "invocations": 1,
          "location": null,
          "numPassingAsserts": 6,
          "retryReasons": [],
          "status": "passed",
          "title": "should save answer with correct/incorrect status"
        },
        {
          "ancestorTitles": [
            "Blanks Quiz Flow End-to-End Test",
            "Error Handling"
          ],
          "duration": 11,
          "failureDetails": [],
          "failureMessages": [],
          "fullName": "Blanks Quiz Flow End-to-End Test Error Handling should handle quiz data loading errors",
          "invocations": 1,
          "location": null,
          "numPassingAsserts": 1,
          "retryReasons": [],
          "status": "passed",
          "title": "should handle quiz data loading errors"
        },
        {
          "ancestorTitles": [
            "Blanks Quiz Flow End-to-End Test",
            "Error Handling"
          ],
          "duration": 51,
          "failureDetails": [],
          "failureMessages": [],
          "fullName": "Blanks Quiz Flow End-to-End Test Error Handling should handle edge cases like empty questions array",
          "invocations": 1,
          "location": null,
          "numPassingAsserts": 1,
          "retryReasons": [],
          "status": "passed",
          "title": "should handle edge cases like empty questions array"
        },
        {
          "ancestorTitles": [
            "Blanks Quiz Flow End-to-End Test",
            "UI Features"
          ],
          "duration": 125,
          "failureDetails": [],
          "failureMessages": [],
          "fullName": "Blanks Quiz Flow End-to-End Test UI Features should show correct question number indicator",
          "invocations": 1,
          "location": null,
          "numPassingAsserts": 3,
          "retryReasons": [],
          "status": "passed",
          "title": "should show correct question number indicator"
        },
        {
          "ancestorTitles": [
            "Blanks Quiz Flow End-to-End Test",
            "UI Features"
          ],
          "duration": null,
          "failureDetails": [],
          "failureMessages": [],
          "fullName": "Blanks Quiz Flow End-to-End Test UI Features should change submit button text on last question",
          "invocations": 1,
          "location": null,
          "numPassingAsserts": 0,
          "retryReasons": [],
          "status": "pending",
          "title": "should change submit button text on last question"
        }
      ],
      "failureMessage": null
    }
  ],
  "wasInterrupted": false
}