{
  "numFailedTestSuites": 1,
  "numFailedTests": 2,
  "numPassedTestSuites": 0,
  "numPassedTests": 2,
  "numPendingTestSuites": 0,
  "numPendingTests": 0,
  "numRuntimeErrorTestSuites": 0,
  "numTodoTests": 0,
  "numTotalTestSuites": 1,
  "numTotalTests": 4,
  "openHandles": [],
  "snapshot": {
    "added": 0,
    "didUpdate": false,
    "failure": false,
    "filesAdded": 0,
    "filesRemoved": 0,
    "filesRemovedList": [],
    "filesUnmatched": 0,
    "filesUpdated": 0,
    "matched": 0,
    "total": 0,
    "unchecked": 0,
    "uncheckedKeysByFile": [],
    "unmatched": 0,
    "updated": 0
  },
  "startTime": 1747629202654,
  "success": false,
  "testResults": [
    {
      "leaks": false,
      "numFailingTests": 2,
      "numPassingTests": 2,
      "numPendingTests": 0,
      "numTodoTests": 0,
      "openHandles": [],
      "perfStats": {
        "end": 1747629208811,
        "runtime": 4109,
        "slow": false,
        "start": 1747629204702
      },
      "skipped": false,
      "snapshot": {
        "added": 0,
        "fileDeleted": false,
        "matched": 0,
        "unchecked": 0,
        "uncheckedKeys": [],
        "unmatched": 0,
        "updated": 0
      },
      "testFilePath": "C:\\Work\\Projects\\ai-learning\\__tests__\\openended\\OpenEndedQuizWrapper.test.tsx",
      "testResults": [
        {
          "ancestorTitles": [
            "OpenEndedQuizWrapper"
          ],
          "duration": 61,
          "failureDetails": [],
          "failureMessages": [],
          "fullName": "OpenEndedQuizWrapper should initialize quiz on mount",
          "invocations": 1,
          "location": null,
          "numPassingAsserts": 1,
          "retryReasons": [],
          "status": "passed",
          "title": "should initialize quiz on mount"
        },
        {
          "ancestorTitles": [
            "OpenEndedQuizWrapper"
          ],
          "duration": 14,
          "failureDetails": [],
          "failureMessages": [],
          "fullName": "OpenEndedQuizWrapper should show loading state when no quiz data",
          "invocations": 1,
          "location": null,
          "numPassingAsserts": 1,
          "retryReasons": [],
          "status": "passed",
          "title": "should show loading state when no quiz data"
        },
        {
          "ancestorTitles": [
            "OpenEndedQuizWrapper"
          ],
          "duration": 1046,
          "failureDetails": [
            {
              "matcherResult": {
                "message": "\u001b[2mexpect(\u001b[22m\u001b[31mjest.fn()\u001b[39m\u001b[2m).\u001b[22mtoHaveBeenCalledWith\u001b[2m(\u001b[22m\u001b[32m...expected\u001b[39m\u001b[2m)\u001b[22m\n\nExpected: \u001b[32m\"/dashboard/openended/test-quiz/results\"\u001b[39m\n\nNumber of calls: \u001b[31m0\u001b[39m",
                "pass": false
              }
            }
          ],
          "failureMessages": [
            "Error: \u001b[2mexpect(\u001b[22m\u001b[31mjest.fn()\u001b[39m\u001b[2m).\u001b[22mtoHaveBeenCalledWith\u001b[2m(\u001b[22m\u001b[32m...expected\u001b[39m\u001b[2m)\u001b[22m\n\nExpected: \u001b[32m\"/dashboard/openended/test-quiz/results\"\u001b[39m\n\nNumber of calls: \u001b[31m0\u001b[39m\n\nIgnored nodes: comments, script, style\n\u001b[36m<html>\u001b[39m\n  \u001b[36m<head />\u001b[39m\n  \u001b[36m<body>\u001b[39m\n    \u001b[36m<div>\u001b[39m\n      \u001b[36m<div\u001b[39m\n        \u001b[33mdata-testid\u001b[39m=\u001b[32m\"openended-quiz-question\"\u001b[39m\n        \u001b[33mstyle\u001b[39m=\u001b[32m\"opacity: 1; transform: none;\"\u001b[39m\n      \u001b[36m>\u001b[39m\n        \u001b[36m<div\u001b[39m\n          \u001b[33mclass\u001b[39m=\u001b[32m\"rounded-lg border bg-card text-card-foreground w-full max-w-4xl mx-auto shadow-lg border-t-4 border-primary\"\u001b[39m\n        \u001b[36m>\u001b[39m\n          \u001b[36m<div\u001b[39m\n            \u001b[33mclass\u001b[39m=\u001b[32m\"flex flex-col p-6 space-y-4\"\u001b[39m\n          \u001b[36m>\u001b[39m\n            \u001b[36m<div\u001b[39m\n              \u001b[33mclass\u001b[39m=\u001b[32m\"flex items-center justify-between flex-wrap gap-2\"\u001b[39m\n            \u001b[36m>\u001b[39m\n              \u001b[36m<div\u001b[39m\n                \u001b[33mclass\u001b[39m=\u001b[32m\"flex items-center gap-2\"\u001b[39m\n              \u001b[36m>\u001b[39m\n                \u001b[36m<div\u001b[39m\n                  \u001b[33mclass\u001b[39m=\u001b[32m\"flex items-center gap-1 text-sm text-muted-foreground\"\u001b[39m\n                  \u001b[33mstyle\u001b[39m=\u001b[32m\"opacity: 1;\"\u001b[39m\n                \u001b[36m>\u001b[39m\n                  \u001b[36m<span\u001b[39m\n                    \u001b[33mclass\u001b[39m=\u001b[32m\"font-medium text-foreground\"\u001b[39m\n                  \u001b[36m>\u001b[39m\n                    \u001b[0mQuestion \u001b[0m\n                    \u001b[0m1\u001b[0m\n                  \u001b[36m</span>\u001b[39m\n                  \u001b[36m<svg\u001b[39m\n                    \u001b[33mclass\u001b[39m=\u001b[32m\"lucide lucide-chevron-right h-4 w-4\"\u001b[39m\n                    \u001b[33mfill\u001b[39m=\u001b[32m\"none\"\u001b[39m\n                    \u001b[33mheight\u001b[39m=\u001b[32m\"24\"\u001b[39m\n                    \u001b[33mstroke\u001b[39m=\u001b[32m\"currentColor\"\u001b[39m\n                    \u001b[33mstroke-linecap\u001b[39m=\u001b[32m\"round\"\u001b[39m\n                    \u001b[33mstroke-linejoin\u001b[39m=\u001b[32m\"round\"\u001b[39m\n                    \u001b[33mstroke-width\u001b[39m=\u001b[32m\"2\"\u001b[39m\n                    \u001b[33mviewBox\u001b[39m=\u001b[32m\"0 0 24 24\"\u001b[39m\n                    \u001b[33mwidth\u001b[39m=\u001b[32m\"24\"\u001b[39m\n                    \u001b[33mxmlns\u001b[39m=\u001b[32m\"http://www.w3.org/2000/svg\"\u001b[39m\n                  \u001b[36m>\u001b[39m\n                    \u001b[36m<path\u001b[39m\n                      \u001b[33md\u001b[39m=\u001b[32m\"m9 18 6-6-6-6\"\u001b[39m\n                    \u001b[36m/>\u001b[39m\n                  \u001b[36m</svg>\u001b[39m\n                  \u001b[36m<span>\u001b[39m\n                    \u001b[0m1\u001b[0m\n                  \u001b[36m</span>\u001b[39m\n                \u001b[36m</div>\u001b[39m\n              \u001b[36m</div>\u001b[39m\n              \u001b[36m<div\u001b[39m\n                \u001b[33mclass\u001b[39m=\u001b[32m\"flex items-center gap-2\"\u001b[39m\n              \u001b[36m>\u001b[39m\n                \u001b[36m<div\u001b[39m\n                  \u001b[33mclass\u001b[39m=\u001b[32m\"flex items-center gap-1 text-sm text-muted-foreground bg-muted px-3 py-1 rounded-full\"\u001b[39m\n                \u001b[36m>\u001b[39m\n                  \u001b[36m<svg\u001b[39m\n                    \u001b[33mclass\u001b[39m=\u001b[32m\"lucide lucide-clock h-3.5 w-3.5\"\u001b[39m\n                    \u001b[33mfill\u001b[39m=\u001b[32m\"none\"\u001b[39m\n                    \u001b[33mheight\u001b[39m=\u001b[32m\"24\"\u001b[39m\n                    \u001b[33mstroke\u001b[39m=\u001b[32m\"currentColor\"\u001b[39m\n                    \u001b[33mstroke-linecap\u001b[39m=\u001b[32m\"round\"\u001b[39m\n                    \u001b[33mstroke-linejoin\u001b[39m=\u001b[32m\"round\"\u001b[39m\n                    \u001b[33mstroke-width\u001b[39m=\u001b[32m\"2\"\u001b[39m\n                    \u001b[33mviewBox\u001b[39m=\u001b[32m\"0 0 24 24\"\u001b[39m\n                    \u001b[33mwidth\u001b[39m=\u001b[32m\"24\"\u001b[39m\n                    \u001b[33mxmlns\u001b[39m=\u001b[32m\"http://www.w3.org/2000/svg\"\u001b[39m\n                  \u001b[36m>\u001b[39m\n                    \u001b[36m<circle\u001b[39m\n                      \u001b[33mcx\u001b[39m=\u001b[32m\"12\"\u001b[39m\n                      \u001b[33mcy\u001b[39m=\u001b[32m\"12\"\u001b[39m\n                      \u001b[33mr\u001b[39m=\u001b[32m\"10\"\u001b[39m\n                    \u001b[36m/>\u001b[39m\n                    \u001b[36m<polyline\u001b[39m\n                      \u001b[33mpoints\u001b[39m=\u001b[32m\"12 6 12 12 16 14\"\u001b[39m\n                    \u001b[36m/>\u001b[39m\n                  \u001b[36m</svg>\u001b[39m\n                  \u001b[36m<span\u001b[39m\n                    \u001b[33mclass\u001b[39m=\u001b[32m\"font-mono\"\u001b[39m\n                  \u001b[36m>\u001b[39m\n                    \u001b[0m0:01\u001b[0m\n                  \u001b[36m</span>\u001b[39m\n                \u001b[36m</div>\u001b[39m\n                \u001b[36m<div\u001b[39m\n                  \u001b[33mclass\u001b[39m=\u001b[32m\"inline-flex items-center rounded-full border px-2.5 py-0.5 text-xs font-semibold transition-colors focus:outline-none focus:ring-2 focus:ring-ring focus:ring-offset-2 border-transparent hover:bg-secondary/80 text-white bg-yellow-500\"\u001b[39m\n                \u001b[36m>\u001b[39m\n                  \u001b[0mmedium\u001b[0m\n                \u001b[36m</div>\u001b[39m\n              \u001b[36m</div>\u001b[39m\n            \u001b[36m</div>\u001b[39m\n            \u001b[36m<h2\u001b[39m\n              \u001b[33mclass\u001b[39m=\u001b[32m\"text-2xl font-bold leading-tight text-primary\"\u001b[39m\n              \u001b[33mdata-testid\u001b[39m=\u001b[32m\"question-text\"\u001b[39m\n              \u001b[33mstyle\u001b[39m=\u001b[32m\"opacity: 1;\"\u001b[39m\n            \u001b[36m>\u001b[39m\n              \u001b[0mTest question 1?\u001b[0m\n            \u001b[36m</h2>\u001b[39m\n          \u001b[36m</div>\u001b[39m\n          \u001b[36m<div\u001b[39m\n            \u001b[33mclass\u001b[39m=\u001b[32m\"p-6 pt-0 space-y-4\"\u001b[39m\n          \u001b[36m>\u001b[39m\n            \u001b[36m<textarea\u001b[39m\n              \u001b[33mclass\u001b[39m=\u001b[32m\"flex w-full rounded-md border border-input bg-background px-3 py-2 text-base ring-offset-background placeholder:text-muted-foreground focus-visible:outline-none focus-visible:ring-2 focus-visible:ring-ring focus-visible:ring-offset-2 disabled:cursor-not-allowed disabled:opacity-50 md:text-sm min-h-[150px] resize-none transition-all duration-200 focus:min-h-[200px] focus:ring-2 focus:ring-primary\"\u001b[39m\n              \u001b[33mdata-testid\u001b[39m=\u001b[32m\"answer-textarea\"\u001b[39m\n              \u001b[33mplaceholder\u001b[39m=\u001b[32m\"Type your answer here...\"\u001b[39m\n            \u001b[36m/>\u001b[39m\n            \u001b[36m<div\u001b[39m\n              \u001b[33mclass\u001b[39m=\u001b[32m\"space-y-2\"\u001b[39m\n            \u001b[36m>\u001b[39m\n              \u001b[36m<button\u001b[39m\n                \u001b[33mclass\u001b[39m=\u001b[32m\"inline-flex items-center justify-center gap-2 whitespace-nowrap text-sm font-medium ring-offset-background transition-colors focus-visible:outline-none focus-visible:ring-2 focus-visible:ring-ring focus-visible:ring-offset-2 disabled:pointer-events-none disabled:opacity-50 [&_svg]:pointer-events-none [&_svg]:size-4 [&_svg]:shrink-0 border border-input bg-background h-9 rounded-md px-3 w-full sm:w-auto hover:bg-primary hover:text-primary-foreground\"\u001b[39m\n                \u001b[33mdata-testid\u001b[39m=\u001b[32m\"hint-button\"\u001b[39m\n              \u001b[36m>\u001b[39m\n                \u001b[36m<svg\u001b[39m\n                  \u001b[33mclass\u001b[39m=\u001b[32m\"lucide lucide-lightbulb w-4 h-4 mr-2\"\u001b[39m\n                  \u001b[33mfill\u001b[39m=\u001b[32m\"none\"\u001b[39m\n                  \u001b[33mheight\u001b[39m=\u001b[32m\"24\"\u001b[39m\n                  \u001b[33mstroke\u001b[39m=\u001b[32m\"currentColor\"\u001b[39m\n                  \u001b[33mstroke-linecap\u001b[39m=\u001b[32m\"round\"\u001b[39m\n                  \u001b[33mstroke-linejoin\u001b[39m=\u001b[32m\"round\"\u001b[39m\n                  \u001b[33mstroke-width\u001b[39m=\u001b[32m\"2\"\u001b[39m\n                  \u001b[33mviewBox\u001b[39m=\u001b[32m\"0 0 24 24\"\u001b[39m\n                  \u001b[33mwidth\u001b[39m=\u001b[32m\"24\"\u001b[39m\n                  \u001b[33mxmlns\u001b[39m=\u001b[32m\"http://www.w3.org/2000/svg\"\u001b[39m\n                \u001b[36m>\u001b[39m\n                  \u001b[36m<path\u001b[39m\n                    \u001b[33md\u001b[39m=\u001b[32m\"M15 14c.2-1 .7-1.7 1.5-2.5 1-.9 1.5-2.2 1.5-3.5A6 6 0 0 0 6 8c0 1 .2 2.2 1.5 3.5.7.7 1.3 1.5 1.5 2.5\"\u001b[39m\n                  \u001b[36m/>\u001b[39m\n                  \u001b[36m<path\u001b[39m\n                    \u001b[33md\u001b[39m=\u001b[32m\"M9 18h6\"\u001b[39m\n                  \u001b[36m/>\u001b[39m\n                  \u001b[36m<path\u001b[39m\n                    \u001b[33md\u001b[39m=\u001b[32m\"M10 22h4\"\u001b[39m\n                  \u001b[36m/>\u001b[39m\n                \u001b[36m</svg>\u001b[39m\n                \u001b[0mGet Hint\u001b[0m\n              \u001b[36m</button>\u001b[39m\n            \u001b[36m</div>\u001b[39m\n          \u001b[36m</div>\u001b[39m\n          \u001b[36m<div\u001b[39m\n            \u001b[33mclass\u001b[39m=\u001b[32m\"flex items-center p-6 pt-0\"\u001b[39m\n          \u001b[36m>\u001b[39m\n            \u001b[36m<button\u001b[39m\n              \u001b[33mclass\u001b[39m=\u001b[32m\"inline-flex items-center justify-center gap-2 whitespace-nowrap rounded-md text-sm font-medium ring-offset-background focus-visible:outline-none focus-visible:ring-2 focus-visible:ring-ring focus-visible:ring-offset-2 disabled:pointer-events-none disabled:opacity-50 [&_svg]:pointer-events-none [&_svg]:size-4 [&_svg]:shrink-0 h-10 px-4 py-2 w-full sm:w-auto ml-auto transition-all duration-300 bg-primary hover:bg-primary/90 text-primary-foreground\"\u001b[39m\n              \u001b[33mdata-testid\u001b[39m=\u001b[32m\"submit-button\"\u001b[39m\n            \u001b[36m>\u001b[39m\n              \u001b[36m<svg\u001b[39m\n                \u001b[33mclass\u001b[39m=\u001b[32m\"lucide lucide-send w-4 h-4 mr-2\"\u001b[39m\n                \u001b[33mfill\u001b[39m=\u001b[32m\"none\"\u001b[39m\n                \u001b[33mheight\u001b[39m=\u001b[32m\"24\"\u001b[39m\n                \u001b[33mstroke\u001b[39m=\u001b[32m\"currentColor\"\u001b[39m\n                \u001b[33mstroke-linecap\u001b[39m=\u001b[32m\"round\"\u001b[39m\n                \u001b[33mstroke-linejoin\u001b[39m=\u001b[32m\"round\"\u001b[39m\n                \u001b[33mstroke-width\u001b[39m=\u001b[32m\"2\"\u001b[39m\n                \u001b[33mviewBox\u001b[39m=\u001b[32m\"0 0 24 24\"\u001b[39m\n                \u001b[33mwidth\u001b[39m=\u001b[32m\"24\"\u001b[39m\n                \u001b[33mxmlns\u001b[39m=\u001b[32m\"http://www.w3.org/2000/svg\"\u001b[39m\n              \u001b[36m>\u001b[39m\n                \u001b[36m<path\u001b[39m\n                  \u001b[33md\u001b[39m=\u001b[32m\"M14.536 21.686a.5.5 0 0 0 .937-.024l6.5-19a.496.496 0 0 0-.635-.635l-19 6.5a.5.5 0 0 0-.024.937l7.93 3.18a2 2 0 0 1 1.112 1.11z\"\u001b[39m\n                \u001b[36m/>\u001b[39m\n                \u001b[36m<path\u001b[39m\n                  \u001b[33md\u001b[39m=\u001b[32m\"m21.854 2.147-10.94 10.939\"\u001b[39m\n                \u001b[36m/>\u001b[39m\n              \u001b[36m</svg>\u001b[39m\n              \u001b[0mFinish Quiz\u001b[0m\n            \u001b[36m</button>\u001b[39m\n          \u001b[36m</div>\u001b[39m\n        \u001b[36m</div>\u001b[39m\n      \u001b[36m</div>\u001b[39m\n    \u001b[36m</div>\u001b[39m\n  \u001b[36m</body>\u001b[39m\n\u001b[36m</html>\u001b[39m\n    at C:\\Work\\Projects\\ai-learning\\__tests__\\openended\\OpenEndedQuizWrapper.test.tsx:118:34\n    at runWithExpensiveErrorDiagnosticsDisabled (C:\\Work\\Projects\\ai-learning\\node_modules\\@testing-library\\dom\\dist\\config.js:47:12)\n    at checkCallback (C:\\Work\\Projects\\ai-learning\\node_modules\\@testing-library\\dom\\dist\\wait-for.js:124:77)\n    at MutationObserver.checkRealTimersCallback (C:\\Work\\Projects\\ai-learning\\node_modules\\@testing-library\\dom\\dist\\wait-for.js:118:16)\n    at MutationObserver.invokeTheCallbackFunction (C:\\Work\\Projects\\ai-learning\\node_modules\\jest-environment-jsdom\\node_modules\\jsdom\\lib\\jsdom\\living\\generated\\MutationCallback.js:19:26)\n    at notifyMutationObservers (C:\\Work\\Projects\\ai-learning\\node_modules\\jest-environment-jsdom\\node_modules\\jsdom\\lib\\jsdom\\living\\helpers\\mutation-observers.js:160:22)\n    at C:\\Work\\Projects\\ai-learning\\node_modules\\jest-environment-jsdom\\node_modules\\jsdom\\lib\\jsdom\\living\\helpers\\mutation-observers.js:133:5\n    at runNextTicks (node:internal/process/task_queues:65:5)\n    at processTimers (node:internal/timers:520:9)"
          ],
          "fullName": "OpenEndedQuizWrapper should navigate to results page on quiz completion",
          "invocations": 1,
          "location": null,
          "numPassingAsserts": 0,
          "retryReasons": [],
          "status": "failed",
          "title": "should navigate to results page on quiz completion"
        },
        {
          "ancestorTitles": [
            "OpenEndedQuizWrapper"
          ],
          "duration": 1023,
          "failureDetails": [
            {}
          ],
          "failureMessages": [
            "TypeError: Cannot read properties of undefined (reading '0')\n\nIgnored nodes: comments, script, style\n\u001b[36m<html>\u001b[39m\n  \u001b[36m<head />\u001b[39m\n  \u001b[36m<body>\u001b[39m\n    \u001b[36m<div>\u001b[39m\n      \u001b[36m<div\u001b[39m\n        \u001b[33mdata-testid\u001b[39m=\u001b[32m\"openended-quiz-question\"\u001b[39m\n        \u001b[33mstyle\u001b[39m=\u001b[32m\"opacity: 1; transform: none;\"\u001b[39m\n      \u001b[36m>\u001b[39m\n        \u001b[36m<div\u001b[39m\n          \u001b[33mclass\u001b[39m=\u001b[32m\"rounded-lg border bg-card text-card-foreground w-full max-w-4xl mx-auto shadow-lg border-t-4 border-primary\"\u001b[39m\n        \u001b[36m>\u001b[39m\n          \u001b[36m<div\u001b[39m\n            \u001b[33mclass\u001b[39m=\u001b[32m\"flex flex-col p-6 space-y-4\"\u001b[39m\n          \u001b[36m>\u001b[39m\n            \u001b[36m<div\u001b[39m\n              \u001b[33mclass\u001b[39m=\u001b[32m\"flex items-center justify-between flex-wrap gap-2\"\u001b[39m\n            \u001b[36m>\u001b[39m\n              \u001b[36m<div\u001b[39m\n                \u001b[33mclass\u001b[39m=\u001b[32m\"flex items-center gap-2\"\u001b[39m\n              \u001b[36m>\u001b[39m\n                \u001b[36m<div\u001b[39m\n                  \u001b[33mclass\u001b[39m=\u001b[32m\"flex items-center gap-1 text-sm text-muted-foreground\"\u001b[39m\n                  \u001b[33mstyle\u001b[39m=\u001b[32m\"opacity: 1;\"\u001b[39m\n                \u001b[36m>\u001b[39m\n                  \u001b[36m<span\u001b[39m\n                    \u001b[33mclass\u001b[39m=\u001b[32m\"font-medium text-foreground\"\u001b[39m\n                  \u001b[36m>\u001b[39m\n                    \u001b[0mQuestion \u001b[0m\n                    \u001b[0m1\u001b[0m\n                  \u001b[36m</span>\u001b[39m\n                  \u001b[36m<svg\u001b[39m\n                    \u001b[33mclass\u001b[39m=\u001b[32m\"lucide lucide-chevron-right h-4 w-4\"\u001b[39m\n                    \u001b[33mfill\u001b[39m=\u001b[32m\"none\"\u001b[39m\n                    \u001b[33mheight\u001b[39m=\u001b[32m\"24\"\u001b[39m\n                    \u001b[33mstroke\u001b[39m=\u001b[32m\"currentColor\"\u001b[39m\n                    \u001b[33mstroke-linecap\u001b[39m=\u001b[32m\"round\"\u001b[39m\n                    \u001b[33mstroke-linejoin\u001b[39m=\u001b[32m\"round\"\u001b[39m\n                    \u001b[33mstroke-width\u001b[39m=\u001b[32m\"2\"\u001b[39m\n                    \u001b[33mviewBox\u001b[39m=\u001b[32m\"0 0 24 24\"\u001b[39m\n                    \u001b[33mwidth\u001b[39m=\u001b[32m\"24\"\u001b[39m\n                    \u001b[33mxmlns\u001b[39m=\u001b[32m\"http://www.w3.org/2000/svg\"\u001b[39m\n                  \u001b[36m>\u001b[39m\n                    \u001b[36m<path\u001b[39m\n                      \u001b[33md\u001b[39m=\u001b[32m\"m9 18 6-6-6-6\"\u001b[39m\n                    \u001b[36m/>\u001b[39m\n                  \u001b[36m</svg>\u001b[39m\n                  \u001b[36m<span>\u001b[39m\n                    \u001b[0m1\u001b[0m\n                  \u001b[36m</span>\u001b[39m\n                \u001b[36m</div>\u001b[39m\n              \u001b[36m</div>\u001b[39m\n              \u001b[36m<div\u001b[39m\n                \u001b[33mclass\u001b[39m=\u001b[32m\"flex items-center gap-2\"\u001b[39m\n              \u001b[36m>\u001b[39m\n                \u001b[36m<div\u001b[39m\n                  \u001b[33mclass\u001b[39m=\u001b[32m\"flex items-center gap-1 text-sm text-muted-foreground bg-muted px-3 py-1 rounded-full\"\u001b[39m\n                \u001b[36m>\u001b[39m\n                  \u001b[36m<svg\u001b[39m\n                    \u001b[33mclass\u001b[39m=\u001b[32m\"lucide lucide-clock h-3.5 w-3.5\"\u001b[39m\n                    \u001b[33mfill\u001b[39m=\u001b[32m\"none\"\u001b[39m\n                    \u001b[33mheight\u001b[39m=\u001b[32m\"24\"\u001b[39m\n                    \u001b[33mstroke\u001b[39m=\u001b[32m\"currentColor\"\u001b[39m\n                    \u001b[33mstroke-linecap\u001b[39m=\u001b[32m\"round\"\u001b[39m\n                    \u001b[33mstroke-linejoin\u001b[39m=\u001b[32m\"round\"\u001b[39m\n                    \u001b[33mstroke-width\u001b[39m=\u001b[32m\"2\"\u001b[39m\n                    \u001b[33mviewBox\u001b[39m=\u001b[32m\"0 0 24 24\"\u001b[39m\n                    \u001b[33mwidth\u001b[39m=\u001b[32m\"24\"\u001b[39m\n                    \u001b[33mxmlns\u001b[39m=\u001b[32m\"http://www.w3.org/2000/svg\"\u001b[39m\n                  \u001b[36m>\u001b[39m\n                    \u001b[36m<circle\u001b[39m\n                      \u001b[33mcx\u001b[39m=\u001b[32m\"12\"\u001b[39m\n                      \u001b[33mcy\u001b[39m=\u001b[32m\"12\"\u001b[39m\n                      \u001b[33mr\u001b[39m=\u001b[32m\"10\"\u001b[39m\n                    \u001b[36m/>\u001b[39m\n                    \u001b[36m<polyline\u001b[39m\n                      \u001b[33mpoints\u001b[39m=\u001b[32m\"12 6 12 12 16 14\"\u001b[39m\n                    \u001b[36m/>\u001b[39m\n                  \u001b[36m</svg>\u001b[39m\n                  \u001b[36m<span\u001b[39m\n                    \u001b[33mclass\u001b[39m=\u001b[32m\"font-mono\"\u001b[39m\n                  \u001b[36m>\u001b[39m\n                    \u001b[0m0:00\u001b[0m\n                  \u001b[36m</span>\u001b[39m\n                \u001b[36m</div>\u001b[39m\n                \u001b[36m<div\u001b[39m\n                  \u001b[33mclass\u001b[39m=\u001b[32m\"inline-flex items-center rounded-full border px-2.5 py-0.5 text-xs font-semibold transition-colors focus:outline-none focus:ring-2 focus:ring-ring focus:ring-offset-2 border-transparent hover:bg-secondary/80 text-white bg-yellow-500\"\u001b[39m\n                \u001b[36m>\u001b[39m\n                  \u001b[0mmedium\u001b[0m\n                \u001b[36m</div>\u001b[39m\n              \u001b[36m</div>\u001b[39m\n            \u001b[36m</div>\u001b[39m\n            \u001b[36m<h2\u001b[39m\n              \u001b[33mclass\u001b[39m=\u001b[32m\"text-2xl font-bold leading-tight text-primary\"\u001b[39m\n              \u001b[33mdata-testid\u001b[39m=\u001b[32m\"question-text\"\u001b[39m\n              \u001b[33mstyle\u001b[39m=\u001b[32m\"opacity: 1;\"\u001b[39m\n            \u001b[36m>\u001b[39m\n              \u001b[0mTest question 1?\u001b[0m\n            \u001b[36m</h2>\u001b[39m\n          \u001b[36m</div>\u001b[39m\n          \u001b[36m<div\u001b[39m\n            \u001b[33mclass\u001b[39m=\u001b[32m\"p-6 pt-0 space-y-4\"\u001b[39m\n          \u001b[36m>\u001b[39m\n            \u001b[36m<textarea\u001b[39m\n              \u001b[33mclass\u001b[39m=\u001b[32m\"flex w-full rounded-md border border-input bg-background px-3 py-2 text-base ring-offset-background placeholder:text-muted-foreground focus-visible:outline-none focus-visible:ring-2 focus-visible:ring-ring focus-visible:ring-offset-2 disabled:cursor-not-allowed disabled:opacity-50 md:text-sm min-h-[150px] resize-none transition-all duration-200 focus:min-h-[200px] focus:ring-2 focus:ring-primary\"\u001b[39m\n              \u001b[33mdata-testid\u001b[39m=\u001b[32m\"answer-textarea\"\u001b[39m\n              \u001b[33mplaceholder\u001b[39m=\u001b[32m\"Type your answer here...\"\u001b[39m\n            \u001b[36m/>\u001b[39m\n            \u001b[36m<div\u001b[39m\n              \u001b[33mclass\u001b[39m=\u001b[32m\"space-y-2\"\u001b[39m\n            \u001b[36m>\u001b[39m\n              \u001b[36m<button\u001b[39m\n                \u001b[33mclass\u001b[39m=\u001b[32m\"inline-flex items-center justify-center gap-2 whitespace-nowrap text-sm font-medium ring-offset-background transition-colors focus-visible:outline-none focus-visible:ring-2 focus-visible:ring-ring focus-visible:ring-offset-2 disabled:pointer-events-none disabled:opacity-50 [&_svg]:pointer-events-none [&_svg]:size-4 [&_svg]:shrink-0 border border-input bg-background h-9 rounded-md px-3 w-full sm:w-auto hover:bg-primary hover:text-primary-foreground\"\u001b[39m\n                \u001b[33mdata-testid\u001b[39m=\u001b[32m\"hint-button\"\u001b[39m\n              \u001b[36m>\u001b[39m\n                \u001b[36m<svg\u001b[39m\n                  \u001b[33mclass\u001b[39m=\u001b[32m\"lucide lucide-lightbulb w-4 h-4 mr-2\"\u001b[39m\n                  \u001b[33mfill\u001b[39m=\u001b[32m\"none\"\u001b[39m\n                  \u001b[33mheight\u001b[39m=\u001b[32m\"24\"\u001b[39m\n                  \u001b[33mstroke\u001b[39m=\u001b[32m\"currentColor\"\u001b[39m\n                  \u001b[33mstroke-linecap\u001b[39m=\u001b[32m\"round\"\u001b[39m\n                  \u001b[33mstroke-linejoin\u001b[39m=\u001b[32m\"round\"\u001b[39m\n                  \u001b[33mstroke-width\u001b[39m=\u001b[32m\"2\"\u001b[39m\n                  \u001b[33mviewBox\u001b[39m=\u001b[32m\"0 0 24 24\"\u001b[39m\n                  \u001b[33mwidth\u001b[39m=\u001b[32m\"24\"\u001b[39m\n                  \u001b[33mxmlns\u001b[39m=\u001b[32m\"http://www.w3.org/2000/svg\"\u001b[39m\n                \u001b[36m>\u001b[39m\n                  \u001b[36m<path\u001b[39m\n                    \u001b[33md\u001b[39m=\u001b[32m\"M15 14c.2-1 .7-1.7 1.5-2.5 1-.9 1.5-2.2 1.5-3.5A6 6 0 0 0 6 8c0 1 .2 2.2 1.5 3.5.7.7 1.3 1.5 1.5 2.5\"\u001b[39m\n                  \u001b[36m/>\u001b[39m\n                  \u001b[36m<path\u001b[39m\n                    \u001b[33md\u001b[39m=\u001b[32m\"M9 18h6\"\u001b[39m\n                  \u001b[36m/>\u001b[39m\n                  \u001b[36m<path\u001b[39m\n                    \u001b[33md\u001b[39m=\u001b[32m\"M10 22h4\"\u001b[39m\n                  \u001b[36m/>\u001b[39m\n                \u001b[36m</svg>\u001b[39m\n                \u001b[0mGet Hint\u001b[0m\n              \u001b[36m</button>\u001b[39m\n            \u001b[36m</div>\u001b[39m\n          \u001b[36m</div>\u001b[39m\n          \u001b[36m<div\u001b[39m\n            \u001b[33mclass\u001b[39m=\u001b[32m\"flex items-center p-6 pt-0\"\u001b[39m\n          \u001b[36m>\u001b[39m\n            \u001b[36m<button\u001b[39m\n              \u001b[33mclass\u001b[39m=\u001b[32m\"inline-flex items-center justify-center gap-2 whitespace-nowrap rounded-md text-sm font-medium ring-offset-background focus-visible:outline-none focus-visible:ring-2 focus-visible:ring-ring focus-visible:ring-offset-2 disabled:pointer-events-none disabled:opacity-50 [&_svg]:pointer-events-none [&_svg]:size-4 [&_svg]:shrink-0 h-10 px-4 py-2 w-full sm:w-auto ml-auto transition-all duration-300 bg-primary hover:bg-primary/90 text-primary-foreground\"\u001b[39m\n              \u001b[33mdata-testid\u001b[39m=\u001b[32m\"submit-button\"\u001b[39m\n            \u001b[36m>\u001b[39m\n              \u001b[36m<svg\u001b[39m\n                \u001b[33mclass\u001b[39m=\u001b[32m\"lucide lucide-send w-4 h-4 mr-2\"\u001b[39m\n                \u001b[33mfill\u001b[39m=\u001b[32m\"none\"\u001b[39m\n                \u001b[33mheight\u001b[39m=\u001b[32m\"24\"\u001b[39m\n                \u001b[33mstroke\u001b[39m=\u001b[32m\"currentColor\"\u001b[39m\n                \u001b[33mstroke-linecap\u001b[39m=\u001b[32m\"round\"\u001b[39m\n                \u001b[33mstroke-linejoin\u001b[39m=\u001b[32m\"round\"\u001b[39m\n                \u001b[33mstroke-width\u001b[39m=\u001b[32m\"2\"\u001b[39m\n                \u001b[33mviewBox\u001b[39m=\u001b[32m\"0 0 24 24\"\u001b[39m\n                \u001b[33mwidth\u001b[39m=\u001b[32m\"24\"\u001b[39m\n                \u001b[33mxmlns\u001b[39m=\u001b[32m\"http://www.w3.org/2000/svg\"\u001b[39m\n              \u001b[36m>\u001b[39m\n                \u001b[36m<path\u001b[39m\n                  \u001b[33md\u001b[39m=\u001b[32m\"M14.536 21.686a.5.5 0 0 0 .937-.024l6.5-19a.496.496 0 0 0-.635-.635l-19 6.5a.5.5 0 0 0-.024.937l7.93 3.18a2 2 0 0 1 1.112 1.11z\"\u001b[39m\n                \u001b[36m/>\u001b[39m\n                \u001b[36m<path\u001b[39m\n                  \u001b[33md\u001b[39m=\u001b[32m\"m21.854 2.147-10.94 10.939\"\u001b[39m\n                \u001b[36m/>\u001b[39m\n              \u001b[36m</svg>\u001b[39m\n              \u001b[0mFinish Quiz\u001b[0m\n            \u001b[36m</button>\u001b[39m\n          \u001b[36m</div>\u001b[39m\n        \u001b[36m</div>\u001b[39m\n      \u001b[36m</div>\u001b[39m\n    \u001b[36m</div>\u001b[39m\n  \u001b[36m</body>\u001b[39m\n\u001b[36m</html>\u001b[39m\n    at C:\\Work\\Projects\\ai-learning\\__tests__\\openended\\OpenEndedQuizWrapper.test.tsx:159:50\n    at runWithExpensiveErrorDiagnosticsDisabled (C:\\Work\\Projects\\ai-learning\\node_modules\\@testing-library\\dom\\dist\\config.js:47:12)\n    at checkCallback (C:\\Work\\Projects\\ai-learning\\node_modules\\@testing-library\\dom\\dist\\wait-for.js:124:77)\n    at checkRealTimersCallback (C:\\Work\\Projects\\ai-learning\\node_modules\\@testing-library\\dom\\dist\\wait-for.js:118:16)\n    at Timeout.task [as _onTimeout] (C:\\Work\\Projects\\ai-learning\\node_modules\\jest-environment-jsdom\\node_modules\\jsdom\\lib\\jsdom\\browser\\Window.js:520:19)\n    at listOnTimeout (node:internal/timers:588:17)\n    at processTimers (node:internal/timers:523:7)"
          ],
          "fullName": "OpenEndedQuizWrapper should move to next question when not on last question",
          "invocations": 1,
          "location": null,
          "numPassingAsserts": 0,
          "retryReasons": [],
          "status": "failed",
          "title": "should move to next question when not on last question"
        }
      ],
      "failureMessage": "\u001b[1m\u001b[31m  \u001b[1m● \u001b[22m\u001b[1mOpenEndedQuizWrapper › should navigate to results page on quiz completion\u001b[39m\u001b[22m\n\n    \u001b[2mexpect(\u001b[22m\u001b[31mjest.fn()\u001b[39m\u001b[2m).\u001b[22mtoHaveBeenCalledWith\u001b[2m(\u001b[22m\u001b[32m...expected\u001b[39m\u001b[2m)\u001b[22m\n\n    Expected: \u001b[32m\"/dashboard/openended/test-quiz/results\"\u001b[39m\n\n    Number of calls: \u001b[31m0\u001b[39m\n\n    Ignored nodes: comments, script, style\n    \u001b[36m<html>\u001b[39m\n      \u001b[36m<head />\u001b[39m\n      \u001b[36m<body>\u001b[39m\n        \u001b[36m<div>\u001b[39m\n          \u001b[36m<div\u001b[39m\n            \u001b[33mdata-testid\u001b[39m=\u001b[32m\"openended-quiz-question\"\u001b[39m\n            \u001b[33mstyle\u001b[39m=\u001b[32m\"opacity: 1; transform: none;\"\u001b[39m\n          \u001b[36m>\u001b[39m\n            \u001b[36m<div\u001b[39m\n              \u001b[33mclass\u001b[39m=\u001b[32m\"rounded-lg border bg-card text-card-foreground w-full max-w-4xl mx-auto shadow-lg border-t-4 border-primary\"\u001b[39m\n            \u001b[36m>\u001b[39m\n              \u001b[36m<div\u001b[39m\n                \u001b[33mclass\u001b[39m=\u001b[32m\"flex flex-col p-6 space-y-4\"\u001b[39m\n              \u001b[36m>\u001b[39m\n                \u001b[36m<div\u001b[39m\n                  \u001b[33mclass\u001b[39m=\u001b[32m\"flex items-center justify-between flex-wrap gap-2\"\u001b[39m\n                \u001b[36m>\u001b[39m\n                  \u001b[36m<div\u001b[39m\n                    \u001b[33mclass\u001b[39m=\u001b[32m\"flex items-center gap-2\"\u001b[39m\n                  \u001b[36m>\u001b[39m\n                    \u001b[36m<div\u001b[39m\n                      \u001b[33mclass\u001b[39m=\u001b[32m\"flex items-center gap-1 text-sm text-muted-foreground\"\u001b[39m\n                      \u001b[33mstyle\u001b[39m=\u001b[32m\"opacity: 1;\"\u001b[39m\n                    \u001b[36m>\u001b[39m\n                      \u001b[36m<span\u001b[39m\n                        \u001b[33mclass\u001b[39m=\u001b[32m\"font-medium text-foreground\"\u001b[39m\n                      \u001b[36m>\u001b[39m\n                        \u001b[0mQuestion \u001b[0m\n                        \u001b[0m1\u001b[0m\n                      \u001b[36m</span>\u001b[39m\n                      \u001b[36m<svg\u001b[39m\n                        \u001b[33mclass\u001b[39m=\u001b[32m\"lucide lucide-chevron-right h-4 w-4\"\u001b[39m\n                        \u001b[33mfill\u001b[39m=\u001b[32m\"none\"\u001b[39m\n                        \u001b[33mheight\u001b[39m=\u001b[32m\"24\"\u001b[39m\n                        \u001b[33mstroke\u001b[39m=\u001b[32m\"currentColor\"\u001b[39m\n                        \u001b[33mstroke-linecap\u001b[39m=\u001b[32m\"round\"\u001b[39m\n                        \u001b[33mstroke-linejoin\u001b[39m=\u001b[32m\"round\"\u001b[39m\n                        \u001b[33mstroke-width\u001b[39m=\u001b[32m\"2\"\u001b[39m\n                        \u001b[33mviewBox\u001b[39m=\u001b[32m\"0 0 24 24\"\u001b[39m\n                        \u001b[33mwidth\u001b[39m=\u001b[32m\"24\"\u001b[39m\n                        \u001b[33mxmlns\u001b[39m=\u001b[32m\"http://www.w3.org/2000/svg\"\u001b[39m\n                      \u001b[36m>\u001b[39m\n                        \u001b[36m<path\u001b[39m\n                          \u001b[33md\u001b[39m=\u001b[32m\"m9 18 6-6-6-6\"\u001b[39m\n                        \u001b[36m/>\u001b[39m\n                      \u001b[36m</svg>\u001b[39m\n                      \u001b[36m<span>\u001b[39m\n                        \u001b[0m1\u001b[0m\n                      \u001b[36m</span>\u001b[39m\n                    \u001b[36m</div>\u001b[39m\n                  \u001b[36m</div>\u001b[39m\n                  \u001b[36m<div\u001b[39m\n                    \u001b[33mclass\u001b[39m=\u001b[32m\"flex items-center gap-2\"\u001b[39m\n                  \u001b[36m>\u001b[39m\n                    \u001b[36m<div\u001b[39m\n                      \u001b[33mclass\u001b[39m=\u001b[32m\"flex items-center gap-1 text-sm text-muted-foreground bg-muted px-3 py-1 rounded-full\"\u001b[39m\n                    \u001b[36m>\u001b[39m\n                      \u001b[36m<svg\u001b[39m\n                        \u001b[33mclass\u001b[39m=\u001b[32m\"lucide lucide-clock h-3.5 w-3.5\"\u001b[39m\n                        \u001b[33mfill\u001b[39m=\u001b[32m\"none\"\u001b[39m\n                        \u001b[33mheight\u001b[39m=\u001b[32m\"24\"\u001b[39m\n                        \u001b[33mstroke\u001b[39m=\u001b[32m\"currentColor\"\u001b[39m\n                        \u001b[33mstroke-linecap\u001b[39m=\u001b[32m\"round\"\u001b[39m\n                        \u001b[33mstroke-linejoin\u001b[39m=\u001b[32m\"round\"\u001b[39m\n                        \u001b[33mstroke-width\u001b[39m=\u001b[32m\"2\"\u001b[39m\n                        \u001b[33mviewBox\u001b[39m=\u001b[32m\"0 0 24 24\"\u001b[39m\n                        \u001b[33mwidth\u001b[39m=\u001b[32m\"24\"\u001b[39m\n                        \u001b[33mxmlns\u001b[39m=\u001b[32m\"http://www.w3.org/2000/svg\"\u001b[39m\n                      \u001b[36m>\u001b[39m\n                        \u001b[36m<circle\u001b[39m\n                          \u001b[33mcx\u001b[39m=\u001b[32m\"12\"\u001b[39m\n                          \u001b[33mcy\u001b[39m=\u001b[32m\"12\"\u001b[39m\n                          \u001b[33mr\u001b[39m=\u001b[32m\"10\"\u001b[39m\n                        \u001b[36m/>\u001b[39m\n                        \u001b[36m<polyline\u001b[39m\n                          \u001b[33mpoints\u001b[39m=\u001b[32m\"12 6 12 12 16 14\"\u001b[39m\n                        \u001b[36m/>\u001b[39m\n                      \u001b[36m</svg>\u001b[39m\n                      \u001b[36m<span\u001b[39m\n                        \u001b[33mclass\u001b[39m=\u001b[32m\"font-mono\"\u001b[39m\n                      \u001b[36m>\u001b[39m\n                        \u001b[0m0:01\u001b[0m\n                      \u001b[36m</span>\u001b[39m\n                    \u001b[36m</div>\u001b[39m\n                    \u001b[36m<div\u001b[39m\n                      \u001b[33mclass\u001b[39m=\u001b[32m\"inline-flex items-center rounded-full border px-2.5 py-0.5 text-xs font-semibold transition-colors focus:outline-none focus:ring-2 focus:ring-ring focus:ring-offset-2 border-transparent hover:bg-secondary/80 text-white bg-yellow-500\"\u001b[39m\n                    \u001b[36m>\u001b[39m\n                      \u001b[0mmedium\u001b[0m\n                    \u001b[36m</div>\u001b[39m\n                  \u001b[36m</div>\u001b[39m\n                \u001b[36m</div>\u001b[39m\n                \u001b[36m<h2\u001b[39m\n                  \u001b[33mclass\u001b[39m=\u001b[32m\"text-2xl font-bold leading-tight text-primary\"\u001b[39m\n                  \u001b[33mdata-testid\u001b[39m=\u001b[32m\"question-text\"\u001b[39m\n                  \u001b[33mstyle\u001b[39m=\u001b[32m\"opacity: 1;\"\u001b[39m\n                \u001b[36m>\u001b[39m\n                  \u001b[0mTest question 1?\u001b[0m\n                \u001b[36m</h2>\u001b[39m\n              \u001b[36m</div>\u001b[39m\n              \u001b[36m<div\u001b[39m\n                \u001b[33mclass\u001b[39m=\u001b[32m\"p-6 pt-0 space-y-4\"\u001b[39m\n              \u001b[36m>\u001b[39m\n                \u001b[36m<textarea\u001b[39m\n                  \u001b[33mclass\u001b[39m=\u001b[32m\"flex w-full rounded-md border border-input bg-background px-3 py-2 text-base ring-offset-background placeholder:text-muted-foreground focus-visible:outline-none focus-visible:ring-2 focus-visible:ring-ring focus-visible:ring-offset-2 disabled:cursor-not-allowed disabled:opacity-50 md:text-sm min-h-[150px] resize-none transition-all duration-200 focus:min-h-[200px] focus:ring-2 focus:ring-primary\"\u001b[39m\n                  \u001b[33mdata-testid\u001b[39m=\u001b[32m\"answer-textarea\"\u001b[39m\n                  \u001b[33mplaceholder\u001b[39m=\u001b[32m\"Type your answer here...\"\u001b[39m\n                \u001b[36m/>\u001b[39m\n                \u001b[36m<div\u001b[39m\n                  \u001b[33mclass\u001b[39m=\u001b[32m\"space-y-2\"\u001b[39m\n                \u001b[36m>\u001b[39m\n                  \u001b[36m<button\u001b[39m\n                    \u001b[33mclass\u001b[39m=\u001b[32m\"inline-flex items-center justify-center gap-2 whitespace-nowrap text-sm font-medium ring-offset-background transition-colors focus-visible:outline-none focus-visible:ring-2 focus-visible:ring-ring focus-visible:ring-offset-2 disabled:pointer-events-none disabled:opacity-50 [&_svg]:pointer-events-none [&_svg]:size-4 [&_svg]:shrink-0 border border-input bg-background h-9 rounded-md px-3 w-full sm:w-auto hover:bg-primary hover:text-primary-foreground\"\u001b[39m\n                    \u001b[33mdata-testid\u001b[39m=\u001b[32m\"hint-button\"\u001b[39m\n                  \u001b[36m>\u001b[39m\n                    \u001b[36m<svg\u001b[39m\n                      \u001b[33mclass\u001b[39m=\u001b[32m\"lucide lucide-lightbulb w-4 h-4 mr-2\"\u001b[39m\n                      \u001b[33mfill\u001b[39m=\u001b[32m\"none\"\u001b[39m\n                      \u001b[33mheight\u001b[39m=\u001b[32m\"24\"\u001b[39m\n                      \u001b[33mstroke\u001b[39m=\u001b[32m\"currentColor\"\u001b[39m\n                      \u001b[33mstroke-linecap\u001b[39m=\u001b[32m\"round\"\u001b[39m\n                      \u001b[33mstroke-linejoin\u001b[39m=\u001b[32m\"round\"\u001b[39m\n                      \u001b[33mstroke-width\u001b[39m=\u001b[32m\"2\"\u001b[39m\n                      \u001b[33mviewBox\u001b[39m=\u001b[32m\"0 0 24 24\"\u001b[39m\n                      \u001b[33mwidth\u001b[39m=\u001b[32m\"24\"\u001b[39m\n                      \u001b[33mxmlns\u001b[39m=\u001b[32m\"http://www.w3.org/2000/svg\"\u001b[39m\n                    \u001b[36m>\u001b[39m\n                      \u001b[36m<path\u001b[39m\n                        \u001b[33md\u001b[39m=\u001b[32m\"M15 14c.2-1 .7-1.7 1.5-2.5 1-.9 1.5-2.2 1.5-3.5A6 6 0 0 0 6 8c0 1 .2 2.2 1.5 3.5.7.7 1.3 1.5 1.5 2.5\"\u001b[39m\n                      \u001b[36m/>\u001b[39m\n                      \u001b[36m<path\u001b[39m\n                        \u001b[33md\u001b[39m=\u001b[32m\"M9 18h6\"\u001b[39m\n                      \u001b[36m/>\u001b[39m\n                      \u001b[36m<path\u001b[39m\n                        \u001b[33md\u001b[39m=\u001b[32m\"M10 22h4\"\u001b[39m\n                      \u001b[36m/>\u001b[39m\n                    \u001b[36m</svg>\u001b[39m\n                    \u001b[0mGet Hint\u001b[0m\n                  \u001b[36m</button>\u001b[39m\n                \u001b[36m</div>\u001b[39m\n              \u001b[36m</div>\u001b[39m\n              \u001b[36m<div\u001b[39m\n                \u001b[33mclass\u001b[39m=\u001b[32m\"flex items-center p-6 pt-0\"\u001b[39m\n              \u001b[36m>\u001b[39m\n                \u001b[36m<button\u001b[39m\n                  \u001b[33mclass\u001b[39m=\u001b[32m\"inline-flex items-center justify-center gap-2 whitespace-nowrap rounded-md text-sm font-medium ring-offset-background focus-visible:outline-none focus-visible:ring-2 focus-visible:ring-ring focus-visible:ring-offset-2 disabled:pointer-events-none disabled:opacity-50 [&_svg]:pointer-events-none [&_svg]:size-4 [&_svg]:shrink-0 h-10 px-4 py-2 w-full sm:w-auto ml-auto transition-all duration-300 bg-primary hover:bg-primary/90 text-primary-foreground\"\u001b[39m\n                  \u001b[33mdata-testid\u001b[39m=\u001b[32m\"submit-button\"\u001b[39m\n                \u001b[36m>\u001b[39m\n                  \u001b[36m<svg\u001b[39m\n                    \u001b[33mclass\u001b[39m=\u001b[32m\"lucide lucide-send w-4 h-4 mr-2\"\u001b[39m\n                    \u001b[33mfill\u001b[39m=\u001b[32m\"none\"\u001b[39m\n                    \u001b[33mheight\u001b[39m=\u001b[32m\"24\"\u001b[39m\n                    \u001b[33mstroke\u001b[39m=\u001b[32m\"currentColor\"\u001b[39m\n                    \u001b[33mstroke-linecap\u001b[39m=\u001b[32m\"round\"\u001b[39m\n                    \u001b[33mstroke-linejoin\u001b[39m=\u001b[32m\"round\"\u001b[39m\n                    \u001b[33mstroke-width\u001b[39m=\u001b[32m\"2\"\u001b[39m\n                    \u001b[33mviewBox\u001b[39m=\u001b[32m\"0 0 24 24\"\u001b[39m\n                    \u001b[33mwidth\u001b[39m=\u001b[32m\"24\"\u001b[39m\n                    \u001b[33mxmlns\u001b[39m=\u001b[32m\"http://www.w3.org/2000/svg\"\u001b[39m\n                  \u001b[36m>\u001b[39m\n                    \u001b[36m<path\u001b[39m\n                      \u001b[33md\u001b[39m=\u001b[32m\"M14.536 21.686a.5.5 0 0 0 .937-.024l6.5-19a.496.496 0 0 0-.635-.635l-19 6.5a.5.5 0 0 0-.024.937l7.93 3.18a2 2 0 0 1 1.112 1.11z\"\u001b[39m\n                    \u001b[36m/>\u001b[39m\n                    \u001b[36m<path\u001b[39m\n                      \u001b[33md\u001b[39m=\u001b[32m\"m21.854 2.147-10.94 10.939\"\u001b[39m\n                    \u001b[36m/>\u001b[39m\n                  \u001b[36m</svg>\u001b[39m\n                  \u001b[0mFinish Quiz\u001b[0m\n                \u001b[36m</button>\u001b[39m\n              \u001b[36m</div>\u001b[39m\n            \u001b[36m</div>\u001b[39m\n          \u001b[36m</div>\u001b[39m\n        \u001b[36m</div>\u001b[39m\n      \u001b[36m</body>\u001b[39m\n    \u001b[36m</html>\u001b[39m\n\u001b[2m\u001b[22m\n\u001b[2m    \u001b[0m \u001b[90m 116 |\u001b[39m\u001b[22m\n\u001b[2m     \u001b[90m 117 |\u001b[39m     \u001b[36mawait\u001b[39m waitFor(() \u001b[33m=>\u001b[39m {\u001b[22m\n\u001b[2m    \u001b[31m\u001b[1m>\u001b[22m\u001b[2m\u001b[39m\u001b[90m 118 |\u001b[39m       expect(mockRouter\u001b[33m.\u001b[39mreplace)\u001b[33m.\u001b[39mtoHaveBeenCalledWith(\u001b[32m'/dashboard/openended/test-quiz/results'\u001b[39m)\u001b[22m\n\u001b[2m     \u001b[90m     |\u001b[39m                                  \u001b[31m\u001b[1m^\u001b[22m\u001b[2m\u001b[39m\u001b[22m\n\u001b[2m     \u001b[90m 119 |\u001b[39m     })\u001b[22m\n\u001b[2m     \u001b[90m 120 |\u001b[39m\u001b[22m\n\u001b[2m     \u001b[90m 121 |\u001b[39m     expect(mockDispatch)\u001b[33m.\u001b[39mtoHaveBeenCalledTimes(\u001b[35m2\u001b[39m)\u001b[0m\u001b[22m\n\u001b[2m\u001b[22m\n\u001b[2m      \u001b[2mat \u001b[22m\u001b[2m\u001b[0m\u001b[36m__tests__/openended/OpenEndedQuizWrapper.test.tsx\u001b[39m\u001b[0m\u001b[2m:118:34\u001b[22m\u001b[2m\u001b[22m\n\u001b[2m      \u001b[2mat runWithExpensiveErrorDiagnosticsDisabled (\u001b[22m\u001b[2mnode_modules/@testing-library/dom/dist/config.js\u001b[2m:47:12)\u001b[22m\u001b[2m\u001b[22m\n\u001b[2m      \u001b[2mat checkCallback (\u001b[22m\u001b[2mnode_modules/@testing-library/dom/dist/wait-for.js\u001b[2m:124:77)\u001b[22m\u001b[2m\u001b[22m\n\u001b[2m      \u001b[2mat MutationObserver.checkRealTimersCallback (\u001b[22m\u001b[2mnode_modules/@testing-library/dom/dist/wait-for.js\u001b[2m:118:16)\u001b[22m\u001b[2m\u001b[22m\n\n\u001b[1m\u001b[31m  \u001b[1m● \u001b[22m\u001b[1mOpenEndedQuizWrapper › should move to next question when not on last question\u001b[39m\u001b[22m\n\n    TypeError: Cannot read properties of undefined (reading '0')\n\n    Ignored nodes: comments, script, style\n    \u001b[36m<html>\u001b[39m\n      \u001b[36m<head />\u001b[39m\n      \u001b[36m<body>\u001b[39m\n        \u001b[36m<div>\u001b[39m\n          \u001b[36m<div\u001b[39m\n            \u001b[33mdata-testid\u001b[39m=\u001b[32m\"openended-quiz-question\"\u001b[39m\n            \u001b[33mstyle\u001b[39m=\u001b[32m\"opacity: 1; transform: none;\"\u001b[39m\n          \u001b[36m>\u001b[39m\n            \u001b[36m<div\u001b[39m\n              \u001b[33mclass\u001b[39m=\u001b[32m\"rounded-lg border bg-card text-card-foreground w-full max-w-4xl mx-auto shadow-lg border-t-4 border-primary\"\u001b[39m\n            \u001b[36m>\u001b[39m\n              \u001b[36m<div\u001b[39m\n                \u001b[33mclass\u001b[39m=\u001b[32m\"flex flex-col p-6 space-y-4\"\u001b[39m\n              \u001b[36m>\u001b[39m\n                \u001b[36m<div\u001b[39m\n                  \u001b[33mclass\u001b[39m=\u001b[32m\"flex items-center justify-between flex-wrap gap-2\"\u001b[39m\n                \u001b[36m>\u001b[39m\n                  \u001b[36m<div\u001b[39m\n                    \u001b[33mclass\u001b[39m=\u001b[32m\"flex items-center gap-2\"\u001b[39m\n                  \u001b[36m>\u001b[39m\n                    \u001b[36m<div\u001b[39m\n                      \u001b[33mclass\u001b[39m=\u001b[32m\"flex items-center gap-1 text-sm text-muted-foreground\"\u001b[39m\n                      \u001b[33mstyle\u001b[39m=\u001b[32m\"opacity: 1;\"\u001b[39m\n                    \u001b[36m>\u001b[39m\n                      \u001b[36m<span\u001b[39m\n                        \u001b[33mclass\u001b[39m=\u001b[32m\"font-medium text-foreground\"\u001b[39m\n                      \u001b[36m>\u001b[39m\n                        \u001b[0mQuestion \u001b[0m\n                        \u001b[0m1\u001b[0m\n                      \u001b[36m</span>\u001b[39m\n                      \u001b[36m<svg\u001b[39m\n                        \u001b[33mclass\u001b[39m=\u001b[32m\"lucide lucide-chevron-right h-4 w-4\"\u001b[39m\n                        \u001b[33mfill\u001b[39m=\u001b[32m\"none\"\u001b[39m\n                        \u001b[33mheight\u001b[39m=\u001b[32m\"24\"\u001b[39m\n                        \u001b[33mstroke\u001b[39m=\u001b[32m\"currentColor\"\u001b[39m\n                        \u001b[33mstroke-linecap\u001b[39m=\u001b[32m\"round\"\u001b[39m\n                        \u001b[33mstroke-linejoin\u001b[39m=\u001b[32m\"round\"\u001b[39m\n                        \u001b[33mstroke-width\u001b[39m=\u001b[32m\"2\"\u001b[39m\n                        \u001b[33mviewBox\u001b[39m=\u001b[32m\"0 0 24 24\"\u001b[39m\n                        \u001b[33mwidth\u001b[39m=\u001b[32m\"24\"\u001b[39m\n                        \u001b[33mxmlns\u001b[39m=\u001b[32m\"http://www.w3.org/2000/svg\"\u001b[39m\n                      \u001b[36m>\u001b[39m\n                        \u001b[36m<path\u001b[39m\n                          \u001b[33md\u001b[39m=\u001b[32m\"m9 18 6-6-6-6\"\u001b[39m\n                        \u001b[36m/>\u001b[39m\n                      \u001b[36m</svg>\u001b[39m\n                      \u001b[36m<span>\u001b[39m\n                        \u001b[0m1\u001b[0m\n                      \u001b[36m</span>\u001b[39m\n                    \u001b[36m</div>\u001b[39m\n                  \u001b[36m</div>\u001b[39m\n                  \u001b[36m<div\u001b[39m\n                    \u001b[33mclass\u001b[39m=\u001b[32m\"flex items-center gap-2\"\u001b[39m\n                  \u001b[36m>\u001b[39m\n                    \u001b[36m<div\u001b[39m\n                      \u001b[33mclass\u001b[39m=\u001b[32m\"flex items-center gap-1 text-sm text-muted-foreground bg-muted px-3 py-1 rounded-full\"\u001b[39m\n                    \u001b[36m>\u001b[39m\n                      \u001b[36m<svg\u001b[39m\n                        \u001b[33mclass\u001b[39m=\u001b[32m\"lucide lucide-clock h-3.5 w-3.5\"\u001b[39m\n                        \u001b[33mfill\u001b[39m=\u001b[32m\"none\"\u001b[39m\n                        \u001b[33mheight\u001b[39m=\u001b[32m\"24\"\u001b[39m\n                        \u001b[33mstroke\u001b[39m=\u001b[32m\"currentColor\"\u001b[39m\n                        \u001b[33mstroke-linecap\u001b[39m=\u001b[32m\"round\"\u001b[39m\n                        \u001b[33mstroke-linejoin\u001b[39m=\u001b[32m\"round\"\u001b[39m\n                        \u001b[33mstroke-width\u001b[39m=\u001b[32m\"2\"\u001b[39m\n                        \u001b[33mviewBox\u001b[39m=\u001b[32m\"0 0 24 24\"\u001b[39m\n                        \u001b[33mwidth\u001b[39m=\u001b[32m\"24\"\u001b[39m\n                        \u001b[33mxmlns\u001b[39m=\u001b[32m\"http://www.w3.org/2000/svg\"\u001b[39m\n                      \u001b[36m>\u001b[39m\n                        \u001b[36m<circle\u001b[39m\n                          \u001b[33mcx\u001b[39m=\u001b[32m\"12\"\u001b[39m\n                          \u001b[33mcy\u001b[39m=\u001b[32m\"12\"\u001b[39m\n                          \u001b[33mr\u001b[39m=\u001b[32m\"10\"\u001b[39m\n                        \u001b[36m/>\u001b[39m\n                        \u001b[36m<polyline\u001b[39m\n                          \u001b[33mpoints\u001b[39m=\u001b[32m\"12 6 12 12 16 14\"\u001b[39m\n                        \u001b[36m/>\u001b[39m\n                      \u001b[36m</svg>\u001b[39m\n                      \u001b[36m<span\u001b[39m\n                        \u001b[33mclass\u001b[39m=\u001b[32m\"font-mono\"\u001b[39m\n                      \u001b[36m>\u001b[39m\n                        \u001b[0m0:00\u001b[0m\n                      \u001b[36m</span>\u001b[39m\n                    \u001b[36m</div>\u001b[39m\n                    \u001b[36m<div\u001b[39m\n                      \u001b[33mclass\u001b[39m=\u001b[32m\"inline-flex items-center rounded-full border px-2.5 py-0.5 text-xs font-semibold transition-colors focus:outline-none focus:ring-2 focus:ring-ring focus:ring-offset-2 border-transparent hover:bg-secondary/80 text-white bg-yellow-500\"\u001b[39m\n                    \u001b[36m>\u001b[39m\n                      \u001b[0mmedium\u001b[0m\n                    \u001b[36m</div>\u001b[39m\n                  \u001b[36m</div>\u001b[39m\n                \u001b[36m</div>\u001b[39m\n                \u001b[36m<h2\u001b[39m\n                  \u001b[33mclass\u001b[39m=\u001b[32m\"text-2xl font-bold leading-tight text-primary\"\u001b[39m\n                  \u001b[33mdata-testid\u001b[39m=\u001b[32m\"question-text\"\u001b[39m\n                  \u001b[33mstyle\u001b[39m=\u001b[32m\"opacity: 1;\"\u001b[39m\n                \u001b[36m>\u001b[39m\n                  \u001b[0mTest question 1?\u001b[0m\n                \u001b[36m</h2>\u001b[39m\n              \u001b[36m</div>\u001b[39m\n              \u001b[36m<div\u001b[39m\n                \u001b[33mclass\u001b[39m=\u001b[32m\"p-6 pt-0 space-y-4\"\u001b[39m\n              \u001b[36m>\u001b[39m\n                \u001b[36m<textarea\u001b[39m\n                  \u001b[33mclass\u001b[39m=\u001b[32m\"flex w-full rounded-md border border-input bg-background px-3 py-2 text-base ring-offset-background placeholder:text-muted-foreground focus-visible:outline-none focus-visible:ring-2 focus-visible:ring-ring focus-visible:ring-offset-2 disabled:cursor-not-allowed disabled:opacity-50 md:text-sm min-h-[150px] resize-none transition-all duration-200 focus:min-h-[200px] focus:ring-2 focus:ring-primary\"\u001b[39m\n                  \u001b[33mdata-testid\u001b[39m=\u001b[32m\"answer-textarea\"\u001b[39m\n                  \u001b[33mplaceholder\u001b[39m=\u001b[32m\"Type your answer here...\"\u001b[39m\n                \u001b[36m/>\u001b[39m\n                \u001b[36m<div\u001b[39m\n                  \u001b[33mclass\u001b[39m=\u001b[32m\"space-y-2\"\u001b[39m\n                \u001b[36m>\u001b[39m\n                  \u001b[36m<button\u001b[39m\n                    \u001b[33mclass\u001b[39m=\u001b[32m\"inline-flex items-center justify-center gap-2 whitespace-nowrap text-sm font-medium ring-offset-background transition-colors focus-visible:outline-none focus-visible:ring-2 focus-visible:ring-ring focus-visible:ring-offset-2 disabled:pointer-events-none disabled:opacity-50 [&_svg]:pointer-events-none [&_svg]:size-4 [&_svg]:shrink-0 border border-input bg-background h-9 rounded-md px-3 w-full sm:w-auto hover:bg-primary hover:text-primary-foreground\"\u001b[39m\n                    \u001b[33mdata-testid\u001b[39m=\u001b[32m\"hint-button\"\u001b[39m\n                  \u001b[36m>\u001b[39m\n                    \u001b[36m<svg\u001b[39m\n                      \u001b[33mclass\u001b[39m=\u001b[32m\"lucide lucide-lightbulb w-4 h-4 mr-2\"\u001b[39m\n                      \u001b[33mfill\u001b[39m=\u001b[32m\"none\"\u001b[39m\n                      \u001b[33mheight\u001b[39m=\u001b[32m\"24\"\u001b[39m\n                      \u001b[33mstroke\u001b[39m=\u001b[32m\"currentColor\"\u001b[39m\n                      \u001b[33mstroke-linecap\u001b[39m=\u001b[32m\"round\"\u001b[39m\n                      \u001b[33mstroke-linejoin\u001b[39m=\u001b[32m\"round\"\u001b[39m\n                      \u001b[33mstroke-width\u001b[39m=\u001b[32m\"2\"\u001b[39m\n                      \u001b[33mviewBox\u001b[39m=\u001b[32m\"0 0 24 24\"\u001b[39m\n                      \u001b[33mwidth\u001b[39m=\u001b[32m\"24\"\u001b[39m\n                      \u001b[33mxmlns\u001b[39m=\u001b[32m\"http://www.w3.org/2000/svg\"\u001b[39m\n                    \u001b[36m>\u001b[39m\n                      \u001b[36m<path\u001b[39m\n                        \u001b[33md\u001b[39m=\u001b[32m\"M15 14c.2-1 .7-1.7 1.5-2.5 1-.9 1.5-2.2 1.5-3.5A6 6 0 0 0 6 8c0 1 .2 2.2 1.5 3.5.7.7 1.3 1.5 1.5 2.5\"\u001b[39m\n                      \u001b[36m/>\u001b[39m\n                      \u001b[36m<path\u001b[39m\n                        \u001b[33md\u001b[39m=\u001b[32m\"M9 18h6\"\u001b[39m\n                      \u001b[36m/>\u001b[39m\n                      \u001b[36m<path\u001b[39m\n                        \u001b[33md\u001b[39m=\u001b[32m\"M10 22h4\"\u001b[39m\n                      \u001b[36m/>\u001b[39m\n                    \u001b[36m</svg>\u001b[39m\n                    \u001b[0mGet Hint\u001b[0m\n                  \u001b[36m</button>\u001b[39m\n                \u001b[36m</div>\u001b[39m\n              \u001b[36m</div>\u001b[39m\n              \u001b[36m<div\u001b[39m\n                \u001b[33mclass\u001b[39m=\u001b[32m\"flex items-center p-6 pt-0\"\u001b[39m\n              \u001b[36m>\u001b[39m\n                \u001b[36m<button\u001b[39m\n                  \u001b[33mclass\u001b[39m=\u001b[32m\"inline-flex items-center justify-center gap-2 whitespace-nowrap rounded-md text-sm font-medium ring-offset-background focus-visible:outline-none focus-visible:ring-2 focus-visible:ring-ring focus-visible:ring-offset-2 disabled:pointer-events-none disabled:opacity-50 [&_svg]:pointer-events-none [&_svg]:size-4 [&_svg]:shrink-0 h-10 px-4 py-2 w-full sm:w-auto ml-auto transition-all duration-300 bg-primary hover:bg-primary/90 text-primary-foreground\"\u001b[39m\n                  \u001b[33mdata-testid\u001b[39m=\u001b[32m\"submit-button\"\u001b[39m\n                \u001b[36m>\u001b[39m\n                  \u001b[36m<svg\u001b[39m\n                    \u001b[33mclass\u001b[39m=\u001b[32m\"lucide lucide-send w-4 h-4 mr-2\"\u001b[39m\n                    \u001b[33mfill\u001b[39m=\u001b[32m\"none\"\u001b[39m\n                    \u001b[33mheight\u001b[39m=\u001b[32m\"24\"\u001b[39m\n                    \u001b[33mstroke\u001b[39m=\u001b[32m\"currentColor\"\u001b[39m\n                    \u001b[33mstroke-linecap\u001b[39m=\u001b[32m\"round\"\u001b[39m\n                    \u001b[33mstroke-linejoin\u001b[39m=\u001b[32m\"round\"\u001b[39m\n                    \u001b[33mstroke-width\u001b[39m=\u001b[32m\"2\"\u001b[39m\n                    \u001b[33mviewBox\u001b[39m=\u001b[32m\"0 0 24 24\"\u001b[39m\n                    \u001b[33mwidth\u001b[39m=\u001b[32m\"24\"\u001b[39m\n                    \u001b[33mxmlns\u001b[39m=\u001b[32m\"http://www.w3.org/2000/svg\"\u001b[39m\n                  \u001b[36m>\u001b[39m\n                    \u001b[36m<path\u001b[39m\n                      \u001b[33md\u001b[39m=\u001b[32m\"M14.536 21.686a.5.5 0 0 0 .937-.024l6.5-19a.496.496 0 0 0-.635-.635l-19 6.5a.5.5 0 0 0-.024.937l7.93 3.18a2 2 0 0 1 1.112 1.11z\"\u001b[39m\n                    \u001b[36m/>\u001b[39m\n                    \u001b[36m<path\u001b[39m\n                      \u001b[33md\u001b[39m=\u001b[32m\"m21.854 2.147-10.94 10.939\"\u001b[39m\n                    \u001b[36m/>\u001b[39m\n                  \u001b[36m</svg>\u001b[39m\n                  \u001b[0mFinish Quiz\u001b[0m\n                \u001b[36m</button>\u001b[39m\n              \u001b[36m</div>\u001b[39m\n            \u001b[36m</div>\u001b[39m\n          \u001b[36m</div>\u001b[39m\n        \u001b[36m</div>\u001b[39m\n      \u001b[36m</body>\u001b[39m\n    \u001b[36m</html>\u001b[39m\n\u001b[2m\u001b[22m\n\u001b[2m    \u001b[0m \u001b[90m 157 |\u001b[39m\u001b[22m\n\u001b[2m     \u001b[90m 158 |\u001b[39m     \u001b[36mawait\u001b[39m waitFor(() \u001b[33m=>\u001b[39m {\u001b[22m\n\u001b[2m    \u001b[31m\u001b[1m>\u001b[22m\u001b[2m\u001b[39m\u001b[90m 159 |\u001b[39m       \u001b[36mconst\u001b[39m lastCall \u001b[33m=\u001b[39m mockDispatch\u001b[33m.\u001b[39mmock\u001b[33m.\u001b[39mcalls[\u001b[35m1\u001b[39m][\u001b[35m0\u001b[39m]\u001b[22m\n\u001b[2m     \u001b[90m     |\u001b[39m                                                  \u001b[31m\u001b[1m^\u001b[22m\u001b[2m\u001b[39m\u001b[22m\n\u001b[2m     \u001b[90m 160 |\u001b[39m       expect(lastCall)\u001b[33m.\u001b[39mtoMatchObject({\u001b[22m\n\u001b[2m     \u001b[90m 161 |\u001b[39m         type\u001b[33m:\u001b[39m \u001b[32m'textQuiz/setCurrentQuestion'\u001b[39m\u001b[33m,\u001b[39m\u001b[22m\n\u001b[2m     \u001b[90m 162 |\u001b[39m         payload\u001b[33m:\u001b[39m \u001b[35m1\u001b[39m\u001b[0m\u001b[22m\n\u001b[2m\u001b[22m\n\u001b[2m      \u001b[2mat \u001b[22m\u001b[2m\u001b[0m\u001b[36m__tests__/openended/OpenEndedQuizWrapper.test.tsx\u001b[39m\u001b[0m\u001b[2m:159:50\u001b[22m\u001b[2m\u001b[22m\n\u001b[2m      \u001b[2mat runWithExpensiveErrorDiagnosticsDisabled (\u001b[22m\u001b[2mnode_modules/@testing-library/dom/dist/config.js\u001b[2m:47:12)\u001b[22m\u001b[2m\u001b[22m\n\u001b[2m      \u001b[2mat checkCallback (\u001b[22m\u001b[2mnode_modules/@testing-library/dom/dist/wait-for.js\u001b[2m:124:77)\u001b[22m\u001b[2m\u001b[22m\n\u001b[2m      \u001b[2mat checkRealTimersCallback (\u001b[22m\u001b[2mnode_modules/@testing-library/dom/dist/wait-for.js\u001b[2m:118:16)\u001b[22m\u001b[2m\u001b[22m\n"
    }
  ],
  "wasInterrupted": false
}