{"C:\\Work\\Projects\\ai-learning\\app\\context\\QuizContext.tsx": {"path":"C:\\Work\\Projects\\ai-learning\\app\\context\\QuizContext.tsx","all":false,"statementMap":{"0":{"start":{"line":1,"column":0},"end":{"line":1,"column":12}},"1":{"start":{"line":2,"column":0},"end":{"line":2,"column":0}},"2":{"start":{"line":3,"column":0},"end":{"line":3,"column":30}},"3":{"start":{"line":4,"column":0},"end":{"line":4,"column":103}},"4":{"start":{"line":5,"column":0},"end":{"line":5,"column":43}},"5":{"start":{"line":6,"column":0},"end":{"line":6,"column":59}},"6":{"start":{"line":7,"column":0},"end":{"line":7,"column":48}},"7":{"start":{"line":8,"column":0},"end":{"line":8,"column":40}},"8":{"start":{"line":9,"column":0},"end":{"line":9,"column":41}},"9":{"start":{"line":10,"column":0},"end":{"line":10,"column":8}},"10":{"start":{"line":11,"column":0},"end":{"line":11,"column":11}},"11":{"start":{"line":12,"column":0},"end":{"line":12,"column":21}},"12":{"start":{"line":13,"column":0},"end":{"line":13,"column":22}},"13":{"start":{"line":14,"column":0},"end":{"line":14,"column":23}},"14":{"start":{"line":15,"column":0},"end":{"line":15,"column":18}},"15":{"start":{"line":16,"column":0},"end":{"line":16,"column":18}},"16":{"start":{"line":17,"column":0},"end":{"line":17,"column":31}},"17":{"start":{"line":18,"column":0},"end":{"line":18,"column":46}},"18":{"start":{"line":19,"column":0},"end":{"line":19,"column":0}},"19":{"start":{"line":20,"column":0},"end":{"line":20,"column":64}},"20":{"start":{"line":21,"column":0},"end":{"line":21,"column":35}},"21":{"start":{"line":22,"column":0},"end":{"line":22,"column":16}},"22":{"start":{"line":23,"column":0},"end":{"line":23,"column":14}},"23":{"start":{"line":24,"column":0},"end":{"line":24,"column":15}},"24":{"start":{"line":25,"column":0},"end":{"line":25,"column":21}},"25":{"start":{"line":26,"column":0},"end":{"line":26,"column":29}},"26":{"start":{"line":27,"column":0},"end":{"line":27,"column":23}},"27":{"start":{"line":28,"column":0},"end":{"line":28,"column":30}},"28":{"start":{"line":29,"column":0},"end":{"line":29,"column":32}},"29":{"start":{"line":30,"column":0},"end":{"line":30,"column":22}},"30":{"start":{"line":31,"column":0},"end":{"line":31,"column":20}},"31":{"start":{"line":32,"column":0},"end":{"line":32,"column":22}},"32":{"start":{"line":33,"column":0},"end":{"line":33,"column":15}},"33":{"start":{"line":34,"column":0},"end":{"line":34,"column":97}},"34":{"start":{"line":35,"column":0},"end":{"line":35,"column":32}},"35":{"start":{"line":36,"column":0},"end":{"line":36,"column":32}},"36":{"start":{"line":37,"column":0},"end":{"line":37,"column":27}},"37":{"start":{"line":38,"column":0},"end":{"line":38,"column":27}},"38":{"start":{"line":39,"column":0},"end":{"line":39,"column":23}},"39":{"start":{"line":40,"column":0},"end":{"line":40,"column":26}},"40":{"start":{"line":41,"column":0},"end":{"line":41,"column":22}},"41":{"start":{"line":42,"column":0},"end":{"line":42,"column":23}},"42":{"start":{"line":43,"column":0},"end":{"line":43,"column":25}},"43":{"start":{"line":44,"column":0},"end":{"line":44,"column":45}},"44":{"start":{"line":45,"column":0},"end":{"line":45,"column":28}},"45":{"start":{"line":46,"column":0},"end":{"line":46,"column":30}},"46":{"start":{"line":47,"column":0},"end":{"line":47,"column":24}},"47":{"start":{"line":48,"column":0},"end":{"line":48,"column":32}},"48":{"start":{"line":49,"column":0},"end":{"line":49,"column":20}},"49":{"start":{"line":50,"column":0},"end":{"line":50,"column":1}},"50":{"start":{"line":51,"column":0},"end":{"line":51,"column":0}},"51":{"start":{"line":52,"column":0},"end":{"line":52,"column":17}},"52":{"start":{"line":53,"column":0},"end":{"line":53,"column":67}},"53":{"start":{"line":54,"column":0},"end":{"line":54,"column":53}},"54":{"start":{"line":55,"column":0},"end":{"line":55,"column":74}},"55":{"start":{"line":56,"column":0},"end":{"line":56,"column":45}},"56":{"start":{"line":57,"column":0},"end":{"line":57,"column":53}},"57":{"start":{"line":58,"column":0},"end":{"line":58,"column":51}},"58":{"start":{"line":59,"column":0},"end":{"line":59,"column":49}},"59":{"start":{"line":60,"column":0},"end":{"line":60,"column":89}},"60":{"start":{"line":61,"column":0},"end":{"line":61,"column":26}},"61":{"start":{"line":62,"column":0},"end":{"line":62,"column":80}},"62":{"start":{"line":63,"column":0},"end":{"line":63,"column":83}},"63":{"start":{"line":64,"column":0},"end":{"line":64,"column":53}},"64":{"start":{"line":65,"column":0},"end":{"line":65,"column":53}},"65":{"start":{"line":66,"column":0},"end":{"line":66,"column":47}},"66":{"start":{"line":67,"column":0},"end":{"line":67,"column":51}},"67":{"start":{"line":68,"column":0},"end":{"line":68,"column":54}},"68":{"start":{"line":69,"column":0},"end":{"line":69,"column":44}},"69":{"start":{"line":70,"column":0},"end":{"line":70,"column":57}},"70":{"start":{"line":71,"column":0},"end":{"line":71,"column":59}},"71":{"start":{"line":72,"column":0},"end":{"line":72,"column":52}},"72":{"start":{"line":73,"column":0},"end":{"line":73,"column":61}},"73":{"start":{"line":74,"column":0},"end":{"line":74,"column":35}},"74":{"start":{"line":75,"column":0},"end":{"line":75,"column":29}},"75":{"start":{"line":76,"column":0},"end":{"line":76,"column":29}},"76":{"start":{"line":77,"column":0},"end":{"line":77,"column":0}},"77":{"start":{"line":78,"column":0},"end":{"line":78,"column":34}},"78":{"start":{"line":79,"column":0},"end":{"line":79,"column":25}},"79":{"start":{"line":80,"column":0},"end":{"line":80,"column":26}},"80":{"start":{"line":81,"column":0},"end":{"line":81,"column":26}},"81":{"start":{"line":82,"column":0},"end":{"line":82,"column":26}},"82":{"start":{"line":83,"column":0},"end":{"line":83,"column":100}},"83":{"start":{"line":84,"column":0},"end":{"line":84,"column":82}},"84":{"start":{"line":85,"column":0},"end":{"line":85,"column":25}},"85":{"start":{"line":86,"column":0},"end":{"line":86,"column":45}},"86":{"start":{"line":87,"column":0},"end":{"line":87,"column":42}},"87":{"start":{"line":88,"column":0},"end":{"line":88,"column":36}},"88":{"start":{"line":89,"column":0},"end":{"line":89,"column":42}},"89":{"start":{"line":90,"column":0},"end":{"line":90,"column":5}},"90":{"start":{"line":91,"column":0},"end":{"line":91,"column":55}},"91":{"start":{"line":92,"column":0},"end":{"line":92,"column":67}},"92":{"start":{"line":93,"column":0},"end":{"line":93,"column":49}},"93":{"start":{"line":94,"column":0},"end":{"line":94,"column":5}},"94":{"start":{"line":95,"column":0},"end":{"line":95,"column":48}},"95":{"start":{"line":96,"column":0},"end":{"line":96,"column":42}},"96":{"start":{"line":97,"column":0},"end":{"line":97,"column":31}},"97":{"start":{"line":98,"column":0},"end":{"line":98,"column":1}},"98":{"start":{"line":99,"column":0},"end":{"line":99,"column":0}},"99":{"start":{"line":100,"column":0},"end":{"line":100,"column":64}},"100":{"start":{"line":101,"column":0},"end":{"line":101,"column":47}},"101":{"start":{"line":102,"column":0},"end":{"line":102,"column":13}},"102":{"start":{"line":103,"column":0},"end":{"line":103,"column":11}},"103":{"start":{"line":104,"column":0},"end":{"line":104,"column":12}},"104":{"start":{"line":105,"column":0},"end":{"line":105,"column":18}},"105":{"start":{"line":106,"column":0},"end":{"line":106,"column":25}},"106":{"start":{"line":107,"column":0},"end":{"line":107,"column":19}},"107":{"start":{"line":108,"column":0},"end":{"line":108,"column":26}},"108":{"start":{"line":109,"column":0},"end":{"line":109,"column":14}},"109":{"start":{"line":110,"column":0},"end":{"line":110,"column":21}},"110":{"start":{"line":111,"column":0},"end":{"line":111,"column":18}},"111":{"start":{"line":112,"column":0},"end":{"line":112,"column":26}},"112":{"start":{"line":113,"column":0},"end":{"line":113,"column":22}},"113":{"start":{"line":114,"column":0},"end":{"line":114,"column":14}},"114":{"start":{"line":115,"column":0},"end":{"line":115,"column":11}},"115":{"start":{"line":116,"column":0},"end":{"line":116,"column":25}},"116":{"start":{"line":117,"column":0},"end":{"line":117,"column":27}},"117":{"start":{"line":118,"column":0},"end":{"line":118,"column":37}},"118":{"start":{"line":119,"column":0},"end":{"line":119,"column":26}},"119":{"start":{"line":120,"column":0},"end":{"line":120,"column":22}},"120":{"start":{"line":121,"column":0},"end":{"line":121,"column":21}},"121":{"start":{"line":122,"column":0},"end":{"line":122,"column":22}},"122":{"start":{"line":123,"column":0},"end":{"line":123,"column":24}},"123":{"start":{"line":124,"column":0},"end":{"line":124,"column":45}},"124":{"start":{"line":125,"column":0},"end":{"line":125,"column":27}},"125":{"start":{"line":126,"column":0},"end":{"line":126,"column":29}},"126":{"start":{"line":127,"column":0},"end":{"line":127,"column":23}},"127":{"start":{"line":128,"column":0},"end":{"line":128,"column":24}},"128":{"start":{"line":129,"column":0},"end":{"line":129,"column":1}},"129":{"start":{"line":130,"column":0},"end":{"line":130,"column":0}},"130":{"start":{"line":131,"column":0},"end":{"line":131,"column":64}},"131":{"start":{"line":132,"column":0},"end":{"line":132,"column":95}},"132":{"start":{"line":133,"column":0},"end":{"line":133,"column":24}},"133":{"start":{"line":134,"column":0},"end":{"line":134,"column":27}},"134":{"start":{"line":135,"column":0},"end":{"line":135,"column":44}},"135":{"start":{"line":136,"column":0},"end":{"line":136,"column":0}},"136":{"start":{"line":137,"column":0},"end":{"line":137,"column":34}},"137":{"start":{"line":138,"column":0},"end":{"line":138,"column":63}},"138":{"start":{"line":139,"column":0},"end":{"line":139,"column":51}},"139":{"start":{"line":140,"column":0},"end":{"line":140,"column":92}},"140":{"start":{"line":141,"column":0},"end":{"line":141,"column":14}},"141":{"start":{"line":142,"column":0},"end":{"line":142,"column":17}},"142":{"start":{"line":143,"column":0},"end":{"line":143,"column":45}},"143":{"start":{"line":144,"column":0},"end":{"line":144,"column":36}},"144":{"start":{"line":145,"column":0},"end":{"line":145,"column":43}},"145":{"start":{"line":146,"column":0},"end":{"line":146,"column":7}},"146":{"start":{"line":147,"column":0},"end":{"line":147,"column":5}},"147":{"start":{"line":148,"column":0},"end":{"line":148,"column":0}},"148":{"start":{"line":149,"column":0},"end":{"line":149,"column":27}},"149":{"start":{"line":150,"column":0},"end":{"line":150,"column":66}},"150":{"start":{"line":151,"column":0},"end":{"line":151,"column":20}},"151":{"start":{"line":152,"column":0},"end":{"line":152,"column":7}},"152":{"start":{"line":153,"column":0},"end":{"line":153,"column":0}},"153":{"start":{"line":154,"column":0},"end":{"line":154,"column":63}},"154":{"start":{"line":155,"column":0},"end":{"line":155,"column":51}},"155":{"start":{"line":156,"column":0},"end":{"line":156,"column":92}},"156":{"start":{"line":157,"column":0},"end":{"line":157,"column":0}},"157":{"start":{"line":158,"column":0},"end":{"line":158,"column":14}},"158":{"start":{"line":159,"column":0},"end":{"line":159,"column":17}},"159":{"start":{"line":160,"column":0},"end":{"line":160,"column":61}},"160":{"start":{"line":161,"column":0},"end":{"line":161,"column":36}},"161":{"start":{"line":162,"column":0},"end":{"line":162,"column":43}},"162":{"start":{"line":163,"column":0},"end":{"line":163,"column":7}},"163":{"start":{"line":164,"column":0},"end":{"line":164,"column":5}},"164":{"start":{"line":165,"column":0},"end":{"line":165,"column":0}},"165":{"start":{"line":166,"column":0},"end":{"line":166,"column":27}},"166":{"start":{"line":167,"column":0},"end":{"line":167,"column":44}},"167":{"start":{"line":168,"column":0},"end":{"line":168,"column":20}},"168":{"start":{"line":169,"column":0},"end":{"line":169,"column":7}},"169":{"start":{"line":170,"column":0},"end":{"line":170,"column":0}},"170":{"start":{"line":171,"column":0},"end":{"line":171,"column":63}},"171":{"start":{"line":172,"column":0},"end":{"line":172,"column":51}},"172":{"start":{"line":173,"column":0},"end":{"line":173,"column":92}},"173":{"start":{"line":174,"column":0},"end":{"line":174,"column":0}},"174":{"start":{"line":175,"column":0},"end":{"line":175,"column":14}},"175":{"start":{"line":176,"column":0},"end":{"line":176,"column":17}},"176":{"start":{"line":177,"column":0},"end":{"line":177,"column":61}},"177":{"start":{"line":178,"column":0},"end":{"line":178,"column":36}},"178":{"start":{"line":179,"column":0},"end":{"line":179,"column":43}},"179":{"start":{"line":180,"column":0},"end":{"line":180,"column":7}},"180":{"start":{"line":181,"column":0},"end":{"line":181,"column":5}},"181":{"start":{"line":182,"column":0},"end":{"line":182,"column":0}},"182":{"start":{"line":183,"column":0},"end":{"line":183,"column":24}},"183":{"start":{"line":184,"column":0},"end":{"line":184,"column":40}},"184":{"start":{"line":185,"column":0},"end":{"line":185,"column":59}},"185":{"start":{"line":186,"column":0},"end":{"line":186,"column":34}},"186":{"start":{"line":187,"column":0},"end":{"line":187,"column":5}},"187":{"start":{"line":188,"column":0},"end":{"line":188,"column":0}},"188":{"start":{"line":189,"column":0},"end":{"line":189,"column":23}},"189":{"start":{"line":190,"column":0},"end":{"line":190,"column":52}},"190":{"start":{"line":191,"column":0},"end":{"line":191,"column":0}},"191":{"start":{"line":192,"column":0},"end":{"line":192,"column":31}},"192":{"start":{"line":193,"column":0},"end":{"line":193,"column":59}},"193":{"start":{"line":194,"column":0},"end":{"line":194,"column":0}},"194":{"start":{"line":195,"column":0},"end":{"line":195,"column":29}},"195":{"start":{"line":196,"column":0},"end":{"line":196,"column":55}},"196":{"start":{"line":197,"column":0},"end":{"line":197,"column":0}},"197":{"start":{"line":198,"column":0},"end":{"line":198,"column":21}},"198":{"start":{"line":199,"column":0},"end":{"line":199,"column":48}},"199":{"start":{"line":200,"column":0},"end":{"line":200,"column":0}},"200":{"start":{"line":201,"column":0},"end":{"line":201,"column":31}},"201":{"start":{"line":202,"column":0},"end":{"line":202,"column":51}},"202":{"start":{"line":203,"column":0},"end":{"line":203,"column":108}},"203":{"start":{"line":204,"column":0},"end":{"line":204,"column":54}},"204":{"start":{"line":205,"column":0},"end":{"line":205,"column":5}},"205":{"start":{"line":206,"column":0},"end":{"line":206,"column":0}},"206":{"start":{"line":207,"column":0},"end":{"line":207,"column":27}},"207":{"start":{"line":208,"column":0},"end":{"line":208,"column":66}},"208":{"start":{"line":209,"column":0},"end":{"line":209,"column":41}},"209":{"start":{"line":210,"column":0},"end":{"line":210,"column":0}},"210":{"start":{"line":211,"column":0},"end":{"line":211,"column":63}},"211":{"start":{"line":212,"column":0},"end":{"line":212,"column":51}},"212":{"start":{"line":213,"column":0},"end":{"line":213,"column":92}},"213":{"start":{"line":214,"column":0},"end":{"line":214,"column":14}},"214":{"start":{"line":215,"column":0},"end":{"line":215,"column":17}},"215":{"start":{"line":216,"column":0},"end":{"line":216,"column":26}},"216":{"start":{"line":217,"column":0},"end":{"line":217,"column":36}},"217":{"start":{"line":218,"column":0},"end":{"line":218,"column":40}},"218":{"start":{"line":219,"column":0},"end":{"line":219,"column":36}},"219":{"start":{"line":220,"column":0},"end":{"line":220,"column":42}},"220":{"start":{"line":221,"column":0},"end":{"line":221,"column":27}},"221":{"start":{"line":222,"column":0},"end":{"line":222,"column":7}},"222":{"start":{"line":223,"column":0},"end":{"line":223,"column":5}},"223":{"start":{"line":224,"column":0},"end":{"line":224,"column":0}},"224":{"start":{"line":225,"column":0},"end":{"line":225,"column":22}},"225":{"start":{"line":226,"column":0},"end":{"line":226,"column":14}},"226":{"start":{"line":227,"column":0},"end":{"line":227,"column":17}},"227":{"start":{"line":228,"column":0},"end":{"line":228,"column":32}},"228":{"start":{"line":229,"column":0},"end":{"line":229,"column":59}},"229":{"start":{"line":230,"column":0},"end":{"line":230,"column":27}},"230":{"start":{"line":231,"column":0},"end":{"line":231,"column":17}},"231":{"start":{"line":232,"column":0},"end":{"line":232,"column":20}},"232":{"start":{"line":233,"column":0},"end":{"line":233,"column":69}},"233":{"start":{"line":234,"column":0},"end":{"line":234,"column":43}},"234":{"start":{"line":235,"column":0},"end":{"line":235,"column":31}},"235":{"start":{"line":236,"column":0},"end":{"line":236,"column":28}},"236":{"start":{"line":237,"column":0},"end":{"line":237,"column":27}},"237":{"start":{"line":238,"column":0},"end":{"line":238,"column":28}},"238":{"start":{"line":239,"column":0},"end":{"line":239,"column":30}},"239":{"start":{"line":240,"column":0},"end":{"line":240,"column":7}},"240":{"start":{"line":241,"column":0},"end":{"line":241,"column":0}},"241":{"start":{"line":242,"column":0},"end":{"line":242,"column":31}},"242":{"start":{"line":243,"column":0},"end":{"line":243,"column":57}},"243":{"start":{"line":244,"column":0},"end":{"line":244,"column":0}},"244":{"start":{"line":245,"column":0},"end":{"line":245,"column":31}},"245":{"start":{"line":246,"column":0},"end":{"line":246,"column":59}},"246":{"start":{"line":247,"column":0},"end":{"line":247,"column":0}},"247":{"start":{"line":248,"column":0},"end":{"line":248,"column":25}},"248":{"start":{"line":249,"column":0},"end":{"line":249,"column":51}},"249":{"start":{"line":250,"column":0},"end":{"line":250,"column":0}},"250":{"start":{"line":251,"column":0},"end":{"line":251,"column":25}},"251":{"start":{"line":252,"column":0},"end":{"line":252,"column":54}},"252":{"start":{"line":253,"column":0},"end":{"line":253,"column":0}},"253":{"start":{"line":254,"column":0},"end":{"line":254,"column":29}},"254":{"start":{"line":255,"column":0},"end":{"line":255,"column":55}},"255":{"start":{"line":256,"column":0},"end":{"line":256,"column":0}},"256":{"start":{"line":257,"column":0},"end":{"line":257,"column":32}},"257":{"start":{"line":258,"column":0},"end":{"line":258,"column":57}},"258":{"start":{"line":259,"column":0},"end":{"line":259,"column":0}},"259":{"start":{"line":260,"column":0},"end":{"line":260,"column":35}},"260":{"start":{"line":261,"column":0},"end":{"line":261,"column":60}},"261":{"start":{"line":262,"column":0},"end":{"line":262,"column":0}},"262":{"start":{"line":263,"column":0},"end":{"line":263,"column":37}},"263":{"start":{"line":264,"column":0},"end":{"line":264,"column":62}},"264":{"start":{"line":265,"column":0},"end":{"line":265,"column":0}},"265":{"start":{"line":266,"column":0},"end":{"line":266,"column":30}},"266":{"start":{"line":267,"column":0},"end":{"line":267,"column":56}},"267":{"start":{"line":268,"column":0},"end":{"line":268,"column":0}},"268":{"start":{"line":269,"column":0},"end":{"line":269,"column":33}},"269":{"start":{"line":270,"column":0},"end":{"line":270,"column":58}},"270":{"start":{"line":271,"column":0},"end":{"line":271,"column":0}},"271":{"start":{"line":272,"column":0},"end":{"line":272,"column":31}},"272":{"start":{"line":273,"column":0},"end":{"line":273,"column":14}},"273":{"start":{"line":274,"column":0},"end":{"line":274,"column":24}},"274":{"start":{"line":275,"column":0},"end":{"line":275,"column":29}},"275":{"start":{"line":276,"column":0},"end":{"line":276,"column":25}},"276":{"start":{"line":277,"column":0},"end":{"line":277,"column":33}},"277":{"start":{"line":278,"column":0},"end":{"line":278,"column":43}},"278":{"start":{"line":279,"column":0},"end":{"line":279,"column":33}},"279":{"start":{"line":280,"column":0},"end":{"line":280,"column":32}},"280":{"start":{"line":281,"column":0},"end":{"line":281,"column":59}},"281":{"start":{"line":282,"column":0},"end":{"line":282,"column":69}},"282":{"start":{"line":283,"column":0},"end":{"line":283,"column":7}},"283":{"start":{"line":284,"column":0},"end":{"line":284,"column":0}},"284":{"start":{"line":285,"column":0},"end":{"line":285,"column":12}},"285":{"start":{"line":286,"column":0},"end":{"line":286,"column":18}},"286":{"start":{"line":287,"column":0},"end":{"line":287,"column":3}},"287":{"start":{"line":288,"column":0},"end":{"line":288,"column":1}},"288":{"start":{"line":289,"column":0},"end":{"line":289,"column":0}},"289":{"start":{"line":290,"column":0},"end":{"line":290,"column":65}},"290":{"start":{"line":291,"column":0},"end":{"line":291,"column":29}},"291":{"start":{"line":292,"column":0},"end":{"line":292,"column":27}},"292":{"start":{"line":293,"column":0},"end":{"line":293,"column":25}},"293":{"start":{"line":294,"column":0},"end":{"line":294,"column":14}},"294":{"start":{"line":295,"column":0},"end":{"line":295,"column":29}},"295":{"start":{"line":296,"column":0},"end":{"line":296,"column":5}},"296":{"start":{"line":297,"column":0},"end":{"line":297,"column":79}},"297":{"start":{"line":298,"column":0},"end":{"line":298,"column":5}},"298":{"start":{"line":299,"column":0},"end":{"line":299,"column":48}},"299":{"start":{"line":300,"column":0},"end":{"line":300,"column":1}},"300":{"start":{"line":301,"column":0},"end":{"line":301,"column":0}},"301":{"start":{"line":302,"column":0},"end":{"line":302,"column":73}},"302":{"start":{"line":303,"column":0},"end":{"line":303,"column":0}},"303":{"start":{"line":304,"column":0},"end":{"line":304,"column":74}},"304":{"start":{"line":305,"column":0},"end":{"line":305,"column":118}},"305":{"start":{"line":306,"column":0},"end":{"line":306,"column":71}},"306":{"start":{"line":307,"column":0},"end":{"line":307,"column":75}},"307":{"start":{"line":308,"column":0},"end":{"line":308,"column":78}},"308":{"start":{"line":309,"column":0},"end":{"line":309,"column":72}},"309":{"start":{"line":310,"column":0},"end":{"line":310,"column":76}},"310":{"start":{"line":311,"column":0},"end":{"line":311,"column":0}},"311":{"start":{"line":312,"column":0},"end":{"line":312,"column":31}},"312":{"start":{"line":313,"column":0},"end":{"line":313,"column":55}},"313":{"start":{"line":314,"column":0},"end":{"line":314,"column":0}},"314":{"start":{"line":315,"column":0},"end":{"line":315,"column":53}},"315":{"start":{"line":316,"column":0},"end":{"line":316,"column":20}},"316":{"start":{"line":317,"column":0},"end":{"line":317,"column":11}},"317":{"start":{"line":318,"column":0},"end":{"line":318,"column":9}},"318":{"start":{"line":319,"column":0},"end":{"line":319,"column":33}},"319":{"start":{"line":320,"column":0},"end":{"line":320,"column":45}},"320":{"start":{"line":321,"column":0},"end":{"line":321,"column":45}},"321":{"start":{"line":322,"column":0},"end":{"line":322,"column":52}},"322":{"start":{"line":323,"column":0},"end":{"line":323,"column":68}},"323":{"start":{"line":324,"column":0},"end":{"line":324,"column":70}},"324":{"start":{"line":325,"column":0},"end":{"line":325,"column":13}},"325":{"start":{"line":326,"column":0},"end":{"line":326,"column":26}},"326":{"start":{"line":327,"column":0},"end":{"line":327,"column":4}},"327":{"start":{"line":328,"column":0},"end":{"line":328,"column":0}},"328":{"start":{"line":329,"column":0},"end":{"line":329,"column":68}},"329":{"start":{"line":330,"column":0},"end":{"line":330,"column":28}},"330":{"start":{"line":331,"column":0},"end":{"line":331,"column":42}},"331":{"start":{"line":332,"column":0},"end":{"line":332,"column":42}},"332":{"start":{"line":333,"column":0},"end":{"line":333,"column":44}},"333":{"start":{"line":334,"column":0},"end":{"line":334,"column":42}},"334":{"start":{"line":335,"column":0},"end":{"line":335,"column":40}},"335":{"start":{"line":336,"column":0},"end":{"line":336,"column":39}},"336":{"start":{"line":337,"column":0},"end":{"line":337,"column":37}},"337":{"start":{"line":338,"column":0},"end":{"line":338,"column":50}},"338":{"start":{"line":339,"column":0},"end":{"line":339,"column":0}},"339":{"start":{"line":340,"column":0},"end":{"line":340,"column":47}},"340":{"start":{"line":341,"column":0},"end":{"line":341,"column":48}},"341":{"start":{"line":342,"column":0},"end":{"line":342,"column":45}},"342":{"start":{"line":343,"column":0},"end":{"line":343,"column":0}},"343":{"start":{"line":344,"column":0},"end":{"line":344,"column":49}},"344":{"start":{"line":345,"column":0},"end":{"line":345,"column":82}},"345":{"start":{"line":346,"column":0},"end":{"line":346,"column":59}},"346":{"start":{"line":347,"column":0},"end":{"line":347,"column":47}},"347":{"start":{"line":348,"column":0},"end":{"line":348,"column":21}},"348":{"start":{"line":349,"column":0},"end":{"line":349,"column":69}},"349":{"start":{"line":350,"column":0},"end":{"line":350,"column":60}},"350":{"start":{"line":351,"column":0},"end":{"line":351,"column":5}},"351":{"start":{"line":352,"column":0},"end":{"line":352,"column":8}},"352":{"start":{"line":353,"column":0},"end":{"line":353,"column":0}},"353":{"start":{"line":354,"column":0},"end":{"line":354,"column":60}},"354":{"start":{"line":355,"column":0},"end":{"line":355,"column":53}},"355":{"start":{"line":356,"column":0},"end":{"line":356,"column":44}},"356":{"start":{"line":357,"column":0},"end":{"line":357,"column":23}},"357":{"start":{"line":358,"column":0},"end":{"line":358,"column":48}},"358":{"start":{"line":359,"column":0},"end":{"line":359,"column":5}},"359":{"start":{"line":360,"column":0},"end":{"line":360,"column":0}},"360":{"start":{"line":361,"column":0},"end":{"line":361,"column":38}},"361":{"start":{"line":362,"column":0},"end":{"line":362,"column":45}},"362":{"start":{"line":363,"column":0},"end":{"line":363,"column":0}},"363":{"start":{"line":364,"column":0},"end":{"line":364,"column":56}},"364":{"start":{"line":365,"column":0},"end":{"line":365,"column":40}},"365":{"start":{"line":366,"column":0},"end":{"line":366,"column":63}},"366":{"start":{"line":367,"column":0},"end":{"line":367,"column":65}},"367":{"start":{"line":368,"column":0},"end":{"line":368,"column":5}},"368":{"start":{"line":369,"column":0},"end":{"line":369,"column":0}},"369":{"start":{"line":370,"column":0},"end":{"line":370,"column":61}},"370":{"start":{"line":371,"column":0},"end":{"line":371,"column":20}},"371":{"start":{"line":372,"column":0},"end":{"line":372,"column":0}},"372":{"start":{"line":373,"column":0},"end":{"line":373,"column":90}},"373":{"start":{"line":374,"column":0},"end":{"line":374,"column":58}},"374":{"start":{"line":375,"column":0},"end":{"line":375,"column":54}},"375":{"start":{"line":376,"column":0},"end":{"line":376,"column":0}},"376":{"start":{"line":377,"column":0},"end":{"line":377,"column":66}},"377":{"start":{"line":378,"column":0},"end":{"line":378,"column":30}},"378":{"start":{"line":379,"column":0},"end":{"line":379,"column":82}},"379":{"start":{"line":380,"column":0},"end":{"line":380,"column":12}},"380":{"start":{"line":381,"column":0},"end":{"line":381,"column":5}},"381":{"start":{"line":382,"column":0},"end":{"line":382,"column":0}},"382":{"start":{"line":383,"column":0},"end":{"line":383,"column":62}},"383":{"start":{"line":384,"column":0},"end":{"line":384,"column":51}},"384":{"start":{"line":385,"column":0},"end":{"line":385,"column":46}},"385":{"start":{"line":386,"column":0},"end":{"line":386,"column":0}},"386":{"start":{"line":387,"column":0},"end":{"line":387,"column":23}},"387":{"start":{"line":388,"column":0},"end":{"line":388,"column":77}},"388":{"start":{"line":389,"column":0},"end":{"line":389,"column":13}},"389":{"start":{"line":390,"column":0},"end":{"line":390,"column":44}},"390":{"start":{"line":391,"column":0},"end":{"line":391,"column":93}},"391":{"start":{"line":392,"column":0},"end":{"line":392,"column":27}},"392":{"start":{"line":393,"column":0},"end":{"line":393,"column":8}},"393":{"start":{"line":394,"column":0},"end":{"line":394,"column":12}},"394":{"start":{"line":395,"column":0},"end":{"line":395,"column":5}},"395":{"start":{"line":396,"column":0},"end":{"line":396,"column":0}},"396":{"start":{"line":397,"column":0},"end":{"line":397,"column":53}},"397":{"start":{"line":398,"column":0},"end":{"line":398,"column":83}},"398":{"start":{"line":399,"column":0},"end":{"line":399,"column":52}},"399":{"start":{"line":400,"column":0},"end":{"line":400,"column":0}},"400":{"start":{"line":401,"column":0},"end":{"line":401,"column":9}},"401":{"start":{"line":402,"column":0},"end":{"line":402,"column":62}},"402":{"start":{"line":403,"column":0},"end":{"line":403,"column":45}},"403":{"start":{"line":404,"column":0},"end":{"line":404,"column":39}},"404":{"start":{"line":405,"column":0},"end":{"line":405,"column":0}},"405":{"start":{"line":406,"column":0},"end":{"line":406,"column":87}},"406":{"start":{"line":407,"column":0},"end":{"line":407,"column":58}},"407":{"start":{"line":408,"column":0},"end":{"line":408,"column":47}},"408":{"start":{"line":409,"column":0},"end":{"line":409,"column":0}},"409":{"start":{"line":410,"column":0},"end":{"line":410,"column":28}},"410":{"start":{"line":411,"column":0},"end":{"line":411,"column":73}},"411":{"start":{"line":412,"column":0},"end":{"line":412,"column":50}},"412":{"start":{"line":413,"column":0},"end":{"line":413,"column":43}},"413":{"start":{"line":414,"column":0},"end":{"line":414,"column":33}},"414":{"start":{"line":415,"column":0},"end":{"line":415,"column":70}},"415":{"start":{"line":416,"column":0},"end":{"line":416,"column":61}},"416":{"start":{"line":417,"column":0},"end":{"line":417,"column":16}},"417":{"start":{"line":418,"column":0},"end":{"line":418,"column":9}},"418":{"start":{"line":419,"column":0},"end":{"line":419,"column":0}},"419":{"start":{"line":420,"column":0},"end":{"line":420,"column":84}},"420":{"start":{"line":421,"column":0},"end":{"line":421,"column":13}},"421":{"start":{"line":422,"column":0},"end":{"line":422,"column":73}},"422":{"start":{"line":423,"column":0},"end":{"line":423,"column":103}},"423":{"start":{"line":424,"column":0},"end":{"line":424,"column":16}},"424":{"start":{"line":425,"column":0},"end":{"line":425,"column":25}},"425":{"start":{"line":426,"column":0},"end":{"line":426,"column":70}},"426":{"start":{"line":427,"column":0},"end":{"line":427,"column":17}},"427":{"start":{"line":428,"column":0},"end":{"line":428,"column":42}},"428":{"start":{"line":429,"column":0},"end":{"line":429,"column":81}},"429":{"start":{"line":430,"column":0},"end":{"line":430,"column":35}},"430":{"start":{"line":431,"column":0},"end":{"line":431,"column":12}},"431":{"start":{"line":432,"column":0},"end":{"line":432,"column":9}},"432":{"start":{"line":433,"column":0},"end":{"line":433,"column":0}},"433":{"start":{"line":434,"column":0},"end":{"line":434,"column":14}},"434":{"start":{"line":435,"column":0},"end":{"line":435,"column":7}},"435":{"start":{"line":436,"column":0},"end":{"line":436,"column":0}},"436":{"start":{"line":437,"column":0},"end":{"line":437,"column":39}},"437":{"start":{"line":438,"column":0},"end":{"line":438,"column":83}},"438":{"start":{"line":439,"column":0},"end":{"line":439,"column":33}},"439":{"start":{"line":440,"column":0},"end":{"line":440,"column":21}},"440":{"start":{"line":441,"column":0},"end":{"line":441,"column":68}},"441":{"start":{"line":442,"column":0},"end":{"line":442,"column":13}},"442":{"start":{"line":443,"column":0},"end":{"line":443,"column":38}},"443":{"start":{"line":444,"column":0},"end":{"line":444,"column":94}},"444":{"start":{"line":445,"column":0},"end":{"line":445,"column":31}},"445":{"start":{"line":446,"column":0},"end":{"line":446,"column":8}},"446":{"start":{"line":447,"column":0},"end":{"line":447,"column":5}},"447":{"start":{"line":448,"column":0},"end":{"line":448,"column":79}},"448":{"start":{"line":449,"column":0},"end":{"line":449,"column":0}},"449":{"start":{"line":450,"column":0},"end":{"line":450,"column":24}},"450":{"start":{"line":451,"column":0},"end":{"line":451,"column":19}},"451":{"start":{"line":452,"column":0},"end":{"line":452,"column":45}},"452":{"start":{"line":453,"column":0},"end":{"line":453,"column":0}},"453":{"start":{"line":454,"column":0},"end":{"line":454,"column":67}},"454":{"start":{"line":455,"column":0},"end":{"line":455,"column":21}},"455":{"start":{"line":456,"column":0},"end":{"line":456,"column":27}},"456":{"start":{"line":457,"column":0},"end":{"line":457,"column":51}},"457":{"start":{"line":458,"column":0},"end":{"line":458,"column":104}},"458":{"start":{"line":459,"column":0},"end":{"line":459,"column":0}},"459":{"start":{"line":460,"column":0},"end":{"line":460,"column":48}},"460":{"start":{"line":461,"column":0},"end":{"line":461,"column":36}},"461":{"start":{"line":462,"column":0},"end":{"line":462,"column":56}},"462":{"start":{"line":463,"column":0},"end":{"line":463,"column":42}},"463":{"start":{"line":464,"column":0},"end":{"line":464,"column":0}},"464":{"start":{"line":465,"column":0},"end":{"line":465,"column":42}},"465":{"start":{"line":466,"column":0},"end":{"line":466,"column":26}},"466":{"start":{"line":467,"column":0},"end":{"line":467,"column":5}},"467":{"start":{"line":468,"column":0},"end":{"line":468,"column":0}},"468":{"start":{"line":469,"column":0},"end":{"line":469,"column":60}},"469":{"start":{"line":470,"column":0},"end":{"line":470,"column":38}},"470":{"start":{"line":471,"column":0},"end":{"line":471,"column":59}},"471":{"start":{"line":472,"column":0},"end":{"line":472,"column":30}},"472":{"start":{"line":473,"column":0},"end":{"line":473,"column":58}},"473":{"start":{"line":474,"column":0},"end":{"line":474,"column":64}},"474":{"start":{"line":475,"column":0},"end":{"line":475,"column":7}},"475":{"start":{"line":476,"column":0},"end":{"line":476,"column":5}},"476":{"start":{"line":477,"column":0},"end":{"line":477,"column":0}},"477":{"start":{"line":478,"column":0},"end":{"line":478,"column":63}},"478":{"start":{"line":479,"column":0},"end":{"line":479,"column":0}},"479":{"start":{"line":480,"column":0},"end":{"line":480,"column":30}},"480":{"start":{"line":481,"column":0},"end":{"line":481,"column":18}},"481":{"start":{"line":482,"column":0},"end":{"line":482,"column":68}},"482":{"start":{"line":483,"column":0},"end":{"line":483,"column":49}},"483":{"start":{"line":484,"column":0},"end":{"line":484,"column":46}},"484":{"start":{"line":485,"column":0},"end":{"line":485,"column":64}},"485":{"start":{"line":486,"column":0},"end":{"line":486,"column":7}},"486":{"start":{"line":487,"column":0},"end":{"line":487,"column":5}},"487":{"start":{"line":488,"column":0},"end":{"line":488,"column":75}},"488":{"start":{"line":489,"column":0},"end":{"line":489,"column":0}},"489":{"start":{"line":490,"column":0},"end":{"line":490,"column":51}},"490":{"start":{"line":491,"column":0},"end":{"line":491,"column":19}},"491":{"start":{"line":492,"column":0},"end":{"line":492,"column":70}},"492":{"start":{"line":493,"column":0},"end":{"line":493,"column":0}},"493":{"start":{"line":494,"column":0},"end":{"line":494,"column":24}},"494":{"start":{"line":495,"column":0},"end":{"line":495,"column":42}},"495":{"start":{"line":496,"column":0},"end":{"line":496,"column":11}},"496":{"start":{"line":497,"column":0},"end":{"line":497,"column":68}},"497":{"start":{"line":498,"column":0},"end":{"line":498,"column":24}},"498":{"start":{"line":499,"column":0},"end":{"line":499,"column":70}},"499":{"start":{"line":500,"column":0},"end":{"line":500,"column":9}},"500":{"start":{"line":501,"column":0},"end":{"line":501,"column":0}},"501":{"start":{"line":502,"column":0},"end":{"line":502,"column":55}},"502":{"start":{"line":503,"column":0},"end":{"line":503,"column":70}},"503":{"start":{"line":504,"column":0},"end":{"line":504,"column":0}},"504":{"start":{"line":505,"column":0},"end":{"line":505,"column":43}},"505":{"start":{"line":506,"column":0},"end":{"line":506,"column":30}},"506":{"start":{"line":507,"column":0},"end":{"line":507,"column":49}},"507":{"start":{"line":508,"column":0},"end":{"line":508,"column":10}},"508":{"start":{"line":509,"column":0},"end":{"line":509,"column":0}},"509":{"start":{"line":510,"column":0},"end":{"line":510,"column":51}},"510":{"start":{"line":511,"column":0},"end":{"line":511,"column":34}},"511":{"start":{"line":512,"column":0},"end":{"line":512,"column":30}},"512":{"start":{"line":513,"column":0},"end":{"line":513,"column":0}},"513":{"start":{"line":514,"column":0},"end":{"line":514,"column":57}},"514":{"start":{"line":515,"column":0},"end":{"line":515,"column":71}},"515":{"start":{"line":516,"column":0},"end":{"line":516,"column":63}},"516":{"start":{"line":517,"column":0},"end":{"line":517,"column":0}},"517":{"start":{"line":518,"column":0},"end":{"line":518,"column":25}},"518":{"start":{"line":519,"column":0},"end":{"line":519,"column":71}},"519":{"start":{"line":520,"column":0},"end":{"line":520,"column":68}},"520":{"start":{"line":521,"column":0},"end":{"line":521,"column":0}},"521":{"start":{"line":522,"column":0},"end":{"line":522,"column":17}},"522":{"start":{"line":523,"column":0},"end":{"line":523,"column":56}},"523":{"start":{"line":524,"column":0},"end":{"line":524,"column":46}},"524":{"start":{"line":525,"column":0},"end":{"line":525,"column":34}},"525":{"start":{"line":526,"column":0},"end":{"line":526,"column":29}},"526":{"start":{"line":527,"column":0},"end":{"line":527,"column":68}},"527":{"start":{"line":528,"column":0},"end":{"line":528,"column":21}},"528":{"start":{"line":529,"column":0},"end":{"line":529,"column":47}},"529":{"start":{"line":530,"column":0},"end":{"line":530,"column":93}},"530":{"start":{"line":531,"column":0},"end":{"line":531,"column":39}},"531":{"start":{"line":532,"column":0},"end":{"line":532,"column":16}},"532":{"start":{"line":533,"column":0},"end":{"line":533,"column":23}},"533":{"start":{"line":534,"column":0},"end":{"line":534,"column":30}},"534":{"start":{"line":535,"column":0},"end":{"line":535,"column":73}},"535":{"start":{"line":536,"column":0},"end":{"line":536,"column":15}},"536":{"start":{"line":537,"column":0},"end":{"line":537,"column":13}},"537":{"start":{"line":538,"column":0},"end":{"line":538,"column":11}},"538":{"start":{"line":539,"column":0},"end":{"line":539,"column":70}},"539":{"start":{"line":540,"column":0},"end":{"line":540,"column":74}},"540":{"start":{"line":541,"column":0},"end":{"line":541,"column":75}},"541":{"start":{"line":542,"column":0},"end":{"line":542,"column":37}},"542":{"start":{"line":543,"column":0},"end":{"line":543,"column":9}},"543":{"start":{"line":544,"column":0},"end":{"line":544,"column":0}},"544":{"start":{"line":545,"column":0},"end":{"line":545,"column":56}},"545":{"start":{"line":546,"column":0},"end":{"line":546,"column":73}},"546":{"start":{"line":547,"column":0},"end":{"line":547,"column":24}},"547":{"start":{"line":548,"column":0},"end":{"line":548,"column":77}},"548":{"start":{"line":549,"column":0},"end":{"line":549,"column":9}},"549":{"start":{"line":550,"column":0},"end":{"line":550,"column":17}},"550":{"start":{"line":551,"column":0},"end":{"line":551,"column":48}},"551":{"start":{"line":552,"column":0},"end":{"line":552,"column":36}},"552":{"start":{"line":553,"column":0},"end":{"line":553,"column":7}},"553":{"start":{"line":554,"column":0},"end":{"line":554,"column":5}},"554":{"start":{"line":555,"column":0},"end":{"line":555,"column":0}},"555":{"start":{"line":556,"column":0},"end":{"line":556,"column":22}},"556":{"start":{"line":557,"column":0},"end":{"line":557,"column":0}},"557":{"start":{"line":558,"column":0},"end":{"line":558,"column":18}},"558":{"start":{"line":559,"column":0},"end":{"line":559,"column":23}},"559":{"start":{"line":560,"column":0},"end":{"line":560,"column":5}},"560":{"start":{"line":561,"column":0},"end":{"line":561,"column":61}},"561":{"start":{"line":562,"column":0},"end":{"line":562,"column":0}},"562":{"start":{"line":563,"column":0},"end":{"line":563,"column":41}},"563":{"start":{"line":564,"column":0},"end":{"line":564,"column":70}},"564":{"start":{"line":565,"column":0},"end":{"line":565,"column":76}},"565":{"start":{"line":566,"column":0},"end":{"line":566,"column":0}},"566":{"start":{"line":567,"column":0},"end":{"line":567,"column":60}},"567":{"start":{"line":568,"column":0},"end":{"line":568,"column":50}},"568":{"start":{"line":569,"column":0},"end":{"line":569,"column":0}},"569":{"start":{"line":570,"column":0},"end":{"line":570,"column":9}},"570":{"start":{"line":571,"column":0},"end":{"line":571,"column":61}},"571":{"start":{"line":572,"column":0},"end":{"line":572,"column":0}},"572":{"start":{"line":573,"column":0},"end":{"line":573,"column":41}},"573":{"start":{"line":574,"column":0},"end":{"line":574,"column":60}},"574":{"start":{"line":575,"column":0},"end":{"line":575,"column":0}},"575":{"start":{"line":576,"column":0},"end":{"line":576,"column":66}},"576":{"start":{"line":577,"column":0},"end":{"line":577,"column":66}},"577":{"start":{"line":578,"column":0},"end":{"line":578,"column":0}},"578":{"start":{"line":579,"column":0},"end":{"line":579,"column":39}},"579":{"start":{"line":580,"column":0},"end":{"line":580,"column":18}},"580":{"start":{"line":581,"column":0},"end":{"line":581,"column":32}},"581":{"start":{"line":582,"column":0},"end":{"line":582,"column":20}},"582":{"start":{"line":583,"column":0},"end":{"line":583,"column":32}},"583":{"start":{"line":584,"column":0},"end":{"line":584,"column":42}},"584":{"start":{"line":585,"column":0},"end":{"line":585,"column":12}},"585":{"start":{"line":586,"column":0},"end":{"line":586,"column":10}},"586":{"start":{"line":587,"column":0},"end":{"line":587,"column":0}},"587":{"start":{"line":588,"column":0},"end":{"line":588,"column":62}},"588":{"start":{"line":589,"column":0},"end":{"line":589,"column":65}},"589":{"start":{"line":590,"column":0},"end":{"line":590,"column":19}},"590":{"start":{"line":591,"column":0},"end":{"line":591,"column":7}},"591":{"start":{"line":592,"column":0},"end":{"line":592,"column":0}},"592":{"start":{"line":593,"column":0},"end":{"line":593,"column":48}},"593":{"start":{"line":594,"column":0},"end":{"line":594,"column":32}},"594":{"start":{"line":595,"column":0},"end":{"line":595,"column":13}},"595":{"start":{"line":596,"column":0},"end":{"line":596,"column":92}},"596":{"start":{"line":597,"column":0},"end":{"line":597,"column":83}},"597":{"start":{"line":598,"column":0},"end":{"line":598,"column":0}},"598":{"start":{"line":599,"column":0},"end":{"line":599,"column":79}},"599":{"start":{"line":600,"column":0},"end":{"line":600,"column":61}},"600":{"start":{"line":601,"column":0},"end":{"line":601,"column":0}},"601":{"start":{"line":602,"column":0},"end":{"line":602,"column":62}},"602":{"start":{"line":603,"column":0},"end":{"line":603,"column":40}},"603":{"start":{"line":604,"column":0},"end":{"line":604,"column":27}},"604":{"start":{"line":605,"column":0},"end":{"line":605,"column":77}},"605":{"start":{"line":606,"column":0},"end":{"line":606,"column":14}},"606":{"start":{"line":607,"column":0},"end":{"line":607,"column":0}},"607":{"start":{"line":608,"column":0},"end":{"line":608,"column":80}},"608":{"start":{"line":609,"column":0},"end":{"line":609,"column":54}},"609":{"start":{"line":610,"column":0},"end":{"line":610,"column":68}},"610":{"start":{"line":611,"column":0},"end":{"line":611,"column":0}},"611":{"start":{"line":612,"column":0},"end":{"line":612,"column":22}},"612":{"start":{"line":613,"column":0},"end":{"line":613,"column":36}},"613":{"start":{"line":614,"column":0},"end":{"line":614,"column":24}},"614":{"start":{"line":615,"column":0},"end":{"line":615,"column":39}},"615":{"start":{"line":616,"column":0},"end":{"line":616,"column":43}},"616":{"start":{"line":617,"column":0},"end":{"line":617,"column":16}},"617":{"start":{"line":618,"column":0},"end":{"line":618,"column":14}},"618":{"start":{"line":619,"column":0},"end":{"line":619,"column":0}},"619":{"start":{"line":620,"column":0},"end":{"line":620,"column":66}},"620":{"start":{"line":621,"column":0},"end":{"line":621,"column":69}},"621":{"start":{"line":622,"column":0},"end":{"line":622,"column":23}},"622":{"start":{"line":623,"column":0},"end":{"line":623,"column":18}},"623":{"start":{"line":624,"column":0},"end":{"line":624,"column":50}},"624":{"start":{"line":625,"column":0},"end":{"line":625,"column":0}},"625":{"start":{"line":626,"column":0},"end":{"line":626,"column":67}},"626":{"start":{"line":627,"column":0},"end":{"line":627,"column":72}},"627":{"start":{"line":628,"column":0},"end":{"line":628,"column":87}},"628":{"start":{"line":629,"column":0},"end":{"line":629,"column":72}},"629":{"start":{"line":630,"column":0},"end":{"line":630,"column":0}},"630":{"start":{"line":631,"column":0},"end":{"line":631,"column":54}},"631":{"start":{"line":632,"column":0},"end":{"line":632,"column":50}},"632":{"start":{"line":633,"column":0},"end":{"line":633,"column":43}},"633":{"start":{"line":634,"column":0},"end":{"line":634,"column":39}},"634":{"start":{"line":635,"column":0},"end":{"line":635,"column":39}},"635":{"start":{"line":636,"column":0},"end":{"line":636,"column":41}},"636":{"start":{"line":637,"column":0},"end":{"line":637,"column":45}},"637":{"start":{"line":638,"column":0},"end":{"line":638,"column":49}},"638":{"start":{"line":639,"column":0},"end":{"line":639,"column":59}},"639":{"start":{"line":640,"column":0},"end":{"line":640,"column":16}},"640":{"start":{"line":641,"column":0},"end":{"line":641,"column":0}},"641":{"start":{"line":642,"column":0},"end":{"line":642,"column":39}},"642":{"start":{"line":643,"column":0},"end":{"line":643,"column":89}},"643":{"start":{"line":644,"column":0},"end":{"line":644,"column":89}},"644":{"start":{"line":645,"column":0},"end":{"line":645,"column":26}},"645":{"start":{"line":646,"column":0},"end":{"line":646,"column":40}},"646":{"start":{"line":647,"column":0},"end":{"line":647,"column":28}},"647":{"start":{"line":648,"column":0},"end":{"line":648,"column":45}},"648":{"start":{"line":649,"column":0},"end":{"line":649,"column":49}},"649":{"start":{"line":650,"column":0},"end":{"line":650,"column":20}},"650":{"start":{"line":651,"column":0},"end":{"line":651,"column":18}},"651":{"start":{"line":652,"column":0},"end":{"line":652,"column":0}},"652":{"start":{"line":653,"column":0},"end":{"line":653,"column":70}},"653":{"start":{"line":654,"column":0},"end":{"line":654,"column":73}},"654":{"start":{"line":655,"column":0},"end":{"line":655,"column":27}},"655":{"start":{"line":656,"column":0},"end":{"line":656,"column":15}},"656":{"start":{"line":657,"column":0},"end":{"line":657,"column":13}},"657":{"start":{"line":658,"column":0},"end":{"line":658,"column":0}},"658":{"start":{"line":659,"column":0},"end":{"line":659,"column":79}},"659":{"start":{"line":660,"column":0},"end":{"line":660,"column":11}},"660":{"start":{"line":661,"column":0},"end":{"line":661,"column":28}},"661":{"start":{"line":662,"column":0},"end":{"line":662,"column":69}},"662":{"start":{"line":663,"column":0},"end":{"line":663,"column":90}},"663":{"start":{"line":664,"column":0},"end":{"line":664,"column":9}},"664":{"start":{"line":665,"column":0},"end":{"line":665,"column":14}},"665":{"start":{"line":666,"column":0},"end":{"line":666,"column":76}},"666":{"start":{"line":667,"column":0},"end":{"line":667,"column":47}},"667":{"start":{"line":668,"column":0},"end":{"line":668,"column":68}},"668":{"start":{"line":669,"column":0},"end":{"line":669,"column":83}},"669":{"start":{"line":670,"column":0},"end":{"line":670,"column":57}},"670":{"start":{"line":671,"column":0},"end":{"line":671,"column":0}},"671":{"start":{"line":672,"column":0},"end":{"line":672,"column":45}},"672":{"start":{"line":673,"column":0},"end":{"line":673,"column":67}},"673":{"start":{"line":674,"column":0},"end":{"line":674,"column":0}},"674":{"start":{"line":675,"column":0},"end":{"line":675,"column":70}},"675":{"start":{"line":676,"column":0},"end":{"line":676,"column":64}},"676":{"start":{"line":677,"column":0},"end":{"line":677,"column":67}},"677":{"start":{"line":678,"column":0},"end":{"line":678,"column":22}},"678":{"start":{"line":679,"column":0},"end":{"line":679,"column":9}},"679":{"start":{"line":680,"column":0},"end":{"line":680,"column":7}},"680":{"start":{"line":681,"column":0},"end":{"line":681,"column":0}},"681":{"start":{"line":682,"column":0},"end":{"line":682,"column":43}},"682":{"start":{"line":683,"column":0},"end":{"line":683,"column":63}},"683":{"start":{"line":684,"column":0},"end":{"line":684,"column":18}},"684":{"start":{"line":685,"column":0},"end":{"line":685,"column":21}},"685":{"start":{"line":686,"column":0},"end":{"line":686,"column":58}},"686":{"start":{"line":687,"column":0},"end":{"line":687,"column":97}},"687":{"start":{"line":688,"column":0},"end":{"line":688,"column":63}},"688":{"start":{"line":689,"column":0},"end":{"line":689,"column":18}},"689":{"start":{"line":690,"column":0},"end":{"line":690,"column":5}},"690":{"start":{"line":691,"column":0},"end":{"line":691,"column":93}},"691":{"start":{"line":692,"column":0},"end":{"line":692,"column":0}},"692":{"start":{"line":693,"column":0},"end":{"line":693,"column":38}},"693":{"start":{"line":694,"column":0},"end":{"line":694,"column":19}},"694":{"start":{"line":695,"column":0},"end":{"line":695,"column":73}},"695":{"start":{"line":696,"column":0},"end":{"line":696,"column":0}},"696":{"start":{"line":697,"column":0},"end":{"line":697,"column":32}},"697":{"start":{"line":698,"column":0},"end":{"line":698,"column":74}},"698":{"start":{"line":699,"column":0},"end":{"line":699,"column":73}},"699":{"start":{"line":700,"column":0},"end":{"line":700,"column":0}},"700":{"start":{"line":701,"column":0},"end":{"line":701,"column":65}},"701":{"start":{"line":702,"column":0},"end":{"line":702,"column":57}},"702":{"start":{"line":703,"column":0},"end":{"line":703,"column":0}},"703":{"start":{"line":704,"column":0},"end":{"line":704,"column":62}},"704":{"start":{"line":705,"column":0},"end":{"line":705,"column":53}},"705":{"start":{"line":706,"column":0},"end":{"line":706,"column":37}},"706":{"start":{"line":707,"column":0},"end":{"line":707,"column":54}},"707":{"start":{"line":708,"column":0},"end":{"line":708,"column":0}},"708":{"start":{"line":709,"column":0},"end":{"line":709,"column":53}},"709":{"start":{"line":710,"column":0},"end":{"line":710,"column":75}},"710":{"start":{"line":711,"column":0},"end":{"line":711,"column":41}},"711":{"start":{"line":712,"column":0},"end":{"line":712,"column":64}},"712":{"start":{"line":713,"column":0},"end":{"line":713,"column":56}},"713":{"start":{"line":714,"column":0},"end":{"line":714,"column":0}},"714":{"start":{"line":715,"column":0},"end":{"line":715,"column":37}},"715":{"start":{"line":716,"column":0},"end":{"line":716,"column":19}},"716":{"start":{"line":717,"column":0},"end":{"line":717,"column":35}},"717":{"start":{"line":718,"column":0},"end":{"line":718,"column":23}},"718":{"start":{"line":719,"column":0},"end":{"line":719,"column":38}},"719":{"start":{"line":720,"column":0},"end":{"line":720,"column":37}},"720":{"start":{"line":721,"column":0},"end":{"line":721,"column":12}},"721":{"start":{"line":722,"column":0},"end":{"line":722,"column":30}},"722":{"start":{"line":723,"column":0},"end":{"line":723,"column":27}},"723":{"start":{"line":724,"column":0},"end":{"line":724,"column":72}},"724":{"start":{"line":725,"column":0},"end":{"line":725,"column":24}},"725":{"start":{"line":726,"column":0},"end":{"line":726,"column":38}},"726":{"start":{"line":727,"column":0},"end":{"line":727,"column":26}},"727":{"start":{"line":728,"column":0},"end":{"line":728,"column":42}},"728":{"start":{"line":729,"column":0},"end":{"line":729,"column":41}},"729":{"start":{"line":730,"column":0},"end":{"line":730,"column":18}},"730":{"start":{"line":731,"column":0},"end":{"line":731,"column":16}},"731":{"start":{"line":732,"column":0},"end":{"line":732,"column":13}},"732":{"start":{"line":733,"column":0},"end":{"line":733,"column":69}},"733":{"start":{"line":734,"column":0},"end":{"line":734,"column":61}},"734":{"start":{"line":735,"column":0},"end":{"line":735,"column":0}},"735":{"start":{"line":736,"column":0},"end":{"line":736,"column":44}},"736":{"start":{"line":737,"column":0},"end":{"line":737,"column":32}},"737":{"start":{"line":738,"column":0},"end":{"line":738,"column":12}},"738":{"start":{"line":739,"column":0},"end":{"line":739,"column":29}},"739":{"start":{"line":740,"column":0},"end":{"line":740,"column":63}},"740":{"start":{"line":741,"column":0},"end":{"line":741,"column":69}},"741":{"start":{"line":742,"column":0},"end":{"line":742,"column":61}},"742":{"start":{"line":743,"column":0},"end":{"line":743,"column":12}},"743":{"start":{"line":744,"column":0},"end":{"line":744,"column":14}},"744":{"start":{"line":745,"column":0},"end":{"line":745,"column":63}},"745":{"start":{"line":746,"column":0},"end":{"line":746,"column":26}},"746":{"start":{"line":747,"column":0},"end":{"line":747,"column":30}},"747":{"start":{"line":748,"column":0},"end":{"line":748,"column":50}},"748":{"start":{"line":749,"column":0},"end":{"line":749,"column":111}},"749":{"start":{"line":750,"column":0},"end":{"line":750,"column":18}},"750":{"start":{"line":751,"column":0},"end":{"line":751,"column":38}},"751":{"start":{"line":752,"column":0},"end":{"line":752,"column":117}},"752":{"start":{"line":753,"column":0},"end":{"line":753,"column":17}},"753":{"start":{"line":754,"column":0},"end":{"line":754,"column":26}},"754":{"start":{"line":755,"column":0},"end":{"line":755,"column":40}},"755":{"start":{"line":756,"column":0},"end":{"line":756,"column":28}},"756":{"start":{"line":757,"column":0},"end":{"line":757,"column":44}},"757":{"start":{"line":758,"column":0},"end":{"line":758,"column":43}},"758":{"start":{"line":759,"column":0},"end":{"line":759,"column":20}},"759":{"start":{"line":760,"column":0},"end":{"line":760,"column":18}},"760":{"start":{"line":761,"column":0},"end":{"line":761,"column":15}},"761":{"start":{"line":762,"column":0},"end":{"line":762,"column":13}},"762":{"start":{"line":763,"column":0},"end":{"line":763,"column":61}},"763":{"start":{"line":764,"column":0},"end":{"line":764,"column":12}},"764":{"start":{"line":765,"column":0},"end":{"line":765,"column":29}},"765":{"start":{"line":766,"column":0},"end":{"line":766,"column":64}},"766":{"start":{"line":767,"column":0},"end":{"line":767,"column":61}},"767":{"start":{"line":768,"column":0},"end":{"line":768,"column":12}},"768":{"start":{"line":769,"column":0},"end":{"line":769,"column":7}},"769":{"start":{"line":770,"column":0},"end":{"line":770,"column":5}},"770":{"start":{"line":771,"column":0},"end":{"line":771,"column":6}},"771":{"start":{"line":772,"column":0},"end":{"line":772,"column":24}},"772":{"start":{"line":773,"column":0},"end":{"line":773,"column":17}},"773":{"start":{"line":774,"column":0},"end":{"line":774,"column":18}},"774":{"start":{"line":775,"column":0},"end":{"line":775,"column":16}},"775":{"start":{"line":776,"column":0},"end":{"line":776,"column":22}},"776":{"start":{"line":777,"column":0},"end":{"line":777,"column":15}},"777":{"start":{"line":778,"column":0},"end":{"line":778,"column":19}},"778":{"start":{"line":779,"column":0},"end":{"line":779,"column":23}},"779":{"start":{"line":780,"column":0},"end":{"line":780,"column":23}},"780":{"start":{"line":781,"column":0},"end":{"line":781,"column":21}},"781":{"start":{"line":782,"column":0},"end":{"line":782,"column":4}},"782":{"start":{"line":783,"column":0},"end":{"line":783,"column":0}},"783":{"start":{"line":784,"column":0},"end":{"line":784,"column":45}},"784":{"start":{"line":785,"column":0},"end":{"line":785,"column":50}},"785":{"start":{"line":786,"column":0},"end":{"line":786,"column":9}},"786":{"start":{"line":787,"column":0},"end":{"line":787,"column":54}},"787":{"start":{"line":788,"column":0},"end":{"line":788,"column":0}},"788":{"start":{"line":789,"column":0},"end":{"line":789,"column":64}},"789":{"start":{"line":790,"column":0},"end":{"line":790,"column":63}},"790":{"start":{"line":791,"column":0},"end":{"line":791,"column":26}},"791":{"start":{"line":792,"column":0},"end":{"line":792,"column":60}},"792":{"start":{"line":793,"column":0},"end":{"line":793,"column":38}},"793":{"start":{"line":794,"column":0},"end":{"line":794,"column":8}},"794":{"start":{"line":795,"column":0},"end":{"line":795,"column":0}},"795":{"start":{"line":796,"column":0},"end":{"line":796,"column":56}},"796":{"start":{"line":797,"column":0},"end":{"line":797,"column":26}},"797":{"start":{"line":798,"column":0},"end":{"line":798,"column":22}},"798":{"start":{"line":799,"column":0},"end":{"line":799,"column":46}},"799":{"start":{"line":800,"column":0},"end":{"line":800,"column":45}},"800":{"start":{"line":801,"column":0},"end":{"line":801,"column":79}},"801":{"start":{"line":802,"column":0},"end":{"line":802,"column":90}},"802":{"start":{"line":803,"column":0},"end":{"line":803,"column":45}},"803":{"start":{"line":804,"column":0},"end":{"line":804,"column":18}},"804":{"start":{"line":805,"column":0},"end":{"line":805,"column":11}},"805":{"start":{"line":806,"column":0},"end":{"line":806,"column":0}},"806":{"start":{"line":807,"column":0},"end":{"line":807,"column":75}},"807":{"start":{"line":808,"column":0},"end":{"line":808,"column":0}},"808":{"start":{"line":809,"column":0},"end":{"line":809,"column":53}},"809":{"start":{"line":810,"column":0},"end":{"line":810,"column":50}},"810":{"start":{"line":811,"column":0},"end":{"line":811,"column":52}},"811":{"start":{"line":812,"column":0},"end":{"line":812,"column":48}},"812":{"start":{"line":813,"column":0},"end":{"line":813,"column":15}},"813":{"start":{"line":814,"column":0},"end":{"line":814,"column":92}},"814":{"start":{"line":815,"column":0},"end":{"line":815,"column":47}},"815":{"start":{"line":816,"column":0},"end":{"line":816,"column":14}},"816":{"start":{"line":817,"column":0},"end":{"line":817,"column":41}},"817":{"start":{"line":818,"column":0},"end":{"line":818,"column":85}},"818":{"start":{"line":819,"column":0},"end":{"line":819,"column":0}},"819":{"start":{"line":820,"column":0},"end":{"line":820,"column":56}},"820":{"start":{"line":821,"column":0},"end":{"line":821,"column":24}},"821":{"start":{"line":822,"column":0},"end":{"line":822,"column":40}},"822":{"start":{"line":823,"column":0},"end":{"line":823,"column":26}},"823":{"start":{"line":824,"column":0},"end":{"line":824,"column":67}},"824":{"start":{"line":825,"column":0},"end":{"line":825,"column":91}},"825":{"start":{"line":826,"column":0},"end":{"line":826,"column":114}},"826":{"start":{"line":827,"column":0},"end":{"line":827,"column":53}},"827":{"start":{"line":828,"column":0},"end":{"line":828,"column":18}},"828":{"start":{"line":829,"column":0},"end":{"line":829,"column":16}},"829":{"start":{"line":830,"column":0},"end":{"line":830,"column":20}},"830":{"start":{"line":831,"column":0},"end":{"line":831,"column":42}},"831":{"start":{"line":832,"column":0},"end":{"line":832,"column":84}},"832":{"start":{"line":833,"column":0},"end":{"line":833,"column":83}},"833":{"start":{"line":834,"column":0},"end":{"line":834,"column":0}},"834":{"start":{"line":835,"column":0},"end":{"line":835,"column":41}},"835":{"start":{"line":836,"column":0},"end":{"line":836,"column":34}},"836":{"start":{"line":837,"column":0},"end":{"line":837,"column":15}},"837":{"start":{"line":838,"column":0},"end":{"line":838,"column":13}},"838":{"start":{"line":839,"column":0},"end":{"line":839,"column":18}},"839":{"start":{"line":840,"column":0},"end":{"line":840,"column":40}},"840":{"start":{"line":841,"column":0},"end":{"line":841,"column":82}},"841":{"start":{"line":842,"column":0},"end":{"line":842,"column":81}},"842":{"start":{"line":843,"column":0},"end":{"line":843,"column":0}},"843":{"start":{"line":844,"column":0},"end":{"line":844,"column":39}},"844":{"start":{"line":845,"column":0},"end":{"line":845,"column":32}},"845":{"start":{"line":846,"column":0},"end":{"line":846,"column":13}},"846":{"start":{"line":847,"column":0},"end":{"line":847,"column":11}},"847":{"start":{"line":848,"column":0},"end":{"line":848,"column":13}},"848":{"start":{"line":849,"column":0},"end":{"line":849,"column":23}},"849":{"start":{"line":850,"column":0},"end":{"line":850,"column":8}},"850":{"start":{"line":851,"column":0},"end":{"line":851,"column":21}},"851":{"start":{"line":852,"column":0},"end":{"line":852,"column":68}},"852":{"start":{"line":853,"column":0},"end":{"line":853,"column":16}},"853":{"start":{"line":854,"column":0},"end":{"line":854,"column":26}},"854":{"start":{"line":855,"column":0},"end":{"line":855,"column":86}},"855":{"start":{"line":856,"column":0},"end":{"line":856,"column":8}},"856":{"start":{"line":857,"column":0},"end":{"line":857,"column":15}},"857":{"start":{"line":858,"column":0},"end":{"line":858,"column":55}},"858":{"start":{"line":859,"column":0},"end":{"line":859,"column":5}},"859":{"start":{"line":860,"column":0},"end":{"line":860,"column":6}},"860":{"start":{"line":861,"column":0},"end":{"line":861,"column":13}},"861":{"start":{"line":862,"column":0},"end":{"line":862,"column":22}},"862":{"start":{"line":863,"column":0},"end":{"line":863,"column":17}},"863":{"start":{"line":864,"column":0},"end":{"line":864,"column":19}},"864":{"start":{"line":865,"column":0},"end":{"line":865,"column":24}},"865":{"start":{"line":866,"column":0},"end":{"line":866,"column":23}},"866":{"start":{"line":867,"column":0},"end":{"line":867,"column":21}},"867":{"start":{"line":868,"column":0},"end":{"line":868,"column":4}},"868":{"start":{"line":869,"column":0},"end":{"line":869,"column":0}},"869":{"start":{"line":870,"column":0},"end":{"line":870,"column":20}},"870":{"start":{"line":871,"column":0},"end":{"line":871,"column":37}},"871":{"start":{"line":872,"column":0},"end":{"line":872,"column":41}},"872":{"start":{"line":873,"column":0},"end":{"line":873,"column":69}},"873":{"start":{"line":874,"column":0},"end":{"line":874,"column":33}},"874":{"start":{"line":875,"column":0},"end":{"line":875,"column":0}},"875":{"start":{"line":876,"column":0},"end":{"line":876,"column":44}},"876":{"start":{"line":877,"column":0},"end":{"line":877,"column":60}},"877":{"start":{"line":878,"column":0},"end":{"line":878,"column":6}},"878":{"start":{"line":879,"column":0},"end":{"line":879,"column":21}},"879":{"start":{"line":880,"column":0},"end":{"line":880,"column":3}},"880":{"start":{"line":881,"column":0},"end":{"line":881,"column":0}},"881":{"start":{"line":882,"column":0},"end":{"line":882,"column":15}},"882":{"start":{"line":883,"column":0},"end":{"line":883,"column":42}},"883":{"start":{"line":884,"column":0},"end":{"line":884,"column":63}},"884":{"start":{"line":885,"column":0},"end":{"line":885,"column":41}},"885":{"start":{"line":886,"column":0},"end":{"line":886,"column":0}},"886":{"start":{"line":887,"column":0},"end":{"line":887,"column":38}},"887":{"start":{"line":888,"column":0},"end":{"line":888,"column":45}},"888":{"start":{"line":889,"column":0},"end":{"line":889,"column":29}},"889":{"start":{"line":890,"column":0},"end":{"line":890,"column":29}},"890":{"start":{"line":891,"column":0},"end":{"line":891,"column":25}},"891":{"start":{"line":892,"column":0},"end":{"line":892,"column":56}},"892":{"start":{"line":893,"column":0},"end":{"line":893,"column":44}},"893":{"start":{"line":894,"column":0},"end":{"line":894,"column":29}},"894":{"start":{"line":895,"column":0},"end":{"line":895,"column":27}},"895":{"start":{"line":896,"column":0},"end":{"line":896,"column":31}},"896":{"start":{"line":897,"column":0},"end":{"line":897,"column":57}},"897":{"start":{"line":898,"column":0},"end":{"line":898,"column":7}},"898":{"start":{"line":899,"column":0},"end":{"line":899,"column":45}},"899":{"start":{"line":900,"column":0},"end":{"line":900,"column":5}},"900":{"start":{"line":901,"column":0},"end":{"line":901,"column":6}},"901":{"start":{"line":902,"column":0},"end":{"line":902,"column":31}},"902":{"start":{"line":903,"column":0},"end":{"line":903,"column":24}},"903":{"start":{"line":904,"column":0},"end":{"line":904,"column":17}},"904":{"start":{"line":905,"column":0},"end":{"line":905,"column":19}},"905":{"start":{"line":906,"column":0},"end":{"line":906,"column":15}},"906":{"start":{"line":907,"column":0},"end":{"line":907,"column":18}},"907":{"start":{"line":908,"column":0},"end":{"line":908,"column":31}},"908":{"start":{"line":909,"column":0},"end":{"line":909,"column":14}},"909":{"start":{"line":910,"column":0},"end":{"line":910,"column":4}},"910":{"start":{"line":911,"column":0},"end":{"line":911,"column":0}},"911":{"start":{"line":912,"column":0},"end":{"line":912,"column":42}},"912":{"start":{"line":913,"column":0},"end":{"line":913,"column":41}},"913":{"start":{"line":914,"column":0},"end":{"line":914,"column":41}},"914":{"start":{"line":915,"column":0},"end":{"line":915,"column":0}},"915":{"start":{"line":916,"column":0},"end":{"line":916,"column":27}},"916":{"start":{"line":917,"column":0},"end":{"line":917,"column":45}},"917":{"start":{"line":918,"column":0},"end":{"line":918,"column":29}},"918":{"start":{"line":919,"column":0},"end":{"line":919,"column":29}},"919":{"start":{"line":920,"column":0},"end":{"line":920,"column":25}},"920":{"start":{"line":921,"column":0},"end":{"line":921,"column":56}},"921":{"start":{"line":922,"column":0},"end":{"line":922,"column":44}},"922":{"start":{"line":923,"column":0},"end":{"line":923,"column":29}},"923":{"start":{"line":924,"column":0},"end":{"line":924,"column":27}},"924":{"start":{"line":925,"column":0},"end":{"line":925,"column":31}},"925":{"start":{"line":926,"column":0},"end":{"line":926,"column":57}},"926":{"start":{"line":927,"column":0},"end":{"line":927,"column":7}},"927":{"start":{"line":928,"column":0},"end":{"line":928,"column":45}},"928":{"start":{"line":929,"column":0},"end":{"line":929,"column":5}},"929":{"start":{"line":930,"column":0},"end":{"line":930,"column":6}},"930":{"start":{"line":931,"column":0},"end":{"line":931,"column":31}},"931":{"start":{"line":932,"column":0},"end":{"line":932,"column":17}},"932":{"start":{"line":933,"column":0},"end":{"line":933,"column":19}},"933":{"start":{"line":934,"column":0},"end":{"line":934,"column":15}},"934":{"start":{"line":935,"column":0},"end":{"line":935,"column":24}},"935":{"start":{"line":936,"column":0},"end":{"line":936,"column":18}},"936":{"start":{"line":937,"column":0},"end":{"line":937,"column":31}},"937":{"start":{"line":938,"column":0},"end":{"line":938,"column":14}},"938":{"start":{"line":939,"column":0},"end":{"line":939,"column":4}},"939":{"start":{"line":940,"column":0},"end":{"line":940,"column":0}},"940":{"start":{"line":941,"column":0},"end":{"line":941,"column":35}},"941":{"start":{"line":942,"column":0},"end":{"line":942,"column":85}},"942":{"start":{"line":943,"column":0},"end":{"line":943,"column":80}},"943":{"start":{"line":944,"column":0},"end":{"line":944,"column":0}},"944":{"start":{"line":945,"column":0},"end":{"line":945,"column":16}},"945":{"start":{"line":946,"column":0},"end":{"line":946,"column":27}},"946":{"start":{"line":947,"column":0},"end":{"line":947,"column":74}},"947":{"start":{"line":948,"column":0},"end":{"line":948,"column":8}},"948":{"start":{"line":949,"column":0},"end":{"line":949,"column":0}},"949":{"start":{"line":950,"column":0},"end":{"line":950,"column":47}},"950":{"start":{"line":951,"column":0},"end":{"line":951,"column":47}},"951":{"start":{"line":952,"column":0},"end":{"line":952,"column":60}},"952":{"start":{"line":953,"column":0},"end":{"line":953,"column":0}},"953":{"start":{"line":954,"column":0},"end":{"line":954,"column":45}},"954":{"start":{"line":955,"column":0},"end":{"line":955,"column":29}},"955":{"start":{"line":956,"column":0},"end":{"line":956,"column":29}},"956":{"start":{"line":957,"column":0},"end":{"line":957,"column":25}},"957":{"start":{"line":958,"column":0},"end":{"line":958,"column":52}},"958":{"start":{"line":959,"column":0},"end":{"line":959,"column":44}},"959":{"start":{"line":960,"column":0},"end":{"line":960,"column":29}},"960":{"start":{"line":961,"column":0},"end":{"line":961,"column":27}},"961":{"start":{"line":962,"column":0},"end":{"line":962,"column":32}},"962":{"start":{"line":963,"column":0},"end":{"line":963,"column":57}},"963":{"start":{"line":964,"column":0},"end":{"line":964,"column":7}},"964":{"start":{"line":965,"column":0},"end":{"line":965,"column":45}},"965":{"start":{"line":966,"column":0},"end":{"line":966,"column":0}},"966":{"start":{"line":967,"column":0},"end":{"line":967,"column":65}},"967":{"start":{"line":968,"column":0},"end":{"line":968,"column":37}},"968":{"start":{"line":969,"column":0},"end":{"line":969,"column":7}},"969":{"start":{"line":970,"column":0},"end":{"line":970,"column":6}},"970":{"start":{"line":971,"column":0},"end":{"line":971,"column":5}},"971":{"start":{"line":972,"column":0},"end":{"line":972,"column":33}},"972":{"start":{"line":973,"column":0},"end":{"line":973,"column":26}},"973":{"start":{"line":974,"column":0},"end":{"line":974,"column":19}},"974":{"start":{"line":975,"column":0},"end":{"line":975,"column":21}},"975":{"start":{"line":976,"column":0},"end":{"line":976,"column":17}},"976":{"start":{"line":977,"column":0},"end":{"line":977,"column":20}},"977":{"start":{"line":978,"column":0},"end":{"line":978,"column":33}},"978":{"start":{"line":979,"column":0},"end":{"line":979,"column":16}},"979":{"start":{"line":980,"column":0},"end":{"line":980,"column":19}},"980":{"start":{"line":981,"column":0},"end":{"line":981,"column":6}},"981":{"start":{"line":982,"column":0},"end":{"line":982,"column":3}},"982":{"start":{"line":983,"column":0},"end":{"line":983,"column":0}},"983":{"start":{"line":984,"column":0},"end":{"line":984,"column":26}},"984":{"start":{"line":985,"column":0},"end":{"line":985,"column":55}},"985":{"start":{"line":986,"column":0},"end":{"line":986,"column":50}},"986":{"start":{"line":987,"column":0},"end":{"line":987,"column":28}},"987":{"start":{"line":988,"column":0},"end":{"line":988,"column":24}},"988":{"start":{"line":989,"column":0},"end":{"line":989,"column":0}},"989":{"start":{"line":990,"column":0},"end":{"line":990,"column":65}},"990":{"start":{"line":991,"column":0},"end":{"line":991,"column":41}},"991":{"start":{"line":992,"column":0},"end":{"line":992,"column":67}},"992":{"start":{"line":993,"column":0},"end":{"line":993,"column":37}},"993":{"start":{"line":994,"column":0},"end":{"line":994,"column":62}},"994":{"start":{"line":995,"column":0},"end":{"line":995,"column":110}},"995":{"start":{"line":996,"column":0},"end":{"line":996,"column":14}},"996":{"start":{"line":997,"column":0},"end":{"line":997,"column":7}},"997":{"start":{"line":998,"column":0},"end":{"line":998,"column":0}},"998":{"start":{"line":999,"column":0},"end":{"line":999,"column":38}},"999":{"start":{"line":1000,"column":0},"end":{"line":1000,"column":26}},"1000":{"start":{"line":1001,"column":0},"end":{"line":1001,"column":72}},"1001":{"start":{"line":1002,"column":0},"end":{"line":1002,"column":15}},"1002":{"start":{"line":1003,"column":0},"end":{"line":1003,"column":41}},"1003":{"start":{"line":1004,"column":0},"end":{"line":1004,"column":62}},"1004":{"start":{"line":1005,"column":0},"end":{"line":1005,"column":33}},"1005":{"start":{"line":1006,"column":0},"end":{"line":1006,"column":10}},"1006":{"start":{"line":1007,"column":0},"end":{"line":1007,"column":14}},"1007":{"start":{"line":1008,"column":0},"end":{"line":1008,"column":7}},"1008":{"start":{"line":1009,"column":0},"end":{"line":1009,"column":0}},"1009":{"start":{"line":1010,"column":0},"end":{"line":1010,"column":34}},"1010":{"start":{"line":1011,"column":0},"end":{"line":1011,"column":41}},"1011":{"start":{"line":1012,"column":0},"end":{"line":1012,"column":83}},"1012":{"start":{"line":1013,"column":0},"end":{"line":1013,"column":15}},"1013":{"start":{"line":1014,"column":0},"end":{"line":1014,"column":41}},"1014":{"start":{"line":1015,"column":0},"end":{"line":1015,"column":62}},"1015":{"start":{"line":1016,"column":0},"end":{"line":1016,"column":33}},"1016":{"start":{"line":1017,"column":0},"end":{"line":1017,"column":10}},"1017":{"start":{"line":1018,"column":0},"end":{"line":1018,"column":14}},"1018":{"start":{"line":1019,"column":0},"end":{"line":1019,"column":7}},"1019":{"start":{"line":1020,"column":0},"end":{"line":1020,"column":0}},"1020":{"start":{"line":1021,"column":0},"end":{"line":1021,"column":46}},"1021":{"start":{"line":1022,"column":0},"end":{"line":1022,"column":76}},"1022":{"start":{"line":1023,"column":0},"end":{"line":1023,"column":35}},"1023":{"start":{"line":1024,"column":0},"end":{"line":1024,"column":65}},"1024":{"start":{"line":1025,"column":0},"end":{"line":1025,"column":15}},"1025":{"start":{"line":1026,"column":0},"end":{"line":1026,"column":40}},"1026":{"start":{"line":1027,"column":0},"end":{"line":1027,"column":88}},"1027":{"start":{"line":1028,"column":0},"end":{"line":1028,"column":33}},"1028":{"start":{"line":1029,"column":0},"end":{"line":1029,"column":10}},"1029":{"start":{"line":1030,"column":0},"end":{"line":1030,"column":14}},"1030":{"start":{"line":1031,"column":0},"end":{"line":1031,"column":7}},"1031":{"start":{"line":1032,"column":0},"end":{"line":1032,"column":0}},"1032":{"start":{"line":1033,"column":0},"end":{"line":1033,"column":41}},"1033":{"start":{"line":1034,"column":0},"end":{"line":1034,"column":67}},"1034":{"start":{"line":1035,"column":0},"end":{"line":1035,"column":0}},"1035":{"start":{"line":1036,"column":0},"end":{"line":1036,"column":11}},"1036":{"start":{"line":1037,"column":0},"end":{"line":1037,"column":72}},"1037":{"start":{"line":1038,"column":0},"end":{"line":1038,"column":90}},"1038":{"start":{"line":1039,"column":0},"end":{"line":1039,"column":40}},"1039":{"start":{"line":1040,"column":0},"end":{"line":1040,"column":69}},"1040":{"start":{"line":1041,"column":0},"end":{"line":1041,"column":0}},"1041":{"start":{"line":1042,"column":0},"end":{"line":1042,"column":37}},"1042":{"start":{"line":1043,"column":0},"end":{"line":1043,"column":42}},"1043":{"start":{"line":1044,"column":0},"end":{"line":1044,"column":51}},"1044":{"start":{"line":1045,"column":0},"end":{"line":1045,"column":9}},"1045":{"start":{"line":1046,"column":0},"end":{"line":1046,"column":0}},"1046":{"start":{"line":1047,"column":0},"end":{"line":1047,"column":56}},"1047":{"start":{"line":1048,"column":0},"end":{"line":1048,"column":15}},"1048":{"start":{"line":1049,"column":0},"end":{"line":1049,"column":52}},"1049":{"start":{"line":1050,"column":0},"end":{"line":1050,"column":22}},"1050":{"start":{"line":1051,"column":0},"end":{"line":1051,"column":36}},"1051":{"start":{"line":1052,"column":0},"end":{"line":1052,"column":50}},"1052":{"start":{"line":1053,"column":0},"end":{"line":1053,"column":14}},"1053":{"start":{"line":1054,"column":0},"end":{"line":1054,"column":0}},"1054":{"start":{"line":1055,"column":0},"end":{"line":1055,"column":48}},"1055":{"start":{"line":1056,"column":0},"end":{"line":1056,"column":81}},"1056":{"start":{"line":1057,"column":0},"end":{"line":1057,"column":0}},"1057":{"start":{"line":1058,"column":0},"end":{"line":1058,"column":67}},"1058":{"start":{"line":1059,"column":0},"end":{"line":1059,"column":64}},"1059":{"start":{"line":1060,"column":0},"end":{"line":1060,"column":35}},"1060":{"start":{"line":1061,"column":0},"end":{"line":1061,"column":31}},"1061":{"start":{"line":1062,"column":0},"end":{"line":1062,"column":39}},"1062":{"start":{"line":1063,"column":0},"end":{"line":1063,"column":20}},"1063":{"start":{"line":1064,"column":0},"end":{"line":1064,"column":53}},"1064":{"start":{"line":1065,"column":0},"end":{"line":1065,"column":57}},"1065":{"start":{"line":1066,"column":0},"end":{"line":1066,"column":50}},"1066":{"start":{"line":1067,"column":0},"end":{"line":1067,"column":14}},"1067":{"start":{"line":1068,"column":0},"end":{"line":1068,"column":0}},"1068":{"start":{"line":1069,"column":0},"end":{"line":1069,"column":64}},"1069":{"start":{"line":1070,"column":0},"end":{"line":1070,"column":48}},"1070":{"start":{"line":1071,"column":0},"end":{"line":1071,"column":50}},"1071":{"start":{"line":1072,"column":0},"end":{"line":1072,"column":69}},"1072":{"start":{"line":1073,"column":0},"end":{"line":1073,"column":73}},"1073":{"start":{"line":1074,"column":0},"end":{"line":1074,"column":67}},"1074":{"start":{"line":1075,"column":0},"end":{"line":1075,"column":92}},"1075":{"start":{"line":1076,"column":0},"end":{"line":1076,"column":64}},"1076":{"start":{"line":1077,"column":0},"end":{"line":1077,"column":36}},"1077":{"start":{"line":1078,"column":0},"end":{"line":1078,"column":17}},"1078":{"start":{"line":1079,"column":0},"end":{"line":1079,"column":15}},"1079":{"start":{"line":1080,"column":0},"end":{"line":1080,"column":23}},"1080":{"start":{"line":1081,"column":0},"end":{"line":1081,"column":13}},"1081":{"start":{"line":1082,"column":0},"end":{"line":1082,"column":0}},"1082":{"start":{"line":1083,"column":0},"end":{"line":1083,"column":79}},"1083":{"start":{"line":1084,"column":0},"end":{"line":1084,"column":48}},"1084":{"start":{"line":1085,"column":0},"end":{"line":1085,"column":77}},"1085":{"start":{"line":1086,"column":0},"end":{"line":1086,"column":82}},"1086":{"start":{"line":1087,"column":0},"end":{"line":1087,"column":35}},"1087":{"start":{"line":1088,"column":0},"end":{"line":1088,"column":20}},"1088":{"start":{"line":1089,"column":0},"end":{"line":1089,"column":53}},"1089":{"start":{"line":1090,"column":0},"end":{"line":1090,"column":70}},"1090":{"start":{"line":1091,"column":0},"end":{"line":1091,"column":48}},"1091":{"start":{"line":1092,"column":0},"end":{"line":1092,"column":26}},"1092":{"start":{"line":1093,"column":0},"end":{"line":1093,"column":30}},"1093":{"start":{"line":1094,"column":0},"end":{"line":1094,"column":84}},"1094":{"start":{"line":1095,"column":0},"end":{"line":1095,"column":107}},"1095":{"start":{"line":1096,"column":0},"end":{"line":1096,"column":19}},"1096":{"start":{"line":1097,"column":0},"end":{"line":1097,"column":17}},"1097":{"start":{"line":1098,"column":0},"end":{"line":1098,"column":29}},"1098":{"start":{"line":1099,"column":0},"end":{"line":1099,"column":17}},"1099":{"start":{"line":1100,"column":0},"end":{"line":1100,"column":57}},"1100":{"start":{"line":1101,"column":0},"end":{"line":1101,"column":50}},"1101":{"start":{"line":1102,"column":0},"end":{"line":1102,"column":13}},"1102":{"start":{"line":1103,"column":0},"end":{"line":1103,"column":0}},"1103":{"start":{"line":1104,"column":0},"end":{"line":1104,"column":47}},"1104":{"start":{"line":1105,"column":0},"end":{"line":1105,"column":77}},"1105":{"start":{"line":1106,"column":0},"end":{"line":1106,"column":40}},"1106":{"start":{"line":1107,"column":0},"end":{"line":1107,"column":36}},"1107":{"start":{"line":1108,"column":0},"end":{"line":1108,"column":36}},"1108":{"start":{"line":1109,"column":0},"end":{"line":1109,"column":54}},"1109":{"start":{"line":1110,"column":0},"end":{"line":1110,"column":49}},"1110":{"start":{"line":1111,"column":0},"end":{"line":1111,"column":14}},"1111":{"start":{"line":1112,"column":0},"end":{"line":1112,"column":0}},"1112":{"start":{"line":1113,"column":0},"end":{"line":1113,"column":52}},"1113":{"start":{"line":1114,"column":0},"end":{"line":1114,"column":57}},"1114":{"start":{"line":1115,"column":0},"end":{"line":1115,"column":97}},"1115":{"start":{"line":1116,"column":0},"end":{"line":1116,"column":47}},"1116":{"start":{"line":1117,"column":0},"end":{"line":1117,"column":43}},"1117":{"start":{"line":1118,"column":0},"end":{"line":1118,"column":86}},"1118":{"start":{"line":1119,"column":0},"end":{"line":1119,"column":61}},"1119":{"start":{"line":1120,"column":0},"end":{"line":1120,"column":27}},"1120":{"start":{"line":1121,"column":0},"end":{"line":1121,"column":16}},"1121":{"start":{"line":1122,"column":0},"end":{"line":1122,"column":21}},"1122":{"start":{"line":1123,"column":0},"end":{"line":1123,"column":47}},"1123":{"start":{"line":1124,"column":0},"end":{"line":1124,"column":96}},"1124":{"start":{"line":1125,"column":0},"end":{"line":1125,"column":39}},"1125":{"start":{"line":1126,"column":0},"end":{"line":1126,"column":16}},"1126":{"start":{"line":1127,"column":0},"end":{
[...]
art":{"line":159,"column":0},"end":{"line":159,"column":5}},"159":{"start":{"line":160,"column":0},"end":{"line":160,"column":53}},"160":{"start":{"line":161,"column":0},"end":{"line":161,"column":61}},"161":{"start":{"line":162,"column":0},"end":{"line":162,"column":25}},"162":{"start":{"line":163,"column":0},"end":{"line":163,"column":54}},"163":{"start":{"line":164,"column":0},"end":{"line":164,"column":6}},"164":{"start":{"line":165,"column":0},"end":{"line":165,"column":3}},"165":{"start":{"line":166,"column":0},"end":{"line":166,"column":1}},"166":{"start":{"line":167,"column":0},"end":{"line":167,"column":0}},"167":{"start":{"line":168,"column":0},"end":{"line":168,"column":28}},"168":{"start":{"line":169,"column":0},"end":{"line":169,"column":44}}},"s":{"0":1,"1":1,"2":1,"3":1,"4":1,"5":1,"6":1,"7":1,"8":1,"9":1,"10":1,"11":1,"12":1,"13":1,"14":1,"15":1,"16":1,"17":1,"18":1,"19":1,"20":1,"21":1,"22":1,"23":1,"24":1,"25":1,"26":1,"27":1,"28":1,"29":1,"30":1,"31":1,"32":3,"33":3,"34":3,"35":3,"36":3,"37":1,"38":1,"39":1,"40":1,"41":1,"42":0,"43":0,"44":0,"45":0,"46":0,"47":0,"48":0,"49":0,"50":0,"51":0,"52":0,"53":0,"54":0,"55":0,"56":0,"57":0,"58":0,"59":0,"60":0,"61":0,"62":0,"63":0,"64":1,"65":1,"66":1,"67":1,"68":1,"69":1,"70":1,"71":0,"72":0,"73":0,"74":0,"75":0,"76":0,"77":0,"78":0,"79":0,"80":0,"81":0,"82":0,"83":0,"84":0,"85":0,"86":0,"87":0,"88":0,"89":0,"90":0,"91":0,"92":0,"93":0,"94":0,"95":0,"96":0,"97":0,"98":0,"99":0,"100":0,"101":0,"102":0,"103":0,"104":0,"105":0,"106":0,"107":0,"108":0,"109":1,"110":1,"111":1,"112":1,"113":1,"114":0,"115":0,"116":0,"117":0,"118":0,"119":0,"120":0,"121":0,"122":0,"123":0,"124":0,"125":0,"126":0,"127":0,"128":0,"129":0,"130":0,"131":0,"132":0,"133":0,"134":0,"135":0,"136":0,"137":0,"138":0,"139":0,"140":0,"141":0,"142":0,"143":0,"144":0,"145":0,"146":0,"147":0,"148":0,"149":0,"150":0,"151":0,"152":0,"153":0,"154":0,"155":1,"156":1,"157":1,"158":1,"159":1,"160":0,"161":0,"162":0,"163":0,"164":0,"165":1,"166":1,"167":1,"168":1},"branchMap":{"0":{"type":"branch","line":30,"loc":{"start":{"line":30,"column":2},"end":{"line":30,"column":26}},"locations":[{"start":{"line":30,"column":2},"end":{"line":30,"column":26}}]},"1":{"type":"branch","line":32,"loc":{"start":{"line":32,"column":16},"end":{"line":37,"column":3}},"locations":[{"start":{"line":32,"column":16},"end":{"line":37,"column":3}}]}},"b":{"0":[3],"1":[3]},"fnMap":{"0":{"name":"QuizApi","decl":{"start":{"line":30,"column":2},"end":{"line":30,"column":26}},"loc":{"start":{"line":30,"column":2},"end":{"line":30,"column":26}},"line":30},"1":{"name":"getInstance","decl":{"start":{"line":32,"column":16},"end":{"line":37,"column":3}},"loc":{"start":{"line":32,"column":16},"end":{"line":37,"column":3}},"line":32},"2":{"name":"getQuizData","decl":{"start":{"line":42,"column":2},"end":{"line":64,"column":3}},"loc":{"start":{"line":42,"column":2},"end":{"line":64,"column":3}},"line":42},"3":{"name":"submitQuizResult","decl":{"start":{"line":71,"column":2},"end":{"line":109,"column":3}},"loc":{"start":{"line":71,"column":2},"end":{"line":109,"column":3}},"line":71},"4":{"name":"fetchQuizResult","decl":{"start":{"line":114,"column":2},"end":{"line":155,"column":3}},"loc":{"start":{"line":114,"column":2},"end":{"line":155,"column":3}},"line":114},"5":{"name":"formatApiError","decl":{"start":{"line":160,"column":2},"end":{"line":165,"column":3}},"loc":{"start":{"line":160,"column":2},"end":{"line":165,"column":3}},"line":160}},"f":{"0":3,"1":3,"2":0,"3":0,"4":0,"5":0}}
,"C:\\Work\\Projects\\ai-learning\\lib\\tailwindUtils.ts": {"path":"C:\\Work\\Projects\\ai-learning\\lib\\tailwindUtils.ts","all":false,"statementMap":{"0":{"start":{"line":1,"column":0},"end":{"line":1,"column":44}},"1":{"start":{"line":2,"column":0},"end":{"line":2,"column":40}},"2":{"start":{"line":3,"column":0},"end":{"line":3,"column":0}},"3":{"start":{"line":4,"column":0},"end":{"line":4,"column":34}},"4":{"start":{"line":5,"column":0},"end":{"line":5,"column":32}},"5":{"start":{"line":6,"column":0},"end":{"line":6,"column":52}},"6":{"start":{"line":7,"column":0},"end":{"line":7,"column":0}},"7":{"start":{"line":8,"column":0},"end":{"line":8,"column":45}},"8":{"start":{"line":9,"column":0},"end":{"line":9,"column":30}},"9":{"start":{"line":10,"column":0},"end":{"line":10,"column":1}}},"s":{"0":1,"1":1,"2":1,"3":1,"4":1,"5":1,"6":1,"7":1,"8":4,"9":4},"branchMap":{"0":{"type":"branch","line":8,"loc":{"start":{"line":8,"column":7},"end":{"line":10,"column":1}},"locations":[{"start":{"line":8,"column":7},"end":{"line":10,"column":1}}]}},"b":{"0":[4]},"fnMap":{"0":{"name":"cn","decl":{"start":{"line":8,"column":7},"end":{"line":10,"column":1}},"loc":{"start":{"line":8,"column":7},"end":{"line":10,"column":1}},"line":8}},"f":{"0":4}}
,"C:\\Work\\Projects\\ai-learning\\utils\\quiz-utils.ts": {"path":"C:\\Work\\Projects\\ai-learning\\utils\\quiz-utils.ts","all":false,"statementMap":{"0":{"start":{"line":1,"column":0},"end":{"line":1,"column":66}},"1":{"start":{"line":2,"column":0},"end":{"line":2,"column":0}},"2":{"start":{"line":3,"column":0},"end":{"line":3,"column":3}},"3":{"start":{"line":4,"column":0},"end":{"line":4,"column":40}},"4":{"start":{"line":5,"column":0},"end":{"line":5,"column":3}},"5":{"start":{"line":6,"column":0},"end":{"line":6,"column":26}},"6":{"start":{"line":7,"column":0},"end":{"line":7,"column":5}},"7":{"start":{"line":8,"column":0},"end":{"line":8,"column":48}},"8":{"start":{"line":9,"column":0},"end":{"line":9,"column":41}},"9":{"start":{"line":10,"column":0},"end":{"line":10,"column":26}},"10":{"start":{"line":11,"column":0},"end":{"line":11,"column":43}},"11":{"start":{"line":12,"column":0},"end":{"line":12,"column":5}},"12":{"start":{"line":13,"column":0},"end":{"line":13,"column":74}},"13":{"start":{"line":14,"column":0},"end":{"line":14,"column":50}},"14":{"start":{"line":15,"column":0},"end":{"line":15,"column":0}},"15":{"start":{"line":16,"column":0},"end":{"line":16,"column":19}},"16":{"start":{"line":17,"column":0},"end":{"line":17,"column":24}},"17":{"start":{"line":18,"column":0},"end":{"line":18,"column":17}},"18":{"start":{"line":19,"column":0},"end":{"line":19,"column":25}},"19":{"start":{"line":20,"column":0},"end":{"line":20,"column":18}},"20":{"start":{"line":21,"column":0},"end":{"line":21,"column":32}},"21":{"start":{"line":22,"column":0},"end":{"line":22,"column":70}},"22":{"start":{"line":23,"column":0},"end":{"line":23,"column":64}},"23":{"start":{"line":24,"column":0},"end":{"line":24,"column":0}},"24":{"start":{"line":25,"column":0},"end":{"line":25,"column":27}},"25":{"start":{"line":26,"column":0},"end":{"line":26,"column":20}},"26":{"start":{"line":27,"column":0},"end":{"line":27,"column":58}},"27":{"start":{"line":28,"column":0},"end":{"line":28,"column":89}},"28":{"start":{"line":29,"column":0},"end":{"line":29,"column":60}},"29":{"start":{"line":30,"column":0},"end":{"line":30,"column":0}},"30":{"start":{"line":31,"column":0},"end":{"line":31,"column":30}},"31":{"start":{"line":32,"column":0},"end":{"line":32,"column":23}},"32":{"start":{"line":33,"column":0},"end":{"line":33,"column":58}},"33":{"start":{"line":34,"column":0},"end":{"line":34,"column":92}},"34":{"start":{"line":35,"column":0},"end":{"line":35,"column":63}},"35":{"start":{"line":36,"column":0},"end":{"line":36,"column":0}},"36":{"start":{"line":37,"column":0},"end":{"line":37,"column":14}},"37":{"start":{"line":38,"column":0},"end":{"line":38,"column":16}},"38":{"start":{"line":39,"column":0},"end":{"line":39,"column":5}},"39":{"start":{"line":40,"column":0},"end":{"line":40,"column":4}},"40":{"start":{"line":41,"column":0},"end":{"line":41,"column":0}},"41":{"start":{"line":42,"column":0},"end":{"line":42,"column":5}},"42":{"start":{"line":43,"column":0},"end":{"line":43,"column":36}},"43":{"start":{"line":44,"column":0},"end":{"line":44,"column":41}},"44":{"start":{"line":45,"column":0},"end":{"line":45,"column":26}},"45":{"start":{"line":46,"column":0},"end":{"line":46,"column":39}},"46":{"start":{"line":47,"column":0},"end":{"line":47,"column":5}},"47":{"start":{"line":48,"column":0},"end":{"line":48,"column":79}},"48":{"start":{"line":49,"column":0},"end":{"line":49,"column":50}},"49":{"start":{"line":50,"column":0},"end":{"line":50,"column":0}},"50":{"start":{"line":51,"column":0},"end":{"line":51,"column":19}},"51":{"start":{"line":52,"column":0},"end":{"line":52,"column":24}},"52":{"start":{"line":53,"column":0},"end":{"line":53,"column":17}},"53":{"start":{"line":54,"column":0},"end":{"line":54,"column":25}},"54":{"start":{"line":55,"column":0},"end":{"line":55,"column":18}},"55":{"start":{"line":56,"column":0},"end":{"line":56,"column":56}},"56":{"start":{"line":57,"column":0},"end":{"line":57,"column":0}},"57":{"start":{"line":58,"column":0},"end":{"line":58,"column":27}},"58":{"start":{"line":59,"column":0},"end":{"line":59,"column":20}},"59":{"start":{"line":60,"column":0},"end":{"line":60,"column":69}},"60":{"start":{"line":61,"column":0},"end":{"line":61,"column":0}},"61":{"start":{"line":62,"column":0},"end":{"line":62,"column":30}},"62":{"start":{"line":63,"column":0},"end":{"line":63,"column":23}},"63":{"start":{"line":64,"column":0},"end":{"line":64,"column":69}},"64":{"start":{"line":65,"column":0},"end":{"line":65,"column":0}},"65":{"start":{"line":66,"column":0},"end":{"line":66,"column":14}},"66":{"start":{"line":67,"column":0},"end":{"line":67,"column":16}},"67":{"start":{"line":68,"column":0},"end":{"line":68,"column":5}},"68":{"start":{"line":69,"column":0},"end":{"line":69,"column":4}},"69":{"start":{"line":70,"column":0},"end":{"line":70,"column":0}},"70":{"start":{"line":71,"column":0},"end":{"line":71,"column":5}},"71":{"start":{"line":72,"column":0},"end":{"line":72,"column":72}},"72":{"start":{"line":73,"column":0},"end":{"line":73,"column":29}},"73":{"start":{"line":74,"column":0},"end":{"line":74,"column":30}},"74":{"start":{"line":75,"column":0},"end":{"line":75,"column":43}},"75":{"start":{"line":76,"column":0},"end":{"line":76,"column":5}},"76":{"start":{"line":77,"column":0},"end":{"line":77,"column":59}},"77":{"start":{"line":78,"column":0},"end":{"line":78,"column":34}},"78":{"start":{"line":79,"column":0},"end":{"line":79,"column":32}},"79":{"start":{"line":80,"column":0},"end":{"line":80,"column":0}},"80":{"start":{"line":81,"column":0},"end":{"line":81,"column":24}},"81":{"start":{"line":82,"column":0},"end":{"line":82,"column":39}},"82":{"start":{"line":83,"column":0},"end":{"line":83,"column":39}},"83":{"start":{"line":84,"column":0},"end":{"line":84,"column":0}},"84":{"start":{"line":85,"column":0},"end":{"line":85,"column":27}},"85":{"start":{"line":86,"column":0},"end":{"line":86,"column":0}},"86":{"start":{"line":87,"column":0},"end":{"line":87,"column":49}},"87":{"start":{"line":88,"column":0},"end":{"line":88,"column":23}},"88":{"start":{"line":89,"column":0},"end":{"line":89,"column":23}},"89":{"start":{"line":90,"column":0},"end":{"line":90,"column":32}},"90":{"start":{"line":91,"column":0},"end":{"line":91,"column":14}},"91":{"start":{"line":92,"column":0},"end":{"line":92,"column":39}},"92":{"start":{"line":93,"column":0},"end":{"line":93,"column":0}},"93":{"start":{"line":94,"column":0},"end":{"line":94,"column":50}},"94":{"start":{"line":95,"column":0},"end":{"line":95,"column":50}},"95":{"start":{"line":96,"column":0},"end":{"line":96,"column":0}},"96":{"start":{"line":97,"column":0},"end":{"line":97,"column":35}},"97":{"start":{"line":98,"column":0},"end":{"line":98,"column":37}},"98":{"start":{"line":99,"column":0},"end":{"line":99,"column":62}},"99":{"start":{"line":100,"column":0},"end":{"line":100,"column":32}},"100":{"start":{"line":101,"column":0},"end":{"line":101,"column":43}},"101":{"start":{"line":102,"column":0},"end":{"line":102,"column":44}},"102":{"start":{"line":103,"column":0},"end":{"line":103,"column":66}},"103":{"start":{"line":104,"column":0},"end":{"line":104,"column":9}},"104":{"start":{"line":105,"column":0},"end":{"line":105,"column":7}},"105":{"start":{"line":106,"column":0},"end":{"line":106,"column":5}},"106":{"start":{"line":107,"column":0},"end":{"line":107,"column":0}},"107":{"start":{"line":108,"column":0},"end":{"line":108,"column":58}},"108":{"start":{"line":109,"column":0},"end":{"line":109,"column":4}},"109":{"start":{"line":110,"column":0},"end":{"line":110,"column":0}},"110":{"start":{"line":111,"column":0},"end":{"line":111,"column":5}},"111":{"start":{"line":112,"column":0},"end":{"line":112,"column":54}},"112":{"start":{"line":113,"column":0},"end":{"line":113,"column":35}},"113":{"start":{"line":114,"column":0},"end":{"line":114,"column":52}},"114":{"start":{"line":115,"column":0},"end":{"line":115,"column":5}},"115":{"start":{"line":116,"column":0},"end":{"line":116,"column":39}},"116":{"start":{"line":117,"column":0},"end":{"line":117,"column":50}},"117":{"start":{"line":118,"column":0},"end":{"line":118,"column":0}},"118":{"start":{"line":119,"column":0},"end":{"line":119,"column":44}},"119":{"start":{"line":120,"column":0},"end":{"line":120,"column":53}},"120":{"start":{"line":121,"column":0},"end":{"line":121,"column":0}},"121":{"start":{"line":122,"column":0},"end":{"line":122,"column":24}},"122":{"start":{"line":123,"column":0},"end":{"line":123,"column":35}},"123":{"start":{"line":124,"column":0},"end":{"line":124,"column":5}},"124":{"start":{"line":125,"column":0},"end":{"line":125,"column":0}},"125":{"start":{"line":126,"column":0},"end":{"line":126,"column":45}},"126":{"start":{"line":127,"column":0},"end":{"line":127,"column":4}},"127":{"start":{"line":128,"column":0},"end":{"line":128,"column":0}},"128":{"start":{"line":129,"column":0},"end":{"line":129,"column":5}},"129":{"start":{"line":130,"column":0},"end":{"line":130,"column":30}},"130":{"start":{"line":131,"column":0},"end":{"line":131,"column":30}},"131":{"start":{"line":132,"column":0},"end":{"line":132,"column":5}},"132":{"start":{"line":133,"column":0},"end":{"line":133,"column":28}},"133":{"start":{"line":134,"column":0},"end":{"line":134,"column":77}},"134":{"start":{"line":135,"column":0},"end":{"line":135,"column":4}},"135":{"start":{"line":136,"column":0},"end":{"line":136,"column":0}},"136":{"start":{"line":137,"column":0},"end":{"line":137,"column":5}},"137":{"start":{"line":138,"column":0},"end":{"line":138,"column":23}},"138":{"start":{"line":139,"column":0},"end":{"line":139,"column":38}},"139":{"start":{"line":140,"column":0},"end":{"line":140,"column":43}},"140":{"start":{"line":141,"column":0},"end":{"line":141,"column":5}},"141":{"start":{"line":142,"column":0},"end":{"line":142,"column":69}},"142":{"start":{"line":143,"column":0},"end":{"line":143,"column":16}},"143":{"start":{"line":144,"column":0},"end":{"line":144,"column":62}},"144":{"start":{"line":145,"column":0},"end":{"line":145,"column":5}},"145":{"start":{"line":146,"column":0},"end":{"line":146,"column":0}},"146":{"start":{"line":147,"column":0},"end":{"line":147,"column":22}},"147":{"start":{"line":148,"column":0},"end":{"line":148,"column":64}},"148":{"start":{"line":149,"column":0},"end":{"line":149,"column":5}},"149":{"start":{"line":150,"column":0},"end":{"line":150,"column":0}},"150":{"start":{"line":151,"column":0},"end":{"line":151,"column":39}},"151":{"start":{"line":152,"column":0},"end":{"line":152,"column":63}},"152":{"start":{"line":153,"column":0},"end":{"line":153,"column":5}},"153":{"start":{"line":154,"column":0},"end":{"line":154,"column":0}},"154":{"start":{"line":155,"column":0},"end":{"line":155,"column":91}},"155":{"start":{"line":156,"column":0},"end":{"line":156,"column":78}},"156":{"start":{"line":157,"column":0},"end":{"line":157,"column":5}},"157":{"start":{"line":158,"column":0},"end":{"line":158,"column":0}},"158":{"start":{"line":159,"column":0},"end":{"line":159,"column":28}},"159":{"start":{"line":160,"column":0},"end":{"line":160,"column":4}},"160":{"start":{"line":161,"column":0},"end":{"line":161,"column":1}}},"s":{"0":1,"1":1,"2":1,"3":1,"4":1,"5":1,"6":1,"7":1,"8":1,"9":1,"10":1,"11":1,"12":1,"13":6,"14":6,"15":6,"16":6,"17":6,"18":6,"19":6,"20":6,"21":6,"22":6,"23":6,"24":6,"25":6,"26":0,"27":0,"28":0,"29":6,"30":6,"31":6,"32":0,"33":0,"34":0,"35":6,"36":6,"37":0,"38":6,"39":0,"40":1,"41":1,"42":1,"43":1,"44":1,"45":1,"46":1,"47":1,"48":0,"49":0,"50":0,"51":0,"52":0,"53":0,"54":0,"55":0,"56":0,"57":0,"58":0,"59":0,"60":0,"61":0,"62":0,"63":0,"64":0,"65":0,"66":0,"67":0,"68":0,"69":1,"70":1,"71":1,"72":1,"73":1,"74":1,"75":1,"76":1,"77":0,"78":0,"79":0,"80":0,"81":0,"82":0,"83":0,"84":0,"85":0,"86":0,"87":0,"88":0,"89":0,"90":0,"91":0,"92":0,"93":0,"94":0,"95":0,"96":0,"97":0,"98":0,"99":0,"100":0,"101":0,"102":0,"103":0,"104":0,"105":0,"106":0,"107":0,"108":0,"109":1,"110":1,"111":1,"112":1,"113":1,"114":1,"115":1,"116":0,"117":0,"118":0,"119":0,"120":0,"121":0,"122":0,"123":0,"124":0,"125":0,"126":0,"127":1,"128":1,"129":1,"130":1,"131":1,"132":1,"133":0,"134":0,"135":1,"136":1,"137":1,"138":1,"139":1,"140":1,"141":1,"142":0,"143":0,"144":0,"145":0,"146":0,"147":0,"148":0,"149":0,"150":0,"151":0,"152":0,"153":0,"154":0,"155":0,"156":0,"157":0,"158":0,"159":0,"160":1},"branchMap":{"0":{"type":"branch","line":13,"loc":{"start":{"line":13,"column":2},"end":{"line":40,"column":4}},"locations":[{"start":{"line":13,"column":2},"end":{"line":40,"column":4}}]},"1":{"type":"branch","line":14,"loc":{"start":{"line":14,"column":42},"end":{"line":14,"column":50}},"locations":[{"start":{"line":14,"column":42},"end":{"line":14,"column":50}}]},"2":{"type":"branch","line":25,"loc":{"start":{"line":25,"column":6},"end":{"line":25,"column":27}},"locations":[{"start":{"line":25,"column":6},"end":{"line":25,"column":27}}]},"3":{"type":"branch","line":26,"loc":{"start":{"line":26,"column":6},"end":{"line":29,"column":60}},"locations":[{"start":{"line":26,"column":6},"end":{"line":29,"column":60}}]},"4":{"type":"branch","line":31,"loc":{"start":{"line":31,"column":6},"end":{"line":31,"column":30}},"locations":[{"start":{"line":31,"column":6},"end":{"line":31,"column":30}}]},"5":{"type":"branch","line":32,"loc":{"start":{"line":32,"column":6},"end":{"line":35,"column":63}},"locations":[{"start":{"line":32,"column":6},"end":{"line":35,"column":63}}]},"6":{"type":"branch","line":37,"loc":{"start":{"line":37,"column":6},"end":{"line":38,"column":16}},"locations":[{"start":{"line":37,"column":6},"end":{"line":38,"column":16}}]},"7":{"type":"branch","line":39,"loc":{"start":{"line":39,"column":4},"end":{"line":40,"column":4}},"locations":[{"start":{"line":39,"column":4},"end":{"line":40,"column":4}}]},"8":{"type":"branch","line":22,"loc":{"start":{"line":22,"column":44},"end":{"line":22,"column":62}},"locations":[{"start":{"line":22,"column":44},"end":{"line":22,"column":62}}]}},"b":{"0":[6],"1":[0],"2":[0],"3":[0],"4":[0],"5":[0],"6":[0],"7":[0],"8":[6]},"fnMap":{"0":{"name":"calculateScore","decl":{"start":{"line":13,"column":2},"end":{"line":40,"column":4}},"loc":{"start":{"line":13,"column":2},"end":{"line":40,"column":4}},"line":13},"1":{"name":"countCorrectAnswers","decl":{"start":{"line":48,"column":2},"end":{"line":69,"column":4}},"loc":{"start":{"line":48,"column":2},"end":{"line":69,"column":4}},"line":48},"2":{"name":"calculateSimilarity","decl":{"start":{"line":77,"column":2},"end":{"line":109,"column":4}},"loc":{"start":{"line":77,"column":2},"end":{"line":109,"column":4}},"line":77},"3":{"name":"formatTime","decl":{"start":{"line":116,"column":2},"end":{"line":127,"column":4}},"loc":{"start":{"line":116,"column":2},"end":{"line":127,"column":4}},"line":116},"4":{"name":"generateQuizId","decl":{"start":{"line":133,"column":2},"end":{"line":135,"column":4}},"loc":{"start":{"line":133,"column":2},"end":{"line":135,"column":4}},"line":133},"5":{"name":"validateQuizData","decl":{"start":{"line":142,"column":2},"end":{"line":160,"column":4}},"loc":{"start":{"line":142,"column":2},"end":{"line":160,"column":4}},"line":142}},"f":{"0":6,"1":0,"2":0,"3":0,"4":0,"5":0}}
}
