TN:
SF:app\context\QuizContext.tsx
FN:132,quizReducer
FN:305,QuizProvider
FN:470,handleBeforeUnload
FN:495,performAuthCheck
FN:1070,extractQuizIdFromUrl
FN:1427,useQuiz
FNF:6
FNH:4
FNDA:63,quizReducer
FNDA:36,QuizProvider
FNDA:0,handleBeforeUnload
FNDA:10,performAuthCheck
FNDA:0,extractQuizIdFromUrl
FNDA:36,useQuiz
DA:1,1
DA:2,1
DA:3,1
DA:4,1
DA:5,1
DA:6,1
DA:7,1
DA:8,1
DA:9,1
DA:10,1
DA:11,1
DA:12,1
DA:13,1
DA:14,1
DA:15,1
DA:16,1
DA:17,1
DA:18,1
DA:19,1
DA:20,1
DA:21,1
DA:22,1
DA:23,1
DA:24,1
DA:25,1
DA:26,1
DA:27,1
DA:28,1
DA:29,1
DA:30,1
DA:31,1
DA:32,1
DA:33,1
DA:34,1
DA:35,1
DA:36,1
DA:37,1
DA:38,1
DA:39,1
DA:40,1
DA:41,1
DA:42,1
DA:43,1
DA:44,1
DA:45,1
DA:46,1
DA:47,1
DA:48,1
DA:49,1
DA:50,1
DA:51,1
DA:52,1
DA:53,1
DA:54,1
DA:55,1
DA:56,1
DA:57,1
DA:58,1
DA:59,1
DA:60,1
DA:61,1
DA:62,1
DA:63,1
DA:64,1
DA:65,1
DA:66,1
DA:67,1
DA:68,1
DA:69,1
DA:70,1
DA:71,1
DA:72,1
DA:73,1
DA:74,1
DA:75,1
DA:76,1
DA:77,1
DA:78,1
DA:79,1
DA:80,1
DA:81,1
DA:82,1
DA:83,1
DA:84,1
DA:85,1
DA:86,1
DA:87,1
DA:88,1
DA:89,1
DA:90,1
DA:91,1
DA:92,1
DA:93,1
DA:94,1
DA:95,1
DA:96,1
DA:97,1
DA:98,1
DA:99,1
DA:100,1
DA:101,1
DA:102,1
DA:103,1
DA:104,1
DA:105,1
DA:106,1
DA:107,1
DA:108,1
DA:109,1
DA:110,1
DA:111,1
DA:112,1
DA:113,1
DA:114,1
DA:115,1
DA:116,1
DA:117,1
DA:118,1
DA:119,1
DA:120,1
DA:121,1
DA:122,1
DA:123,1
DA:124,1
DA:125,1
DA:126,1
DA:127,1
DA:128,1
DA:129,1
DA:130,1
DA:131,1
DA:132,1
DA:133,63
DA:134,63
DA:135,0
DA:136,63
DA:137,63
DA:138,0
DA:139,0
DA:140,0
DA:141,0
DA:142,0
DA:143,0
DA:144,0
DA:145,0
DA:146,0
DA:147,0
DA:148,63
DA:149,63
DA:150,1
DA:151,0
DA:152,0
DA:153,1
DA:154,1
DA:155,1
DA:156,1
DA:157,1
DA:158,1
DA:159,1
DA:160,1
DA:161,1
DA:162,1
DA:163,1
DA:164,1
DA:165,63
DA:166,63
DA:167,0
DA:168,0
DA:169,0
DA:170,0
DA:171,0
DA:172,0
DA:173,0
DA:174,0
DA:175,0
DA:176,0
DA:177,0
DA:178,0
DA:179,0
DA:180,0
DA:181,0
DA:182,63
DA:183,63
DA:184,1
DA:185,1
DA:186,1
DA:187,1
DA:188,63
DA:189,63
DA:190,2
DA:191,63
DA:192,63
DA:193,2
DA:194,63
DA:195,63
DA:196,0
DA:197,63
DA:198,63
DA:199,2
DA:200,63
DA:201,63
DA:202,0
DA:203,0
DA:204,0
DA:205,0
DA:206,63
DA:207,63
DA:208,7
DA:209,7
DA:210,7
DA:211,7
DA:212,7
DA:213,7
DA:214,7
DA:215,7
DA:216,7
DA:217,7
DA:218,7
DA:219,7
DA:220,7
DA:221,7
DA:222,7
DA:223,7
DA:224,63
DA:225,63
DA:226,1
DA:227,1
DA:228,1
DA:229,1
DA:230,1
DA:231,1
DA:232,1
DA:233,1
DA:234,1
DA:235,1
DA:236,1
DA:237,1
DA:238,1
DA:239,1
DA:240,1
DA:241,63
DA:242,63
DA:243,6
DA:244,63
DA:245,63
DA:246,4
DA:247,63
DA:248,63
DA:249,0
DA:250,63
DA:251,63
DA:252,0
DA:253,63
DA:254,63
DA:255,5
DA:256,63
DA:257,63
DA:258,15
DA:259,63
DA:260,63
DA:261,10
DA:262,63
DA:263,63
DA:264,5
DA:265,63
DA:266,63
DA:267,2
DA:268,63
DA:269,63
DA:270,0
DA:271,63
DA:272,63
DA:273,0
DA:274,0
DA:275,0
DA:276,0
DA:277,0
DA:278,0
DA:279,0
DA:280,0
DA:281,0
DA:282,0
DA:283,0
DA:284,63
DA:285,63
DA:286,0
DA:287,63
DA:288,63
DA:289,1
DA:290,1
DA:291,1
DA:292,1
DA:293,1
DA:294,1
DA:295,1
DA:296,1
DA:297,1
DA:298,1
DA:299,1
DA:300,1
DA:301,1
DA:302,1
DA:303,1
DA:304,1
DA:305,1
DA:306,36
DA:307,36
DA:308,36
DA:309,36
DA:310,36
DA:311,36
DA:312,36
DA:313,36
DA:314,36
DA:315,36
DA:316,36
DA:317,36
DA:318,36
DA:319,36
DA:320,36
DA:321,36
DA:322,36
DA:323,36
DA:324,36
DA:325,36
DA:326,36
DA:327,36
DA:328,36
DA:329,36
DA:330,36
DA:331,36
DA:332,36
DA:333,36
DA:334,36
DA:335,36
DA:336,36
DA:337,36
DA:338,36
DA:339,36
DA:340,36
DA:341,36
DA:342,5
DA:343,5
DA:344,5
DA:345,5
DA:346,3
DA:347,3
DA:348,3
DA:349,3
DA:350,3
DA:351,3
DA:352,36
DA:353,36
DA:354,36
DA:355,36
DA:356,0
DA:357,0
DA:358,0
DA:359,0
DA:360,0
DA:361,0
DA:362,0
DA:363,0
DA:364,0
DA:365,0
DA:366,0
DA:367,0
DA:368,0
DA:369,0
DA:370,0
DA:371,36
DA:372,36
DA:373,36
DA:374,36
DA:375,1
DA:376,1
DA:377,1
DA:378,1
DA:379,0
DA:380,0
DA:381,0
DA:382,1
DA:383,1
DA:384,1
DA:385,1
DA:386,1
DA:387,1
DA:388,0
DA:389,0
DA:390,0
DA:391,0
DA:392,0
DA:393,0
DA:394,0
DA:395,0
DA:396,1
DA:397,1
DA:398,1
DA:399,1
DA:400,1
DA:401,1
DA:402,1
DA:403,1
DA:404,1
DA:405,1
DA:406,1
DA:407,1
DA:408,1
DA:409,1
DA:410,1
DA:411,0
DA:412,0
DA:413,0
DA:414,0
DA:415,0
DA:416,0
DA:417,0
DA:418,0
DA:419,0
DA:420,0
DA:421,0
DA:422,0
DA:423,0
DA:424,0
DA:425,0
DA:426,0
DA:427,0
DA:428,0
DA:429,0
DA:430,0
DA:431,0
DA:432,0
DA:433,0
DA:434,0
DA:435,0
DA:436,1
DA:437,1
DA:438,1
DA:439,1
DA:440,1
DA:441,0
DA:442,0
DA:443,0
DA:444,0
DA:445,0
DA:446,0
DA:447,0
DA:448,36
DA:449,36
DA:450,36
DA:451,36
DA:452,18
DA:453,18
DA:454,18
DA:455,18
DA:456,18
DA:457,18
DA:458,18
DA:459,18
DA:460,18
DA:461,0
DA:462,0
DA:463,0
DA:464,0
DA:465,0
DA:466,0
DA:467,0
DA:468,18
DA:469,18
DA:470,18
DA:471,0
DA:472,0
DA:473,0
DA:474,0
DA:475,0
DA:476,0
DA:477,18
DA:478,18
DA:479,18
DA:480,18
DA:481,18
DA:482,18
DA:483,18
DA:484,18
DA:485,7
DA:486,7
DA:487,18
DA:488,36
DA:489,36
DA:490,36
DA:491,36
DA:492,10
DA:493,10
DA:494,10
DA:495,10
DA:496,10
DA:497,10
DA:498,10
DA:499,10
DA:500,10
DA:501,10
DA:502,10
DA:503,10
DA:504,10
DA:505,10
DA:506,10
DA:507,10
DA:508,10
DA:509,10
DA:510,10
DA:511,10
DA:512,2
DA:513,2
DA:514,2
DA:515,2
DA:516,2
DA:517,2
DA:518,2
DA:519,1
DA:520,1
DA:521,1
DA:522,1
DA:523,1
DA:524,1
DA:525,1
DA:526,1
DA:527,0
DA:528,0
DA:529,0
DA:530,0
DA:531,0
DA:532,0
DA:533,1
DA:534,1
DA:535,1
DA:536,1
DA:537,1
DA:538,1
DA:539,10
DA:540,0
DA:541,0
DA:542,0
DA:543,0
DA:544,10
DA:545,10
DA:546,10
DA:547,10
DA:548,10
DA:549,10
DA:550,10
DA:551,10
DA:552,10
DA:553,10
DA:554,10
DA:555,10
DA:556,10
DA:557,10
DA:558,10
DA:559,10
DA:560,10
DA:561,36
DA:562,36
DA:563,36
DA:564,36
DA:565,1
DA:566,1
DA:567,1
DA:568,1
DA:569,1
DA:570,1
DA:571,1
DA:572,1
DA:573,1
DA:574,1
DA:575,1
DA:576,1
DA:577,0
DA:578,0
DA:579,0
DA:580,0
DA:581,0
DA:582,0
DA:583,0
DA:584,0
DA:585,0
DA:586,0
DA:587,0
DA:588,0
DA:589,0
DA:590,0
DA:591,0
DA:592,1
DA:593,1
DA:594,1
DA:595,1
DA:596,1
DA:597,1
DA:598,1
DA:599,1
DA:600,0
DA:601,0
DA:602,0
DA:603,0
DA:604,0
DA:605,0
DA:606,0
DA:607,0
DA:608,0
DA:609,0
DA:610,0
DA:611,0
DA:612,0
DA:613,0
DA:614,0
DA:615,0
DA:616,0
DA:617,0
DA:618,0
DA:619,0
DA:620,0
DA:621,0
DA:622,0
DA:623,1
DA:624,1
DA:625,1
DA:626,1
DA:627,1
DA:628,1
DA:629,0
DA:630,0
DA:631,0
DA:632,0
DA:633,0
DA:634,0
DA:635,0
DA:636,0
DA:637,0
DA:638,0
DA:639,0
DA:640,0
DA:641,0
DA:642,0
DA:643,0
DA:644,0
DA:645,0
DA:646,0
DA:647,0
DA:648,0
DA:649,0
DA:650,0
DA:651,0
DA:652,0
DA:653,0
DA:654,0
DA:655,0
DA:656,0
DA:657,0
DA:658,1
DA:659,1
DA:660,1
DA:661,1
DA:662,0
DA:663,0
DA:664,0
DA:665,1
DA:666,0
DA:667,0
DA:668,0
DA:669,0
DA:670,0
DA:671,0
DA:672,0
DA:673,0
DA:674,0
DA:675,0
DA:676,0
DA:677,0
DA:678,0
DA:679,0
DA:680,0
DA:681,1
DA:682,1
DA:683,1
DA:684,1
DA:685,1
DA:686,0
DA:687,0
DA:688,0
DA:689,0
DA:690,0
DA:691,36
DA:692,36
DA:693,36
DA:694,36
DA:695,19
DA:696,19
DA:697,19
DA:698,19
DA:699,13
DA:700,19
DA:701,19
DA:702,19
DA:703,19
DA:704,19
DA:705,19
DA:706,0
DA:707,0
DA:708,0
DA:709,0
DA:710,0
DA:711,0
DA:712,0
DA:713,0
DA:714,0
DA:715,0
DA:716,0
DA:717,0
DA:718,0
DA:719,0
DA:720,0
DA:721,0
DA:722,0
DA:723,0
DA:724,0
DA:725,0
DA:726,0
DA:727,0
DA:728,0
DA:729,0
DA:730,0
DA:731,0
DA:732,0
DA:733,0
DA:734,0
DA:735,0
DA:736,0
DA:737,0
DA:738,0
DA:739,0
DA:740,0
DA:741,0
DA:742,0
DA:743,0
DA:744,0
DA:745,0
DA:746,0
DA:747,0
DA:748,0
DA:749,0
DA:750,0
DA:751,0
DA:752,0
DA:753,0
DA:754,0
DA:755,0
DA:756,0
DA:757,0
DA:758,0
DA:759,0
DA:760,0
DA:761,0
DA:762,0
DA:763,0
DA:764,0
DA:765,0
DA:766,0
DA:767,0
DA:768,0
DA:769,0
DA:770,0
DA:771,36
DA:772,36
DA:773,36
DA:774,36
DA:775,36
DA:776,36
DA:777,36
DA:778,36
DA:779,36
DA:780,36
DA:781,36
DA:782,36
DA:783,36
DA:784,36
DA:785,36
DA:786,0
DA:787,0
DA:788,0
DA:789,0
DA:790,0
DA:791,0
DA:792,0
DA:793,0
DA:794,0
DA:795,0
DA:796,0
DA:797,0
DA:798,0
DA:799,0
DA:800,0
DA:801,0
DA:802,0
DA:803,0
DA:804,0
DA:805,0
DA:806,0
DA:807,0
DA:808,0
DA:809,0
DA:810,0
DA:811,0
DA:812,0
DA:813,0
DA:814,0
DA:815,0
DA:816,0
DA:817,0
DA:818,0
DA:819,0
DA:820,0
DA:821,0
DA:822,0
DA:823,0
DA:824,0
DA:825,0
DA:826,0
DA:827,0
DA:828,0
DA:829,0
DA:830,0
DA:831,0
DA:832,0
DA:833,0
DA:834,0
DA:835,0
DA:836,0
DA:837,0
DA:838,0
DA:839,0
DA:840,0
DA:841,0
DA:842,0
DA:843,0
DA:844,0
DA:845,0
DA:846,0
DA:847,0
DA:848,0
DA:849,0
DA:850,0
DA:851,0
DA:852,0
DA:853,0
DA:854,0
DA:855,0
DA:856,0
DA:857,0
DA:858,0
DA:859,0
DA:860,36
DA:861,36
DA:862,36
DA:863,36
DA:864,36
DA:865,36
DA:866,36
DA:867,36
DA:868,36
DA:869,36
DA:870,36
DA:871,36
DA:872,36
DA:873,6
DA:874,6
DA:875,6
DA:876,6
DA:877,6
DA:878,6
DA:879,36
DA:880,36
DA:881,36
DA:882,36
DA:883,36
DA:884,1
DA:885,1
DA:886,1
DA:887,1
DA:888,1
DA:889,1
DA:890,1
DA:891,1
DA:892,1
DA:893,1
DA:894,1
DA:895,1
DA:896,1
DA:897,1
DA:898,1
DA:899,1
DA:900,1
DA:901,36
DA:902,36
DA:903,36
DA:904,36
DA:905,36
DA:906,36
DA:907,36
DA:908,36
DA:909,36
DA:910,36
DA:911,36
DA:912,36
DA:913,0
DA:914,0
DA:915,0
DA:916,0
DA:917,0
DA:918,0
DA:919,0
DA:920,0
DA:921,0
DA:922,0
DA:923,0
DA:924,0
DA:925,0
DA:926,0
DA:927,0
DA:928,0
DA:929,0
DA:930,36
DA:931,36
DA:932,36
DA:933,36
DA:934,36
DA:935,36
DA:936,36
DA:937,36
DA:938,36
DA:939,36
DA:940,36
DA:941,36
DA:942,36
DA:943,1
DA:944,1
DA:945,1
DA:946,1
DA:947,1
DA:948,1
DA:949,1
DA:950,1
DA:951,1
DA:952,1
DA:953,1
DA:954,1
DA:955,1
DA:956,1
DA:957,1
DA:958,1
DA:959,1
DA:960,1
DA:961,1
DA:962,1
DA:963,1
DA:964,1
DA:965,1
DA:966,1
DA:967,1
DA:968,1
DA:969,1
DA:970,1
DA:971,36
DA:972,36
DA:973,36
DA:974,36
DA:975,36
DA:976,36
DA:977,36
DA:978,36
DA:979,36
DA:980,36
DA:981,36
DA:982,36
DA:983,36
DA:984,36
DA:985,36
DA:986,0
DA:987,0
DA:988,36
DA:989,36
DA:990,36
DA:991,36
DA:992,36
DA:993,7
DA:994,7
DA:995,1
DA:996,1
DA:997,1
DA:998,6
DA:999,6
DA:1000,7
DA:1001,0
DA:1002,0
DA:1003,0
DA:1004,0
DA:1005,0
DA:1006,0
DA:1007,0
DA:1008,0
DA:1009,6
DA:1010,6
DA:1011,7
DA:1012,0
DA:1013,0
DA:1014,0
DA:1015,0
DA:1016,0
DA:1017,0
DA:1018,0
DA:1019,0
DA:1020,6
DA:1021,6
DA:1022,6
DA:1023,7
DA:1024,0
DA:1025,0
DA:1026,0
DA:1027,0
DA:1028,0
DA:1029,0
DA:1030,0
DA:1031,0
DA:1032,6
DA:1033,6
DA:1034,6
DA:1035,6
DA:1036,6
DA:1037,6
DA:1038,7
DA:1039,7
DA:1040,7
DA:1041,6
DA:1042,6
DA:1043,7
DA:1044,0
DA:1045,0
DA:1046,6
DA:1047,6
DA:1048,6
DA:1049,6
DA:1050,6
DA:1051,6
DA:1052,6
DA:1053,6
DA:1054,6
DA:1055,6
DA:1056,6
DA:1057,6
DA:1058,6
DA:1059,6
DA:1060,6
DA:1061,6
DA:1062,6
DA:1063,6
DA:1064,6
DA:1065,6
DA:1066,6
DA:1067,6
DA:1068,6
DA:1069,6
DA:1070,6
DA:1071,0
DA:1072,0
DA:1073,0
DA:1074,0
DA:1075,0
DA:1076,0
DA:1077,0
DA:1078,0
DA:1079,0
DA:1080,0
DA:1081,0
DA:1082,6
DA:1083,6
DA:1084,6
DA:1085,6
DA:1086,6
DA:1087,6
DA:1088,6
DA:1089,6
DA:1090,6
DA:1091,6
DA:1092,0
DA:1093,0
DA:1094,0
DA:1095,0
DA:1096,0
DA:1097,0
DA:1098,6
DA:1099,6
DA:1100,6
DA:1101,6
DA:1102,6
DA:1103,6
DA:1104,6
DA:1105,6
DA:1106,6
DA:1107,6
DA:1108,6
DA:1109,6
DA:1110,6
DA:1111,6
DA:1112,6
DA:1113,6
DA:1114,6
DA:1115,0
DA:1116,0
DA:1117,0
DA:1118,0
DA:1119,0
DA:1120,0
DA:1121,0
DA:1122,0
DA:1123,0
DA:1124,0
DA:1125,0
DA:1126,0
DA:1127,0
DA:1128,0
DA:1129,0
DA:1130,6
DA:1131,6
DA:1132,6
DA:1133,1
DA:1134,1
DA:1135,1
DA:1136,1
DA:1137,1
DA:1138,1
DA:1139,1
DA:1140,1
DA:1141,1
DA:1142,1
DA:1143,1
DA:1144,1
DA:1145,1
DA:1146,1
DA:1147,1
DA:1148,1
DA:1149,1
DA:1150,1
DA:1151,1
DA:1152,1
DA:1153,1
DA:1154,1
DA:1155,1
DA:1156,1
DA:1157,1
DA:1158,1
DA:1159,1
DA:1160,1
DA:1161,1
DA:1162,1
DA:1163,0
DA:1164,0
DA:1165,0
DA:1166,0
DA:1167,0
DA:1168,0
DA:1169,0
DA:1170,0
DA:1171,0
DA:1172,0
DA:1173,0
DA:1174,0
DA:1175,1
DA:1176,1
DA:1177,1
DA:1178,1
DA:1179,1
DA:1180,1
DA:1181,1
DA:1182,6
DA:1183,5
DA:1184,5
DA:1185,5
DA:1186,5
DA:1187,5
DA:1188,5
DA:1189,5
DA:1190,5
DA:1191,5
DA:1192,5
DA:1193,5
DA:1194,5
DA:1195,5
DA:1196,5
DA:1197,5
DA:1198,5
DA:1199,5
DA:1200,5
DA:1201,5
DA:1202,5
DA:1203,5
DA:1204,5
DA:1205,5
DA:1206,0
DA:1207,0
DA:1208,0
DA:1209,0
DA:1210,5
DA:1211,5
DA:1212,5
DA:1213,5
DA:1214,6
DA:1215,6
DA:1216,6
DA:1217,6
DA:1218,6
DA:1219,6
DA:1220,6
DA:1221,0
DA:1222,0
DA:1223,0
DA:1224,0
DA:1225,0
DA:1226,0
DA:1227,0
DA:1228,0
DA:1229,0
DA:1230,0
DA:1231,0
DA:1232,6
DA:1233,7
DA:1234,0
DA:1235,0
DA:1236,0
DA:1237,0
DA:1238,0
DA:1239,0
DA:1240,0
DA:1241,0
DA:1242,0
DA:1243,0
DA:1244,0
DA:1245,7
DA:1246,36
DA:1247,36
DA:1248,36
DA:1249,36
DA:1250,36
DA:1251,36
DA:1252,36
DA:1253,36
DA:1254,36
DA:1255,36
DA:1256,36
DA:1257,36
DA:1258,36
DA:1259,36
DA:1260,36
DA:1261,36
DA:1262,1
DA:1263,1
DA:1264,1
DA:1265,1
DA:1266,1
DA:1267,1
DA:1268,1
DA:1269,1
DA:1270,1
DA:1271,0
DA:1272,0
DA:1273,36
DA:1274,36
DA:1275,36
DA:1276,1
DA:1277,1
DA:1278,1
DA:1279,1
DA:1280,1
DA:1281,1
DA:1282,1
DA:1283,1
DA:1284,1
DA:1285,1
DA:1286,1
DA:1287,1
DA:1288,1
DA:1289,36
DA:1290,36
DA:1291,36
DA:1292,36
DA:1293,36
DA:1294,36
DA:1295,36
DA:1296,36
DA:1297,36
DA:1298,18
DA:1299,18
DA:1300,18
DA:1301,18
DA:1302,18
DA:1303,18
DA:1304,18
DA:1305,18
DA:1306,18
DA:1307,1
DA:1308,1
DA:1309,1
DA:1310,1
DA:1311,1
DA:1312,1
DA:1313,1
DA:1314,1
DA:1315,1
DA:1316,1
DA:1317,1
DA:1318,1
DA:1319,1
DA:1320,1
DA:1321,1
DA:1322,1
DA:1323,1
DA:1324,1
DA:1325,1
DA:1326,1
DA:1327,1
DA:1328,1
DA:1329,1
DA:1330,1
DA:1331,1
DA:1332,1
DA:1333,1
DA:1334,1
DA:1335,1
DA:1336,1
DA:1337,36
DA:1338,36
DA:1339,36
DA:1340,36
DA:1341,36
DA:1342,36
DA:1343,36
DA:1344,36
DA:1345,36
DA:1346,36
DA:1347,36
DA:1348,36
DA:1349,36
DA:1350,18
DA:1351,18
DA:1352,18
DA:1353,7
DA:1354,7
DA:1355,7
DA:1356,18
DA:1357,18
DA:1358,18
DA:1359,18
DA:1360,18
DA:1361,18
DA:1362,18
DA:1363,36
DA:1364,36
DA:1365,36
DA:1366,36
DA:1367,10
DA:1368,10
DA:1369,0
DA:1370,0
DA:1371,0
DA:1372,0
DA:1373,0
DA:1374,10
DA:1375,10
DA:1376,10
DA:1377,10
DA:1378,10
DA:1379,36
DA:1380,36
DA:1381,36
DA:1382,36
DA:1383,12
DA:1384,1
DA:1385,1
DA:1386,0
DA:1387,0
DA:1388,0
DA:1389,0
DA:1390,0
DA:1391,0
DA:1392,0
DA:1393,0
DA:1394,0
DA:1395,1
DA:1396,1
DA:1397,12
DA:1398,12
DA:1399,12
DA:1400,12
DA:1401,36
DA:1402,36
DA:1403,36
DA:1404,36
DA:1405,36
DA:1406,36
DA:1407,36
DA:1408,36
DA:1409,36
DA:1410,36
DA:1411,36
DA:1412,36
DA:1413,36
DA:1414,36
DA:1415,36
DA:1416,36
DA:1417,36
DA:1418,36
DA:1419,36
DA:1420,36
DA:1421,36
DA:1422,36
DA:1423,36
DA:1424,36
DA:1425,36
DA:1426,1
DA:1427,1
DA:1428,36
DA:1429,36
DA:1430,36
DA:1431,36
LF:1431
LH:942
BRDA:132,0,0,63
BRDA:134,1,0,0
BRDA:137,2,0,0
BRDA:149,3,0,1
BRDA:150,4,0,0
BRDA:166,5,0,0
BRDA:183,6,0,1
BRDA:189,7,0,2
BRDA:192,8,0,2
BRDA:195,9,0,0
BRDA:198,10,0,2
BRDA:201,11,0,0
BRDA:207,12,0,7
BRDA:209,13,0,0
BRDA:225,14,0,1
BRDA:242,15,0,6
BRDA:245,16,0,4
BRDA:248,17,0,0
BRDA:251,18,0,0
BRDA:254,19,0,5
BRDA:257,20,0,15
BRDA:260,21,0,10
BRDA:263,22,0,5
BRDA:266,23,0,2
BRDA:269,24,0,0
BRDA:272,25,0,0
BRDA:285,26,0,0
BRDA:305,27,0,36
BRDA:313,28,0,0
BRDA:319,29,0,0
BRDA:322,30,0,0
BRDA:323,31,0,0
BRDA:324,32,0,0
BRDA:341,33,0,5
BRDA:342,34,0,0
BRDA:345,35,0,3
BRDA:345,36,0,3
BRDA:345,37,0,3
BRDA:374,38,0,1
BRDA:378,39,0,0
BRDA:387,40,0,0
BRDA:410,41,0,0
BRDA:440,42,0,0
BRDA:451,43,0,18
BRDA:452,44,0,0
BRDA:460,45,0,0
BRDA:460,46,0,0
BRDA:481,47,0,18
BRDA:484,48,0,7
BRDA:484,49,0,7
BRDA:491,50,0,10
BRDA:492,51,0,0
BRDA:495,52,0,10
BRDA:511,53,0,2
BRDA:518,54,0,1
BRDA:526,55,0,0
BRDA:539,56,0,8
BRDA:539,57,0,0
BRDA:558,58,0,10
BRDA:564,59,0,1
BRDA:565,60,0,0
BRDA:576,61,0,0
BRDA:576,62,0,0
BRDA:576,63,0,0
BRDA:599,64,0,0
BRDA:599,65,0,0
BRDA:599,66,0,0
BRDA:628,67,0,0
BRDA:628,68,0,0
BRDA:628,69,0,0
BRDA:661,70,0,0
BRDA:665,71,0,0
BRDA:685,72,0,0
BRDA:694,73,0,19
BRDA:695,74,0,0
BRDA:698,75,0,13
BRDA:705,76,0,6
BRDA:705,77,0,0
BRDA:872,78,0,6
BRDA:874,79,0,0
BRDA:873,80,0,6
BRDA:883,81,0,1
BRDA:942,82,0,1
BRDA:992,83,0,7
BRDA:994,84,0,1
BRDA:997,85,0,6
BRDA:1000,86,0,0
BRDA:1008,87,0,6
BRDA:1011,88,0,0
BRDA:1019,89,0,6
BRDA:1023,90,0,0
BRDA:1031,91,0,6
BRDA:1038,92,0,0
BRDA:1038,93,0,6
BRDA:1040,94,0,6
BRDA:1043,95,0,0
BRDA:1045,96,0,6
BRDA:1233,97,0,0
BRDA:1022,98,0,6
BRDA:1047,99,0,6
BRDA:1085,100,0,0
BRDA:1085,101,0,0
BRDA:1086,102,0,0
BRDA:1086,103,0,0
BRDA:1114,104,0,0
BRDA:1132,105,0,1
BRDA:1182,106,0,5
BRDA:1199,107,0,0
BRDA:1205,108,0,0
BRDA:1220,109,0,0
BRDA:1056,110,0,12
BRDA:1089,111,0,6
BRDA:1091,112,0,0
BRDA:1145,113,0,1
BRDA:1175,114,0,1
BRDA:1261,115,0,1
BRDA:1262,116,0,0
BRDA:1270,117,0,0
BRDA:1275,118,0,1
BRDA:1297,119,0,18
BRDA:1298,120,0,0
BRDA:1306,121,0,1
BRDA:1306,122,0,1
BRDA:1306,123,0,1
BRDA:1314,124,0,1
BRDA:1316,125,0,1
BRDA:1349,126,0,18
BRDA:1350,127,0,18
BRDA:1352,128,0,7
BRDA:1352,129,0,7
BRDA:1358,130,0,13
BRDA:1359,131,0,0
BRDA:1361,132,0,2
BRDA:1366,133,0,10
BRDA:1376,134,0,10
BRDA:1382,135,0,12
BRDA:1383,136,0,1
BRDA:1398,137,0,12
BRDA:1399,138,0,2
BRDA:1427,139,0,36
BRDA:1429,140,0,0
BRF:141
BRH:77
end_of_record
TN:
SF:app\dashboard\(quiz)\blanks\components\BlankQuizWrapper.tsx
FN:23,BlankQuizWrapper
FN:43,onAuthRequired
FN:65,BlankQuizContent
FN:207,handleAnswer
FN:240,handleGoBack
FN:265,handleSignIn
FN:317,onClick
FN:421,onClick
FN:424,onClick
FN:487,onClearData
FN:528,onClick
FN:552,onComplete
FNF:12
FNH:5
FNDA:7,BlankQuizWrapper
FNDA:0,onAuthRequired
FNDA:15,BlankQuizContent
FNDA:1,handleAnswer
FNDA:1,handleGoBack
FNDA:1,handleSignIn
FNDA:0,onClick
FNDA:0,onClick
FNDA:0,onClick
FNDA:0,onClearData
FNDA:0,onClick
FNDA:0,onComplete
DA:1,1
DA:2,1
DA:3,1
DA:4,1
DA:5,1
DA:6,1
DA:7,1
DA:8,1
DA:9,1
DA:10,1
DA:11,1
DA:12,1
DA:13,1
DA:14,1
DA:15,1
DA:16,1
DA:17,1
DA:18,1
DA:19,1
DA:20,1
DA:21,1
DA:22,1
DA:23,1
DA:24,7
DA:25,7
DA:26,7
DA:27,7
DA:28,7
DA:29,7
DA:30,7
DA:31,0
DA:32,0
DA:33,0
DA:34,0
DA:35,0
DA:36,0
DA:37,7
DA:38,7
DA:39,7
DA:40,7
DA:41,7
DA:42,7
DA:43,7
DA:44,0
DA:45,0
DA:46,0
DA:47,0
DA:48,0
DA:49,0
DA:50,0
DA:51,0
DA:52,0
DA:53,0
DA:54,0
DA:55,0
DA:56,0
DA:57,0
DA:58,7
DA:59,7
DA:60,7
DA:61,7
DA:62,7
DA:63,1
DA:64,1
DA:65,15
DA:66,15
DA:67,15
DA:68,15
DA:69,15
DA:70,15
DA:71,15
DA:72,15
DA:73,15
DA:74,15
DA:75,15
DA:76,15
DA:77,15
DA:78,15
DA:79,15
DA:80,15
DA:81,15
DA:82,15
DA:83,15
DA:84,15
DA:85,15
DA:86,15
DA:87,15
DA:88,15
DA:89,15
DA:90,15
DA:91,15
DA:92,15
DA:93,15
DA:94,15
DA:95,15
DA:96,15
DA:97,15
DA:98,15
DA:99,15
DA:100,15
DA:101,15
DA:102,15
DA:103,15
DA:104,15
DA:105,15
DA:106,15
DA:107,15
DA:108,15
DA:109,15
DA:110,15
DA:111,15
DA:112,15
DA:113,15
DA:114,15
DA:115,6
DA:116,6
DA:117,6
DA:118,6
DA:119,6
DA:120,6
DA:121,6
DA:122,2
DA:123,2
DA:124,0
DA:125,0
DA:126,2
DA:127,6
DA:128,15
DA:129,15
DA:130,15
DA:131,15
DA:132,12
DA:133,2
DA:134,0
DA:135,0
DA:136,0
DA:137,0
DA:138,0
DA:139,0
DA:140,0
DA:141,0
DA:142,0
DA:143,0
DA:144,0
DA:145,2
DA:146,2
DA:147,2
DA:148,2
DA:149,2
DA:150,2
DA:151,2
DA:152,2
DA:153,15
DA:154,15
DA:155,15
DA:156,15
DA:157,9
DA:158,9
DA:159,5
DA:160,5
DA:161,5
DA:162,4
DA:163,4
DA:164,9
DA:165,0
DA:166,0
DA:167,0
DA:168,4
DA:169,4
DA:170,9
DA:171,0
DA:172,0
DA:173,0
DA:174,4
DA:175,4
DA:176,9
DA:177,3
DA:178,3
DA:179,0
DA:180,0
DA:181,0
DA:182,0
DA:183,3
DA:184,3
DA:185,3
DA:186,3
DA:187,3
DA:188,3
DA:189,3
DA:190,1
DA:191,1
DA:192,1
DA:193,15
DA:194,15
DA:195,15
DA:196,15
DA:197,15
DA:198,15
DA:199,15
DA:200,15
DA:201,15
DA:202,15
DA:203,15
DA:204,15
DA:205,15
DA:206,15
DA:207,15
DA:208,1
DA:209,1
DA:210,1
DA:211,1
DA:212,1
DA:213,1
DA:214,1
DA:215,1
DA:216,1
DA:217,1
DA:218,1
DA:219,1
DA:220,1
DA:221,1
DA:222,1
DA:223,1
DA:224,1
DA:225,0
DA:226,0
DA:227,0
DA:228,0
DA:229,0
DA:230,0
DA:231,0
DA:232,0
DA:233,0
DA:234,0
DA:235,0
DA:236,0
DA:237,1
DA:238,15
DA:239,15
DA:240,15
DA:241,1
DA:242,1
DA:243,1
DA:244,1
DA:245,1
DA:246,1
DA:247,1
DA:248,1
DA:249,1
DA:250,1
DA:251,1
DA:252,1
DA:253,1
DA:254,1
DA:255,1
DA:256,1
DA:257,1
DA:258,1
DA:259,1
DA:260,1
DA:261,1
DA:262,1
DA:263,15
DA:264,15
DA:265,15
DA:266,1
DA:267,1
DA:268,1
DA:269,1
DA:270,1
DA:271,1
DA:272,1
DA:273,1
DA:274,1
DA:275,1
DA:276,1
DA:277,1
DA:278,1
DA:279,1
DA:280,15
DA:281,15
DA:282,15
DA:283,5
DA:284,5
DA:285,5
DA:286,5
DA:287,5
DA:288,5
DA:289,5
DA:290,5
DA:291,5
DA:292,5
DA:293,5
DA:294,5
DA:295,5
DA:296,5
DA:297,5
DA:298,5
DA:299,5
DA:300,5
DA:301,5
DA:302,5
DA:303,5
DA:304,5
DA:305,5
DA:306,5
DA:307,5
DA:308,5
DA:309,5
DA:310,5
DA:311,5
DA:312,5
DA:313,5
DA:314,5
DA:315,5
DA:316,5
DA:317,5
DA:318,0
DA:319,0
DA:320,0
DA:321,0
DA:322,0
DA:323,0
DA:324,0
DA:325,0
DA:326,5
DA:327,5
DA:328,5
DA:329,5
DA:330,5
DA:331,5
DA:332,5
DA:333,5
DA:334,5
DA:335,5
DA:336,10
DA:337,10
DA:338,15
DA:339,0
DA:340,0
DA:341,0
DA:342,0
DA:343,0
DA:344,0
DA:345,0
DA:346,0
DA:347,0
DA:348,0
DA:349,0
DA:350,0
DA:351,0
DA:352,0
DA:353,0
DA:354,0
DA:355,0
DA:356,0
DA:357,0
DA:358,0
DA:359,0
DA:360,0
DA:361,0
DA:362,0
DA:363,0
DA:364,0
DA:365,0
DA:366,0
DA:367,0
DA:368,0
DA:369,0
DA:370,0
DA:371,10
DA:372,10
DA:373,15
DA:374,0
DA:375,0
DA:376,0
DA:377,0
DA:378,0
DA:379,0
DA:380,0
DA:381,0
DA:382,0
DA:383,0
DA:384,0
DA:385,0
DA:386,0
DA:387,0
DA:388,0
DA:389,0
DA:390,0
DA:391,0
DA:392,0
DA:393,0
DA:394,0
DA:395,0
DA:396,0
DA:397,0
DA:398,0
DA:399,0
DA:400,0
DA:401,0
DA:402,0
DA:403,0
DA:404,0
DA:405,0
DA:406,10
DA:407,10
DA:408,15
DA:409,0
DA:410,0
DA:411,0
DA:412,0
DA:413,0
DA:414,0
DA:415,0
DA:416,0
DA:417,0
DA:418,0
DA:419,0
DA:420,0
DA:421,0
DA:422,0
DA:423,0
DA:424,0
DA:425,0
DA:426,0
DA:427,0
DA:428,0
DA:429,0
DA:430,0
DA:431,0
DA:432,0
DA:433,10
DA:434,10
DA:435,15
DA:436,0
DA:437,0
DA:438,0
DA:439,0
DA:440,0
DA:441,0
DA:442,0
DA:443,0
DA:444,0
DA:445,0
DA:446,0
DA:447,0
DA:448,0
DA:449,0
DA:450,0
DA:451,0
DA:452,0
DA:453,0
DA:454,0
DA:455,0
DA:456,0
DA:457,0
DA:458,0
DA:459,0
DA:460,0
DA:461,0
DA:462,0
DA:463,0
DA:464,0
DA:465,0
DA:466,0
DA:467,0
DA:468,10
DA:469,10
DA:470,10
DA:471,10
DA:472,10
DA:473,3
DA:474,3
DA:475,7
DA:476,7
DA:477,7
DA:478,7
DA:479,7
DA:480,7
DA:481,7
DA:482,7
DA:483,7
DA:484,7
DA:485,7
DA:486,7
DA:487,7
DA:488,0
DA:489,0
DA:490,0
DA:491,0
DA:492,0
DA:493,0
DA:494,7
DA:495,7
DA:496,7
DA:497,7
DA:498,0
DA:499,0
DA:500,7
DA:501,7
DA:502,7
DA:503,7
DA:504,7
DA:505,7
DA:506,7
DA:507,7
DA:508,7
DA:509,7
DA:510,7
DA:511,7
DA:512,7
DA:513,7
DA:514,7
DA:515,7
DA:516,7
DA:517,7
DA:518,7
DA:519,7
DA:520,7
DA:521,7
DA:522,7
DA:523,7
DA:524,7
DA:525,7
DA:526,7
DA:527,7
DA:528,7
DA:529,0
DA:530,0
DA:531,0
DA:532,0
DA:533,0
DA:534,0
DA:535,0
DA:536,7
DA:537,7
DA:538,7
DA:539,7
DA:540,7
DA:541,7
DA:542,7
DA:543,7
DA:544,7
DA:545,7
DA:546,7
DA:547,7
DA:548,7
DA:549,7
DA:550,7
DA:551,7
DA:552,7
DA:553,7
DA:554,7
DA:555,7
DA:556,7
DA:557,7
DA:558,7
DA:559,15
DA:560,15
DA:561,15
DA:562,15
DA:563,15
DA:564,15
DA:565,15
DA:566,15
DA:567,15
DA:568,15
DA:569,15
DA:570,15
DA:571,15
DA:572,15
DA:573,15
DA:574,15
DA:575,15
DA:576,15
DA:577,15
LF:577
LH:379
BRDA:23,0,0,7
BRDA:27,1,0,3
BRDA:30,2,0,0
BRDA:41,3,0,0
BRDA:59,4,0,0
BRDA:65,5,0,15
BRDA:107,6,0,7
BRDA:107,7,0,7
BRDA:204,8,0,0
BRDA:282,9,0,5
BRDA:335,10,0,10
BRDA:338,11,0,0
BRDA:370,12,0,10
BRDA:373,13,0,0
BRDA:405,14,0,10
BRDA:408,15,0,10
BRDA:408,16,0,10
BRDA:408,17,0,0
BRDA:432,18,0,10
BRDA:435,19,0,9
BRDA:435,20,0,0
BRDA:435,21,0,0
BRDA:467,22,0,10
BRDA:472,23,0,3
BRDA:474,24,0,7
BRDA:497,25,0,0
BRDA:114,26,0,6
BRDA:121,27,0,2
BRDA:121,28,0,2
BRDA:131,29,0,12
BRDA:132,30,0,2
BRDA:147,31,0,2
BRDA:156,32,0,9
BRDA:158,33,0,5
BRDA:158,34,0,5
BRDA:161,35,0,4
BRDA:164,36,0,0
BRDA:167,37,0,4
BRDA:170,38,0,0
BRDA:173,39,0,4
BRDA:176,40,0,3
BRDA:178,41,0,0
BRDA:189,42,0,1
BRDA:207,43,0,1
BRDA:209,44,0,0
BRDA:217,45,0,0
BRDA:224,46,0,0
BRDA:240,47,0,1
BRDA:265,48,0,1
BRDA:435,49,0,18
BRF:50
BRH:34
end_of_record
TN:
SF:app\dashboard\(quiz)\mcq\components\McqQuizWrapper.tsx
FN:27,McqQuizContent
FN:235,onClick
FN:238,onClick
FN:256,onClick
FN:273,onClick
FN:282,handleAnswer
FN:298,handleGoBack
FN:324,handleSignIn
FN:420,onClick
FN:481,onClearData
FN:521,onClick
FN:583,McqQuizWrapper
FN:652,onClick
FN:669,onClick
FN:700,onAuthRequired
FNF:15
FNH:5
FNDA:17,McqQuizContent
FNDA:0,onClick
FNDA:0,onClick
FNDA:0,onClick
FNDA:0,onClick
FNDA:1,handleAnswer
FNDA:1,handleGoBack
FNDA:2,handleSignIn
FNDA:0,onClick
FNDA:0,onClearData
FNDA:0,onClick
FNDA:14,McqQuizWrapper
FNDA:0,onClick
FNDA:0,onClick
FNDA:0,onAuthRequired
DA:1,1
DA:2,1
DA:3,1
DA:4,1
DA:5,1
DA:6,1
DA:7,1
DA:8,1
DA:9,1
DA:10,1
DA:11,1
DA:12,1
DA:13,1
DA:14,1
DA:15,1
DA:16,1
DA:17,1
DA:18,1
DA:19,1
DA:20,1
DA:21,1
DA:22,1
DA:23,1
DA:24,1
DA:25,1
DA:26,1
DA:27,1
DA:28,17
DA:29,17
DA:30,17
DA:31,17
DA:32,17
DA:33,17
DA:34,17
DA:35,17
DA:36,17
DA:37,17
DA:38,17
DA:39,17
DA:40,17
DA:41,17
DA:42,17
DA:43,17
DA:44,17
DA:45,17
DA:46,17
DA:47,17
DA:48,17
DA:49,17
DA:50,17
DA:51,17
DA:52,17
DA:53,17
DA:54,17
DA:55,17
DA:56,17
DA:57,17
DA:58,17
DA:59,17
DA:60,17
DA:61,17
DA:62,17
DA:63,17
DA:64,17
DA:65,17
DA:66,17
DA:67,17
DA:68,17
DA:69,17
DA:70,17
DA:71,17
DA:72,7
DA:73,7
DA:74,7
DA:75,7
DA:76,7
DA:77,7
DA:78,7
DA:79,2
DA:80,2
DA:81,2
DA:82,2
DA:83,2
DA:84,0
DA:85,0
DA:86,0
DA:87,0
DA:88,0
DA:89,0
DA:90,0
DA:91,2
DA:92,2
DA:93,2
DA:94,2
DA:95,2
DA:96,2
DA:97,2
DA:98,2
DA:99,2
DA:100,2
DA:101,2
DA:102,2
DA:103,2
DA:104,2
DA:105,2
DA:106,2
DA:107,0
DA:108,0
DA:109,0
DA:110,0
DA:111,0
DA:112,0
DA:113,0
DA:114,2
DA:115,7
DA:116,7
DA:117,7
DA:118,7
DA:119,7
DA:120,0
DA:121,0
DA:122,7
DA:123,17
DA:124,17
DA:125,17
DA:126,17
DA:127,16
DA:128,16
DA:129,7
DA:130,0
DA:131,0
DA:132,7
DA:133,7
DA:134,7
DA:135,7
DA:136,9
DA:137,9
DA:138,16
DA:139,2
DA:140,0
DA:141,0
DA:142,0
DA:143,0
DA:144,0
DA:145,0
DA:146,0
DA:147,0
DA:148,0
DA:149,0
DA:150,0
DA:151,0
DA:152,0
DA:153,0
DA:154,2
DA:155,2
DA:156,2
DA:157,2
DA:158,2
DA:159,2
DA:160,2
DA:161,2
DA:162,17
DA:163,17
DA:164,17
DA:165,17
DA:166,9
DA:167,9
DA:168,0
DA:169,0
DA:170,0
DA:171,0
DA:172,0
DA:173,0
DA:174,0
DA:175,0
DA:176,0
DA:177,9
DA:178,9
DA:179,9
DA:180,3
DA:181,3
DA:182,3
DA:183,3
DA:184,6
DA:185,6
DA:186,9
DA:187,0
DA:188,0
DA:189,0
DA:190,6
DA:191,6
DA:192,9
DA:193,0
DA:194,0
DA:195,0
DA:196,6
DA:197,6
DA:198,9
DA:199,5
DA:200,5
DA:201,1
DA:202,1
DA:203,1
DA:204,1
DA:205,4
DA:206,4
DA:207,4
DA:208,4
DA:209,4
DA:210,4
DA:211,4
DA:212,1
DA:213,1
DA:214,1
DA:215,17
DA:216,17
DA:217,17
DA:218,17
DA:219,17
DA:220,17
DA:221,17
DA:222,17
DA:223,17
DA:224,17
DA:225,17
DA:226,17
DA:227,17
DA:228,0
DA:229,0
DA:230,0
DA:231,0
DA:232,0
DA:233,0
DA:234,0
DA:235,0
DA:236,0
DA:237,0
DA:238,0
DA:239,0
DA:240,0
DA:241,0
DA:242,0
DA:243,0
DA:244,0
DA:245,0
DA:246,17
DA:247,17
DA:248,17
DA:249,0
DA:250,0
DA:251,0
DA:252,0
DA:253,0
DA:254,0
DA:255,0
DA:256,0
DA:257,0
DA:258,0
DA:259,0
DA:260,0
DA:261,0
DA:262,0
DA:263,17
DA:264,17
DA:265,17
DA:266,17
DA:267,17
DA:268,0
DA:269,0
DA:270,0
DA:271,0
DA:272,0
DA:273,0
DA:274,0
DA:275,0
DA:276,0
DA:277,0
DA:278,0
DA:279,0
DA:280,17
DA:281,17
DA:282,17
DA:283,1
DA:284,1
DA:285,1
DA:286,1
DA:287,0
DA:288,0
DA:289,0
DA:290,0
DA:291,0
DA:292,0
DA:293,0
DA:294,0
DA:295,0
DA:296,1
DA:297,17
DA:298,17
DA:299,1
DA:300,1
DA:301,1
DA:302,1
DA:303,1
DA:304,1
DA:305,1
DA:306,1
DA:307,1
DA:308,1
DA:309,1
DA:310,1
DA:311,1
DA:312,1
DA:313,1
DA:314,1
DA:315,1
DA:316,1
DA:317,1
DA:318,1
DA:319,1
DA:320,1
DA:321,1
DA:322,17
DA:323,17
DA:324,17
DA:325,2
DA:326,2
DA:327,2
DA:328,2
DA:329,2
DA:330,2
DA:331,2
DA:332,2
DA:333,2
DA:334,2
DA:335,2
DA:336,2
DA:337,2
DA:338,2
DA:339,17
DA:340,17
DA:341,17
DA:342,7
DA:343,7
DA:344,7
DA:345,7
DA:346,7
DA:347,7
DA:348,7
DA:349,7
DA:350,7
DA:351,7
DA:352,7
DA:353,7
DA:354,7
DA:355,7
DA:356,7
DA:357,7
DA:358,7
DA:359,7
DA:360,7
DA:361,10
DA:362,10
DA:363,10
DA:364,10
DA:365,10
DA:366,0
DA:367,0
DA:368,10
DA:369,10
DA:370,10
DA:371,10
DA:372,10
DA:373,10
DA:374,10
DA:375,10
DA:376,10
DA:377,10
DA:378,10
DA:379,10
DA:380,10
DA:381,10
DA:382,10
DA:383,10
DA:384,10
DA:385,10
DA:386,10
DA:387,10
DA:388,3
DA:389,3
DA:390,7
DA:391,7
DA:392,7
DA:393,7
DA:394,7
DA:395,7
DA:396,7
DA:397,7
DA:398,7
DA:399,7
DA:400,7
DA:401,7
DA:402,7
DA:403,7
DA:404,7
DA:405,7
DA:406,7
DA:407,7
DA:408,7
DA:409,7
DA:410,7
DA:411,7
DA:412,7
DA:413,7
DA:414,7
DA:415,7
DA:416,7
DA:417,7
DA:418,7
DA:419,7
DA:420,7
DA:421,0
DA:422,0
DA:423,0
DA:424,0
DA:425,0
DA:426,0
DA:427,0
DA:428,0
DA:429,7
DA:430,7
DA:431,7
DA:432,7
DA:433,7
DA:434,7
DA:435,7
DA:436,7
DA:437,7
DA:438,0
DA:439,0
DA:440,7
DA:441,7
DA:442,7
DA:443,7
DA:444,7
DA:445,7
DA:446,7
DA:447,7
DA:448,7
DA:449,7
DA:450,7
DA:451,7
DA:452,7
DA:453,7
DA:454,7
DA:455,7
DA:456,7
DA:457,7
DA:458,7
DA:459,7
DA:460,7
DA:461,7
DA:462,7
DA:463,7
DA:464,7
DA:465,7
DA:466,7
DA:467,4
DA:468,4
DA:469,3
DA:470,3
DA:471,3
DA:472,3
DA:473,3
DA:474,3
DA:475,3
DA:476,3
DA:477,3
DA:478,3
DA:479,3
DA:480,3
DA:481,3
DA:482,0
DA:483,0
DA:484,0
DA:485,0
DA:486,0
DA:487,0
DA:488,3
DA:489,3
DA:490,3
DA:491,3
DA:492,1
DA:493,1
DA:494,2
DA:495,2
DA:496,2
DA:497,2
DA:498,2
DA:499,2
DA:500,2
DA:501,2
DA:502,2
DA:503,2
DA:504,2
DA:505,2
DA:506,2
DA:507,2
DA:508,2
DA:509,2
DA:510,2
DA:511,2
DA:512,2
DA:513,2
DA:514,2
DA:515,2
DA:516,2
DA:517,2
DA:518,2
DA:519,2
DA:520,2
DA:521,2
DA:522,0
DA:523,0
DA:524,0
DA:525,0
DA:526,0
DA:527,0
DA:528,0
DA:529,2
DA:530,2
DA:531,2
DA:532,2
DA:533,2
DA:534,2
DA:535,2
DA:536,2
DA:537,2
DA:538,2
DA:539,2
DA:540,2
DA:541,2
DA:542,2
DA:543,2
DA:544,2
DA:545,2
DA:546,2
DA:547,2
DA:548,2
DA:549,2
DA:550,2
DA:551,17
DA:552,17
DA:553,17
DA:554,17
DA:555,17
DA:556,17
DA:557,17
DA:558,17
DA:559,17
DA:560,17
DA:561,17
DA:562,17
DA:563,17
DA:564,17
DA:565,17
DA:566,17
DA:567,17
DA:568,1
DA:569,1
DA:570,1
DA:571,1
DA:572,1
DA:573,1
DA:574,1
DA:575,1
DA:576,1
DA:577,1
DA:578,1
DA:579,1
DA:580,1
DA:581,1
DA:582,1
DA:583,1
DA:584,14
DA:585,14
DA:586,14
DA:587,14
DA:588,14
DA:589,14
DA:590,14
DA:591,14
DA:592,14
DA:593,14
DA:594,14
DA:595,7
DA:596,7
DA:597,7
DA:598,7
DA:599,7
DA:600,7
DA:601,7
DA:602,7
DA:603,7
DA:604,0
DA:605,0
DA:606,0
DA:607,0
DA:608,0
DA:609,0
DA:610,14
DA:611,14
DA:612,14
DA:613,14
DA:614,7
DA:615,7
DA:616,7
DA:617,0
DA:618,0
DA:619,0
DA:620,7
DA:621,14
DA:622,14
DA:623,14
DA:624,14
DA:625,7
DA:626,7
DA:627,7
DA:628,7
DA:629,7
DA:630,14
DA:631,14
DA:632,14
DA:633,14
DA:634,7
DA:635,7
DA:636,7
DA:637,7
DA:638,7
DA:639,7
DA:640,7
DA:641,7
DA:642,7
DA:643,7
DA:644,14
DA:645,0
DA:646,0
DA:647,0
DA:648,0
DA:649,0
DA:650,0
DA:651,0
DA:652,0
DA:653,0
DA:654,0
DA:655,0
DA:656,0
DA:657,0
DA:658,7
DA:659,7
DA:660,14
DA:661,0
DA:662,0
DA:663,0
DA:664,0
DA:665,0
DA:666,0
DA:667,0
DA:668,0
DA:669,0
DA:670,0
DA:671,0
DA:672,0
DA:673,0
DA:674,0
DA:675,7
DA:676,7
DA:677,7
DA:678,7
DA:679,7
DA:680,14
DA:681,14
DA:682,14
DA:683,14
DA:684,14
DA:685,14
DA:686,14
DA:687,14
DA:688,14
DA:689,14
DA:690,14
DA:691,14
DA:692,14
DA:693,14
DA:694,14
DA:695,14
DA:696,14
DA:697,14
DA:698,14
DA:699,14
DA:700,14
DA:701,0
DA:702,0
DA:703,0
DA:704,0
DA:705,0
DA:706,0
DA:707,0
DA:708,0
DA:709,0
DA:710,0
DA:711,0
DA:712,0
DA:713,0
DA:714,0
DA:715,0
DA:716,0
DA:717,0
DA:718,0
DA:719,0
DA:720,0
DA:721,0
DA:722,0
DA:723,0
DA:724,0
DA:725,0
DA:726,0
DA:727,14
DA:728,14
DA:729,14
DA:730,14
DA:731,14
LF:731
LH:544
BRDA:27,0,0,17
BRDA:63,1,0,9
BRDA:63,2,0,9
BRDA:227,3,0,0
BRDA:248,4,0,0
BRDA:267,5,0,0
BRDA:341,6,0,7
BRDA:360,7,0,10
BRDA:365,8,0,0
BRDA:367,9,0,10
BRDA:387,10,0,3
BRDA:389,11,0,7
BRDA:437,12,0,0
BRDA:466,13,0,4
BRDA:466,14,0,4
BRDA:468,15,0,3
BRDA:491,16,0,2
BRDA:491,17,0,0
BRDA:491,18,0,1
BRDA:539,19,0,0
BRDA:493,20,0,2
BRDA:71,21,0,7
BRDA:78,22,0,2
BRDA:78,23,0,2
BRDA:96,24,0,2
BRDA:118,25,0,7
BRDA:119,26,0,0
BRDA:126,27,0,16
BRDA:128,28,0,7
BRDA:135,29,0,9
BRDA:138,30,0,2
BRDA:134,31,0,7
BRDA:156,32,0,2
BRDA:165,33,0,9
BRDA:167,34,0,0
BRDA:179,35,0,7
BRDA:179,36,0,3
BRDA:183,37,0,6
BRDA:186,38,0,0
BRDA:189,39,0,6
BRDA:192,40,0,0
BRDA:195,41,0,6
BRDA:198,42,0,5
BRDA:200,43,0,1
BRDA:204,44,0,4
BRDA:211,45,0,1
BRDA:282,46,0,1
BRDA:286,47,0,0
BRDA:298,48,0,1
BRDA:324,49,0,2
BRDA:583,50,0,14
BRDA:590,51,0,0
BRDA:591,52,0,0
BRDA:633,53,0,7
BRDA:644,54,0,0
BRDA:657,55,0,7
BRDA:660,56,0,0
BRDA:674,57,0,7
BRDA:680,58,0,0
BRDA:682,59,0,7
BRDA:682,60,0,0
BRDA:683,61,0,7
BRDA:683,62,0,7
BRDA:684,63,0,7
BRDA:684,64,0,0
BRDA:685,65,0,7
BRDA:685,66,0,7
BRDA:689,67,0,4
BRDA:693,68,0,7
BRDA:693,69,0,0
BRDA:594,70,0,7
BRDA:596,71,0,0
BRDA:603,72,0,0
BRDA:613,73,0,7
BRDA:616,74,0,0
BRDA:624,75,0,7
BRDA:626,76,0,0
BRDA:627,77,0,0
BRF:78
BRH:53
end_of_record
TN:
SF:app\dashboard\(quiz)\openended\components\OpenEndedQuizWrapper.tsx
FN:24,OpenEndedQuizWrapper
FN:43,onAuthRequired
FN:63,OpenEndedQuizContent
FN:220,handleAnswer
FN:236,handleGoBack
FN:251,handleSignIn
FN:258,renderQuizResults
FN:375,onClick
FN:378,onClick
FN:408,onClearData
FNF:10
FNH:6
FNDA:6,OpenEndedQuizWrapper
FNDA:0,onAuthRequired
FNDA:15,OpenEndedQuizContent
FNDA:1,handleAnswer
FNDA:1,handleGoBack
FNDA:1,handleSignIn
FNDA:3,renderQuizResults
FNDA:0,onClick
FNDA:0,onClick
FNDA:0,onClearData
DA:1,1
DA:2,1
DA:3,1
DA:4,1
DA:5,1
DA:6,1
DA:7,1
DA:8,1
DA:9,1
DA:10,1
DA:11,1
DA:12,1
DA:13,1
DA:14,1
DA:15,1
DA:16,1
DA:17,1
DA:18,1
DA:19,1
DA:20,1
DA:21,1
DA:22,1
DA:23,1
DA:24,1
DA:25,6
DA:26,6
DA:27,6
DA:28,6
DA:29,6
DA:30,6
DA:31,6
DA:32,0
DA:33,0
DA:34,0
DA:35,0
DA:36,0
DA:37,6
DA:38,6
DA:39,6
DA:40,6
DA:41,6
DA:42,6
DA:43,6
DA:44,0
DA:45,0
DA:46,0
DA:47,0
DA:48,0
DA:49,0
DA:50,0
DA:51,0
DA:52,0
DA:53,0
DA:54,0
DA:55,0
DA:56,0
DA:57,6
DA:58,6
DA:59,6
DA:60,6
DA:61,6
DA:62,1
DA:63,15
DA:64,15
DA:65,15
DA:66,15
DA:67,15
DA:68,15
DA:69,15
DA:70,15
DA:71,15
DA:72,15
DA:73,15
DA:74,15
DA:75,15
DA:76,15
DA:77,15
DA:78,15
DA:79,15
DA:80,15
DA:81,15
DA:82,15
DA:83,15
DA:84,15
DA:85,15
DA:86,15
DA:87,15
DA:88,15
DA:89,15
DA:90,15
DA:91,15
DA:92,15
DA:93,15
DA:94,15
DA:95,15
DA:96,15
DA:97,15
DA:98,15
DA:99,15
DA:100,15
DA:101,15
DA:102,15
DA:103,15
DA:104,15
DA:105,15
DA:106,15
DA:107,15
DA:108,6
DA:109,6
DA:110,6
DA:111,6
DA:112,6
DA:113,15
DA:114,15
DA:115,15
DA:116,15
DA:117,7
DA:118,7
DA:119,7
DA:120,7
DA:121,7
DA:122,7
DA:123,7
DA:124,7
DA:125,7
DA:126,7
DA:127,7
DA:128,7
DA:129,7
DA:130,7
DA:131,7
DA:132,7
DA:133,7
DA:134,7
DA:135,0
DA:136,0
DA:137,0
DA:138,0
DA:139,0
DA:140,7
DA:141,7
DA:142,7
DA:143,0
DA:144,0
DA:145,0
DA:146,7
DA:147,7
DA:148,7
DA:149,0
DA:150,0
DA:151,0
DA:152,7
DA:153,7
DA:154,7
DA:155,6
DA:156,6
DA:157,2
DA:158,2
DA:159,2
DA:160,4
DA:161,4
DA:162,6
DA:163,0
DA:164,0
DA:165,0
DA:166,4
DA:167,4
DA:168,6
DA:169,1
DA:170,1
DA:171,1
DA:172,1
DA:173,1
DA:174,1
DA:175,1
DA:176,1
DA:177,1
DA:178,0
DA:179,0
DA:180,0
DA:181,0
DA:182,0
DA:183,0
DA:184,0
DA:185,0
DA:186,0
DA:187,0
DA:188,3
DA:189,3
DA:190,3
DA:191,3
DA:192,3
DA:193,3
DA:194,6
DA:195,1
DA:196,1
DA:197,1
DA:198,15
DA:199,15
DA:200,15
DA:201,15
DA:202,15
DA:203,15
DA:204,15
DA:205,15
DA:206,15
DA:207,15
DA:208,15
DA:209,15
DA:210,15
DA:211,15
DA:212,6
DA:213,6
DA:214,1
DA:215,1
DA:216,6
DA:217,15
DA:218,15
DA:219,15
DA:220,15
DA:221,1
DA:222,1
DA:223,1
DA:224,1
DA:225,1
DA:226,1
DA:227,1
DA:228,1
DA:229,1
DA:230,1
DA:231,1
DA:232,0
DA:233,0
DA:234,1
DA:235,15
DA:236,15
DA:237,1
DA:238,1
DA:239,1
DA:240,1
DA:241,1
DA:242,1
DA:243,1
DA:244,1
DA:245,1
DA:246,1
DA:247,1
DA:248,1
DA:249,1
DA:250,15
DA:251,15
DA:252,1
DA:253,1
DA:254,1
DA:255,1
DA:256,1
DA:257,15
DA:258,15
DA:259,3
DA:260,3
DA:261,3
DA:262,3
DA:263,3
DA:264,3
DA:265,3
DA:266,3
DA:267,3
DA:268,3
DA:269,3
DA:270,3
DA:271,3
DA:272,3
DA:273,3
DA:274,15
DA:275,15
DA:276,7
DA:277,7
DA:278,7
DA:279,7
DA:280,7
DA:281,7
DA:282,7
DA:283,7
DA:284,7
DA:285,7
DA:286,7
DA:287,7
DA:288,7
DA:289,7
DA:290,7
DA:291,7
DA:292,7
DA:293,7
DA:294,7
DA:295,7
DA:296,8
DA:297,15
DA:298,0
DA:299,0
DA:300,0
DA:301,0
DA:302,0
DA:303,0
DA:304,0
DA:305,0
DA:306,0
DA:307,0
DA:308,0
DA:309,0
DA:310,0
DA:311,0
DA:312,0
DA:313,0
DA:314,0
DA:315,0
DA:316,0
DA:317,0
DA:318,0
DA:319,8
DA:320,15
DA:321,0
DA:322,0
DA:323,0
DA:324,0
DA:325,0
DA:326,0
DA:327,0
DA:328,0
DA:329,0
DA:330,0
DA:331,0
DA:332,0
DA:333,0
DA:334,0
DA:335,0
DA:336,0
DA:337,0
DA:338,0
DA:339,0
DA:340,8
DA:341,15
DA:342,0
DA:343,0
DA:344,0
DA:345,0
DA:346,0
DA:347,0
DA:348,0
DA:349,0
DA:350,0
DA:351,0
DA:352,0
DA:353,0
DA:354,0
DA:355,0
DA:356,0
DA:357,0
DA:358,0
DA:359,0
DA:360,0
DA:361,8
DA:362,15
DA:363,0
DA:364,0
DA:365,0
DA:366,0
DA:367,0
DA:368,0
DA:369,0
DA:370,0
DA:371,0
DA:372,0
DA:373,0
DA:374,0
DA:375,0
DA:376,0
DA:377,0
DA:378,0
DA:379,0
DA:380,0
DA:381,0
DA:382,0
DA:383,0
DA:384,0
DA:385,0
DA:386,0
DA:387,8
DA:388,8
DA:389,8
DA:390,8
DA:391,8
DA:392,8
DA:393,8
DA:394,3
DA:395,3
DA:396,5
DA:397,5
DA:398,5
DA:399,5
DA:400,5
DA:401,5
DA:402,5
DA:403,5
DA:404,5
DA:405,5
DA:406,5
DA:407,5
DA:408,5
DA:409,0
DA:410,0
DA:411,0
DA:412,0
DA:413,0
DA:414,5
DA:415,5
DA:416,5
DA:417,5
DA:418,3
DA:419,3
DA:420,2
DA:421,2
DA:422,2
DA:423,2
DA:424,2
DA:425,2
DA:426,2
DA:427,2
DA:428,2
DA:429,2
DA:430,2
DA:431,2
DA:432,15
DA:433,15
DA:434,15
DA:435,15
DA:436,15
DA:437,15
DA:438,15
DA:439,15
DA:440,15
DA:441,15
DA:442,15
DA:443,15
DA:444,15
DA:445,15
DA:446,15
DA:447,15
DA:448,15
DA:449,15
DA:450,15
LF:450
LH:318
BRDA:24,0,0,6
BRDA:28,1,0,3
BRDA:31,2,0,0
BRDA:63,3,0,15
BRDA:102,4,0,7
BRDA:102,5,0,7
BRDA:275,6,0,7
BRDA:295,7,0,8
BRDA:297,8,0,0
BRDA:318,9,0,8
BRDA:320,10,0,0
BRDA:339,11,0,8
BRDA:341,12,0,0
BRDA:360,13,0,8
BRDA:362,14,0,0
BRDA:386,15,0,8
BRDA:393,16,0,3
BRDA:395,17,0,5
BRDA:417,18,0,3
BRDA:419,19,0,2
BRDA:107,20,0,6
BRDA:116,21,0,7
BRDA:134,22,0,0
BRDA:142,23,0,0
BRDA:148,24,0,0
BRDA:154,25,0,6
BRDA:156,26,0,3
BRDA:156,27,0,2
BRDA:159,28,0,4
BRDA:162,29,0,1
BRDA:162,30,0,0
BRDA:165,31,0,4
BRDA:168,32,0,1
BRDA:168,33,0,1
BRDA:177,34,0,0
BRDA:187,35,0,3
BRDA:194,36,0,1
BRDA:172,37,0,1
BRDA:176,38,0,1
BRDA:211,39,0,6
BRDA:212,40,0,6
BRDA:213,41,0,1
BRDA:220,42,0,1
BRDA:231,43,0,0
BRDA:236,44,0,1
BRDA:251,45,0,1
BRDA:258,46,0,3
BRDA:261,47,0,0
BRDA:262,48,0,0
BRDA:263,49,0,0
BRDA:264,50,0,6
BRF:51
BRH:37
end_of_record
TN:
SF:app\types\quiz-types.ts
FNF:0
FNH:0
DA:1,1
DA:2,1
DA:3,1
DA:4,1
DA:5,1
DA:6,1
DA:7,1
DA:8,1
DA:9,1
DA:10,1
DA:11,1
DA:12,1
DA:13,1
DA:14,1
DA:15,1
DA:16,1
DA:17,1
DA:18,1
DA:19,1
DA:20,1
DA:21,1
DA:22,1
DA:23,1
DA:24,1
DA:25,1
DA:26,1
DA:27,1
DA:28,1
DA:29,1
DA:30,1
DA:31,1
DA:32,1
DA:33,1
DA:34,1
DA:35,1
DA:36,1
DA:37,1
DA:38,1
DA:39,1
DA:40,1
DA:41,1
DA:42,1
DA:43,1
DA:44,1
DA:45,1
DA:46,1
DA:47,1
DA:48,1
DA:49,1
DA:50,1
DA:51,1
DA:52,1
DA:53,1
DA:54,1
DA:55,1
DA:56,1
DA:57,1
DA:58,1
DA:59,1
DA:60,1
DA:61,1
DA:62,1
DA:63,1
DA:64,1
DA:65,1
DA:66,1
DA:67,1
DA:68,1
DA:69,1
DA:70,1
DA:71,1
DA:72,1
DA:73,1
DA:74,1
DA:75,1
DA:76,1
DA:77,1
DA:78,1
DA:79,1
DA:80,1
DA:81,1
DA:82,1
DA:83,1
DA:84,1
DA:85,1
DA:86,1
DA:87,1
DA:88,1
DA:89,1
DA:90,1
DA:91,1
DA:92,1
DA:93,1
DA:94,1
DA:95,1
DA:96,1
DA:97,1
DA:98,1
DA:99,1
DA:100,1
DA:101,1
DA:102,1
DA:103,1
DA:104,1
DA:105,1
DA:106,1
DA:107,1
DA:108,1
DA:109,1
DA:110,1
DA:111,1
DA:112,1
DA:113,1
DA:114,1
DA:115,1
DA:116,1
DA:117,1
DA:118,1
DA:119,1
DA:120,1
DA:121,1
DA:122,1
DA:123,1
DA:124,1
DA:125,1
DA:126,1
DA:127,1
DA:128,1
DA:129,1
DA:130,1
DA:131,1
DA:132,1
DA:133,1
DA:134,1
DA:135,1
DA:136,1
DA:137,1
DA:138,1
DA:139,1
DA:140,1
DA:141,1
DA:142,1
DA:143,1
DA:144,1
DA:145,1
DA:146,1
DA:147,1
DA:148,1
DA:149,1
DA:150,1
DA:151,1
DA:152,1
DA:153,1
DA:154,1
DA:155,1
DA:156,1
DA:157,1
DA:158,1
DA:159,1
DA:160,1
DA:161,1
DA:162,1
DA:163,1
DA:164,1
DA:165,1
DA:166,1
DA:167,1
DA:168,1
DA:169,1
DA:170,1
DA:171,1
DA:172,1
DA:173,1
DA:174,1
DA:175,1
DA:176,1
DA:177,1
DA:178,1
DA:179,1
DA:180,1
DA:181,1
DA:182,1
DA:183,1
DA:184,1
DA:185,1
DA:186,1
DA:187,1
DA:188,1
DA:189,1
DA:190,1
DA:191,1
DA:192,1
DA:193,1
DA:194,1
DA:195,1
DA:196,1
DA:197,1
DA:198,1
DA:199,1
DA:200,1
DA:201,1
DA:202,1
DA:203,1
DA:204,1
DA:205,1
DA:206,1
DA:207,1
DA:208,1
DA:209,1
DA:210,1
DA:211,1
DA:212,1
DA:213,1
DA:214,1
DA:215,1
DA:216,1
DA:217,1
DA:218,1
DA:219,1
DA:220,1
DA:221,1
DA:222,1
DA:223,1
DA:224,1
DA:225,1
DA:226,1
DA:227,1
DA:228,1
DA:229,1
DA:230,1
DA:231,1
DA:232,1
DA:233,1
DA:234,1
DA:235,1
DA:236,1
DA:237,1
DA:238,1
DA:239,1
DA:240,1
DA:241,1
DA:242,1
DA:243,1
DA:244,1
DA:245,1
DA:246,1
DA:247,1
DA:248,1
DA:249,1
DA:250,1
DA:251,1
DA:252,1
DA:253,1
DA:254,1
DA:255,1
DA:256,1
DA:257,1
DA:258,1
DA:259,1
DA:260,1
DA:261,1
DA:262,1
DA:263,1
DA:264,1
DA:265,1
DA:266,1
DA:267,1
DA:268,1
DA:269,1
DA:270,1
DA:271,1
DA:272,1
DA:273,1
DA:274,1
DA:275,1
DA:276,1
DA:277,1
DA:278,1
DA:279,1
DA:280,1
DA:281,1
DA:282,1
DA:283,1
DA:284,1
DA:285,1
DA:286,1
DA:287,1
DA:288,1
DA:289,1
DA:290,1
DA:291,1
DA:292,1
DA:293,1
DA:294,1
DA:295,1
DA:296,1
DA:297,1
DA:298,1
DA:299,1
DA:300,1
DA:301,1
DA:302,1
DA:303,1
DA:304,1
DA:305,1
DA:306,1
DA:307,1
DA:308,1
DA:309,1
DA:310,1
DA:311,1
DA:312,1
DA:313,1
DA:314,1
DA:315,1
DA:316,1
DA:317,1
DA:318,1
DA:319,1
DA:320,1
DA:321,1
DA:322,1
DA:323,1
DA:324,1
DA:325,1
DA:326,1
DA:327,1
DA:328,1
DA:329,1
DA:330,1
DA:331,1
DA:332,1
DA:333,1
DA:334,1
DA:335,1
DA:336,1
DA:337,1
DA:338,1
DA:339,1
DA:340,1
DA:341,1
DA:342,1
DA:343,1
LF:343
LH:343
BRF:0
BRH:0
end_of_record
TN:
SF:components\ui\alert.tsx
FNF:0
FNH:0
DA:1,1
DA:2,1
DA:3,1
DA:4,1
DA:5,1
DA:6,1
DA:7,1
DA:8,1
DA:9,1
DA:10,1
DA:11,1
DA:12,1
DA:13,1
DA:14,1
DA:15,1
DA:16,1
DA:17,1
DA:18,1
DA:19,1
DA:20,1
DA:21,1
DA:22,1
DA:23,1
DA:24,1
DA:25,1
DA:26,1
DA:27,1
DA:28,1
DA:29,1
DA:30,1
DA:31,1
DA:32,1
DA:33,1
DA:34,1
DA:35,1
DA:36,1
DA:37,1
DA:38,1
DA:39,1
DA:40,1
DA:41,1
DA:42,1
DA:43,1
DA:44,1
DA:45,1
DA:46,1
DA:47,1
DA:48,1
DA:49,1
DA:50,1
DA:51,1
DA:52,1
DA:53,1
DA:54,1
DA:55,1
DA:56,1
DA:57,1
DA:58,1
DA:59,1
LF:59
LH:59
BRF:0
BRH:0
end_of_record
TN:
SF:components\ui\button.tsx
FNF:0
FNH:0
DA:1,1
DA:2,1
DA:3,1
DA:4,1
DA:5,1
DA:6,1
DA:7,1
DA:8,1
DA:9,1
DA:10,1
DA:11,1
DA:12,1
DA:13,1
DA:14,1
DA:15,1
DA:16,1
DA:17,1
DA:18,1
DA:19,1
DA:20,1
DA:21,1
DA:22,1
DA:23,1
DA:24,1
DA:25,1
DA:26,1
DA:27,1
DA:28,1
DA:29,1
DA:30,1
DA:31,1
DA:32,1
DA:33,1
DA:34,1
DA:35,1
DA:36,1
DA:37,1
DA:38,1
DA:39,1
DA:40,1
DA:41,4
DA:42,4
DA:43,4
DA:44,1
DA:45,1
DA:46,1
DA:47,1
LF:47
LH:47
BRDA:40,0,0,4
BRDA:41,1,0,0
BRF:2
BRH:1
end_of_record
TN:
SF:components\ui\card.tsx
FNF:0
FNH:0
DA:1,1
DA:2,1
DA:3,1
DA:4,1
DA:5,1
DA:6,1
DA:7,1
DA:8,1
DA:9,1
DA:10,1
DA:11,1
DA:12,1
DA:13,1
DA:14,1
DA:15,1
DA:16,1
DA:17,1
DA:18,1
DA:19,1
DA:20,1
DA:21,1
DA:22,1
DA:23,1
DA:24,1
DA:25,1
DA:26,1
DA:27,1
DA:28,1
DA:29,1
DA:30,1
DA:31,1
DA:32,1
DA:33,1
DA:34,1
DA:35,1
DA:36,1
DA:37,1
DA:38,1
DA:39,1
DA:40,1
DA:41,1
DA:42,1
DA:43,1
DA:44,1
DA:45,1
DA:46,1
DA:47,1
DA:48,1
DA:49,1
DA:50,1
DA:51,1
DA:52,1
DA:53,1
DA:54,1
DA:55,1
DA:56,1
DA:57,1
DA:58,1
DA:59,1
DA:60,1
DA:61,1
DA:62,1
DA:63,1
DA:64,1
DA:65,1
DA:66,1
DA:67,1
DA:68,1
DA:69,1
DA:70,1
DA:71,1
DA:72,1
DA:73,1
DA:74,1
DA:75,1
DA:76,1
DA:77,1
DA:78,1
DA:79,1
LF:79
LH:79
BRF:0
BRH:0
end_of_record
TN:
SF:components\ui\skeleton.tsx
FN:4,Skeleton
FNF:1
FNH:0
FNDA:0,Skeleton
DA:1,1
DA:2,1
DA:3,1
DA:4,0
DA:5,0
DA:6,0
DA:7,1
DA:8,1
LF:8
LH:5
BRF:0
BRH:0
end_of_record
TN:
SF:lib\quiz-api.ts
FN:30,QuizApi
FN:32,getInstance
FN:42,getQuizData
FN:71,submitQuizResult
FN:114,fetchQuizResult
FN:160,formatApiError
FNF:6
FNH:2
FNDA:3,QuizApi
FNDA:3,getInstance
FNDA:0,getQuizData
FNDA:0,submitQuizResult
FNDA:0,fetchQuizResult
FNDA:0,formatApiError
DA:1,1
DA:2,1
DA:3,1
DA:4,1
DA:5,1
DA:6,1
DA:7,1
DA:8,1
DA:9,1
DA:10,1
DA:11,1
DA:12,1
DA:13,1
DA:14,1
DA:15,1
DA:16,1
DA:17,1
DA:18,1
DA:19,1
DA:20,1
DA:21,1
DA:22,1
DA:23,1
DA:24,1
DA:25,1
DA:26,1
DA:27,1
DA:28,1
DA:29,1
DA:30,1
DA:31,1
DA:32,1
DA:33,3
DA:34,3
DA:35,3
DA:36,3
DA:37,3
DA:38,1
DA:39,1
DA:40,1
DA:41,1
DA:42,1
DA:43,0
DA:44,0
DA:45,0
DA:46,0
DA:47,0
DA:48,0
DA:49,0
DA:50,0
DA:51,0
DA:52,0
DA:53,0
DA:54,0
DA:55,0
DA:56,0
DA:57,0
DA:58,0
DA:59,0
DA:60,0
DA:61,0
DA:62,0
DA:63,0
DA:64,0
DA:65,1
DA:66,1
DA:67,1
DA:68,1
DA:69,1
DA:70,1
DA:71,1
DA:72,0
DA:73,0
DA:74,0
DA:75,0
DA:76,0
DA:77,0
DA:78,0
DA:79,0
DA:80,0
DA:81,0
DA:82,0
DA:83,0
DA:84,0
DA:85,0
DA:86,0
DA:87,0
DA:88,0
DA:89,0
DA:90,0
DA:91,0
DA:92,0
DA:93,0
DA:94,0
DA:95,0
DA:96,0
DA:97,0
DA:98,0
DA:99,0
DA:100,0
DA:101,0
DA:102,0
DA:103,0
DA:104,0
DA:105,0
DA:106,0
DA:107,0
DA:108,0
DA:109,0
DA:110,1
DA:111,1
DA:112,1
DA:113,1
DA:114,1
DA:115,0
DA:116,0
DA:117,0
DA:118,0
DA:119,0
DA:120,0
DA:121,0
DA:122,0
DA:123,0
DA:124,0
DA:125,0
DA:126,0
DA:127,0
DA:128,0
DA:129,0
DA:130,0
DA:131,0
DA:132,0
DA:133,0
DA:134,0
DA:135,0
DA:136,0
DA:137,0
DA:138,0
DA:139,0
DA:140,0
DA:141,0
DA:142,0
DA:143,0
DA:144,0
DA:145,0
DA:146,0
DA:147,0
DA:148,0
DA:149,0
DA:150,0
DA:151,0
DA:152,0
DA:153,0
DA:154,0
DA:155,0
DA:156,1
DA:157,1
DA:158,1
DA:159,1
DA:160,1
DA:161,0
DA:162,0
DA:163,0
DA:164,0
DA:165,0
DA:166,1
DA:167,1
DA:168,1
DA:169,1
LF:169
LH:63
BRDA:30,0,0,3
BRDA:32,1,0,3
BRF:2
BRH:2
end_of_record
TN:
SF:lib\tailwindUtils.ts
FN:8,cn
FNF:1
FNH:1
FNDA:4,cn
DA:1,1
DA:2,1
DA:3,1
DA:4,1
DA:5,1
DA:6,1
DA:7,1
DA:8,1
DA:9,4
DA:10,4
LF:10
LH:10
BRDA:8,0,0,4
BRF:1
BRH:1
end_of_record
TN:
SF:utils\quiz-utils.ts
FN:13,calculateScore
FN:48,countCorrectAnswers
FN:77,calculateSimilarity
FN:116,formatTime
FN:133,generateQuizId
FN:142,validateQuizData
FNF:6
FNH:1
FNDA:6,calculateScore
FNDA:0,countCorrectAnswers
FNDA:0,calculateSimilarity
FNDA:0,formatTime
FNDA:0,generateQuizId
FNDA:0,validateQuizData
DA:1,1
DA:2,1
DA:3,1
DA:4,1
DA:5,1
DA:6,1
DA:7,1
DA:8,1
DA:9,1
DA:10,1
DA:11,1
DA:12,1
DA:13,1
DA:14,6
DA:15,6
DA:16,6
DA:17,6
DA:18,6
DA:19,6
DA:20,6
DA:21,6
DA:22,6
DA:23,6
DA:24,6
DA:25,6
DA:26,6
DA:27,0
DA:28,0
DA:29,0
DA:30,6
DA:31,6
DA:32,6
DA:33,0
DA:34,0
DA:35,0
DA:36,6
DA:37,6
DA:38,0
DA:39,6
DA:40,0
DA:41,1
DA:42,1
DA:43,1
DA:44,1
DA:45,1
DA:46,1
DA:47,1
DA:48,1
DA:49,0
DA:50,0
DA:51,0
DA:52,0
DA:53,0
DA:54,0
DA:55,0
DA:56,0
DA:57,0
DA:58,0
DA:59,0
DA:60,0
DA:61,0
DA:62,0
DA:63,0
DA:64,0
DA:65,0
DA:66,0
DA:67,0
DA:68,0
DA:69,0
DA:70,1
DA:71,1
DA:72,1
DA:73,1
DA:74,1
DA:75,1
DA:76,1
DA:77,1
DA:78,0
DA:79,0
DA:80,0
DA:81,0
DA:82,0
DA:83,0
DA:84,0
DA:85,0
DA:86,0
DA:87,0
DA:88,0
DA:89,0
DA:90,0
DA:91,0
DA:92,0
DA:93,0
DA:94,0
DA:95,0
DA:96,0
DA:97,0
DA:98,0
DA:99,0
DA:100,0
DA:101,0
DA:102,0
DA:103,0
DA:104,0
DA:105,0
DA:106,0
DA:107,0
DA:108,0
DA:109,0
DA:110,1
DA:111,1
DA:112,1
DA:113,1
DA:114,1
DA:115,1
DA:116,1
DA:117,0
DA:118,0
DA:119,0
DA:120,0
DA:121,0
DA:122,0
DA:123,0
DA:124,0
DA:125,0
DA:126,0
DA:127,0
DA:128,1
DA:129,1
DA:130,1
DA:131,1
DA:132,1
DA:133,1
DA:134,0
DA:135,0
DA:136,1
DA:137,1
DA:138,1
DA:139,1
DA:140,1
DA:141,1
DA:142,1
DA:143,0
DA:144,0
DA:145,0
DA:146,0
DA:147,0
DA:148,0
DA:149,0
DA:150,0
DA:151,0
DA:152,0
DA:153,0
DA:154,0
DA:155,0
DA:156,0
DA:157,0
DA:158,0
DA:159,0
DA:160,0
DA:161,1
LF:161
LH:69
BRDA:13,0,0,6
BRDA:14,1,0,0
BRDA:25,2,0,0
BRDA:26,3,0,0
BRDA:31,4,0,0
BRDA:32,5,0,0
BRDA:37,6,0,0
BRDA:39,7,0,0
BRDA:22,8,0,6
BRF:9
BRH:2
end_of_record
